[DEBUG][2024-05-10 12:53:00]:logger test
[DEBUG][2024-05-10 12:53:00]:Server start...
[DEBUG][2024-05-10 12:53:18]:logger test
[DEBUG][2024-05-10 12:53:18]:Server start...
[DEBUG][2024-05-10 13:14:28]:logger test
[DEBUG][2024-05-10 13:14:28]:Server start...
[INFO][2024-05-10 13:14:43]:client 192.168.10.3 visit.
[DEBUG][2024-05-10 13:14:43]:STATE::READ
[DEBUG][2024-05-10 13:14:43]:=====START======
[DEBUG][2024-05-10 13:14:43]:=====REQUESTLINE======
[DEBUG][2024-05-10 13:14:43]:=====HEADER======
[DEBUG][2024-05-10 13:14:43]:=====BODY======
[DEBUG][2024-05-10 13:14:43]:STATE::WRITE
[DEBUG][2024-05-10 13:14:43]:=====result=====
[DEBUG][2024-05-10 13:14:43]:HTTP/1.1 200 OK
Content-Type:text/html
Connection:keep-alive
Content-Length:70

<!DOCTYPE html><html lang=zh-CN><body><h1>Home Page</h1></body></html>
[DEBUG][2024-05-10 13:14:43]:STATE::READ
[DEBUG][2024-05-10 13:14:43]:STATE::WRITE
[DEBUG][2024-05-10 13:14:43]:=====result=====
[DEBUG][2024-05-10 13:14:43]:HTTP/1.1 200 OK
Content-Type:text/html
Connection:keep-alive
Content-Length:70

<!DOCTYPE html><html lang=zh-CN><body><h1>Home Page</h1></body></html>
[DEBUG][2024-05-10 13:27:23]:logger test
[DEBUG][2024-05-10 13:27:23]:Server start...
[INFO][2024-05-10 13:27:30]:client 192.168.10.3 visit.
[DEBUG][2024-05-10 13:27:30]:STATE::READ
[DEBUG][2024-05-10 13:27:30]:=====START======
[DEBUG][2024-05-10 13:27:30]:=====REQUESTLINE======
[DEBUG][2024-05-10 13:27:30]:=====HEADER======
[DEBUG][2024-05-10 13:27:30]:=====BODY======
[DEBUG][2024-05-10 13:27:30]:STATE::WRITE
[DEBUG][2024-05-10 13:27:30]:STATE::READ
[DEBUG][2024-05-10 13:27:30]:STATE::WRITE
[DEBUG][2024-05-10 13:27:36]:STATE::READ
[DEBUG][2024-05-10 13:27:36]:STATE::WRITE
[DEBUG][2024-05-10 13:27:36]:STATE::READ
[DEBUG][2024-05-10 13:27:36]:STATE::WRITE
[DEBUG][2024-05-10 13:32:29]:logger test
[DEBUG][2024-05-10 13:32:29]:Server start...
[INFO][2024-05-10 13:32:31]:client 192.168.10.3 visit.
[DEBUG][2024-05-10 13:32:31]:STATE::READ
[DEBUG][2024-05-10 13:32:31]:=====START======
[DEBUG][2024-05-10 13:32:31]:=====REQUESTLINE======
[DEBUG][2024-05-10 13:32:31]:=====HEADER======
[DEBUG][2024-05-10 13:32:31]:=====BODY======
[DEBUG][2024-05-10 13:32:31]:STATE::WRITE
[DEBUG][2024-05-10 13:32:31]:STATE::READ
[DEBUG][2024-05-10 13:32:31]:STATE::WRITE
[DEBUG][2024-05-10 13:32:37]:STATE::READ
[DEBUG][2024-05-10 13:32:37]:STATE::WRITE
[DEBUG][2024-05-10 13:32:37]:STATE::READ
[DEBUG][2024-05-10 13:32:37]:STATE::WRITE
[DEBUG][2024-05-10 13:32:46]:STATE::READ
[DEBUG][2024-05-10 13:32:46]:STATE::WRITE
[DEBUG][2024-05-10 13:32:46]:STATE::READ
[DEBUG][2024-05-10 13:32:46]:STATE::WRITE
[DEBUG][2024-05-10 13:34:54]:logger test
[DEBUG][2024-05-10 13:34:54]:Server start...
[INFO][2024-05-10 13:34:56]:client 192.168.10.3 visit.
[DEBUG][2024-05-10 13:34:56]:STATE::READ
[DEBUG][2024-05-10 13:34:56]:=====START======
[DEBUG][2024-05-10 13:34:56]:=====REQUESTLINE======
[DEBUG][2024-05-10 13:34:56]:=====HEADER======
[DEBUG][2024-05-10 13:34:56]:=====BODY======
[DEBUG][2024-05-10 13:34:56]:STATE::WRITE
[DEBUG][2024-05-10 13:34:56]:STATE::READ
[DEBUG][2024-05-10 13:34:56]:STATE::WRITE
[DEBUG][2024-05-10 13:35:38]:logger test
[DEBUG][2024-05-10 13:35:38]:Server start...
[INFO][2024-05-10 13:35:40]:client 192.168.10.3 visit.
[DEBUG][2024-05-10 13:35:40]:STATE::READ
[DEBUG][2024-05-10 13:35:40]:=====START======
[DEBUG][2024-05-10 13:35:40]:=====REQUESTLINE======
[DEBUG][2024-05-10 13:35:40]:=====HEADER======
[DEBUG][2024-05-10 13:35:40]:=====BODY======
[DEBUG][2024-05-10 13:35:40]:STATE::WRITE
[DEBUG][2024-05-10 13:35:40]:STATE::READ
[DEBUG][2024-05-10 13:35:40]:STATE::WRITE
[DEBUG][2024-05-10 13:35:52]:STATE::READ
[DEBUG][2024-05-10 13:35:52]:STATE::WRITE
[DEBUG][2024-05-10 13:35:52]:STATE::READ
[DEBUG][2024-05-10 13:35:52]:STATE::WRITE
[DEBUG][2024-05-10 13:36:15]:STATE::READ
[DEBUG][2024-05-10 13:36:15]:STATE::WRITE
[DEBUG][2024-05-10 13:36:15]:STATE::READ
[DEBUG][2024-05-10 13:36:15]:STATE::WRITE
[DEBUG][2024-05-10 13:36:26]:STATE::READ
[DEBUG][2024-05-10 13:36:26]:STATE::WRITE
[DEBUG][2024-05-10 13:36:27]:STATE::READ
[DEBUG][2024-05-10 13:36:27]:STATE::WRITE
[DEBUG][2024-05-10 13:37:54]:logger test
[DEBUG][2024-05-10 13:37:54]:Server start...
[INFO][2024-05-10 13:37:56]:client 192.168.10.3 visit.
[DEBUG][2024-05-10 13:37:56]:STATE::READ
[DEBUG][2024-05-10 13:37:56]:=====START======
[DEBUG][2024-05-10 13:37:56]:=====REQUESTLINE======
[DEBUG][2024-05-10 13:37:56]:=====HEADER======
[DEBUG][2024-05-10 13:37:56]:=====BODY======
[DEBUG][2024-05-10 13:37:56]:STATE::WRITE
[DEBUG][2024-05-10 13:37:56]:STATE::READ
[DEBUG][2024-05-10 13:37:56]:STATE::WRITE
[DEBUG][2024-05-10 13:40:09]:logger test
[DEBUG][2024-05-10 13:40:09]:Server start...
[INFO][2024-05-10 13:40:11]:client 192.168.10.3 visit.
[DEBUG][2024-05-10 13:40:11]:STATE::READ
[DEBUG][2024-05-10 13:40:11]:=====START======
[DEBUG][2024-05-10 13:40:11]:=====REQUESTLINE======
[DEBUG][2024-05-10 13:40:11]:=====HEADER======
[DEBUG][2024-05-10 13:40:11]:=====BODY======
[DEBUG][2024-05-10 13:40:11]:STATE::WRITE
[DEBUG][2024-05-10 13:40:11]:STATE::READ
[DEBUG][2024-05-10 13:40:11]:STATE::WRITE
[DEBUG][2024-05-10 13:41:19]:logger test
[DEBUG][2024-05-10 13:41:19]:Server start...
[INFO][2024-05-10 13:41:21]:client 192.168.10.3 visit.
[DEBUG][2024-05-10 13:41:21]:STATE::READ
[DEBUG][2024-05-10 13:41:21]:=====START======
[DEBUG][2024-05-10 13:41:21]:=====REQUESTLINE======
[DEBUG][2024-05-10 13:41:21]:=====HEADER======
[DEBUG][2024-05-10 13:41:21]:=====BODY======
[DEBUG][2024-05-10 13:41:21]:STATE::WRITE
[DEBUG][2024-05-10 13:41:21]:STATE::READ
[DEBUG][2024-05-10 13:41:21]:STATE::WRITE
[DEBUG][2024-05-10 13:41:26]:STATE::READ
[DEBUG][2024-05-10 13:41:26]:STATE::WRITE
[DEBUG][2024-05-10 13:41:26]:STATE::READ
[DEBUG][2024-05-10 13:41:26]:STATE::WRITE
[DEBUG][2024-05-10 13:41:47]:STATE::READ
[DEBUG][2024-05-10 13:41:47]:STATE::WRITE
[DEBUG][2024-05-10 13:41:47]:STATE::READ
[DEBUG][2024-05-10 13:41:47]:STATE::WRITE
[DEBUG][2024-05-10 13:41:56]:STATE::READ
[DEBUG][2024-05-10 13:41:56]:STATE::WRITE
[DEBUG][2024-05-10 13:41:56]:STATE::READ
[DEBUG][2024-05-10 13:41:56]:STATE::WRITE
[DEBUG][2024-05-10 13:42:00]:STATE::READ
[DEBUG][2024-05-10 13:42:00]:STATE::WRITE
[DEBUG][2024-05-10 13:42:00]:STATE::READ
[DEBUG][2024-05-10 13:42:00]:STATE::WRITE
[DEBUG][2024-05-10 13:43:15]:logger test
[DEBUG][2024-05-10 13:43:15]:Server start...
[INFO][2024-05-10 13:43:17]:client 192.168.10.3 visit.
[DEBUG][2024-05-10 13:43:17]:STATE::READ
[DEBUG][2024-05-10 13:43:17]:=====START======
[DEBUG][2024-05-10 13:43:17]:=====REQUESTLINE======
[DEBUG][2024-05-10 13:43:17]:=====HEADER======
[DEBUG][2024-05-10 13:43:17]:=====BODY======
[DEBUG][2024-05-10 13:43:17]:STATE::WRITE
[DEBUG][2024-05-10 13:43:17]:STATE::READ
[DEBUG][2024-05-10 13:43:17]:STATE::WRITE
[DEBUG][2024-05-10 13:45:03]:logger test
[DEBUG][2024-05-10 13:45:03]:Server start...
[INFO][2024-05-10 13:45:07]:client 192.168.10.3 visit.
[DEBUG][2024-05-10 13:45:07]:STATE::READ
[DEBUG][2024-05-10 13:45:07]:=====START======
[DEBUG][2024-05-10 13:45:07]:=====REQUESTLINE======
[DEBUG][2024-05-10 13:45:07]:=====HEADER======
[DEBUG][2024-05-10 13:45:07]:=====BODY======
[DEBUG][2024-05-10 13:45:07]:STATE::WRITE
[DEBUG][2024-05-10 13:45:07]:STATE::READ
[DEBUG][2024-05-10 13:45:07]:STATE::WRITE
[DEBUG][2024-05-10 13:46:40]:logger test
[DEBUG][2024-05-10 13:46:40]:Server start...
[INFO][2024-05-10 13:46:42]:client 192.168.10.3 visit.
[DEBUG][2024-05-10 13:46:42]:STATE::READ
[DEBUG][2024-05-10 13:46:42]:=====START======
[DEBUG][2024-05-10 13:46:42]:=====REQUESTLINE======
[DEBUG][2024-05-10 13:46:42]:=====HEADER======
[DEBUG][2024-05-10 13:46:42]:=====BODY======
[DEBUG][2024-05-10 13:46:42]:STATE::WRITE
[DEBUG][2024-05-10 13:46:42]:STATE::READ
[DEBUG][2024-05-10 13:46:42]:STATE::WRITE
[DEBUG][2024-05-10 13:47:03]:STATE::READ
[DEBUG][2024-05-10 13:47:03]:STATE::WRITE
[DEBUG][2024-05-10 13:47:03]:STATE::READ
[DEBUG][2024-05-10 13:47:03]:STATE::WRITE
[DEBUG][2024-05-10 13:47:09]:STATE::READ
[DEBUG][2024-05-10 13:47:09]:STATE::WRITE
[DEBUG][2024-05-10 13:47:09]:STATE::READ
[DEBUG][2024-05-10 13:47:09]:STATE::WRITE
[DEBUG][2024-05-10 13:47:11]:STATE::READ
[DEBUG][2024-05-10 13:47:11]:STATE::WRITE
[DEBUG][2024-05-10 13:47:12]:STATE::READ
[DEBUG][2024-05-10 13:47:12]:STATE::WRITE
[DEBUG][2024-05-10 13:49:14]:logger test
[DEBUG][2024-05-10 13:49:14]:Server start...
[INFO][2024-05-10 13:49:16]:client 192.168.10.3 visit.
[DEBUG][2024-05-10 13:49:16]:STATE::READ
[DEBUG][2024-05-10 13:49:16]:=====START======
[DEBUG][2024-05-10 13:49:16]:=====REQUESTLINE======
[DEBUG][2024-05-10 13:49:16]:=====HEADER======
[DEBUG][2024-05-10 13:49:16]:=====BODY======
[DEBUG][2024-05-10 13:49:16]:STATE::WRITE
[DEBUG][2024-05-10 13:49:16]:STATE::READ
[DEBUG][2024-05-10 13:49:16]:=====START======
[DEBUG][2024-05-10 13:49:16]:=====REQUESTLINE======
[DEBUG][2024-05-10 13:49:16]:=====HEADER======
[DEBUG][2024-05-10 13:49:16]:=====BODY======
[DEBUG][2024-05-10 13:49:16]:STATE::WRITE
[DEBUG][2024-05-10 13:49:25]:STATE::READ
[DEBUG][2024-05-10 13:49:25]:=====START======
[DEBUG][2024-05-10 13:49:25]:=====REQUESTLINE======
[DEBUG][2024-05-10 13:49:25]:=====HEADER======
[DEBUG][2024-05-10 13:49:25]:=====BODY======
[DEBUG][2024-05-10 13:49:25]:STATE::WRITE
[DEBUG][2024-05-10 13:49:25]:STATE::READ
[DEBUG][2024-05-10 13:49:25]:=====START======
[DEBUG][2024-05-10 13:49:25]:=====REQUESTLINE======
[DEBUG][2024-05-10 13:49:25]:=====HEADER======
[DEBUG][2024-05-10 13:49:25]:=====BODY======
[DEBUG][2024-05-10 13:49:25]:STATE::WRITE
[DEBUG][2024-05-10 13:49:30]:STATE::READ
[DEBUG][2024-05-10 13:49:30]:=====START======
[DEBUG][2024-05-10 13:49:30]:=====REQUESTLINE======
[DEBUG][2024-05-10 13:49:30]:=====HEADER======
[DEBUG][2024-05-10 13:49:30]:=====BODY======
[DEBUG][2024-05-10 13:49:30]:STATE::WRITE
[DEBUG][2024-05-10 13:49:30]:STATE::READ
[DEBUG][2024-05-10 13:49:30]:=====START======
[DEBUG][2024-05-10 13:49:30]:=====REQUESTLINE======
[DEBUG][2024-05-10 13:49:30]:=====HEADER======
[DEBUG][2024-05-10 13:49:30]:=====BODY======
[DEBUG][2024-05-10 13:49:30]:STATE::WRITE
[DEBUG][2024-05-10 14:27:12]:logger test
[DEBUG][2024-05-10 14:27:12]:Server start...
[INFO][2024-05-10 14:27:20]:client 192.168.10.3 visit.
[DEBUG][2024-05-10 14:27:20]:STATE::READ
[DEBUG][2024-05-10 14:27:20]:=====START======
[DEBUG][2024-05-10 14:27:20]:=====REQUESTLINE======
[DEBUG][2024-05-10 14:27:20]:=====HEADER======
[DEBUG][2024-05-10 14:27:20]:=====BODY======
[DEBUG][2024-05-10 14:27:20]:STATE::WRITE
[DEBUG][2024-05-10 14:27:20]:STATE::READ
[DEBUG][2024-05-10 14:27:20]:=====START======
[DEBUG][2024-05-10 14:27:20]:=====REQUESTLINE======
[DEBUG][2024-05-10 14:27:20]:=====HEADER======
[DEBUG][2024-05-10 14:27:20]:=====BODY======
[DEBUG][2024-05-10 14:27:20]:STATE::WRITE
[DEBUG][2024-05-10 14:27:35]:STATE::READ
[DEBUG][2024-05-10 14:27:35]:=====START======
[DEBUG][2024-05-10 14:27:35]:=====REQUESTLINE======
[DEBUG][2024-05-10 14:27:35]:=====HEADER======
[DEBUG][2024-05-10 14:27:35]:=====BODY======
[DEBUG][2024-05-10 14:27:35]:STATE::WRITE
[DEBUG][2024-05-10 14:27:35]:STATE::READ
[DEBUG][2024-05-10 14:27:35]:=====START======
[DEBUG][2024-05-10 14:27:35]:=====REQUESTLINE======
[DEBUG][2024-05-10 14:27:35]:=====HEADER======
[DEBUG][2024-05-10 14:27:35]:=====BODY======
[DEBUG][2024-05-10 14:27:35]:STATE::WRITE
[DEBUG][2024-05-10 14:27:37]:STATE::READ
[DEBUG][2024-05-10 14:27:37]:=====START======
[DEBUG][2024-05-10 14:27:37]:=====REQUESTLINE======
[DEBUG][2024-05-10 14:27:37]:=====HEADER======
[DEBUG][2024-05-10 14:27:37]:=====BODY======
[DEBUG][2024-05-10 14:27:37]:STATE::WRITE
[DEBUG][2024-05-10 14:27:37]:STATE::READ
[DEBUG][2024-05-10 14:27:37]:=====START======
[DEBUG][2024-05-10 14:27:37]:=====REQUESTLINE======
[DEBUG][2024-05-10 14:27:37]:=====HEADER======
[DEBUG][2024-05-10 14:27:37]:=====BODY======
[DEBUG][2024-05-10 14:27:37]:STATE::WRITE
[DEBUG][2024-05-10 14:27:38]:STATE::READ
[DEBUG][2024-05-10 14:27:38]:=====START======
[DEBUG][2024-05-10 14:27:38]:=====REQUESTLINE======
[DEBUG][2024-05-10 14:27:38]:=====HEADER======
[DEBUG][2024-05-10 14:27:38]:=====BODY======
[DEBUG][2024-05-10 14:27:38]:STATE::WRITE
[DEBUG][2024-05-10 14:27:38]:STATE::READ
[DEBUG][2024-05-10 14:27:38]:=====START======
[DEBUG][2024-05-10 14:27:38]:=====REQUESTLINE======
[DEBUG][2024-05-10 14:27:38]:=====HEADER======
[DEBUG][2024-05-10 14:27:38]:=====BODY======
[DEBUG][2024-05-10 14:27:38]:STATE::WRITE
[DEBUG][2024-05-10 14:27:38]:STATE::READ
[DEBUG][2024-05-10 14:27:38]:=====START======
[DEBUG][2024-05-10 14:27:38]:=====REQUESTLINE======
[DEBUG][2024-05-10 14:27:38]:=====HEADER======
[DEBUG][2024-05-10 14:27:38]:=====BODY======
[DEBUG][2024-05-10 14:27:38]:STATE::WRITE
[DEBUG][2024-05-10 14:27:38]:STATE::READ
[DEBUG][2024-05-10 14:27:38]:=====START======
[DEBUG][2024-05-10 14:27:38]:=====REQUESTLINE======
[DEBUG][2024-05-10 14:27:38]:=====HEADER======
[DEBUG][2024-05-10 14:27:38]:=====BODY======
[DEBUG][2024-05-10 14:27:38]:STATE::WRITE
[DEBUG][2024-05-10 14:27:39]:STATE::READ
[DEBUG][2024-05-10 14:27:39]:=====START======
[DEBUG][2024-05-10 14:27:39]:=====REQUESTLINE======
[DEBUG][2024-05-10 14:27:39]:=====HEADER======
[DEBUG][2024-05-10 14:27:39]:=====BODY======
[DEBUG][2024-05-10 14:27:39]:STATE::WRITE
[DEBUG][2024-05-10 14:27:39]:STATE::READ
[DEBUG][2024-05-10 14:27:39]:=====START======
[DEBUG][2024-05-10 14:27:39]:=====REQUESTLINE======
[DEBUG][2024-05-10 14:27:39]:=====HEADER======
[DEBUG][2024-05-10 14:27:39]:=====BODY======
[DEBUG][2024-05-10 14:27:39]:STATE::WRITE
[INFO][2024-05-10 14:27:56]:client 192.168.10.3 visit.
[INFO][2024-05-10 14:28:34]:client 192.168.10.3 quit.
[INFO][2024-05-10 14:28:34]:client 127.0.0.1 visit.
[DEBUG][2024-05-10 14:28:34]:STATE::READ
[DEBUG][2024-05-10 14:28:34]:=====START======
[DEBUG][2024-05-10 14:28:34]:=====REQUESTLINE======
[DEBUG][2024-05-10 14:28:34]:=====HEADER======
[DEBUG][2024-05-10 14:28:34]:=====BODY======
[DEBUG][2024-05-10 14:28:34]:STATE::WRITE
[DEBUG][2024-05-10 14:28:34]:STATE::READ
[DEBUG][2024-05-10 14:28:34]:=====START======
[DEBUG][2024-05-10 14:28:34]:=====REQUESTLINE======
[DEBUG][2024-05-10 14:28:34]:=====HEADER======
[DEBUG][2024-05-10 14:28:34]:=====BODY======
[DEBUG][2024-05-10 14:28:34]:STATE::WRITE
[INFO][2024-05-10 14:28:58]:client 127.0.0.1 quit.
[DEBUG][2024-05-10 14:32:40]:logger test
[DEBUG][2024-05-10 14:32:40]:Server start...
[INFO][2024-05-10 14:32:41]:client 192.168.10.3 visit.
[DEBUG][2024-05-10 14:32:41]:STATE::READ
[DEBUG][2024-05-10 14:32:41]:=====START======
[DEBUG][2024-05-10 14:32:41]:=====REQUESTLINE======
[DEBUG][2024-05-10 14:32:41]:=====HEADER======
[DEBUG][2024-05-10 14:32:41]:=====BODY======
[DEBUG][2024-05-10 14:32:41]:STATE::WRITE
[DEBUG][2024-05-10 14:32:41]:STATE::READ
[DEBUG][2024-05-10 14:32:41]:=====START======
[DEBUG][2024-05-10 14:32:41]:=====REQUESTLINE======
[DEBUG][2024-05-10 14:32:41]:=====HEADER======
[DEBUG][2024-05-10 14:32:41]:=====BODY======
[DEBUG][2024-05-10 14:32:41]:STATE::WRITE
[DEBUG][2024-05-10 14:32:53]:STATE::READ
[DEBUG][2024-05-10 14:32:53]:=====START======
[DEBUG][2024-05-10 14:32:53]:=====REQUESTLINE======
[DEBUG][2024-05-10 14:32:53]:=====HEADER======
[DEBUG][2024-05-10 14:32:53]:=====BODY======
[DEBUG][2024-05-10 14:32:53]:STATE::WRITE
[DEBUG][2024-05-10 14:32:53]:STATE::READ
[DEBUG][2024-05-10 14:32:53]:=====START======
[DEBUG][2024-05-10 14:32:53]:=====REQUESTLINE======
[DEBUG][2024-05-10 14:32:53]:=====HEADER======
[DEBUG][2024-05-10 14:32:53]:=====BODY======
[DEBUG][2024-05-10 14:32:53]:STATE::WRITE
[DEBUG][2024-05-10 14:50:35]:logger test
[DEBUG][2024-05-10 14:50:35]:Server start...
[INFO][2024-05-10 14:50:39]:client 192.168.10.3 visit.
[DEBUG][2024-05-10 14:50:39]:STATE::READ
[DEBUG][2024-05-10 14:50:39]:=====START======
[DEBUG][2024-05-10 14:50:39]:=====REQUESTLINE======
[DEBUG][2024-05-10 14:50:39]:=====HEADER======
[DEBUG][2024-05-10 14:50:39]:=====BODY======
[DEBUG][2024-05-10 14:50:39]:STATE::WRITE
[DEBUG][2024-05-10 14:50:40]:STATE::READ
[DEBUG][2024-05-10 14:50:40]:=====START======
[DEBUG][2024-05-10 14:50:40]:=====REQUESTLINE======
[DEBUG][2024-05-10 14:50:40]:=====HEADER======
[DEBUG][2024-05-10 14:50:40]:=====BODY======
[DEBUG][2024-05-10 14:50:40]:STATE::WRITE
[INFO][2024-05-10 14:51:47]:client 192.168.10.3 visit.
[INFO][2024-05-10 14:51:47]:client 192.168.10.3 quit.
[DEBUG][2024-05-10 14:51:48]:STATE::READ
[DEBUG][2024-05-10 14:51:48]:=====START======
[DEBUG][2024-05-10 14:51:48]:=====REQUESTLINE======
[DEBUG][2024-05-10 14:51:48]:=====HEADER======
[DEBUG][2024-05-10 14:51:48]:=====BODY======
[DEBUG][2024-05-10 14:51:48]:STATE::WRITE
[DEBUG][2024-05-10 14:51:56]:STATE::READ
[DEBUG][2024-05-10 14:51:56]:=====START======
[DEBUG][2024-05-10 14:51:56]:=====REQUESTLINE======
[DEBUG][2024-05-10 14:51:56]:=====HEADER======
[DEBUG][2024-05-10 14:51:56]:=====BODY======
[DEBUG][2024-05-10 14:51:56]:STATE::WRITE
