[DEBUG][2024-06-14 18:34:01]:Server start...
[INFO][2024-06-14 18:34:05]:client 192.168.10.3 visit.
[DEBUG][2024-06-14 18:34:05]:STATE::READ
[DEBUG][2024-06-14 18:34:05]:=====START======
[DEBUG][2024-06-14 18:34:05]:=====REQUESTLINE======
[DEBUG][2024-06-14 18:34:05]:=====HEADER======
[DEBUG][2024-06-14 18:34:05]:STATE::WRITE
[DEBUG][2024-06-14 18:34:13]:STATE::READ
[DEBUG][2024-06-14 18:34:13]:=====START======
[DEBUG][2024-06-14 18:34:13]:=====REQUESTLINE======
[DEBUG][2024-06-14 18:34:13]:=====HEADER======
[DEBUG][2024-06-14 18:34:13]:STATE::WRITE
[DEBUG][2024-06-14 18:34:13]:STATE::READ
[DEBUG][2024-06-14 18:34:13]:=====START======
[DEBUG][2024-06-14 18:34:13]:=====REQUESTLINE======
[DEBUG][2024-06-14 18:34:13]:=====HEADER======
[DEBUG][2024-06-14 18:34:13]:STATE::WRITE
[DEBUG][2024-06-14 18:34:14]:STATE::READ
[DEBUG][2024-06-14 18:34:14]:=====START======
[DEBUG][2024-06-14 18:34:14]:=====REQUESTLINE======
[DEBUG][2024-06-14 18:34:14]:=====HEADER======
[DEBUG][2024-06-14 18:34:14]:STATE::WRITE
[DEBUG][2024-06-14 18:34:16]:STATE::READ
[DEBUG][2024-06-14 18:34:16]:=====START======
[DEBUG][2024-06-14 18:34:16]:=====REQUESTLINE======
[DEBUG][2024-06-14 18:34:16]:=====HEADER======
[DEBUG][2024-06-14 18:34:16]:STATE::WRITE
[DEBUG][2024-06-14 18:34:17]:STATE::READ
[DEBUG][2024-06-14 18:34:17]:=====START======
[DEBUG][2024-06-14 18:34:17]:=====REQUESTLINE======
[DEBUG][2024-06-14 18:34:17]:=====HEADER======
[DEBUG][2024-06-14 18:34:17]:STATE::WRITE
[DEBUG][2024-06-14 18:34:19]:STATE::READ
[DEBUG][2024-06-14 18:34:19]:=====START======
[DEBUG][2024-06-14 18:34:19]:=====REQUESTLINE======
[DEBUG][2024-06-14 18:34:19]:=====HEADER======
[DEBUG][2024-06-14 18:34:19]:STATE::WRITE
[DEBUG][2024-06-14 18:34:21]:STATE::READ
[DEBUG][2024-06-14 18:34:21]:=====START======
[DEBUG][2024-06-14 18:34:21]:=====REQUESTLINE======
[DEBUG][2024-06-14 18:34:21]:=====HEADER======
[DEBUG][2024-06-14 18:34:21]:STATE::WRITE
[DEBUG][2024-06-14 18:34:28]:STATE::READ
[DEBUG][2024-06-14 18:34:28]:=====START======
[DEBUG][2024-06-14 18:34:28]:=====REQUESTLINE======
[DEBUG][2024-06-14 18:34:28]:=====HEADER======
[DEBUG][2024-06-14 18:34:28]:STATE::WRITE
[DEBUG][2024-06-14 18:34:29]:STATE::READ
[DEBUG][2024-06-14 18:34:29]:=====START======
[DEBUG][2024-06-14 18:34:29]:=====REQUESTLINE======
[DEBUG][2024-06-14 18:34:29]:=====HEADER======
[DEBUG][2024-06-14 18:34:29]:STATE::WRITE
[DEBUG][2024-06-14 18:34:34]:STATE::READ
[DEBUG][2024-06-14 18:34:34]:=====START======
[DEBUG][2024-06-14 18:34:34]:=====REQUESTLINE======
[DEBUG][2024-06-14 18:34:34]:=====HEADER======
[DEBUG][2024-06-14 18:34:34]:STATE::WRITE
[DEBUG][2024-06-14 18:36:09]:Server start...
[INFO][2024-06-14 18:36:12]:client 192.168.10.3 visit.
[DEBUG][2024-06-14 18:36:12]:STATE::READ
[DEBUG][2024-06-14 18:36:12]:=====START======
[DEBUG][2024-06-14 18:36:12]:=====REQUESTLINE======
[DEBUG][2024-06-14 18:36:12]:=====HEADER======
[DEBUG][2024-06-14 18:36:12]:STATE::WRITE
[DEBUG][2024-06-14 18:36:15]:STATE::READ
[DEBUG][2024-06-14 18:36:15]:=====START======
[DEBUG][2024-06-14 18:36:15]:=====REQUESTLINE======
[DEBUG][2024-06-14 18:36:15]:=====HEADER======
[ERROR][2024-06-14 18:36:15]:stat error
[DEBUG][2024-06-14 18:36:15]:STATE::WRITE
[DEBUG][2024-06-14 18:36:30]:Server start...
[INFO][2024-06-14 18:36:32]:client 192.168.10.3 visit.
[DEBUG][2024-06-14 18:36:32]:STATE::READ
[DEBUG][2024-06-14 18:36:32]:=====START======
[DEBUG][2024-06-14 18:36:32]:=====REQUESTLINE======
[DEBUG][2024-06-14 18:36:32]:=====HEADER======
[DEBUG][2024-06-14 18:36:32]:STATE::WRITE
[INFO][2024-06-14 18:36:49]:client 192.168.10.3 visit.
[INFO][2024-06-14 18:36:51]:client 192.168.10.3 visit.
[DEBUG][2024-06-14 18:36:51]:STATE::READ
[DEBUG][2024-06-14 18:36:51]:=====START======
[DEBUG][2024-06-14 18:36:51]:=====REQUESTLINE======
[DEBUG][2024-06-14 18:36:51]:=====HEADER======
[DEBUG][2024-06-14 18:36:51]:STATE::WRITE
[DEBUG][2024-06-14 18:36:51]:STATE::READ
[DEBUG][2024-06-14 18:36:51]:=====START======
[DEBUG][2024-06-14 18:36:51]:=====REQUESTLINE======
[DEBUG][2024-06-14 18:36:51]:=====HEADER======
[ERROR][2024-06-14 18:36:51]:stat error
[DEBUG][2024-06-14 18:36:51]:STATE::WRITE
[DEBUG][2024-06-14 18:38:08]:Server start...
[INFO][2024-06-14 18:38:18]:client 192.168.10.3 visit.
[DEBUG][2024-06-14 18:38:18]:STATE::READ
[DEBUG][2024-06-14 18:38:18]:=====START======
[DEBUG][2024-06-14 18:38:18]:=====REQUESTLINE======
[DEBUG][2024-06-14 18:38:18]:=====HEADER======
[DEBUG][2024-06-14 18:38:18]:STATE::WRITE
[DEBUG][2024-06-14 18:38:18]:STATE::READ
[DEBUG][2024-06-14 18:38:18]:=====START======
[DEBUG][2024-06-14 18:38:18]:=====REQUESTLINE======
[DEBUG][2024-06-14 18:38:18]:=====HEADER======
[DEBUG][2024-06-14 18:38:18]:path=/root/projects/net-disk/disk/file1.json
[ERROR][2024-06-14 18:38:18]:stat error
[DEBUG][2024-06-14 18:38:18]:STATE::WRITE
[DEBUG][2024-06-14 18:40:18]:Server start...
[INFO][2024-06-14 18:40:27]:client 192.168.10.3 visit.
[DEBUG][2024-06-14 18:40:27]:STATE::READ
[DEBUG][2024-06-14 18:40:27]:=====START======
[DEBUG][2024-06-14 18:40:27]:=====REQUESTLINE======
[DEBUG][2024-06-14 18:40:27]:=====HEADER======
[DEBUG][2024-06-14 18:40:27]:STATE::WRITE
[DEBUG][2024-06-14 18:40:27]:STATE::READ
[DEBUG][2024-06-14 18:40:27]:=====START======
[DEBUG][2024-06-14 18:40:27]:=====REQUESTLINE======
[DEBUG][2024-06-14 18:40:27]:=====HEADER======
[DEBUG][2024-06-14 18:40:27]:path=/root/projects/net-disk/disk/admin/file1.json
[DEBUG][2024-06-14 18:40:27]:STATE::WRITE
[DEBUG][2024-06-14 18:40:33]:STATE::READ
[DEBUG][2024-06-14 18:40:33]:=====START======
[DEBUG][2024-06-14 18:40:33]:=====REQUESTLINE======
[DEBUG][2024-06-14 18:40:33]:=====HEADER======
[DEBUG][2024-06-14 18:40:33]:path=/root/projects/net-disk/disk/admin/test/testFile.txt
[DEBUG][2024-06-14 18:40:33]:STATE::WRITE
[DEBUG][2024-06-14 18:40:36]:STATE::READ
[DEBUG][2024-06-14 18:40:36]:=====START======
[DEBUG][2024-06-14 18:40:36]:=====REQUESTLINE======
[DEBUG][2024-06-14 18:40:36]:=====HEADER======
[DEBUG][2024-06-14 18:40:36]:path=/root/projects/net-disk/disk/admin/file1.json
[DEBUG][2024-06-14 18:40:36]:STATE::WRITE
[DEBUG][2024-06-14 18:40:38]:STATE::READ
[DEBUG][2024-06-14 18:40:38]:=====START======
[DEBUG][2024-06-14 18:40:38]:=====REQUESTLINE======
[DEBUG][2024-06-14 18:40:38]:=====HEADER======
[DEBUG][2024-06-14 18:40:38]:path=/root/projects/net-disk/disk/admin/test/testFile.txt
[DEBUG][2024-06-14 18:40:38]:STATE::WRITE
[DEBUG][2024-06-14 18:40:40]:STATE::READ
[DEBUG][2024-06-14 18:40:40]:=====START======
[DEBUG][2024-06-14 18:40:40]:=====REQUESTLINE======
[DEBUG][2024-06-14 18:40:40]:=====HEADER======
[DEBUG][2024-06-14 18:40:40]:path=/root/projects/net-disk/disk/admin/file1.json
[DEBUG][2024-06-14 18:40:40]:STATE::WRITE
[DEBUG][2024-06-14 18:40:42]:STATE::READ
[DEBUG][2024-06-14 18:40:42]:=====START======
[DEBUG][2024-06-14 18:40:42]:=====REQUESTLINE======
[DEBUG][2024-06-14 18:40:42]:=====HEADER======
[DEBUG][2024-06-14 18:40:42]:path=/root/projects/net-disk/disk/admin/test/testFile.txt
[DEBUG][2024-06-14 18:40:42]:STATE::WRITE
[DEBUG][2024-06-14 18:40:43]:STATE::READ
[DEBUG][2024-06-14 18:40:43]:=====START======
[DEBUG][2024-06-14 18:40:43]:=====REQUESTLINE======
[DEBUG][2024-06-14 18:40:43]:=====HEADER======
[DEBUG][2024-06-14 18:40:43]:path=/root/projects/net-disk/disk/admin/file1.json
[DEBUG][2024-06-14 18:40:43]:STATE::WRITE
