[DEBUG][2024-06-26 09:39:05]:Server start...
[INFO][2024-06-26 09:39:11]:client 192.168.10.3 visit.
[DEBUG][2024-06-26 09:39:11]:STATE::READ
[DEBUG][2024-06-26 09:39:11]:=====START======
[DEBUG][2024-06-26 09:39:11]:=====REQUESTLINE======
[DEBUG][2024-06-26 09:39:11]:=====HEADER======
[DEBUG][2024-06-26 09:39:11]:STATE::WRITE
[DEBUG][2024-06-26 09:39:11]:STATE::READ
[DEBUG][2024-06-26 09:39:11]:=====START======
[DEBUG][2024-06-26 09:39:11]:=====REQUESTLINE======
[DEBUG][2024-06-26 09:39:11]:=====HEADER======
[DEBUG][2024-06-26 09:39:11]:path=/root/projects/net-disk/disk/admin/file1.json
[DEBUG][2024-06-26 09:39:11]:STATE::WRITE
[DEBUG][2024-06-26 09:39:18]:STATE::READ
[DEBUG][2024-06-26 09:39:18]:=====START======
[DEBUG][2024-06-26 09:39:18]:=====REQUESTLINE======
[DEBUG][2024-06-26 09:39:18]:=====HEADER======
[DEBUG][2024-06-26 09:39:18]:path=/root/projects/net-disk/disk/admin/123/test.txt
[DEBUG][2024-06-26 09:39:18]:path=/root/projects/net-disk/disk/admin/123/todo.txt
[DEBUG][2024-06-26 09:39:18]:STATE::WRITE
[DEBUG][2024-06-26 09:40:55]:STATE::READ
[DEBUG][2024-06-26 09:40:55]:=====START======
[DEBUG][2024-06-26 09:40:55]:=====REQUESTLINE======
[DEBUG][2024-06-26 09:40:55]:=====HEADER======
[DEBUG][2024-06-26 09:40:55]:path=/root/projects/net-disk/disk/admin/file1.json
[DEBUG][2024-06-26 09:40:55]:STATE::WRITE
[DEBUG][2024-06-26 09:41:38]:STATE::READ
[DEBUG][2024-06-26 09:41:38]:=====START======
[DEBUG][2024-06-26 09:41:38]:=====REQUESTLINE======
[DEBUG][2024-06-26 09:41:38]:=====HEADER======
[DEBUG][2024-06-26 09:41:38]:path=/root/projects/net-disk/disk/admin/123/test.txt
[DEBUG][2024-06-26 09:41:38]:path=/root/projects/net-disk/disk/admin/123/todo.txt
[DEBUG][2024-06-26 09:41:38]:STATE::WRITE
[DEBUG][2024-06-26 09:41:45]:STATE::READ
[DEBUG][2024-06-26 09:41:45]:=====START======
[DEBUG][2024-06-26 09:41:45]:=====REQUESTLINE======
[DEBUG][2024-06-26 09:41:45]:=====HEADER======
[DEBUG][2024-06-26 09:41:45]:path=/root/projects/net-disk/disk/admin/file1.json
[DEBUG][2024-06-26 09:41:45]:STATE::WRITE
[INFO][2024-06-26 09:49:43]:client 192.168.10.3 quit.
[INFO][2024-06-26 09:49:43]:client 192.168.10.3 visit.
[DEBUG][2024-06-26 09:49:43]:STATE::READ
[DEBUG][2024-06-26 09:49:43]:=====START======
[DEBUG][2024-06-26 09:49:43]:=====REQUESTLINE======
[DEBUG][2024-06-26 09:49:43]:=====HEADER======
[DEBUG][2024-06-26 09:49:43]:path=/root/projects/net-disk/disk/admin/123/test.txt
[DEBUG][2024-06-26 09:49:43]:path=/root/projects/net-disk/disk/admin/123/todo.txt
[DEBUG][2024-06-26 09:49:43]:STATE::WRITE
[DEBUG][2024-06-26 09:49:45]:STATE::READ
[DEBUG][2024-06-26 09:49:45]:=====START======
[DEBUG][2024-06-26 09:49:45]:=====REQUESTLINE======
[DEBUG][2024-06-26 09:49:45]:=====HEADER======
[DEBUG][2024-06-26 09:49:45]:path=/root/projects/net-disk/disk/admin/file1.json
[DEBUG][2024-06-26 09:49:45]:STATE::WRITE
[DEBUG][2024-06-26 09:49:46]:STATE::READ
[DEBUG][2024-06-26 09:49:46]:=====START======
[DEBUG][2024-06-26 09:49:46]:=====REQUESTLINE======
[DEBUG][2024-06-26 09:49:46]:=====HEADER======
[DEBUG][2024-06-26 09:49:46]:path=/root/projects/net-disk/disk/admin/test/testFile.txt
[DEBUG][2024-06-26 09:49:46]:path=/root/projects/net-disk/disk/admin/test/test.txt
[DEBUG][2024-06-26 09:49:46]:STATE::WRITE
[DEBUG][2024-06-26 09:49:47]:STATE::READ
[DEBUG][2024-06-26 09:49:47]:=====START======
[DEBUG][2024-06-26 09:49:47]:=====REQUESTLINE======
[DEBUG][2024-06-26 09:49:47]:=====HEADER======
[DEBUG][2024-06-26 09:49:47]:path=/root/projects/net-disk/disk/admin/file1.json
[DEBUG][2024-06-26 09:49:47]:STATE::WRITE
[DEBUG][2024-06-26 09:49:48]:STATE::READ
[DEBUG][2024-06-26 09:49:48]:=====START======
[DEBUG][2024-06-26 09:49:48]:=====REQUESTLINE======
[DEBUG][2024-06-26 09:49:48]:=====HEADER======
[DEBUG][2024-06-26 09:49:48]:path=/root/projects/net-disk/disk/admin/123/test.txt
[DEBUG][2024-06-26 09:49:48]:path=/root/projects/net-disk/disk/admin/123/todo.txt
[DEBUG][2024-06-26 09:49:48]:STATE::WRITE
[DEBUG][2024-06-26 09:49:48]:STATE::READ
[DEBUG][2024-06-26 09:49:48]:=====START======
[DEBUG][2024-06-26 09:49:48]:=====REQUESTLINE======
[DEBUG][2024-06-26 09:49:48]:=====HEADER======
[DEBUG][2024-06-26 09:49:48]:path=/root/projects/net-disk/disk/admin/file1.json
[DEBUG][2024-06-26 09:49:48]:STATE::WRITE
[DEBUG][2024-06-26 09:49:49]:STATE::READ
[DEBUG][2024-06-26 09:49:49]:=====START======
[DEBUG][2024-06-26 09:49:49]:=====REQUESTLINE======
[DEBUG][2024-06-26 09:49:49]:=====HEADER======
[DEBUG][2024-06-26 09:49:49]:path=/root/projects/net-disk/disk/admin/test/testFile.txt
[DEBUG][2024-06-26 09:49:49]:path=/root/projects/net-disk/disk/admin/test/test.txt
[DEBUG][2024-06-26 09:49:49]:STATE::WRITE
[DEBUG][2024-06-26 09:49:50]:STATE::READ
[DEBUG][2024-06-26 09:49:50]:=====START======
[DEBUG][2024-06-26 09:49:50]:=====REQUESTLINE======
[DEBUG][2024-06-26 09:49:50]:=====HEADER======
[DEBUG][2024-06-26 09:49:50]:path=/root/projects/net-disk/disk/admin/file1.json
[DEBUG][2024-06-26 09:49:50]:STATE::WRITE
[DEBUG][2024-06-26 09:49:51]:STATE::READ
[DEBUG][2024-06-26 09:49:51]:=====START======
[DEBUG][2024-06-26 09:49:51]:=====REQUESTLINE======
[DEBUG][2024-06-26 09:49:51]:=====HEADER======
[DEBUG][2024-06-26 09:49:51]:path=/root/projects/net-disk/disk/admin/123/test.txt
[DEBUG][2024-06-26 09:49:51]:path=/root/projects/net-disk/disk/admin/123/todo.txt
[DEBUG][2024-06-26 09:49:51]:STATE::WRITE
[DEBUG][2024-06-26 09:49:51]:STATE::READ
[DEBUG][2024-06-26 09:49:51]:=====START======
[DEBUG][2024-06-26 09:49:51]:=====REQUESTLINE======
[DEBUG][2024-06-26 09:49:51]:=====HEADER======
[DEBUG][2024-06-26 09:49:51]:path=/root/projects/net-disk/disk/admin/file1.json
[DEBUG][2024-06-26 09:49:51]:STATE::WRITE
[DEBUG][2024-06-26 09:49:54]:STATE::READ
[DEBUG][2024-06-26 09:49:54]:=====START======
[DEBUG][2024-06-26 09:49:54]:=====REQUESTLINE======
[DEBUG][2024-06-26 09:49:54]:=====HEADER======
[DEBUG][2024-06-26 09:49:54]:path=/root/projects/net-disk/disk/admin/test/testFile.txt
[DEBUG][2024-06-26 09:49:54]:path=/root/projects/net-disk/disk/admin/test/test.txt
[DEBUG][2024-06-26 09:49:54]:STATE::WRITE
[DEBUG][2024-06-26 09:49:57]:STATE::READ
[DEBUG][2024-06-26 09:49:57]:=====START======
[DEBUG][2024-06-26 09:49:57]:=====REQUESTLINE======
[DEBUG][2024-06-26 09:49:57]:=====HEADER======
[DEBUG][2024-06-26 09:49:57]:path=/root/projects/net-disk/disk/admin/file1.json
[DEBUG][2024-06-26 09:49:57]:STATE::WRITE
[DEBUG][2024-06-26 09:49:58]:STATE::READ
[DEBUG][2024-06-26 09:49:58]:=====START======
[DEBUG][2024-06-26 09:49:58]:=====REQUESTLINE======
[DEBUG][2024-06-26 09:49:58]:=====HEADER======
[DEBUG][2024-06-26 09:49:58]:path=/root/projects/net-disk/disk/admin/123/test.txt
[DEBUG][2024-06-26 09:49:58]:path=/root/projects/net-disk/disk/admin/123/todo.txt
[DEBUG][2024-06-26 09:49:58]:STATE::WRITE
[ERROR][2024-06-26 10:03:00]:unlink error!
[ERROR][2024-06-26 10:10:07]:unlink error!
[ERROR][2024-06-26 10:21:43]:unlink error!
[DEBUG][2024-06-26 10:32:26]:Server start...
[INFO][2024-06-26 10:32:34]:client 192.168.10.3 visit.
[DEBUG][2024-06-26 10:32:34]:STATE::READ
[DEBUG][2024-06-26 10:32:34]:=====START======
[DEBUG][2024-06-26 10:32:34]:=====REQUESTLINE======
[DEBUG][2024-06-26 10:32:34]:=====HEADER======
[DEBUG][2024-06-26 10:32:34]:path=/root/projects/net-disk/disk/admin/file1.json
[DEBUG][2024-06-26 10:32:34]:STATE::WRITE
[DEBUG][2024-06-26 10:32:37]:STATE::READ
[DEBUG][2024-06-26 10:32:37]:=====START======
[DEBUG][2024-06-26 10:32:37]:=====REQUESTLINE======
[DEBUG][2024-06-26 10:32:37]:=====HEADER======
[DEBUG][2024-06-26 10:32:37]:path=/root/projects/net-disk/disk/admin/123/test.txt
[DEBUG][2024-06-26 10:32:37]:STATE::WRITE
[DEBUG][2024-06-26 10:32:42]:STATE::READ
[DEBUG][2024-06-26 10:32:42]:=====START======
[DEBUG][2024-06-26 10:32:42]:=====REQUESTLINE======
[DEBUG][2024-06-26 10:32:42]:=====HEADER======
[DEBUG][2024-06-26 10:32:42]:path=/root/projects/net-disk/disk/admin/file1.json
[DEBUG][2024-06-26 10:32:42]:STATE::WRITE
[DEBUG][2024-06-26 10:32:43]:STATE::READ
[DEBUG][2024-06-26 10:32:43]:=====START======
[DEBUG][2024-06-26 10:32:43]:=====REQUESTLINE======
[DEBUG][2024-06-26 10:32:43]:=====HEADER======
[DEBUG][2024-06-26 10:32:43]:path=/root/projects/net-disk/disk/admin/test/testFile.txt
[DEBUG][2024-06-26 10:32:43]:path=/root/projects/net-disk/disk/admin/test/test.txt
[DEBUG][2024-06-26 10:32:43]:STATE::WRITE
[DEBUG][2024-06-26 10:33:43]:STATE::READ
[DEBUG][2024-06-26 10:33:43]:=====START======
[DEBUG][2024-06-26 10:33:43]:=====REQUESTLINE======
[DEBUG][2024-06-26 10:33:43]:=====HEADER======
[DEBUG][2024-06-26 10:33:43]:path=/root/projects/net-disk/disk/admin/test/testFile.txt
[DEBUG][2024-06-26 10:33:43]:path=/root/projects/net-disk/disk/admin/test/test.txt
[DEBUG][2024-06-26 10:33:43]:STATE::WRITE
[DEBUG][2024-06-26 10:35:19]:STATE::READ
[DEBUG][2024-06-26 10:35:19]:=====START======
[DEBUG][2024-06-26 10:35:19]:=====REQUESTLINE======
[DEBUG][2024-06-26 10:35:19]:=====HEADER======
[DEBUG][2024-06-26 10:35:19]:path=/root/projects/net-disk/disk/admin/test/testFile.txt
[DEBUG][2024-06-26 10:35:19]:path=/root/projects/net-disk/disk/admin/test/test.txt
[DEBUG][2024-06-26 10:35:19]:STATE::WRITE
[DEBUG][2024-06-26 10:36:22]:STATE::READ
[DEBUG][2024-06-26 10:36:22]:=====START======
[DEBUG][2024-06-26 10:36:22]:=====REQUESTLINE======
[DEBUG][2024-06-26 10:36:22]:=====HEADER======
[DEBUG][2024-06-26 10:36:22]:path=/root/projects/net-disk/disk/admin/test/testFile.txt
[DEBUG][2024-06-26 10:36:22]:path=/root/projects/net-disk/disk/admin/test/test.txt
[DEBUG][2024-06-26 10:36:22]:STATE::WRITE
[DEBUG][2024-06-26 10:37:45]:STATE::READ
[DEBUG][2024-06-26 10:37:45]:=====START======
[DEBUG][2024-06-26 10:37:45]:=====REQUESTLINE======
[DEBUG][2024-06-26 10:37:45]:=====HEADER======
[DEBUG][2024-06-26 10:37:45]:path=/root/projects/net-disk/disk/admin/test/testFile.txt
[DEBUG][2024-06-26 10:37:45]:path=/root/projects/net-disk/disk/admin/test/test.txt
[DEBUG][2024-06-26 10:37:45]:STATE::WRITE
[DEBUG][2024-06-26 10:39:25]:STATE::READ
[DEBUG][2024-06-26 10:39:25]:=====START======
[DEBUG][2024-06-26 10:39:25]:=====REQUESTLINE======
[DEBUG][2024-06-26 10:39:25]:=====HEADER======
[DEBUG][2024-06-26 10:39:25]:path=/root/projects/net-disk/disk/admin/test/testFile.txt
[DEBUG][2024-06-26 10:39:25]:path=/root/projects/net-disk/disk/admin/test/test.txt
[DEBUG][2024-06-26 10:39:25]:STATE::WRITE
[DEBUG][2024-06-26 10:40:15]:STATE::READ
[DEBUG][2024-06-26 10:40:15]:=====START======
[DEBUG][2024-06-26 10:40:15]:=====REQUESTLINE======
[DEBUG][2024-06-26 10:40:15]:=====HEADER======
[ERROR][2024-06-26 10:40:15]:unlink error!
[DEBUG][2024-06-26 10:40:15]:STATE::WRITE
[DEBUG][2024-06-26 10:41:13]:Server start...
[INFO][2024-06-26 10:41:22]:client 192.168.10.3 visit.
[DEBUG][2024-06-26 10:41:22]:STATE::READ
[DEBUG][2024-06-26 10:41:22]:=====START======
[DEBUG][2024-06-26 10:41:22]:=====REQUESTLINE======
[DEBUG][2024-06-26 10:41:22]:=====HEADER======
[ERROR][2024-06-26 10:41:22]:unlink error!
[DEBUG][2024-06-26 10:41:22]:STATE::WRITE
[DEBUG][2024-06-26 10:46:05]:Server start...
[INFO][2024-06-26 10:46:10]:client 192.168.10.3 visit.
[DEBUG][2024-06-26 10:46:10]:STATE::READ
[DEBUG][2024-06-26 10:46:10]:=====START======
[DEBUG][2024-06-26 10:46:10]:=====REQUESTLINE======
[DEBUG][2024-06-26 10:46:10]:=====HEADER======
[ERROR][2024-06-26 10:46:10]:unlink error!
[DEBUG][2024-06-26 10:46:10]:STATE::WRITE
[DEBUG][2024-06-26 10:46:53]:Server start...
[INFO][2024-06-26 10:46:55]:client 192.168.10.3 visit.
[DEBUG][2024-06-26 10:46:55]:STATE::READ
[DEBUG][2024-06-26 10:46:55]:=====START======
[DEBUG][2024-06-26 10:46:55]:=====REQUESTLINE======
[DEBUG][2024-06-26 10:46:55]:=====HEADER======
[ERROR][2024-06-26 10:46:55]:unlink error!
[DEBUG][2024-06-26 10:46:55]:STATE::WRITE
[DEBUG][2024-06-26 10:56:35]:Server start...
[INFO][2024-06-26 10:56:39]:client 192.168.10.3 visit.
[DEBUG][2024-06-26 10:56:39]:STATE::READ
[DEBUG][2024-06-26 10:56:39]:=====START======
[DEBUG][2024-06-26 10:56:39]:=====REQUESTLINE======
[DEBUG][2024-06-26 10:56:39]:=====HEADER======
[DEBUG][2024-06-26 10:56:39]:path=/root/projects/net-disk/disk/admin/file1.json
[DEBUG][2024-06-26 10:56:39]:STATE::WRITE
[DEBUG][2024-06-26 10:56:40]:STATE::READ
[DEBUG][2024-06-26 10:56:40]:=====START======
[DEBUG][2024-06-26 10:56:40]:=====REQUESTLINE======
[DEBUG][2024-06-26 10:56:40]:=====HEADER======
[DEBUG][2024-06-26 10:56:40]:path=/root/projects/net-disk/disk/admin/test/testFile.txt
[DEBUG][2024-06-26 10:56:40]:path=/root/projects/net-disk/disk/admin/test/test.txt
[DEBUG][2024-06-26 10:56:40]:STATE::WRITE
[DEBUG][2024-06-26 10:56:45]:STATE::READ
[DEBUG][2024-06-26 10:56:45]:=====START======
[DEBUG][2024-06-26 10:56:45]:=====REQUESTLINE======
[DEBUG][2024-06-26 10:56:45]:=====HEADER======
[DEBUG][2024-06-26 10:56:45]:STATE::WRITE
[DEBUG][2024-06-26 10:56:45]:STATE::READ
[DEBUG][2024-06-26 10:56:45]:=====START======
[DEBUG][2024-06-26 10:56:45]:=====REQUESTLINE======
[DEBUG][2024-06-26 10:56:45]:=====HEADER======
[DEBUG][2024-06-26 10:56:45]:path=/root/projects/net-disk/disk/admin/test/testFile.txt
[DEBUG][2024-06-26 10:56:45]:STATE::WRITE
[DEBUG][2024-06-26 10:59:21]:STATE::READ
[DEBUG][2024-06-26 10:59:21]:=====START======
[DEBUG][2024-06-26 10:59:21]:=====REQUESTLINE======
[DEBUG][2024-06-26 10:59:21]:=====HEADER======
[DEBUG][2024-06-26 10:59:21]:path=/root/projects/net-disk/disk/admin/test/testFile.txt
[DEBUG][2024-06-26 10:59:21]:STATE::WRITE
[DEBUG][2024-06-26 10:59:23]:STATE::READ
[DEBUG][2024-06-26 10:59:23]:=====START======
[DEBUG][2024-06-26 10:59:23]:=====REQUESTLINE======
[DEBUG][2024-06-26 10:59:23]:=====HEADER======
[DEBUG][2024-06-26 10:59:23]:path=/root/projects/net-disk/disk/admin/file1.json
[DEBUG][2024-06-26 10:59:23]:STATE::WRITE
[DEBUG][2024-06-26 10:59:25]:STATE::READ
[DEBUG][2024-06-26 10:59:25]:=====START======
[DEBUG][2024-06-26 10:59:25]:=====REQUESTLINE======
[DEBUG][2024-06-26 10:59:25]:=====HEADER======
[DEBUG][2024-06-26 10:59:25]:path=/root/projects/net-disk/disk/admin/123/test.txt
[DEBUG][2024-06-26 10:59:25]:STATE::WRITE
[DEBUG][2024-06-26 10:59:27]:STATE::READ
[DEBUG][2024-06-26 10:59:27]:=====START======
[DEBUG][2024-06-26 10:59:27]:=====REQUESTLINE======
[DEBUG][2024-06-26 10:59:27]:=====HEADER======
[DEBUG][2024-06-26 10:59:27]:path=/root/projects/net-disk/disk/admin/file1.json
[DEBUG][2024-06-26 10:59:27]:STATE::WRITE
[DEBUG][2024-06-26 10:59:28]:STATE::READ
[DEBUG][2024-06-26 10:59:28]:=====START======
[DEBUG][2024-06-26 10:59:28]:=====REQUESTLINE======
[DEBUG][2024-06-26 10:59:28]:=====HEADER======
[DEBUG][2024-06-26 10:59:28]:path=/root/projects/net-disk/disk/admin/test/testFile.txt
[DEBUG][2024-06-26 10:59:28]:STATE::WRITE
[DEBUG][2024-06-26 10:59:29]:STATE::READ
[DEBUG][2024-06-26 10:59:29]:=====START======
[DEBUG][2024-06-26 10:59:29]:=====REQUESTLINE======
[DEBUG][2024-06-26 10:59:29]:=====HEADER======
[DEBUG][2024-06-26 10:59:29]:path=/root/projects/net-disk/disk/admin/file1.json
[DEBUG][2024-06-26 10:59:29]:STATE::WRITE
[DEBUG][2024-06-26 10:59:29]:STATE::READ
[DEBUG][2024-06-26 10:59:29]:=====START======
[DEBUG][2024-06-26 10:59:29]:=====REQUESTLINE======
[DEBUG][2024-06-26 10:59:29]:=====HEADER======
[DEBUG][2024-06-26 10:59:29]:path=/root/projects/net-disk/disk/admin/123/test.txt
[DEBUG][2024-06-26 10:59:29]:STATE::WRITE
[DEBUG][2024-06-26 10:59:33]:STATE::READ
[DEBUG][2024-06-26 10:59:33]:=====START======
[DEBUG][2024-06-26 10:59:33]:=====REQUESTLINE======
[DEBUG][2024-06-26 10:59:33]:=====HEADER======
[ERROR][2024-06-26 10:59:33]:open file error!
[DEBUG][2024-06-26 10:59:33]:STATE::WRITE
[DEBUG][2024-06-26 10:59:33]:STATE::READ
[DEBUG][2024-06-26 10:59:33]:=====START======
[DEBUG][2024-06-26 10:59:33]:=====REQUESTLINE======
[DEBUG][2024-06-26 10:59:33]:=====HEADER======
[DEBUG][2024-06-26 10:59:33]:STATE::WRITE
[DEBUG][2024-06-26 10:59:33]:STATE::READ
[DEBUG][2024-06-26 10:59:33]:=====START======
[DEBUG][2024-06-26 10:59:33]:=====REQUESTLINE======
[DEBUG][2024-06-26 10:59:33]:=====HEADER======
[DEBUG][2024-06-26 10:59:33]:path=/root/projects/net-disk/disk/admin/123/test.txt
[DEBUG][2024-06-26 10:59:33]:path=/root/projects/net-disk/disk/admin/123/todo.txt
[DEBUG][2024-06-26 10:59:33]:STATE::WRITE
[DEBUG][2024-06-26 10:59:46]:STATE::READ
[DEBUG][2024-06-26 10:59:46]:=====START======
[DEBUG][2024-06-26 10:59:46]:=====REQUESTLINE======
[DEBUG][2024-06-26 10:59:46]:=====HEADER======
[DEBUG][2024-06-26 10:59:46]:path=/root/projects/net-disk/disk/admin/file1.json
[DEBUG][2024-06-26 10:59:46]:STATE::WRITE
[DEBUG][2024-06-26 10:59:47]:STATE::READ
[DEBUG][2024-06-26 10:59:47]:=====START======
[DEBUG][2024-06-26 10:59:47]:=====REQUESTLINE======
[DEBUG][2024-06-26 10:59:47]:=====HEADER======
[DEBUG][2024-06-26 10:59:47]:path=/root/projects/net-disk/disk/admin/123/test.txt
[DEBUG][2024-06-26 10:59:47]:path=/root/projects/net-disk/disk/admin/123/todo.txt
[DEBUG][2024-06-26 10:59:47]:STATE::WRITE
[DEBUG][2024-06-26 10:59:48]:STATE::READ
[DEBUG][2024-06-26 10:59:48]:=====START======
[DEBUG][2024-06-26 10:59:48]:=====REQUESTLINE======
[DEBUG][2024-06-26 10:59:48]:=====HEADER======
[DEBUG][2024-06-26 10:59:48]:path=/root/projects/net-disk/disk/admin/file1.json
[DEBUG][2024-06-26 10:59:48]:STATE::WRITE
[DEBUG][2024-06-26 10:59:49]:STATE::READ
[DEBUG][2024-06-26 10:59:49]:=====START======
[DEBUG][2024-06-26 10:59:49]:=====REQUESTLINE======
[DEBUG][2024-06-26 10:59:49]:=====HEADER======
[DEBUG][2024-06-26 10:59:49]:path=/root/projects/net-disk/disk/admin/test/testFile.txt
[DEBUG][2024-06-26 10:59:49]:STATE::WRITE
[DEBUG][2024-06-26 10:59:54]:STATE::READ
[DEBUG][2024-06-26 10:59:54]:=====START======
[DEBUG][2024-06-26 10:59:54]:=====REQUESTLINE======
[DEBUG][2024-06-26 10:59:54]:=====HEADER======
[ERROR][2024-06-26 10:59:54]:open file error!
[DEBUG][2024-06-26 10:59:54]:STATE::WRITE
[DEBUG][2024-06-26 10:59:54]:STATE::READ
[DEBUG][2024-06-26 10:59:54]:=====START======
[DEBUG][2024-06-26 10:59:54]:=====REQUESTLINE======
[DEBUG][2024-06-26 10:59:54]:=====HEADER======
[DEBUG][2024-06-26 10:59:54]:STATE::WRITE
[DEBUG][2024-06-26 10:59:54]:STATE::READ
[DEBUG][2024-06-26 10:59:54]:=====START======
[DEBUG][2024-06-26 10:59:54]:=====REQUESTLINE======
[DEBUG][2024-06-26 10:59:54]:=====HEADER======
[DEBUG][2024-06-26 10:59:54]:path=/root/projects/net-disk/disk/admin/test/testFile.txt
[DEBUG][2024-06-26 10:59:54]:path=/root/projects/net-disk/disk/admin/test/test.txt
[DEBUG][2024-06-26 10:59:54]:STATE::WRITE
[DEBUG][2024-06-26 10:59:58]:STATE::READ
[DEBUG][2024-06-26 10:59:58]:=====START======
[DEBUG][2024-06-26 10:59:58]:=====REQUESTLINE======
[DEBUG][2024-06-26 10:59:58]:=====HEADER======
[DEBUG][2024-06-26 10:59:58]:path=/root/projects/net-disk/disk/admin/file1.json
[DEBUG][2024-06-26 10:59:58]:STATE::WRITE
[DEBUG][2024-06-26 11:00:00]:STATE::READ
[DEBUG][2024-06-26 11:00:00]:=====START======
[DEBUG][2024-06-26 11:00:00]:=====REQUESTLINE======
[DEBUG][2024-06-26 11:00:00]:=====HEADER======
[DEBUG][2024-06-26 11:00:00]:path=/root/projects/net-disk/disk/admin/123/test.txt
[DEBUG][2024-06-26 11:00:00]:path=/root/projects/net-disk/disk/admin/123/todo.txt
[DEBUG][2024-06-26 11:00:00]:STATE::WRITE
[DEBUG][2024-06-26 11:00:00]:STATE::READ
[DEBUG][2024-06-26 11:00:00]:=====START======
[DEBUG][2024-06-26 11:00:00]:=====REQUESTLINE======
[DEBUG][2024-06-26 11:00:00]:=====HEADER======
[DEBUG][2024-06-26 11:00:00]:path=/root/projects/net-disk/disk/admin/file1.json
[DEBUG][2024-06-26 11:00:00]:STATE::WRITE
[DEBUG][2024-06-26 11:00:01]:STATE::READ
[DEBUG][2024-06-26 11:00:01]:=====START======
[DEBUG][2024-06-26 11:00:01]:=====REQUESTLINE======
[DEBUG][2024-06-26 11:00:01]:=====HEADER======
[DEBUG][2024-06-26 11:00:01]:path=/root/projects/net-disk/disk/admin/test/testFile.txt
[DEBUG][2024-06-26 11:00:01]:path=/root/projects/net-disk/disk/admin/test/test.txt
[DEBUG][2024-06-26 11:00:01]:STATE::WRITE
[DEBUG][2024-06-26 11:00:02]:STATE::READ
[DEBUG][2024-06-26 11:00:02]:=====START======
[DEBUG][2024-06-26 11:00:02]:=====REQUESTLINE======
[DEBUG][2024-06-26 11:00:02]:=====HEADER======
[DEBUG][2024-06-26 11:00:02]:path=/root/projects/net-disk/disk/admin/file1.json
[DEBUG][2024-06-26 11:00:02]:STATE::WRITE
[DEBUG][2024-06-26 11:00:04]:STATE::READ
[DEBUG][2024-06-26 11:00:04]:=====START======
[DEBUG][2024-06-26 11:00:04]:=====REQUESTLINE======
[DEBUG][2024-06-26 11:00:04]:=====HEADER======
[DEBUG][2024-06-26 11:00:04]:path=/root/projects/net-disk/disk/admin/123/test.txt
[DEBUG][2024-06-26 11:00:04]:path=/root/projects/net-disk/disk/admin/123/todo.txt
[DEBUG][2024-06-26 11:00:04]:STATE::WRITE
[DEBUG][2024-06-26 11:00:09]:STATE::READ
[DEBUG][2024-06-26 11:00:09]:=====START======
[DEBUG][2024-06-26 11:00:09]:=====REQUESTLINE======
[DEBUG][2024-06-26 11:00:09]:=====HEADER======
[DEBUG][2024-06-26 11:00:09]:STATE::WRITE
[DEBUG][2024-06-26 11:00:09]:STATE::READ
[DEBUG][2024-06-26 11:00:09]:=====START======
[DEBUG][2024-06-26 11:00:09]:=====REQUESTLINE======
[DEBUG][2024-06-26 11:00:09]:=====HEADER======
[DEBUG][2024-06-26 11:00:09]:path=/root/projects/net-disk/disk/admin/123/todo.txt
[DEBUG][2024-06-26 11:00:09]:STATE::WRITE
[DEBUG][2024-06-26 11:00:15]:STATE::READ
[DEBUG][2024-06-26 11:00:15]:=====START======
[DEBUG][2024-06-26 11:00:15]:=====REQUESTLINE======
[DEBUG][2024-06-26 11:00:15]:=====HEADER======
[DEBUG][2024-06-26 11:00:15]:path=/root/projects/net-disk/disk/admin/file1.json
[DEBUG][2024-06-26 11:00:15]:STATE::WRITE
[DEBUG][2024-06-26 11:00:16]:STATE::READ
[DEBUG][2024-06-26 11:00:16]:=====START======
[DEBUG][2024-06-26 11:00:16]:=====REQUESTLINE======
[DEBUG][2024-06-26 11:00:16]:=====HEADER======
[DEBUG][2024-06-26 11:00:16]:path=/root/projects/net-disk/disk/admin/123/todo.txt
[DEBUG][2024-06-26 11:00:16]:STATE::WRITE
[DEBUG][2024-06-26 11:00:19]:STATE::READ
[DEBUG][2024-06-26 11:00:19]:=====START======
[DEBUG][2024-06-26 11:00:19]:=====REQUESTLINE======
[DEBUG][2024-06-26 11:00:19]:=====HEADER======
[ERROR][2024-06-26 11:00:19]:open file error!
[DEBUG][2024-06-26 11:00:19]:STATE::WRITE
[DEBUG][2024-06-26 11:00:19]:STATE::READ
[DEBUG][2024-06-26 11:00:19]:=====START======
[DEBUG][2024-06-26 11:00:19]:=====REQUESTLINE======
[DEBUG][2024-06-26 11:00:19]:=====HEADER======
[DEBUG][2024-06-26 11:00:19]:STATE::WRITE
[DEBUG][2024-06-26 11:00:19]:STATE::READ
[DEBUG][2024-06-26 11:00:19]:=====START======
[DEBUG][2024-06-26 11:00:19]:=====REQUESTLINE======
[DEBUG][2024-06-26 11:00:19]:=====HEADER======
[DEBUG][2024-06-26 11:00:19]:path=/root/projects/net-disk/disk/admin/123/todo.txt
[DEBUG][2024-06-26 11:00:19]:path=/root/projects/net-disk/disk/admin/123/test.txt
[DEBUG][2024-06-26 11:00:19]:STATE::WRITE
[DEBUG][2024-06-26 11:00:23]:STATE::READ
[DEBUG][2024-06-26 11:00:23]:=====START======
[DEBUG][2024-06-26 11:00:23]:=====REQUESTLINE======
[DEBUG][2024-06-26 11:00:23]:=====HEADER======
[DEBUG][2024-06-26 11:00:23]:STATE::WRITE
[DEBUG][2024-06-26 11:00:23]:STATE::READ
[DEBUG][2024-06-26 11:00:23]:=====START======
[DEBUG][2024-06-26 11:00:23]:=====REQUESTLINE======
[DEBUG][2024-06-26 11:00:23]:=====HEADER======
[DEBUG][2024-06-26 11:00:23]:STATE::WRITE
[DEBUG][2024-06-26 11:00:25]:STATE::READ
[DEBUG][2024-06-26 11:00:25]:=====START======
[DEBUG][2024-06-26 11:00:25]:=====REQUESTLINE======
[DEBUG][2024-06-26 11:00:25]:=====HEADER======
[DEBUG][2024-06-26 11:00:25]:path=/root/projects/net-disk/disk/admin/file1.json
[DEBUG][2024-06-26 11:00:25]:STATE::WRITE
[DEBUG][2024-06-26 11:00:26]:STATE::READ
[DEBUG][2024-06-26 11:00:26]:=====START======
[DEBUG][2024-06-26 11:00:26]:=====REQUESTLINE======
[DEBUG][2024-06-26 11:00:26]:=====HEADER======
[DEBUG][2024-06-26 11:00:26]:STATE::WRITE
[DEBUG][2024-06-26 11:00:30]:STATE::READ
[DEBUG][2024-06-26 11:00:30]:=====START======
[DEBUG][2024-06-26 11:00:30]:=====REQUESTLINE======
[DEBUG][2024-06-26 11:00:30]:=====HEADER======
[ERROR][2024-06-26 11:00:30]:open file error!
[DEBUG][2024-06-26 11:00:30]:STATE::WRITE
[DEBUG][2024-06-26 11:00:30]:STATE::READ
[DEBUG][2024-06-26 11:00:30]:=====START======
[DEBUG][2024-06-26 11:00:30]:=====REQUESTLINE======
[DEBUG][2024-06-26 11:00:30]:=====HEADER======
[DEBUG][2024-06-26 11:00:30]:STATE::WRITE
[DEBUG][2024-06-26 11:00:30]:STATE::READ
[DEBUG][2024-06-26 11:00:30]:=====START======
[DEBUG][2024-06-26 11:00:30]:=====REQUESTLINE======
[DEBUG][2024-06-26 11:00:30]:=====HEADER======
[DEBUG][2024-06-26 11:00:30]:path=/root/projects/net-disk/disk/admin/123/test.txt
[DEBUG][2024-06-26 11:00:30]:STATE::WRITE
[DEBUG][2024-06-26 11:00:34]:STATE::READ
[DEBUG][2024-06-26 11:00:34]:=====START======
[DEBUG][2024-06-26 11:00:34]:=====REQUESTLINE======
[DEBUG][2024-06-26 11:00:34]:=====HEADER======
[DEBUG][2024-06-26 11:00:34]:STATE::WRITE
[DEBUG][2024-06-26 11:00:34]:STATE::READ
[DEBUG][2024-06-26 11:00:34]:=====START======
[DEBUG][2024-06-26 11:00:34]:=====REQUESTLINE======
[DEBUG][2024-06-26 11:00:34]:=====HEADER======
[DEBUG][2024-06-26 11:00:34]:path=/root/projects/net-disk/disk/admin/123/test.txt
[DEBUG][2024-06-26 11:00:34]:path=/root/projects/net-disk/disk/admin/123/todo.txt
[DEBUG][2024-06-26 11:00:34]:STATE::WRITE
[DEBUG][2024-06-26 11:00:58]:STATE::READ
[DEBUG][2024-06-26 11:00:58]:=====START======
[DEBUG][2024-06-26 11:00:58]:=====REQUESTLINE======
[DEBUG][2024-06-26 11:00:58]:=====HEADER======
[DEBUG][2024-06-26 11:00:58]:path=/root/projects/net-disk/disk/admin/123/test.txt
[DEBUG][2024-06-26 11:00:58]:path=/root/projects/net-disk/disk/admin/123/todo.txt
[DEBUG][2024-06-26 11:00:58]:STATE::WRITE
[DEBUG][2024-06-26 11:01:01]:STATE::READ
[DEBUG][2024-06-26 11:01:01]:=====START======
[DEBUG][2024-06-26 11:01:01]:=====REQUESTLINE======
[DEBUG][2024-06-26 11:01:01]:=====HEADER======
[DEBUG][2024-06-26 11:01:01]:path=/root/projects/net-disk/disk/admin/file1.json
[DEBUG][2024-06-26 11:01:01]:STATE::WRITE
[DEBUG][2024-06-26 11:01:03]:STATE::READ
[DEBUG][2024-06-26 11:01:03]:=====START======
[DEBUG][2024-06-26 11:01:03]:=====REQUESTLINE======
[DEBUG][2024-06-26 11:01:03]:=====HEADER======
[DEBUG][2024-06-26 11:01:03]:path=/root/projects/net-disk/disk/admin/test/testFile.txt
[DEBUG][2024-06-26 11:01:03]:path=/root/projects/net-disk/disk/admin/test/test.txt
[DEBUG][2024-06-26 11:01:03]:STATE::WRITE
[DEBUG][2024-06-26 11:01:08]:STATE::READ
[DEBUG][2024-06-26 11:01:08]:=====START======
[DEBUG][2024-06-26 11:01:08]:=====REQUESTLINE======
[DEBUG][2024-06-26 11:01:08]:=====HEADER======
[DEBUG][2024-06-26 11:01:08]:path=/root/projects/net-disk/disk/admin/file1.json
[DEBUG][2024-06-26 11:01:08]:STATE::WRITE
[DEBUG][2024-06-26 11:01:09]:STATE::READ
[DEBUG][2024-06-26 11:01:09]:=====START======
[DEBUG][2024-06-26 11:01:09]:=====REQUESTLINE======
[DEBUG][2024-06-26 11:01:09]:=====HEADER======
[DEBUG][2024-06-26 11:01:09]:path=/root/projects/net-disk/disk/admin/123/test.txt
[DEBUG][2024-06-26 11:01:09]:path=/root/projects/net-disk/disk/admin/123/todo.txt
[DEBUG][2024-06-26 11:01:09]:STATE::WRITE
[DEBUG][2024-06-26 11:01:11]:STATE::READ
[DEBUG][2024-06-26 11:01:11]:=====START======
[DEBUG][2024-06-26 11:01:11]:=====REQUESTLINE======
[DEBUG][2024-06-26 11:01:11]:=====HEADER======
[DEBUG][2024-06-26 11:01:11]:path=/root/projects/net-disk/disk/admin/file1.json
[DEBUG][2024-06-26 11:01:11]:STATE::WRITE
[DEBUG][2024-06-26 11:01:23]:STATE::READ
[DEBUG][2024-06-26 11:01:23]:=====START======
[DEBUG][2024-06-26 11:01:23]:=====REQUESTLINE======
[DEBUG][2024-06-26 11:01:23]:=====HEADER======
[DEBUG][2024-06-26 11:01:23]:path=/root/projects/net-disk/disk/admin/123/test.txt
[DEBUG][2024-06-26 11:01:23]:path=/root/projects/net-disk/disk/admin/123/todo.txt
[DEBUG][2024-06-26 11:01:23]:STATE::WRITE
[DEBUG][2024-06-26 11:01:24]:STATE::READ
[DEBUG][2024-06-26 11:01:24]:=====START======
[DEBUG][2024-06-26 11:01:24]:=====REQUESTLINE======
[DEBUG][2024-06-26 11:01:24]:=====HEADER======
[DEBUG][2024-06-26 11:01:24]:path=/root/projects/net-disk/disk/admin/file1.json
[DEBUG][2024-06-26 11:01:24]:STATE::WRITE
[DEBUG][2024-06-26 11:02:01]:STATE::READ
[DEBUG][2024-06-26 11:02:01]:=====START======
[DEBUG][2024-06-26 11:02:01]:=====REQUESTLINE======
[DEBUG][2024-06-26 11:02:01]:=====HEADER======
[DEBUG][2024-06-26 11:02:01]:path=/root/projects/net-disk/disk/admin/file1.json
[DEBUG][2024-06-26 11:02:01]:STATE::WRITE
[DEBUG][2024-06-26 11:02:10]:STATE::READ
[DEBUG][2024-06-26 11:02:10]:=====START======
[DEBUG][2024-06-26 11:02:10]:=====REQUESTLINE======
[DEBUG][2024-06-26 11:02:10]:=====HEADER======
[DEBUG][2024-06-26 11:02:10]:path=/root/projects/net-disk/disk/admin/123/test.txt
[DEBUG][2024-06-26 11:02:10]:path=/root/projects/net-disk/disk/admin/123/todo.txt
[DEBUG][2024-06-26 11:02:10]:STATE::WRITE
[DEBUG][2024-06-26 11:02:16]:STATE::READ
[DEBUG][2024-06-26 11:02:16]:=====START======
[DEBUG][2024-06-26 11:02:16]:=====REQUESTLINE======
[DEBUG][2024-06-26 11:02:16]:=====HEADER======
[DEBUG][2024-06-26 11:02:16]:path=/root/projects/net-disk/disk/admin/file1.json
[DEBUG][2024-06-26 11:02:16]:STATE::WRITE
[DEBUG][2024-06-26 11:03:15]:STATE::READ
[DEBUG][2024-06-26 11:03:15]:=====START======
[DEBUG][2024-06-26 11:03:15]:=====REQUESTLINE======
[DEBUG][2024-06-26 11:03:15]:=====HEADER======
[DEBUG][2024-06-26 11:03:15]:STATE::WRITE
[DEBUG][2024-06-26 11:03:15]:STATE::READ
[DEBUG][2024-06-26 11:03:15]:=====START======
[DEBUG][2024-06-26 11:03:15]:=====REQUESTLINE======
[DEBUG][2024-06-26 11:03:15]:=====HEADER======
[DEBUG][2024-06-26 11:03:15]:path=/root/projects/net-disk/disk/admin/file1.json
[DEBUG][2024-06-26 11:03:15]:STATE::WRITE
[DEBUG][2024-06-26 11:03:25]:STATE::READ
[DEBUG][2024-06-26 11:03:25]:=====START======
[DEBUG][2024-06-26 11:03:25]:=====REQUESTLINE======
[DEBUG][2024-06-26 11:03:25]:=====HEADER======
[DEBUG][2024-06-26 11:03:25]:path=/root/projects/net-disk/disk/admin/file1.json
[DEBUG][2024-06-26 11:03:25]:STATE::WRITE
[DEBUG][2024-06-26 11:03:27]:STATE::READ
[DEBUG][2024-06-26 11:03:27]:=====START======
[DEBUG][2024-06-26 11:03:27]:=====REQUESTLINE======
[DEBUG][2024-06-26 11:03:27]:=====HEADER======
[DEBUG][2024-06-26 11:03:27]:path=/root/projects/net-disk/disk/admin/file1.json
[DEBUG][2024-06-26 11:03:27]:STATE::WRITE
[DEBUG][2024-06-26 11:03:29]:STATE::READ
[DEBUG][2024-06-26 11:03:29]:=====START======
[DEBUG][2024-06-26 11:03:29]:=====REQUESTLINE======
[DEBUG][2024-06-26 11:03:29]:=====HEADER======
[DEBUG][2024-06-26 11:03:29]:STATE::WRITE
[DEBUG][2024-06-26 11:03:37]:STATE::READ
[DEBUG][2024-06-26 11:03:37]:=====START======
[DEBUG][2024-06-26 11:03:37]:=====REQUESTLINE======
[DEBUG][2024-06-26 11:03:37]:=====HEADER======
[ERROR][2024-06-26 11:03:37]:open file error!
[DEBUG][2024-06-26 11:03:37]:STATE::WRITE
[DEBUG][2024-06-26 11:03:37]:STATE::READ
[DEBUG][2024-06-26 11:03:37]:=====START======
[DEBUG][2024-06-26 11:03:37]:=====REQUESTLINE======
[DEBUG][2024-06-26 11:03:37]:=====HEADER======
[DEBUG][2024-06-26 11:03:37]:STATE::WRITE
[DEBUG][2024-06-26 11:03:37]:STATE::READ
[DEBUG][2024-06-26 11:03:37]:=====START======
[DEBUG][2024-06-26 11:03:37]:=====REQUESTLINE======
[DEBUG][2024-06-26 11:03:37]:=====HEADER======
[DEBUG][2024-06-26 11:03:37]:path=/root/projects/net-disk/disk/admin/test2/test.txt
[DEBUG][2024-06-26 11:03:37]:STATE::WRITE
[DEBUG][2024-06-26 11:03:44]:STATE::READ
[DEBUG][2024-06-26 11:03:44]:=====START======
[DEBUG][2024-06-26 11:03:44]:=====REQUESTLINE======
[DEBUG][2024-06-26 11:03:44]:=====HEADER======
[ERROR][2024-06-26 11:03:44]:open file error!
[DEBUG][2024-06-26 11:03:44]:STATE::WRITE
[DEBUG][2024-06-26 11:03:44]:STATE::READ
[DEBUG][2024-06-26 11:03:44]:=====START======
[DEBUG][2024-06-26 11:03:44]:=====REQUESTLINE======
[DEBUG][2024-06-26 11:03:44]:=====HEADER======
[DEBUG][2024-06-26 11:04:05]:Server start...
[INFO][2024-06-26 11:04:05]:client 192.168.10.3 visit.
[DEBUG][2024-06-26 11:04:07]:STATE::READ
[DEBUG][2024-06-26 11:04:07]:=====START======
[DEBUG][2024-06-26 11:04:07]:=====REQUESTLINE======
[DEBUG][2024-06-26 11:04:07]:=====HEADER======
[DEBUG][2024-06-26 11:04:07]:path=/root/projects/net-disk/disk/admin/file1.json
[DEBUG][2024-06-26 11:04:07]:STATE::WRITE
[DEBUG][2024-06-26 11:04:09]:STATE::READ
[DEBUG][2024-06-26 11:04:09]:=====START======
[DEBUG][2024-06-26 11:04:09]:=====REQUESTLINE======
[DEBUG][2024-06-26 11:04:09]:=====HEADER======
[DEBUG][2024-06-26 11:04:09]:path=/root/projects/net-disk/disk/admin/123/test.txt
[DEBUG][2024-06-26 11:04:09]:path=/root/projects/net-disk/disk/admin/123/todo.txt
[DEBUG][2024-06-26 11:04:09]:STATE::WRITE
[DEBUG][2024-06-26 11:04:10]:STATE::READ
[DEBUG][2024-06-26 11:04:10]:=====START======
[DEBUG][2024-06-26 11:04:10]:=====REQUESTLINE======
[DEBUG][2024-06-26 11:04:10]:=====HEADER======
[DEBUG][2024-06-26 11:04:10]:path=/root/projects/net-disk/disk/admin/file1.json
[DEBUG][2024-06-26 11:04:10]:STATE::WRITE
[DEBUG][2024-06-26 11:04:11]:STATE::READ
[DEBUG][2024-06-26 11:04:11]:=====START======
[DEBUG][2024-06-26 11:04:11]:=====REQUESTLINE======
[DEBUG][2024-06-26 11:04:11]:=====HEADER======
[DEBUG][2024-06-26 11:04:11]:path=/root/projects/net-disk/disk/admin/test/testFile.txt
[DEBUG][2024-06-26 11:04:11]:path=/root/projects/net-disk/disk/admin/test/test.txt
[DEBUG][2024-06-26 11:04:11]:STATE::WRITE
[DEBUG][2024-06-26 11:04:13]:STATE::READ
[DEBUG][2024-06-26 11:04:13]:=====START======
[DEBUG][2024-06-26 11:04:13]:=====REQUESTLINE======
[DEBUG][2024-06-26 11:04:13]:=====HEADER======
[DEBUG][2024-06-26 11:04:13]:path=/root/projects/net-disk/disk/admin/file1.json
[DEBUG][2024-06-26 11:04:13]:STATE::WRITE
[DEBUG][2024-06-26 11:04:13]:STATE::READ
[DEBUG][2024-06-26 11:04:13]:=====START======
[DEBUG][2024-06-26 11:04:13]:=====REQUESTLINE======
[DEBUG][2024-06-26 11:04:13]:=====HEADER======
[DEBUG][2024-06-26 11:04:13]:path=/root/projects/net-disk/disk/admin/test2/test.txt
[DEBUG][2024-06-26 11:04:13]:STATE::WRITE
[DEBUG][2024-06-26 11:04:14]:STATE::READ
[DEBUG][2024-06-26 11:04:14]:=====START======
[DEBUG][2024-06-26 11:04:14]:=====REQUESTLINE======
[DEBUG][2024-06-26 11:04:14]:=====HEADER======
[DEBUG][2024-06-26 11:04:14]:path=/root/projects/net-disk/disk/admin/file1.json
[DEBUG][2024-06-26 11:04:14]:STATE::WRITE
[DEBUG][2024-06-26 11:04:22]:STATE::READ
[DEBUG][2024-06-26 11:04:22]:=====START======
[DEBUG][2024-06-26 11:04:22]:=====REQUESTLINE======
[DEBUG][2024-06-26 11:04:22]:=====HEADER======
[DEBUG][2024-06-26 11:04:22]:path=/root/projects/net-disk/disk/admin/123/test.txt
[DEBUG][2024-06-26 11:04:22]:path=/root/projects/net-disk/disk/admin/123/todo.txt
[DEBUG][2024-06-26 11:04:22]:STATE::WRITE
[DEBUG][2024-06-26 11:04:33]:STATE::READ
[DEBUG][2024-06-26 11:04:33]:=====START======
[DEBUG][2024-06-26 11:04:33]:=====REQUESTLINE======
[DEBUG][2024-06-26 11:04:33]:=====HEADER======
[DEBUG][2024-06-26 11:04:33]:path=/root/projects/net-disk/disk/admin/file1.json
[DEBUG][2024-06-26 11:04:33]:STATE::WRITE
[INFO][2024-06-26 11:05:25]:client 192.168.10.3 quit.
