[DEBUG][2024-05-29 09:33:22]:logger test
[DEBUG][2024-05-29 10:07:33]:logger test
[DEBUG][2024-05-29 10:10:09]:logger test
[DEBUG][2024-05-29 10:14:39]:logger test
[DEBUG][2024-05-29 10:14:39]:Server start...
[INFO][2024-05-29 10:15:01]:client 192.168.10.3 visit.
[DEBUG][2024-05-29 10:15:01]:STATE::READ
[DEBUG][2024-05-29 10:15:01]:=====START======
[DEBUG][2024-05-29 10:15:01]:=====REQUESTLINE======
[DEBUG][2024-05-29 10:15:01]:=====HEADER======
[DEBUG][2024-05-29 10:15:01]:=====BODY======
[ERROR][2024-05-29 10:15:01]:open file error!
[ERROR][2024-05-29 10:15:01]:mmap error!
[DEBUG][2024-05-29 10:15:01]:STATE::WRITE
[INFO][2024-05-29 10:15:01]:client 192.168.10.3 quit.
[INFO][2024-05-29 10:15:01]:client 192.168.10.3 visit.
[DEBUG][2024-05-29 10:15:01]:STATE::READ
[DEBUG][2024-05-29 10:15:01]:=====START======
[DEBUG][2024-05-29 10:15:01]:=====REQUESTLINE======
[DEBUG][2024-05-29 10:15:01]:=====HEADER======
[DEBUG][2024-05-29 10:15:01]:=====BODY======
[ERROR][2024-05-29 10:15:01]:open file error!
[ERROR][2024-05-29 10:15:01]:mmap error!
[DEBUG][2024-05-29 10:15:01]:STATE::WRITE
[INFO][2024-05-29 10:15:01]:client 192.168.10.3 quit.
[INFO][2024-05-29 10:15:02]:client 192.168.10.3 visit.
[DEBUG][2024-05-29 10:15:02]:STATE::READ
[DEBUG][2024-05-29 10:15:02]:=====START======
[DEBUG][2024-05-29 10:15:02]:=====REQUESTLINE======
[DEBUG][2024-05-29 10:15:02]:=====HEADER======
[DEBUG][2024-05-29 10:15:02]:=====BODY======
[ERROR][2024-05-29 10:15:02]:open file error!
[ERROR][2024-05-29 10:15:02]:mmap error!
[DEBUG][2024-05-29 10:15:02]:STATE::WRITE
[INFO][2024-05-29 10:15:02]:client 192.168.10.3 quit.
[INFO][2024-05-29 10:15:02]:client 192.168.10.3 visit.
[DEBUG][2024-05-29 10:15:02]:STATE::READ
[DEBUG][2024-05-29 10:15:02]:=====START======
[DEBUG][2024-05-29 10:15:02]:=====REQUESTLINE======
[DEBUG][2024-05-29 10:15:02]:=====HEADER======
[DEBUG][2024-05-29 10:15:02]:=====BODY======
[ERROR][2024-05-29 10:15:02]:open file error!
[ERROR][2024-05-29 10:15:02]:mmap error!
[DEBUG][2024-05-29 10:15:02]:STATE::WRITE
[INFO][2024-05-29 10:15:02]:client 192.168.10.3 quit.
[INFO][2024-05-29 10:15:05]:client 192.168.10.3 visit.
[INFO][2024-05-29 10:15:05]:client 192.168.10.3 quit.
[DEBUG][2024-05-29 10:15:32]:logger test
[DEBUG][2024-05-29 10:15:32]:Server start...
[INFO][2024-05-29 10:15:36]:client 192.168.10.3 visit.
[DEBUG][2024-05-29 10:15:38]:STATE::READ
[DEBUG][2024-05-29 10:15:38]:=====START======
[DEBUG][2024-05-29 10:15:38]:=====REQUESTLINE======
[DEBUG][2024-05-29 10:15:38]:=====HEADER======
[DEBUG][2024-05-29 10:15:38]:=====BODY======
[DEBUG][2024-05-29 10:15:38]:STATE::WRITE
[DEBUG][2024-05-29 10:15:38]:STATE::READ
[DEBUG][2024-05-29 10:15:38]:=====START======
[DEBUG][2024-05-29 10:15:38]:=====REQUESTLINE======
[DEBUG][2024-05-29 10:15:38]:=====HEADER======
[DEBUG][2024-05-29 10:15:38]:=====BODY======
[DEBUG][2024-05-29 10:15:38]:STATE::WRITE
[DEBUG][2024-05-29 10:15:38]:STATE::READ
[DEBUG][2024-05-29 10:15:38]:=====START======
[DEBUG][2024-05-29 10:15:38]:=====REQUESTLINE======
[DEBUG][2024-05-29 10:15:38]:=====HEADER======
[DEBUG][2024-05-29 10:15:38]:=====BODY======
[DEBUG][2024-05-29 10:15:38]:STATE::WRITE
[DEBUG][2024-05-29 10:15:40]:STATE::READ
[DEBUG][2024-05-29 10:15:40]:=====START======
[DEBUG][2024-05-29 10:15:40]:=====REQUESTLINE======
[DEBUG][2024-05-29 10:15:40]:=====HEADER======
[DEBUG][2024-05-29 10:15:40]:=====BODY======
[DEBUG][2024-05-29 10:15:40]:STATE::WRITE
[DEBUG][2024-05-29 10:15:44]:STATE::READ
[DEBUG][2024-05-29 10:15:44]:=====START======
[DEBUG][2024-05-29 10:15:44]:=====REQUESTLINE======
[DEBUG][2024-05-29 10:15:44]:=====HEADER======
[DEBUG][2024-05-29 10:15:44]:=====BODY======
[DEBUG][2024-05-29 10:15:44]:STATE::WRITE
[DEBUG][2024-05-29 10:15:44]:STATE::READ
[DEBUG][2024-05-29 10:15:44]:=====START======
[DEBUG][2024-05-29 10:15:44]:=====REQUESTLINE======
[DEBUG][2024-05-29 10:15:44]:=====HEADER======
[DEBUG][2024-05-29 10:15:44]:=====BODY======
[DEBUG][2024-05-29 10:15:44]:STATE::WRITE
[DEBUG][2024-05-29 10:15:44]:STATE::READ
[DEBUG][2024-05-29 10:15:44]:=====START======
[DEBUG][2024-05-29 10:15:44]:=====REQUESTLINE======
[DEBUG][2024-05-29 10:15:44]:=====HEADER======
[DEBUG][2024-05-29 10:15:44]:=====BODY======
[DEBUG][2024-05-29 10:15:44]:STATE::WRITE
[DEBUG][2024-05-29 10:15:45]:STATE::READ
[DEBUG][2024-05-29 10:15:45]:=====START======
[DEBUG][2024-05-29 10:15:45]:=====REQUESTLINE======
[DEBUG][2024-05-29 10:15:45]:=====HEADER======
[DEBUG][2024-05-29 10:15:45]:=====BODY======
[DEBUG][2024-05-29 10:15:45]:STATE::WRITE
[DEBUG][2024-05-29 10:15:45]:STATE::READ
[DEBUG][2024-05-29 10:15:45]:=====START======
[DEBUG][2024-05-29 10:15:45]:=====REQUESTLINE======
[DEBUG][2024-05-29 10:15:45]:=====HEADER======
[DEBUG][2024-05-29 10:15:45]:=====BODY======
[DEBUG][2024-05-29 10:15:45]:STATE::WRITE
[DEBUG][2024-05-29 10:15:45]:STATE::WRITE
[DEBUG][2024-05-29 10:15:47]:STATE::READ
[DEBUG][2024-05-29 10:15:47]:=====START======
[DEBUG][2024-05-29 10:15:47]:=====REQUESTLINE======
[DEBUG][2024-05-29 10:15:47]:=====HEADER======
[DEBUG][2024-05-29 10:15:47]:=====BODY======
[DEBUG][2024-05-29 10:15:47]:STATE::WRITE
[DEBUG][2024-05-29 10:15:48]:STATE::READ
[DEBUG][2024-05-29 10:15:48]:=====START======
[DEBUG][2024-05-29 10:15:48]:=====REQUESTLINE======
[DEBUG][2024-05-29 10:15:48]:=====HEADER======
[DEBUG][2024-05-29 10:15:48]:=====BODY======
[DEBUG][2024-05-29 10:15:48]:STATE::WRITE
[DEBUG][2024-05-29 10:15:48]:STATE::WRITE
[DEBUG][2024-05-29 10:15:49]:STATE::WRITE
[DEBUG][2024-05-29 10:15:52]:STATE::WRITE
[INFO][2024-05-29 10:15:53]:client 192.168.10.3 quit.
[INFO][2024-05-29 10:15:54]:client 192.168.10.3 visit.
[DEBUG][2024-05-29 10:15:54]:STATE::READ
[DEBUG][2024-05-29 10:15:54]:=====START======
[DEBUG][2024-05-29 10:15:54]:=====REQUESTLINE======
[DEBUG][2024-05-29 10:15:54]:=====HEADER======
[DEBUG][2024-05-29 10:15:54]:=====BODY======
[DEBUG][2024-05-29 10:15:54]:STATE::WRITE
[DEBUG][2024-05-29 10:15:56]:STATE::READ
[DEBUG][2024-05-29 10:15:56]:=====START======
[DEBUG][2024-05-29 10:15:56]:=====REQUESTLINE======
[DEBUG][2024-05-29 10:15:56]:=====HEADER======
[DEBUG][2024-05-29 10:15:56]:=====BODY======
[DEBUG][2024-05-29 10:15:56]:STATE::WRITE
[INFO][2024-05-29 10:27:50]:client 192.168.10.3 quit.
[DEBUG][2024-05-29 10:35:10]:logger test
[DEBUG][2024-05-29 10:35:10]:hello world
[DEBUG][2024-05-29 10:35:10]:Server start...
[INFO][2024-05-29 10:35:15]:client 192.168.10.3 visit.
[DEBUG][2024-05-29 10:35:15]:STATE::READ
[DEBUG][2024-05-29 10:35:15]:=====START======
[DEBUG][2024-05-29 10:35:15]:=====REQUESTLINE======
[DEBUG][2024-05-29 10:35:15]:=====HEADER======
[DEBUG][2024-05-29 10:35:15]:=====BODY======
[DEBUG][2024-05-29 10:35:15]:STATE::WRITE
[DEBUG][2024-05-29 10:35:16]:STATE::READ
[DEBUG][2024-05-29 10:35:16]:=====START======
[DEBUG][2024-05-29 10:35:16]:=====REQUESTLINE======
[DEBUG][2024-05-29 10:35:16]:=====HEADER======
[DEBUG][2024-05-29 10:35:16]:=====BODY======
[DEBUG][2024-05-29 10:35:16]:STATE::WRITE
[DEBUG][2024-05-29 10:35:16]:STATE::READ
[DEBUG][2024-05-29 10:35:16]:=====START======
[DEBUG][2024-05-29 10:35:16]:=====REQUESTLINE======
[DEBUG][2024-05-29 10:35:16]:=====HEADER======
[DEBUG][2024-05-29 10:35:16]:=====BODY======
[DEBUG][2024-05-29 10:35:16]:STATE::WRITE
[INFO][2024-05-29 10:40:37]:client 192.168.10.3 quit.
[DEBUG][2024-05-29 10:48:34]:logger test
[DEBUG][2024-05-29 10:48:34]:Server start...
[INFO][2024-05-29 10:48:40]:client 192.168.10.3 visit.
[DEBUG][2024-05-29 10:48:40]:STATE::READ
[DEBUG][2024-05-29 10:48:40]:=====START======
[DEBUG][2024-05-29 10:48:40]:=====REQUESTLINE======
[DEBUG][2024-05-29 10:48:40]:=====HEADER======
[DEBUG][2024-05-29 10:48:40]:=====BODY======
[DEBUG][2024-05-29 10:48:40]:STATE::WRITE
[DEBUG][2024-05-29 10:48:41]:STATE::READ
[DEBUG][2024-05-29 10:48:41]:=====START======
[DEBUG][2024-05-29 10:48:41]:=====REQUESTLINE======
[DEBUG][2024-05-29 10:48:41]:=====HEADER======
[DEBUG][2024-05-29 10:48:41]:=====BODY======
[DEBUG][2024-05-29 10:48:41]:STATE::WRITE
[DEBUG][2024-05-29 10:48:41]:STATE::READ
[DEBUG][2024-05-29 10:48:41]:=====START======
[DEBUG][2024-05-29 10:48:41]:=====REQUESTLINE======
[DEBUG][2024-05-29 10:48:41]:=====HEADER======
[DEBUG][2024-05-29 10:48:41]:=====BODY======
[DEBUG][2024-05-29 10:48:41]:STATE::WRITE
[DEBUG][2024-05-29 10:48:46]:STATE::READ
[DEBUG][2024-05-29 10:48:46]:=====START======
[DEBUG][2024-05-29 10:48:46]:=====REQUESTLINE======
[DEBUG][2024-05-29 10:48:46]:=====HEADER======
[DEBUG][2024-05-29 10:48:46]:=====BODY======
[DEBUG][2024-05-29 10:48:46]:STATE::WRITE
[DEBUG][2024-05-29 10:48:52]:STATE::READ
[DEBUG][2024-05-29 10:48:52]:=====START======
[DEBUG][2024-05-29 10:48:52]:=====REQUESTLINE======
[DEBUG][2024-05-29 10:48:52]:=====HEADER======
[DEBUG][2024-05-29 10:48:52]:=====BODY======
[DEBUG][2024-05-29 10:48:52]:STATE::WRITE
[DEBUG][2024-05-29 10:48:52]:STATE::READ
[DEBUG][2024-05-29 10:48:52]:=====START======
[DEBUG][2024-05-29 10:48:52]:=====REQUESTLINE======
[DEBUG][2024-05-29 10:48:52]:=====HEADER======
[DEBUG][2024-05-29 10:48:52]:=====BODY======
[DEBUG][2024-05-29 10:48:52]:STATE::WRITE
[DEBUG][2024-05-29 10:48:52]:STATE::READ
[DEBUG][2024-05-29 10:48:52]:=====START======
[DEBUG][2024-05-29 10:48:52]:=====REQUESTLINE======
[DEBUG][2024-05-29 10:48:52]:=====HEADER======
[DEBUG][2024-05-29 10:48:52]:=====BODY======
[DEBUG][2024-05-29 10:48:52]:STATE::WRITE
[DEBUG][2024-05-29 10:48:53]:STATE::READ
[DEBUG][2024-05-29 10:48:53]:=====START======
[DEBUG][2024-05-29 10:48:53]:=====REQUESTLINE======
[DEBUG][2024-05-29 10:48:53]:=====HEADER======
[DEBUG][2024-05-29 10:48:53]:=====BODY======
[DEBUG][2024-05-29 10:48:53]:STATE::WRITE
[DEBUG][2024-05-29 10:48:53]:STATE::READ
[DEBUG][2024-05-29 10:48:53]:=====START======
[DEBUG][2024-05-29 10:48:53]:=====REQUESTLINE======
[DEBUG][2024-05-29 10:48:53]:=====HEADER======
[DEBUG][2024-05-29 10:48:53]:=====BODY======
[DEBUG][2024-05-29 10:48:53]:STATE::WRITE
[DEBUG][2024-05-29 10:48:53]:STATE::WRITE
[DEBUG][2024-05-29 10:48:53]:STATE::WRITE
[DEBUG][2024-05-29 10:48:53]:STATE::WRITE
[DEBUG][2024-05-29 10:48:55]:STATE::READ
[DEBUG][2024-05-29 10:48:55]:=====START======
[DEBUG][2024-05-29 10:48:55]:=====REQUESTLINE======
[DEBUG][2024-05-29 10:48:55]:=====HEADER======
[DEBUG][2024-05-29 10:48:55]:=====BODY======
[DEBUG][2024-05-29 10:48:55]:STATE::WRITE
[DEBUG][2024-05-29 10:48:55]:STATE::READ
[DEBUG][2024-05-29 10:48:55]:=====START======
[DEBUG][2024-05-29 10:48:55]:=====REQUESTLINE======
[DEBUG][2024-05-29 10:48:55]:=====HEADER======
[DEBUG][2024-05-29 10:48:55]:=====BODY======
[DEBUG][2024-05-29 10:48:55]:STATE::WRITE
[DEBUG][2024-05-29 10:48:55]:STATE::WRITE
[DEBUG][2024-05-29 10:48:57]:STATE::WRITE
[DEBUG][2024-05-29 10:49:00]:STATE::WRITE
[INFO][2024-05-29 10:49:01]:client 192.168.10.3 quit.
[INFO][2024-05-29 10:49:04]:client 192.168.10.3 visit.
[DEBUG][2024-05-29 10:49:04]:STATE::READ
[DEBUG][2024-05-29 10:49:04]:=====START======
[DEBUG][2024-05-29 10:49:04]:=====REQUESTLINE======
[DEBUG][2024-05-29 10:49:04]:=====HEADER======
[DEBUG][2024-05-29 10:49:04]:=====BODY======
[DEBUG][2024-05-29 10:49:04]:STATE::WRITE
[DEBUG][2024-05-29 10:49:14]:STATE::READ
[DEBUG][2024-05-29 10:49:14]:=====START======
[DEBUG][2024-05-29 10:49:14]:=====REQUESTLINE======
[DEBUG][2024-05-29 10:49:14]:=====HEADER======
[DEBUG][2024-05-29 10:49:14]:=====BODY======
[DEBUG][2024-05-29 10:49:14]:STATE::WRITE
[DEBUG][2024-05-29 10:49:17]:STATE::READ
[DEBUG][2024-05-29 10:49:17]:=====START======
[DEBUG][2024-05-29 10:49:17]:=====REQUESTLINE======
[DEBUG][2024-05-29 10:49:17]:=====HEADER======
[DEBUG][2024-05-29 10:49:17]:=====BODY======
[DEBUG][2024-05-29 10:49:17]:STATE::WRITE
[DEBUG][2024-05-29 10:49:17]:STATE::READ
[DEBUG][2024-05-29 10:49:17]:=====START======
[DEBUG][2024-05-29 10:49:17]:=====REQUESTLINE======
[DEBUG][2024-05-29 10:49:17]:=====HEADER======
[DEBUG][2024-05-29 10:49:17]:=====BODY======
[DEBUG][2024-05-29 10:49:17]:STATE::WRITE
[DEBUG][2024-05-29 10:49:17]:STATE::WRITE
[DEBUG][2024-05-29 10:49:17]:STATE::WRITE
[DEBUG][2024-05-29 10:49:17]:STATE::WRITE
[DEBUG][2024-05-29 10:49:17]:STATE::WRITE
[DEBUG][2024-05-29 10:49:20]:STATE::WRITE
[DEBUG][2024-05-29 10:49:23]:STATE::WRITE
[INFO][2024-05-29 10:49:26]:client 192.168.10.3 quit.
[INFO][2024-05-29 10:49:27]:client 192.168.10.3 visit.
[DEBUG][2024-05-29 10:49:27]:STATE::READ
[DEBUG][2024-05-29 10:49:27]:=====START======
[DEBUG][2024-05-29 10:49:27]:=====REQUESTLINE======
[DEBUG][2024-05-29 10:49:27]:=====HEADER======
[DEBUG][2024-05-29 10:49:27]:=====BODY======
[DEBUG][2024-05-29 10:49:27]:STATE::WRITE
[DEBUG][2024-05-29 10:49:27]:STATE::READ
[DEBUG][2024-05-29 10:49:27]:=====START======
[DEBUG][2024-05-29 10:49:27]:=====REQUESTLINE======
[DEBUG][2024-05-29 10:49:27]:=====HEADER======
[DEBUG][2024-05-29 10:49:27]:=====BODY======
[DEBUG][2024-05-29 10:49:27]:STATE::WRITE
[DEBUG][2024-05-29 15:54:10]:logger test
[DEBUG][2024-05-29 16:29:17]:logger test
[DEBUG][2024-05-29 16:29:17]:Server start...
[INFO][2024-05-29 16:29:20]:client 192.168.10.3 visit.
[DEBUG][2024-05-29 16:29:20]:STATE::READ
[DEBUG][2024-05-29 16:29:20]:=====START======
[DEBUG][2024-05-29 16:29:20]:=====REQUESTLINE======
[DEBUG][2024-05-29 16:29:20]:=====HEADER======
[DEBUG][2024-05-29 16:29:20]:=====BODY======
[DEBUG][2024-05-29 16:29:20]:STATE::WRITE
[DEBUG][2024-05-29 16:29:22]:STATE::READ
[DEBUG][2024-05-29 16:29:22]:=====START======
[DEBUG][2024-05-29 16:29:22]:=====REQUESTLINE======
[DEBUG][2024-05-29 16:29:22]:=====HEADER======
[DEBUG][2024-05-29 16:29:22]:=====BODY======
[DEBUG][2024-05-29 16:29:22]:STATE::WRITE
[DEBUG][2024-05-29 16:29:22]:STATE::READ
[DEBUG][2024-05-29 16:29:22]:=====START======
[DEBUG][2024-05-29 16:29:22]:=====REQUESTLINE======
[DEBUG][2024-05-29 16:29:22]:=====HEADER======
[DEBUG][2024-05-29 16:29:22]:=====BODY======
[DEBUG][2024-05-29 16:29:22]:STATE::WRITE
[DEBUG][2024-05-29 16:29:24]:STATE::READ
[DEBUG][2024-05-29 16:29:24]:=====START======
[DEBUG][2024-05-29 16:29:24]:=====REQUESTLINE======
[DEBUG][2024-05-29 16:29:24]:=====HEADER======
[DEBUG][2024-05-29 16:29:24]:=====BODY======
[DEBUG][2024-05-29 16:29:24]:STATE::WRITE
[DEBUG][2024-05-29 16:29:27]:STATE::READ
[DEBUG][2024-05-29 16:29:27]:=====START======
[DEBUG][2024-05-29 16:29:27]:=====REQUESTLINE======
[DEBUG][2024-05-29 16:29:27]:=====HEADER======
[DEBUG][2024-05-29 16:29:27]:=====BODY======
[DEBUG][2024-05-29 16:29:27]:STATE::WRITE
[DEBUG][2024-05-29 16:29:27]:STATE::READ
[DEBUG][2024-05-29 16:29:27]:=====START======
[DEBUG][2024-05-29 16:29:27]:=====REQUESTLINE======
[DEBUG][2024-05-29 16:29:27]:=====HEADER======
[DEBUG][2024-05-29 16:29:27]:=====BODY======
[DEBUG][2024-05-29 16:29:27]:STATE::WRITE
[DEBUG][2024-05-29 16:29:27]:STATE::READ
[DEBUG][2024-05-29 16:29:27]:=====START======
[DEBUG][2024-05-29 16:29:27]:=====REQUESTLINE======
[DEBUG][2024-05-29 16:29:27]:=====HEADER======
[DEBUG][2024-05-29 16:29:27]:=====BODY======
[DEBUG][2024-05-29 16:29:27]:STATE::WRITE
[DEBUG][2024-05-29 16:29:29]:STATE::READ
[DEBUG][2024-05-29 16:29:29]:=====START======
[DEBUG][2024-05-29 16:29:29]:=====REQUESTLINE======
[DEBUG][2024-05-29 16:29:29]:=====HEADER======
[DEBUG][2024-05-29 16:29:29]:=====BODY======
[DEBUG][2024-05-29 16:29:29]:STATE::WRITE
[DEBUG][2024-05-29 16:29:29]:STATE::READ
[DEBUG][2024-05-29 16:29:29]:=====START======
[DEBUG][2024-05-29 16:29:29]:=====REQUESTLINE======
[DEBUG][2024-05-29 16:29:29]:=====HEADER======
[DEBUG][2024-05-29 16:29:29]:=====BODY======
[DEBUG][2024-05-29 16:29:29]:STATE::WRITE
[DEBUG][2024-05-29 16:29:29]:STATE::WRITE
[DEBUG][2024-05-29 16:29:29]:STATE::WRITE
[DEBUG][2024-05-29 16:29:29]:STATE::WRITE
[DEBUG][2024-05-29 16:29:29]:STATE::WRITE
[DEBUG][2024-05-29 16:29:30]:STATE::READ
[DEBUG][2024-05-29 16:29:30]:=====START======
[DEBUG][2024-05-29 16:29:30]:=====REQUESTLINE======
[DEBUG][2024-05-29 16:29:30]:=====HEADER======
[DEBUG][2024-05-29 16:29:30]:=====BODY======
[DEBUG][2024-05-29 16:29:30]:STATE::WRITE
[DEBUG][2024-05-29 16:29:30]:STATE::READ
[DEBUG][2024-05-29 16:29:30]:=====START======
[DEBUG][2024-05-29 16:29:30]:=====REQUESTLINE======
[DEBUG][2024-05-29 16:29:30]:=====HEADER======
[DEBUG][2024-05-29 16:29:30]:=====BODY======
[DEBUG][2024-05-29 16:29:30]:STATE::WRITE
[DEBUG][2024-05-29 16:29:30]:STATE::WRITE
[DEBUG][2024-05-29 16:29:30]:STATE::WRITE
[DEBUG][2024-05-29 16:29:32]:STATE::WRITE
[DEBUG][2024-05-29 16:29:34]:STATE::WRITE
[DEBUG][2024-05-29 16:29:37]:STATE::WRITE
[DEBUG][2024-05-29 16:29:40]:STATE::WRITE
[DEBUG][2024-05-29 16:29:43]:STATE::WRITE
[DEBUG][2024-05-29 16:29:46]:STATE::WRITE
[DEBUG][2024-05-29 16:29:49]:STATE::WRITE
[DEBUG][2024-05-29 16:29:51]:STATE::WRITE
[DEBUG][2024-05-29 16:29:54]:STATE::WRITE
[DEBUG][2024-05-29 16:30:13]:STATE::READ
[DEBUG][2024-05-29 16:30:13]:=====START======
[DEBUG][2024-05-29 16:30:13]:=====REQUESTLINE======
[DEBUG][2024-05-29 16:30:13]:=====HEADER======
[DEBUG][2024-05-29 16:30:13]:=====BODY======
[DEBUG][2024-05-29 16:30:13]:STATE::WRITE
[DEBUG][2024-05-29 16:30:14]:STATE::READ
[DEBUG][2024-05-29 16:30:14]:=====START======
[DEBUG][2024-05-29 16:30:14]:=====REQUESTLINE======
[DEBUG][2024-05-29 16:30:14]:=====HEADER======
[DEBUG][2024-05-29 16:30:14]:=====BODY======
[DEBUG][2024-05-29 16:30:14]:STATE::WRITE
[DEBUG][2024-05-29 16:30:17]:STATE::READ
[DEBUG][2024-05-29 16:30:17]:=====START======
[DEBUG][2024-05-29 16:30:17]:=====REQUESTLINE======
[DEBUG][2024-05-29 16:30:17]:=====HEADER======
[DEBUG][2024-05-29 16:30:17]:=====BODY======
[DEBUG][2024-05-29 16:30:17]:STATE::WRITE
[DEBUG][2024-05-29 16:30:17]:STATE::READ
[DEBUG][2024-05-29 16:30:17]:=====START======
[DEBUG][2024-05-29 16:30:17]:=====REQUESTLINE======
[DEBUG][2024-05-29 16:30:17]:=====HEADER======
[DEBUG][2024-05-29 16:30:17]:=====BODY======
[DEBUG][2024-05-29 16:30:17]:STATE::WRITE
[DEBUG][2024-05-29 16:53:10]:logger test
[DEBUG][2024-05-29 16:53:10]:Server start...
[INFO][2024-05-29 16:53:13]:client 192.168.10.3 visit.
[DEBUG][2024-05-29 16:53:13]:STATE::READ
[DEBUG][2024-05-29 16:53:13]:=====START======
[DEBUG][2024-05-29 16:53:13]:=====REQUESTLINE======
[DEBUG][2024-05-29 16:53:13]:=====HEADER======
[DEBUG][2024-05-29 16:53:13]:=====BODY======
[DEBUG][2024-05-29 16:53:13]:STATE::WRITE
[DEBUG][2024-05-29 16:53:14]:STATE::READ
[DEBUG][2024-05-29 16:53:14]:=====START======
[DEBUG][2024-05-29 16:53:14]:=====REQUESTLINE======
[DEBUG][2024-05-29 16:53:14]:=====HEADER======
[DEBUG][2024-05-29 16:53:14]:=====BODY======
[DEBUG][2024-05-29 16:53:14]:STATE::WRITE
[DEBUG][2024-05-29 16:53:14]:STATE::READ
[DEBUG][2024-05-29 16:53:14]:=====START======
[DEBUG][2024-05-29 16:53:14]:=====REQUESTLINE======
[DEBUG][2024-05-29 16:53:14]:=====HEADER======
[DEBUG][2024-05-29 16:53:14]:=====BODY======
[DEBUG][2024-05-29 16:53:14]:STATE::WRITE
[DEBUG][2024-05-29 16:53:16]:STATE::READ
[DEBUG][2024-05-29 16:53:16]:=====START======
[DEBUG][2024-05-29 16:53:16]:=====REQUESTLINE======
[DEBUG][2024-05-29 16:53:16]:=====HEADER======
[DEBUG][2024-05-29 16:53:16]:=====BODY======
[DEBUG][2024-05-29 16:53:16]:STATE::WRITE
[DEBUG][2024-05-29 16:53:19]:STATE::READ
[DEBUG][2024-05-29 16:53:19]:=====START======
[DEBUG][2024-05-29 16:53:19]:=====REQUESTLINE======
[DEBUG][2024-05-29 16:53:19]:=====HEADER======
[DEBUG][2024-05-29 16:53:19]:=====BODY======
[DEBUG][2024-05-29 16:53:19]:STATE::WRITE
[DEBUG][2024-05-29 16:53:33]:STATE::READ
[DEBUG][2024-05-29 16:53:33]:=====START======
[DEBUG][2024-05-29 16:53:33]:=====REQUESTLINE======
[DEBUG][2024-05-29 16:53:33]:=====HEADER======
[DEBUG][2024-05-29 16:53:33]:=====BODY======
[DEBUG][2024-05-29 16:53:33]:STATE::WRITE
[DEBUG][2024-05-29 16:53:41]:STATE::READ
[DEBUG][2024-05-29 16:53:41]:=====START======
[DEBUG][2024-05-29 16:53:41]:=====REQUESTLINE======
[DEBUG][2024-05-29 16:53:41]:=====HEADER======
[DEBUG][2024-05-29 16:53:41]:=====BODY======
[DEBUG][2024-05-29 16:53:41]:STATE::WRITE
[DEBUG][2024-05-29 16:53:41]:STATE::READ
[DEBUG][2024-05-29 16:53:41]:=====START======
[DEBUG][2024-05-29 16:53:41]:=====REQUESTLINE======
[DEBUG][2024-05-29 16:53:41]:=====HEADER======
[DEBUG][2024-05-29 16:53:41]:=====BODY======
[DEBUG][2024-05-29 16:53:41]:STATE::WRITE
[DEBUG][2024-05-29 16:53:41]:STATE::READ
[DEBUG][2024-05-29 16:53:41]:=====START======
[DEBUG][2024-05-29 16:53:41]:=====REQUESTLINE======
[DEBUG][2024-05-29 16:53:41]:=====HEADER======
[DEBUG][2024-05-29 16:53:41]:=====BODY======
[DEBUG][2024-05-29 16:53:41]:STATE::WRITE
[DEBUG][2024-05-29 16:53:49]:STATE::READ
[DEBUG][2024-05-29 16:53:49]:=====START======
[DEBUG][2024-05-29 16:53:49]:=====REQUESTLINE======
[DEBUG][2024-05-29 16:53:49]:=====HEADER======
[DEBUG][2024-05-29 16:53:49]:=====BODY======
[DEBUG][2024-05-29 16:53:49]:STATE::WRITE
[DEBUG][2024-05-29 16:53:49]:STATE::READ
[DEBUG][2024-05-29 16:53:49]:=====START======
[DEBUG][2024-05-29 16:53:49]:=====REQUESTLINE======
[DEBUG][2024-05-29 16:53:49]:=====HEADER======
[DEBUG][2024-05-29 16:53:49]:=====BODY======
[DEBUG][2024-05-29 16:53:49]:STATE::WRITE
[DEBUG][2024-05-29 16:53:49]:STATE::WRITE
[DEBUG][2024-05-29 16:53:51]:STATE::READ
[DEBUG][2024-05-29 16:53:51]:=====START======
[DEBUG][2024-05-29 16:53:51]:=====REQUESTLINE======
[DEBUG][2024-05-29 16:53:51]:=====HEADER======
[DEBUG][2024-05-29 16:53:51]:=====BODY======
[DEBUG][2024-05-29 16:53:51]:STATE::WRITE
[DEBUG][2024-05-29 16:53:51]:STATE::READ
[DEBUG][2024-05-29 16:53:51]:=====START======
[DEBUG][2024-05-29 16:53:51]:=====REQUESTLINE======
[DEBUG][2024-05-29 16:53:51]:=====HEADER======
[DEBUG][2024-05-29 16:53:51]:=====BODY======
[DEBUG][2024-05-29 16:53:51]:STATE::WRITE
[DEBUG][2024-05-29 16:53:51]:STATE::WRITE
[DEBUG][2024-05-29 16:53:51]:STATE::WRITE
[DEBUG][2024-05-29 16:53:51]:STATE::WRITE
[DEBUG][2024-05-29 16:53:52]:STATE::WRITE
[DEBUG][2024-05-29 16:53:55]:STATE::WRITE
[INFO][2024-05-29 16:53:56]:client 192.168.10.3 quit.
[INFO][2024-05-29 16:53:57]:client 192.168.10.3 visit.
[DEBUG][2024-05-29 16:53:57]:STATE::READ
[DEBUG][2024-05-29 16:53:57]:=====START======
[DEBUG][2024-05-29 16:53:57]:=====REQUESTLINE======
[DEBUG][2024-05-29 16:53:57]:=====HEADER======
[DEBUG][2024-05-29 16:53:57]:=====BODY======
[DEBUG][2024-05-29 16:53:57]:STATE::WRITE
[DEBUG][2024-05-29 16:53:57]:STATE::READ
[DEBUG][2024-05-29 16:53:57]:=====START======
[DEBUG][2024-05-29 16:53:57]:=====REQUESTLINE======
[DEBUG][2024-05-29 16:53:57]:=====HEADER======
[DEBUG][2024-05-29 16:53:57]:=====BODY======
[DEBUG][2024-05-29 16:53:57]:STATE::WRITE
[DEBUG][2024-05-29 16:53:57]:STATE::WRITE
[DEBUG][2024-05-29 16:54:01]:STATE::READ
[DEBUG][2024-05-29 16:54:01]:=====START======
[DEBUG][2024-05-29 16:54:01]:=====REQUESTLINE======
[DEBUG][2024-05-29 16:54:01]:=====HEADER======
[DEBUG][2024-05-29 16:54:01]:=====BODY======
[DEBUG][2024-05-29 16:54:01]:STATE::WRITE
[DEBUG][2024-05-29 16:54:01]:STATE::READ
[DEBUG][2024-05-29 16:54:01]:=====START======
[DEBUG][2024-05-29 16:54:01]:=====REQUESTLINE======
[DEBUG][2024-05-29 16:54:01]:=====HEADER======
[DEBUG][2024-05-29 16:54:01]:=====BODY======
[DEBUG][2024-05-29 16:54:01]:STATE::WRITE
[DEBUG][2024-05-29 16:54:04]:STATE::READ
[DEBUG][2024-05-29 16:54:04]:=====START======
[DEBUG][2024-05-29 16:54:04]:=====REQUESTLINE======
[DEBUG][2024-05-29 16:54:04]:=====HEADER======
[DEBUG][2024-05-29 16:54:04]:=====BODY======
[DEBUG][2024-05-29 16:54:04]:STATE::WRITE
[DEBUG][2024-05-29 16:54:05]:STATE::READ
[DEBUG][2024-05-29 16:54:05]:=====START======
[DEBUG][2024-05-29 16:54:05]:=====REQUESTLINE======
[DEBUG][2024-05-29 16:54:05]:=====HEADER======
[DEBUG][2024-05-29 16:54:05]:=====BODY======
[DEBUG][2024-05-29 16:54:05]:STATE::WRITE
[INFO][2024-05-29 16:58:19]:client 192.168.10.3 visit.
[INFO][2024-05-29 16:58:19]:client 192.168.10.3 quit.
[DEBUG][2024-05-29 16:58:19]:STATE::READ
[DEBUG][2024-05-29 16:58:19]:=====START======
[DEBUG][2024-05-29 16:58:19]:=====REQUESTLINE======
[DEBUG][2024-05-29 16:58:19]:=====HEADER======
[DEBUG][2024-05-29 16:58:19]:=====BODY======
[DEBUG][2024-05-29 16:58:19]:STATE::WRITE
[DEBUG][2024-05-29 16:58:19]:STATE::READ
[DEBUG][2024-05-29 16:58:19]:=====START======
[DEBUG][2024-05-29 16:58:19]:=====REQUESTLINE======
[DEBUG][2024-05-29 16:58:19]:=====HEADER======
[DEBUG][2024-05-29 16:58:19]:=====BODY======
[DEBUG][2024-05-29 16:58:19]:STATE::WRITE
[DEBUG][2024-05-29 16:58:20]:STATE::READ
[DEBUG][2024-05-29 16:58:20]:=====START======
[DEBUG][2024-05-29 16:58:20]:=====REQUESTLINE======
[DEBUG][2024-05-29 16:58:20]:=====HEADER======
[DEBUG][2024-05-29 16:58:20]:=====BODY======
[DEBUG][2024-05-29 16:58:20]:STATE::WRITE
[DEBUG][2024-05-29 16:58:24]:STATE::READ
[DEBUG][2024-05-29 16:58:24]:=====START======
[DEBUG][2024-05-29 16:58:24]:=====REQUESTLINE======
[DEBUG][2024-05-29 16:58:24]:=====HEADER======
[DEBUG][2024-05-29 16:58:24]:=====BODY======
[DEBUG][2024-05-29 16:58:24]:STATE::WRITE
[DEBUG][2024-05-29 16:58:24]:STATE::READ
[DEBUG][2024-05-29 16:58:24]:=====START======
[DEBUG][2024-05-29 16:58:24]:=====REQUESTLINE======
[DEBUG][2024-05-29 16:58:24]:=====HEADER======
[DEBUG][2024-05-29 16:58:24]:=====BODY======
[DEBUG][2024-05-29 16:58:24]:STATE::WRITE
[DEBUG][2024-05-29 16:58:24]:STATE::READ
[DEBUG][2024-05-29 16:58:24]:=====START======
[DEBUG][2024-05-29 16:58:24]:=====REQUESTLINE======
[DEBUG][2024-05-29 16:58:24]:=====HEADER======
[DEBUG][2024-05-29 16:58:24]:=====BODY======
[DEBUG][2024-05-29 16:58:24]:STATE::WRITE
[DEBUG][2024-05-29 16:58:24]:STATE::READ
[DEBUG][2024-05-29 16:58:24]:=====START======
[DEBUG][2024-05-29 16:58:24]:=====REQUESTLINE======
[DEBUG][2024-05-29 16:58:24]:=====HEADER======
[DEBUG][2024-05-29 16:58:24]:=====BODY======
[DEBUG][2024-05-29 16:58:24]:STATE::WRITE
[DEBUG][2024-05-29 16:58:24]:STATE::READ
[DEBUG][2024-05-29 16:58:24]:=====START======
[DEBUG][2024-05-29 16:58:24]:=====REQUESTLINE======
[DEBUG][2024-05-29 16:58:24]:=====HEADER======
[DEBUG][2024-05-29 16:58:24]:=====BODY======
[DEBUG][2024-05-29 16:58:24]:STATE::WRITE
[DEBUG][2024-05-29 16:58:24]:STATE::READ
[DEBUG][2024-05-29 16:58:24]:=====START======
[DEBUG][2024-05-29 16:58:24]:=====REQUESTLINE======
[DEBUG][2024-05-29 16:58:24]:=====HEADER======
[DEBUG][2024-05-29 16:58:24]:=====BODY======
[DEBUG][2024-05-29 16:58:24]:STATE::WRITE
[DEBUG][2024-05-29 16:58:29]:STATE::READ
[DEBUG][2024-05-29 16:58:29]:=====START======
[DEBUG][2024-05-29 16:58:29]:=====REQUESTLINE======
[DEBUG][2024-05-29 16:58:29]:=====HEADER======
[DEBUG][2024-05-29 16:58:29]:=====BODY======
[DEBUG][2024-05-29 16:58:29]:STATE::WRITE
[DEBUG][2024-05-29 16:58:29]:STATE::READ
[DEBUG][2024-05-29 16:58:29]:=====START======
[DEBUG][2024-05-29 16:58:29]:=====REQUESTLINE======
[DEBUG][2024-05-29 16:58:29]:=====HEADER======
[DEBUG][2024-05-29 16:58:29]:=====BODY======
[DEBUG][2024-05-29 16:58:29]:STATE::WRITE
[DEBUG][2024-05-29 16:58:29]:STATE::READ
[DEBUG][2024-05-29 16:58:29]:=====START======
[DEBUG][2024-05-29 16:58:29]:=====REQUESTLINE======
[DEBUG][2024-05-29 16:58:29]:=====HEADER======
[DEBUG][2024-05-29 16:58:29]:=====BODY======
[DEBUG][2024-05-29 16:58:29]:STATE::WRITE
[DEBUG][2024-05-29 16:58:30]:STATE::READ
[DEBUG][2024-05-29 16:58:30]:=====START======
[DEBUG][2024-05-29 16:58:30]:=====REQUESTLINE======
[DEBUG][2024-05-29 16:58:30]:=====HEADER======
[DEBUG][2024-05-29 16:58:30]:=====BODY======
[DEBUG][2024-05-29 16:58:30]:STATE::WRITE
[DEBUG][2024-05-29 16:58:36]:STATE::READ
[DEBUG][2024-05-29 16:58:36]:=====START======
[DEBUG][2024-05-29 16:58:36]:=====REQUESTLINE======
[DEBUG][2024-05-29 16:58:36]:=====HEADER======
[DEBUG][2024-05-29 16:58:36]:=====BODY======
[DEBUG][2024-05-29 16:58:36]:STATE::WRITE
[DEBUG][2024-05-29 16:58:39]:STATE::READ
[DEBUG][2024-05-29 16:58:39]:=====START======
[DEBUG][2024-05-29 16:58:39]:=====REQUESTLINE======
[DEBUG][2024-05-29 16:58:39]:=====HEADER======
[DEBUG][2024-05-29 16:58:39]:=====BODY======
[DEBUG][2024-05-29 16:58:39]:STATE::WRITE
[DEBUG][2024-05-29 16:58:39]:STATE::READ
[DEBUG][2024-05-29 16:58:39]:=====START======
[DEBUG][2024-05-29 16:58:39]:=====REQUESTLINE======
[DEBUG][2024-05-29 16:58:39]:=====HEADER======
[DEBUG][2024-05-29 16:58:39]:=====BODY======
[DEBUG][2024-05-29 16:58:39]:STATE::WRITE
[DEBUG][2024-05-29 16:58:39]:STATE::READ
[DEBUG][2024-05-29 16:58:39]:=====START======
[DEBUG][2024-05-29 16:58:39]:=====REQUESTLINE======
[DEBUG][2024-05-29 16:58:39]:=====HEADER======
[DEBUG][2024-05-29 16:58:39]:=====BODY======
[DEBUG][2024-05-29 16:58:39]:STATE::WRITE
[INFO][2024-05-29 16:59:25]:client 192.168.10.3 visit.
[INFO][2024-05-29 16:59:25]:client 192.168.10.3 quit.
[DEBUG][2024-05-29 16:59:25]:STATE::READ
[DEBUG][2024-05-29 16:59:25]:=====START======
[DEBUG][2024-05-29 16:59:25]:=====REQUESTLINE======
[DEBUG][2024-05-29 16:59:25]:=====HEADER======
[DEBUG][2024-05-29 16:59:25]:=====BODY======
[DEBUG][2024-05-29 16:59:25]:STATE::WRITE
[DEBUG][2024-05-29 16:59:25]:STATE::READ
[DEBUG][2024-05-29 16:59:25]:=====START======
[DEBUG][2024-05-29 16:59:25]:=====REQUESTLINE======
[DEBUG][2024-05-29 16:59:25]:=====HEADER======
[DEBUG][2024-05-29 16:59:25]:=====BODY======
[DEBUG][2024-05-29 16:59:25]:STATE::WRITE
[DEBUG][2024-05-29 16:59:25]:STATE::READ
[DEBUG][2024-05-29 16:59:25]:=====START======
[DEBUG][2024-05-29 16:59:25]:=====REQUESTLINE======
[DEBUG][2024-05-29 16:59:25]:=====HEADER======
[DEBUG][2024-05-29 16:59:25]:=====BODY======
[DEBUG][2024-05-29 16:59:25]:STATE::WRITE
[DEBUG][2024-05-29 16:59:27]:STATE::READ
[DEBUG][2024-05-29 16:59:27]:=====START======
[DEBUG][2024-05-29 16:59:27]:=====REQUESTLINE======
[DEBUG][2024-05-29 16:59:27]:=====HEADER======
[DEBUG][2024-05-29 16:59:27]:=====BODY======
[DEBUG][2024-05-29 16:59:27]:STATE::WRITE
[DEBUG][2024-05-29 16:59:27]:STATE::READ
[DEBUG][2024-05-29 16:59:27]:=====START======
[DEBUG][2024-05-29 16:59:27]:=====REQUESTLINE======
[DEBUG][2024-05-29 16:59:27]:=====HEADER======
[DEBUG][2024-05-29 16:59:27]:=====BODY======
[DEBUG][2024-05-29 16:59:27]:STATE::WRITE
[DEBUG][2024-05-29 16:59:59]:STATE::READ
[DEBUG][2024-05-29 16:59:59]:=====START======
[DEBUG][2024-05-29 16:59:59]:=====REQUESTLINE======
[DEBUG][2024-05-29 16:59:59]:=====HEADER======
[DEBUG][2024-05-29 16:59:59]:=====BODY======
[DEBUG][2024-05-29 16:59:59]:STATE::WRITE
[DEBUG][2024-05-29 16:59:59]:STATE::READ
[DEBUG][2024-05-29 16:59:59]:=====START======
[DEBUG][2024-05-29 16:59:59]:=====REQUESTLINE======
[DEBUG][2024-05-29 16:59:59]:=====HEADER======
[DEBUG][2024-05-29 16:59:59]:=====BODY======
[DEBUG][2024-05-29 16:59:59]:STATE::WRITE
[DEBUG][2024-05-29 17:00:30]:STATE::READ
[DEBUG][2024-05-29 17:00:30]:=====START======
[DEBUG][2024-05-29 17:00:30]:=====REQUESTLINE======
[DEBUG][2024-05-29 17:00:30]:=====HEADER======
[DEBUG][2024-05-29 17:00:30]:=====BODY======
[DEBUG][2024-05-29 17:00:30]:STATE::WRITE
[INFO][2024-05-29 17:00:30]:client 192.168.10.3 visit.
[INFO][2024-05-29 17:00:30]:client 192.168.10.3 quit.
[DEBUG][2024-05-29 17:00:30]:STATE::READ
[DEBUG][2024-05-29 17:00:30]:=====START======
[DEBUG][2024-05-29 17:00:30]:=====REQUESTLINE======
[DEBUG][2024-05-29 17:00:30]:=====HEADER======
[DEBUG][2024-05-29 17:00:30]:=====BODY======
[DEBUG][2024-05-29 17:00:30]:STATE::WRITE
[DEBUG][2024-05-29 17:00:30]:STATE::READ
[DEBUG][2024-05-29 17:00:30]:=====START======
[DEBUG][2024-05-29 17:00:30]:=====REQUESTLINE======
[DEBUG][2024-05-29 17:00:30]:=====HEADER======
[DEBUG][2024-05-29 17:00:30]:=====BODY======
[DEBUG][2024-05-29 17:00:30]:STATE::WRITE
[DEBUG][2024-05-29 17:00:33]:STATE::READ
[DEBUG][2024-05-29 17:00:33]:=====START======
[DEBUG][2024-05-29 17:00:33]:=====REQUESTLINE======
[DEBUG][2024-05-29 17:00:33]:=====HEADER======
[DEBUG][2024-05-29 17:00:33]:=====BODY======
[DEBUG][2024-05-29 17:00:33]:STATE::WRITE
[DEBUG][2024-05-29 17:00:33]:STATE::READ
[DEBUG][2024-05-29 17:00:33]:=====START======
[DEBUG][2024-05-29 17:00:33]:=====REQUESTLINE======
[DEBUG][2024-05-29 17:00:33]:=====HEADER======
[DEBUG][2024-05-29 17:00:33]:=====BODY======
[DEBUG][2024-05-29 17:00:33]:STATE::WRITE
[DEBUG][2024-05-29 17:00:33]:STATE::READ
[DEBUG][2024-05-29 17:00:33]:=====START======
[DEBUG][2024-05-29 17:00:33]:=====REQUESTLINE======
[DEBUG][2024-05-29 17:00:33]:=====HEADER======
[DEBUG][2024-05-29 17:00:33]:=====BODY======
[DEBUG][2024-05-29 17:00:33]:STATE::WRITE
[DEBUG][2024-05-29 17:01:20]:STATE::READ
[DEBUG][2024-05-29 17:01:20]:=====START======
[DEBUG][2024-05-29 17:01:20]:=====REQUESTLINE======
[DEBUG][2024-05-29 17:01:20]:=====HEADER======
[DEBUG][2024-05-29 17:01:20]:=====BODY======
[DEBUG][2024-05-29 17:01:20]:STATE::WRITE
[DEBUG][2024-05-29 17:01:20]:STATE::READ
[DEBUG][2024-05-29 17:01:20]:=====START======
[DEBUG][2024-05-29 17:01:20]:=====REQUESTLINE======
[DEBUG][2024-05-29 17:01:20]:=====HEADER======
[DEBUG][2024-05-29 17:01:20]:=====BODY======
[DEBUG][2024-05-29 17:01:20]:STATE::WRITE
[DEBUG][2024-05-29 17:01:20]:STATE::READ
[DEBUG][2024-05-29 17:01:20]:=====START======
[DEBUG][2024-05-29 17:01:20]:=====REQUESTLINE======
[DEBUG][2024-05-29 17:01:20]:=====HEADER======
[DEBUG][2024-05-29 17:01:20]:=====BODY======
[DEBUG][2024-05-29 17:01:20]:STATE::WRITE
[DEBUG][2024-05-29 17:01:21]:STATE::READ
[DEBUG][2024-05-29 17:01:21]:=====START======
[DEBUG][2024-05-29 17:01:21]:=====REQUESTLINE======
[DEBUG][2024-05-29 17:01:21]:=====HEADER======
[DEBUG][2024-05-29 17:01:21]:=====BODY======
[DEBUG][2024-05-29 17:01:21]:STATE::WRITE
[DEBUG][2024-05-29 17:01:21]:STATE::READ
[DEBUG][2024-05-29 17:01:21]:=====START======
[DEBUG][2024-05-29 17:01:21]:=====REQUESTLINE======
[DEBUG][2024-05-29 17:01:21]:=====HEADER======
[DEBUG][2024-05-29 17:01:21]:=====BODY======
[DEBUG][2024-05-29 17:01:21]:STATE::WRITE
[DEBUG][2024-05-29 17:01:21]:STATE::READ
[DEBUG][2024-05-29 17:01:21]:=====START======
[DEBUG][2024-05-29 17:01:21]:=====REQUESTLINE======
[DEBUG][2024-05-29 17:01:21]:=====HEADER======
[DEBUG][2024-05-29 17:01:21]:=====BODY======
[DEBUG][2024-05-29 17:01:21]:STATE::WRITE
[DEBUG][2024-05-29 17:01:22]:STATE::READ
[DEBUG][2024-05-29 17:01:22]:=====START======
[DEBUG][2024-05-29 17:01:22]:=====REQUESTLINE======
[DEBUG][2024-05-29 17:01:22]:=====HEADER======
[DEBUG][2024-05-29 17:01:22]:=====BODY======
[DEBUG][2024-05-29 17:01:22]:STATE::WRITE
[DEBUG][2024-05-29 17:01:22]:STATE::READ
[DEBUG][2024-05-29 17:01:22]:=====START======
[DEBUG][2024-05-29 17:01:22]:=====REQUESTLINE======
[DEBUG][2024-05-29 17:01:22]:=====HEADER======
[DEBUG][2024-05-29 17:01:22]:=====BODY======
[DEBUG][2024-05-29 17:01:22]:STATE::WRITE
[DEBUG][2024-05-29 17:01:22]:STATE::READ
[DEBUG][2024-05-29 17:01:22]:=====START======
[DEBUG][2024-05-29 17:01:22]:=====REQUESTLINE======
[DEBUG][2024-05-29 17:01:22]:=====HEADER======
[DEBUG][2024-05-29 17:01:22]:=====BODY======
[DEBUG][2024-05-29 17:01:22]:STATE::WRITE
[DEBUG][2024-05-29 17:02:04]:STATE::READ
[DEBUG][2024-05-29 17:02:04]:=====START======
[DEBUG][2024-05-29 17:02:04]:=====REQUESTLINE======
[DEBUG][2024-05-29 17:02:04]:=====HEADER======
[DEBUG][2024-05-29 17:02:04]:=====BODY======
[DEBUG][2024-05-29 17:02:04]:STATE::WRITE
[DEBUG][2024-05-29 17:02:10]:STATE::READ
[DEBUG][2024-05-29 17:02:10]:=====START======
[DEBUG][2024-05-29 17:02:10]:=====REQUESTLINE======
[DEBUG][2024-05-29 17:02:10]:=====HEADER======
[DEBUG][2024-05-29 17:02:10]:=====BODY======
[DEBUG][2024-05-29 17:02:10]:STATE::WRITE
[INFO][2024-05-29 17:02:10]:client 192.168.10.3 visit.
[INFO][2024-05-29 17:02:10]:client 192.168.10.3 quit.
[DEBUG][2024-05-29 17:02:10]:STATE::READ
[DEBUG][2024-05-29 17:02:10]:=====START======
[DEBUG][2024-05-29 17:02:10]:=====REQUESTLINE======
[DEBUG][2024-05-29 17:02:10]:=====HEADER======
[DEBUG][2024-05-29 17:02:10]:=====BODY======
[DEBUG][2024-05-29 17:02:10]:STATE::WRITE
[DEBUG][2024-05-29 17:02:10]:STATE::READ
[DEBUG][2024-05-29 17:02:10]:=====START======
[DEBUG][2024-05-29 17:02:10]:=====REQUESTLINE======
[DEBUG][2024-05-29 17:02:10]:=====HEADER======
[DEBUG][2024-05-29 17:02:10]:=====BODY======
[DEBUG][2024-05-29 17:02:10]:STATE::WRITE
[DEBUG][2024-05-29 17:02:18]:STATE::READ
[DEBUG][2024-05-29 17:02:18]:=====START======
[DEBUG][2024-05-29 17:02:18]:=====REQUESTLINE======
[DEBUG][2024-05-29 17:02:18]:=====HEADER======
[DEBUG][2024-05-29 17:02:18]:=====BODY======
[DEBUG][2024-05-29 17:02:18]:STATE::WRITE
[DEBUG][2024-05-29 17:02:18]:STATE::READ
[DEBUG][2024-05-29 17:02:18]:=====START======
[DEBUG][2024-05-29 17:02:18]:=====REQUESTLINE======
[DEBUG][2024-05-29 17:02:18]:=====HEADER======
[DEBUG][2024-05-29 17:02:18]:=====BODY======
[DEBUG][2024-05-29 17:02:18]:STATE::WRITE
[DEBUG][2024-05-29 17:02:18]:STATE::READ
[DEBUG][2024-05-29 17:02:18]:=====START======
[DEBUG][2024-05-29 17:02:18]:=====REQUESTLINE======
[DEBUG][2024-05-29 17:02:18]:=====HEADER======
[DEBUG][2024-05-29 17:02:18]:=====BODY======
[DEBUG][2024-05-29 17:02:18]:STATE::WRITE
[DEBUG][2024-05-29 17:02:20]:STATE::READ
[DEBUG][2024-05-29 17:02:20]:=====START======
[DEBUG][2024-05-29 17:02:20]:=====REQUESTLINE======
[DEBUG][2024-05-29 17:02:20]:=====HEADER======
[DEBUG][2024-05-29 17:02:20]:=====BODY======
[DEBUG][2024-05-29 17:02:20]:STATE::WRITE
[DEBUG][2024-05-29 17:02:20]:STATE::READ
[DEBUG][2024-05-29 17:02:20]:=====START======
[DEBUG][2024-05-29 17:02:20]:=====REQUESTLINE======
[DEBUG][2024-05-29 17:02:20]:=====HEADER======
[DEBUG][2024-05-29 17:02:20]:=====BODY======
[DEBUG][2024-05-29 17:02:20]:STATE::WRITE
[DEBUG][2024-05-29 17:02:20]:STATE::READ
[DEBUG][2024-05-29 17:02:20]:=====START======
[DEBUG][2024-05-29 17:02:20]:=====REQUESTLINE======
[DEBUG][2024-05-29 17:02:20]:=====HEADER======
[DEBUG][2024-05-29 17:02:20]:=====BODY======
[DEBUG][2024-05-29 17:02:20]:STATE::WRITE
[DEBUG][2024-05-29 17:02:32]:logger test
[DEBUG][2024-05-29 17:02:33]:Server start...
[INFO][2024-05-29 17:02:35]:client 192.168.10.3 visit.
[DEBUG][2024-05-29 17:02:37]:STATE::READ
[DEBUG][2024-05-29 17:02:37]:=====START======
[DEBUG][2024-05-29 17:02:37]:=====REQUESTLINE======
[DEBUG][2024-05-29 17:02:37]:=====HEADER======
[DEBUG][2024-05-29 17:02:37]:=====BODY======
[DEBUG][2024-05-29 17:02:37]:STATE::WRITE
[DEBUG][2024-05-29 17:02:37]:STATE::READ
[DEBUG][2024-05-29 17:02:37]:=====START======
[DEBUG][2024-05-29 17:02:37]:=====REQUESTLINE======
[DEBUG][2024-05-29 17:02:37]:=====HEADER======
[DEBUG][2024-05-29 17:02:37]:=====BODY======
[DEBUG][2024-05-29 17:02:37]:STATE::WRITE
[DEBUG][2024-05-29 17:02:37]:STATE::READ
[DEBUG][2024-05-29 17:02:37]:=====START======
[DEBUG][2024-05-29 17:02:37]:=====REQUESTLINE======
[DEBUG][2024-05-29 17:02:37]:=====HEADER======
[DEBUG][2024-05-29 17:02:37]:=====BODY======
[DEBUG][2024-05-29 17:02:37]:STATE::WRITE
[DEBUG][2024-05-29 17:02:37]:STATE::READ
[DEBUG][2024-05-29 17:02:37]:=====START======
[DEBUG][2024-05-29 17:02:37]:=====REQUESTLINE======
[DEBUG][2024-05-29 17:02:37]:=====HEADER======
[DEBUG][2024-05-29 17:02:37]:=====BODY======
[DEBUG][2024-05-29 17:02:37]:STATE::WRITE
[DEBUG][2024-05-29 17:02:37]:STATE::READ
[DEBUG][2024-05-29 17:02:37]:=====START======
[DEBUG][2024-05-29 17:02:37]:=====REQUESTLINE======
[DEBUG][2024-05-29 17:02:37]:=====HEADER======
[DEBUG][2024-05-29 17:02:37]:=====BODY======
[DEBUG][2024-05-29 17:02:37]:STATE::WRITE
[DEBUG][2024-05-29 17:02:37]:STATE::READ
[DEBUG][2024-05-29 17:02:37]:=====START======
[DEBUG][2024-05-29 17:02:37]:=====REQUESTLINE======
[DEBUG][2024-05-29 17:02:37]:=====HEADER======
[DEBUG][2024-05-29 17:02:37]:=====BODY======
[DEBUG][2024-05-29 17:02:37]:STATE::WRITE
[DEBUG][2024-05-29 17:02:39]:STATE::READ
[DEBUG][2024-05-29 17:02:39]:=====START======
[DEBUG][2024-05-29 17:02:39]:=====REQUESTLINE======
[DEBUG][2024-05-29 17:02:39]:=====HEADER======
[DEBUG][2024-05-29 17:02:39]:=====BODY======
[DEBUG][2024-05-29 17:02:39]:STATE::WRITE
[DEBUG][2024-05-29 17:02:39]:STATE::READ
[DEBUG][2024-05-29 17:02:39]:=====START======
[DEBUG][2024-05-29 17:02:39]:=====REQUESTLINE======
[DEBUG][2024-05-29 17:02:39]:=====HEADER======
[DEBUG][2024-05-29 17:02:39]:=====BODY======
[DEBUG][2024-05-29 17:02:39]:STATE::WRITE
[DEBUG][2024-05-29 17:02:40]:STATE::READ
[DEBUG][2024-05-29 17:02:40]:=====START======
[DEBUG][2024-05-29 17:02:40]:=====REQUESTLINE======
[DEBUG][2024-05-29 17:02:40]:=====HEADER======
[DEBUG][2024-05-29 17:02:40]:=====BODY======
[DEBUG][2024-05-29 17:02:40]:STATE::WRITE
[DEBUG][2024-05-29 17:11:52]:logger test
[DEBUG][2024-05-29 17:11:53]:Server start...
[INFO][2024-05-29 17:11:55]:client 192.168.10.3 visit.
[DEBUG][2024-05-29 17:11:56]:STATE::READ
[DEBUG][2024-05-29 17:11:56]:=====START======
[DEBUG][2024-05-29 17:11:56]:=====REQUESTLINE======
[DEBUG][2024-05-29 17:11:56]:=====HEADER======
[DEBUG][2024-05-29 17:11:56]:=====BODY======
[DEBUG][2024-05-29 17:11:56]:STATE::WRITE
[DEBUG][2024-05-29 17:11:56]:STATE::READ
[DEBUG][2024-05-29 17:11:56]:=====START======
[DEBUG][2024-05-29 17:11:56]:=====REQUESTLINE======
[DEBUG][2024-05-29 17:11:56]:=====HEADER======
[DEBUG][2024-05-29 17:11:56]:=====BODY======
[DEBUG][2024-05-29 17:11:56]:STATE::WRITE
[DEBUG][2024-05-29 17:11:56]:STATE::READ
[DEBUG][2024-05-29 17:11:56]:=====START======
[DEBUG][2024-05-29 17:11:56]:=====REQUESTLINE======
[DEBUG][2024-05-29 17:11:56]:=====HEADER======
[DEBUG][2024-05-29 17:11:56]:=====BODY======
[DEBUG][2024-05-29 17:11:56]:STATE::WRITE
[DEBUG][2024-05-29 17:11:56]:STATE::READ
[DEBUG][2024-05-29 17:11:56]:=====START======
[DEBUG][2024-05-29 17:11:56]:=====REQUESTLINE======
[DEBUG][2024-05-29 17:11:56]:=====HEADER======
[DEBUG][2024-05-29 17:11:56]:=====BODY======
[DEBUG][2024-05-29 17:11:56]:STATE::WRITE
[DEBUG][2024-05-29 17:11:56]:STATE::READ
[DEBUG][2024-05-29 17:11:56]:=====START======
[DEBUG][2024-05-29 17:11:56]:=====REQUESTLINE======
[DEBUG][2024-05-29 17:11:56]:=====HEADER======
[DEBUG][2024-05-29 17:11:56]:=====BODY======
[DEBUG][2024-05-29 17:11:56]:STATE::WRITE
[DEBUG][2024-05-29 17:11:56]:STATE::READ
[DEBUG][2024-05-29 17:11:56]:=====START======
[DEBUG][2024-05-29 17:11:56]:=====REQUESTLINE======
[DEBUG][2024-05-29 17:11:56]:=====HEADER======
[DEBUG][2024-05-29 17:11:56]:=====BODY======
[DEBUG][2024-05-29 17:11:56]:STATE::WRITE
[DEBUG][2024-05-29 17:11:57]:STATE::READ
[DEBUG][2024-05-29 17:11:57]:=====START======
[DEBUG][2024-05-29 17:11:57]:=====REQUESTLINE======
[DEBUG][2024-05-29 17:11:57]:=====HEADER======
[DEBUG][2024-05-29 17:11:57]:=====BODY======
[DEBUG][2024-05-29 17:11:57]:STATE::WRITE
[DEBUG][2024-05-29 17:11:57]:STATE::READ
[DEBUG][2024-05-29 17:11:57]:=====START======
[DEBUG][2024-05-29 17:11:57]:=====REQUESTLINE======
[DEBUG][2024-05-29 17:11:57]:=====HEADER======
[DEBUG][2024-05-29 17:11:57]:=====BODY======
[DEBUG][2024-05-29 17:11:57]:STATE::WRITE
[DEBUG][2024-05-29 17:11:57]:STATE::READ
[DEBUG][2024-05-29 17:11:57]:=====START======
[DEBUG][2024-05-29 17:11:57]:=====REQUESTLINE======
[DEBUG][2024-05-29 17:11:57]:=====HEADER======
[DEBUG][2024-05-29 17:11:57]:=====BODY======
[DEBUG][2024-05-29 17:11:57]:STATE::WRITE
[DEBUG][2024-05-29 17:11:58]:STATE::READ
[DEBUG][2024-05-29 17:11:58]:=====START======
[DEBUG][2024-05-29 17:11:58]:=====REQUESTLINE======
[DEBUG][2024-05-29 17:11:58]:=====HEADER======
[DEBUG][2024-05-29 17:11:58]:=====BODY======
[DEBUG][2024-05-29 17:11:58]:STATE::WRITE
[DEBUG][2024-05-29 17:12:01]:STATE::READ
[DEBUG][2024-05-29 17:12:01]:=====START======
[DEBUG][2024-05-29 17:12:01]:=====REQUESTLINE======
[DEBUG][2024-05-29 17:12:01]:=====HEADER======
[DEBUG][2024-05-29 17:12:01]:=====BODY======
[DEBUG][2024-05-29 17:12:01]:STATE::WRITE
[DEBUG][2024-05-29 17:12:02]:STATE::READ
[DEBUG][2024-05-29 17:12:02]:=====START======
[DEBUG][2024-05-29 17:12:02]:=====REQUESTLINE======
[DEBUG][2024-05-29 17:12:02]:=====HEADER======
[DEBUG][2024-05-29 17:12:02]:=====BODY======
[DEBUG][2024-05-29 17:12:02]:STATE::WRITE
[DEBUG][2024-05-29 17:12:03]:STATE::READ
[DEBUG][2024-05-29 17:12:03]:=====START======
[DEBUG][2024-05-29 17:12:03]:=====REQUESTLINE======
[DEBUG][2024-05-29 17:12:03]:=====HEADER======
[DEBUG][2024-05-29 17:12:03]:=====BODY======
[ERROR][2024-05-29 17:12:03]:insert error:You have an error in your SQL syntax; check the manual that corresponds to your MySQL server version for the right syntax to use near ',,'')' at line 1

[DEBUG][2024-05-29 17:12:03]:STATE::WRITE
[DEBUG][2024-05-29 17:12:07]:STATE::READ
[DEBUG][2024-05-29 17:12:07]:=====START======
[DEBUG][2024-05-29 17:12:07]:=====REQUESTLINE======
[DEBUG][2024-05-29 17:12:07]:=====HEADER======
[DEBUG][2024-05-29 17:12:07]:=====BODY======
[ERROR][2024-05-29 17:12:07]:insert error:You have an error in your SQL syntax; check the manual that corresponds to your MySQL server version for the right syntax to use near ',,'')' at line 1

[DEBUG][2024-05-29 17:12:07]:STATE::WRITE
[DEBUG][2024-05-29 17:12:24]:STATE::READ
[DEBUG][2024-05-29 17:12:24]:=====START======
[DEBUG][2024-05-29 17:12:24]:=====REQUESTLINE======
[DEBUG][2024-05-29 17:12:24]:=====HEADER======
[DEBUG][2024-05-29 17:12:24]:=====BODY======
[DEBUG][2024-05-29 17:12:24]:STATE::WRITE
[DEBUG][2024-05-29 17:12:24]:STATE::READ
[DEBUG][2024-05-29 17:12:24]:=====START======
[DEBUG][2024-05-29 17:12:24]:=====REQUESTLINE======
[DEBUG][2024-05-29 17:12:24]:=====HEADER======
[DEBUG][2024-05-29 17:12:24]:=====BODY======
[DEBUG][2024-05-29 17:12:24]:STATE::WRITE
[DEBUG][2024-05-29 17:12:24]:STATE::READ
[DEBUG][2024-05-29 17:12:24]:=====START======
[DEBUG][2024-05-29 17:12:24]:=====REQUESTLINE======
[DEBUG][2024-05-29 17:12:24]:=====HEADER======
[DEBUG][2024-05-29 17:12:24]:=====BODY======
[DEBUG][2024-05-29 17:12:24]:STATE::WRITE
[DEBUG][2024-05-29 17:12:25]:STATE::READ
[DEBUG][2024-05-29 17:12:25]:=====START======
[DEBUG][2024-05-29 17:12:25]:=====REQUESTLINE======
[DEBUG][2024-05-29 17:12:25]:=====HEADER======
[DEBUG][2024-05-29 17:12:25]:=====BODY======
[ERROR][2024-05-29 17:12:25]:insert error:You have an error in your SQL syntax; check the manual that corresponds to your MySQL server version for the right syntax to use near ',,'')' at line 1

[DEBUG][2024-05-29 17:12:25]:STATE::WRITE
[DEBUG][2024-05-29 17:12:33]:STATE::READ
[DEBUG][2024-05-29 17:12:33]:=====START======
[DEBUG][2024-05-29 17:12:33]:=====REQUESTLINE======
[DEBUG][2024-05-29 17:12:33]:=====HEADER======
[DEBUG][2024-05-29 17:12:33]:=====BODY======
[ERROR][2024-05-29 17:12:33]:insert error:You have an error in your SQL syntax; check the manual that corresponds to your MySQL server version for the right syntax to use near ','')' at line 1

[DEBUG][2024-05-29 17:12:33]:STATE::WRITE
[DEBUG][2024-05-29 17:12:42]:STATE::READ
[DEBUG][2024-05-29 17:12:42]:=====START======
[DEBUG][2024-05-29 17:12:42]:=====REQUESTLINE======
[DEBUG][2024-05-29 17:12:42]:=====HEADER======
[DEBUG][2024-05-29 17:12:42]:=====BODY======
[ERROR][2024-05-29 17:12:42]:insert error:Unknown column 'bob' in 'field list'

[DEBUG][2024-05-29 17:12:42]:STATE::WRITE
[DEBUG][2024-05-29 17:13:53]:logger test
[DEBUG][2024-05-29 17:13:53]:Server start...
[INFO][2024-05-29 17:13:55]:client 192.168.10.3 visit.
[DEBUG][2024-05-29 17:13:55]:STATE::READ
[DEBUG][2024-05-29 17:13:55]:=====START======
[DEBUG][2024-05-29 17:13:55]:=====REQUESTLINE======
[DEBUG][2024-05-29 17:13:55]:=====HEADER======
[DEBUG][2024-05-29 17:13:55]:=====BODY======
[ERROR][2024-05-29 17:13:55]:insert error:Unknown column 'bob' in 'field list'
[DEBUG][2024-05-29 17:13:55]:STATE::WRITE
[DEBUG][2024-05-29 17:17:19]:logger test
[DEBUG][2024-05-29 17:17:19]:Server start...
[INFO][2024-05-29 17:17:22]:client 192.168.10.3 visit.
[DEBUG][2024-05-29 17:17:22]:STATE::READ
[DEBUG][2024-05-29 17:17:22]:=====START======
[DEBUG][2024-05-29 17:17:22]:=====REQUESTLINE======
[DEBUG][2024-05-29 17:17:22]:=====HEADER======
[DEBUG][2024-05-29 17:17:22]:=====BODY======
[DEBUG][2024-05-29 17:17:22]:STATE::WRITE
[DEBUG][2024-05-29 17:17:22]:STATE::READ
[DEBUG][2024-05-29 17:17:22]:=====START======
[DEBUG][2024-05-29 17:17:22]:=====REQUESTLINE======
[DEBUG][2024-05-29 17:17:22]:=====HEADER======
[DEBUG][2024-05-29 17:17:22]:=====BODY======
[DEBUG][2024-05-29 17:17:22]:STATE::WRITE
[DEBUG][2024-05-29 17:17:22]:STATE::READ
[DEBUG][2024-05-29 17:17:22]:=====START======
[DEBUG][2024-05-29 17:17:22]:=====REQUESTLINE======
[DEBUG][2024-05-29 17:17:22]:=====HEADER======
[DEBUG][2024-05-29 17:17:22]:=====BODY======
[DEBUG][2024-05-29 17:17:22]:STATE::WRITE
[DEBUG][2024-05-29 17:17:25]:STATE::READ
[DEBUG][2024-05-29 17:17:25]:=====START======
[DEBUG][2024-05-29 17:17:25]:=====REQUESTLINE======
[DEBUG][2024-05-29 17:17:25]:=====HEADER======
[DEBUG][2024-05-29 17:17:25]:=====BODY======
[DEBUG][2024-05-29 17:17:25]:insert into `users`(`username`,`password`,`desc`) values (,,'');
[ERROR][2024-05-29 17:17:25]:insert error:You have an error in your SQL syntax; check the manual that corresponds to your MySQL server version for the right syntax to use near ',,'')' at line 1
[DEBUG][2024-05-29 17:17:25]:STATE::WRITE
[DEBUG][2024-05-29 17:17:39]:STATE::READ
[DEBUG][2024-05-29 17:17:39]:=====START======
[DEBUG][2024-05-29 17:17:39]:=====REQUESTLINE======
[DEBUG][2024-05-29 17:17:39]:=====HEADER======
[DEBUG][2024-05-29 17:17:39]:=====BODY======
[DEBUG][2024-05-29 17:17:39]:insert into `users`(`username`,`password`,`desc`) values (bob,123,'');
[ERROR][2024-05-29 17:17:39]:insert error:Unknown column 'bob' in 'field list'
[DEBUG][2024-05-29 17:17:39]:STATE::WRITE
[DEBUG][2024-05-29 17:18:08]:logger test
[DEBUG][2024-05-29 17:18:08]:Server start...
[INFO][2024-05-29 17:18:10]:client 192.168.10.3 visit.
[DEBUG][2024-05-29 17:18:10]:STATE::READ
[DEBUG][2024-05-29 17:18:10]:=====START======
[DEBUG][2024-05-29 17:18:10]:=====REQUESTLINE======
[DEBUG][2024-05-29 17:18:10]:=====HEADER======
[DEBUG][2024-05-29 17:18:10]:=====BODY======
[DEBUG][2024-05-29 17:18:10]:STATE::WRITE
[DEBUG][2024-05-29 17:18:10]:STATE::READ
[DEBUG][2024-05-29 17:18:10]:=====START======
[DEBUG][2024-05-29 17:18:10]:=====REQUESTLINE======
[DEBUG][2024-05-29 17:18:10]:=====HEADER======
[DEBUG][2024-05-29 17:18:10]:=====BODY======
[DEBUG][2024-05-29 17:18:10]:STATE::WRITE
[DEBUG][2024-05-29 17:18:10]:STATE::READ
[DEBUG][2024-05-29 17:18:10]:=====START======
[DEBUG][2024-05-29 17:18:10]:=====REQUESTLINE======
[DEBUG][2024-05-29 17:18:10]:=====HEADER======
[DEBUG][2024-05-29 17:18:10]:=====BODY======
[DEBUG][2024-05-29 17:18:10]:STATE::WRITE
[DEBUG][2024-05-29 17:18:16]:STATE::READ
[DEBUG][2024-05-29 17:18:16]:=====START======
[DEBUG][2024-05-29 17:18:16]:=====REQUESTLINE======
[DEBUG][2024-05-29 17:18:16]:=====HEADER======
[DEBUG][2024-05-29 17:18:16]:=====BODY======
[DEBUG][2024-05-29 17:18:16]:insert into `users`(`username`,`password`,`desc`) values ('bob','123','');
[DEBUG][2024-05-29 17:18:16]:STATE::WRITE
[DEBUG][2024-05-29 17:18:21]:STATE::READ
[DEBUG][2024-05-29 17:18:21]:=====START======
[DEBUG][2024-05-29 17:18:21]:=====REQUESTLINE======
[DEBUG][2024-05-29 17:18:21]:=====HEADER======
[DEBUG][2024-05-29 17:18:21]:=====BODY======
[DEBUG][2024-05-29 17:18:21]:STATE::WRITE
[DEBUG][2024-05-29 17:18:21]:STATE::READ
[DEBUG][2024-05-29 17:18:21]:=====START======
[DEBUG][2024-05-29 17:18:21]:=====REQUESTLINE======
[DEBUG][2024-05-29 17:18:21]:=====HEADER======
[DEBUG][2024-05-29 17:18:21]:=====BODY======
[DEBUG][2024-05-29 17:18:21]:STATE::WRITE
[DEBUG][2024-05-29 17:18:38]:STATE::READ
[DEBUG][2024-05-29 17:18:38]:=====START======
[DEBUG][2024-05-29 17:18:38]:=====REQUESTLINE======
[DEBUG][2024-05-29 17:18:38]:=====HEADER======
[DEBUG][2024-05-29 17:18:38]:=====BODY======
[DEBUG][2024-05-29 17:18:38]:STATE::WRITE
[DEBUG][2024-05-29 17:18:40]:STATE::READ
[DEBUG][2024-05-29 17:18:40]:=====START======
[DEBUG][2024-05-29 17:18:40]:=====REQUESTLINE======
[DEBUG][2024-05-29 17:18:40]:=====HEADER======
[DEBUG][2024-05-29 17:18:40]:=====BODY======
[DEBUG][2024-05-29 17:18:40]:STATE::WRITE
[DEBUG][2024-05-29 17:18:40]:STATE::READ
[DEBUG][2024-05-29 17:18:40]:=====START======
[DEBUG][2024-05-29 17:18:40]:=====REQUESTLINE======
[DEBUG][2024-05-29 17:18:40]:=====HEADER======
[DEBUG][2024-05-29 17:18:40]:=====BODY======
[DEBUG][2024-05-29 17:18:40]:STATE::WRITE
[DEBUG][2024-05-29 17:18:40]:STATE::READ
[DEBUG][2024-05-29 17:18:40]:=====START======
[DEBUG][2024-05-29 17:18:40]:=====REQUESTLINE======
[DEBUG][2024-05-29 17:18:40]:=====HEADER======
[DEBUG][2024-05-29 17:18:40]:=====BODY======
[DEBUG][2024-05-29 17:18:40]:STATE::WRITE
[DEBUG][2024-05-29 17:18:44]:STATE::READ
[DEBUG][2024-05-29 17:18:44]:=====START======
[DEBUG][2024-05-29 17:18:44]:=====REQUESTLINE======
[DEBUG][2024-05-29 17:18:44]:=====HEADER======
[DEBUG][2024-05-29 17:18:44]:=====BODY======
[DEBUG][2024-05-29 17:18:44]:STATE::WRITE
[DEBUG][2024-05-29 17:18:44]:STATE::READ
[DEBUG][2024-05-29 17:18:44]:=====START======
[DEBUG][2024-05-29 17:18:44]:=====REQUESTLINE======
[DEBUG][2024-05-29 17:18:44]:=====HEADER======
[DEBUG][2024-05-29 17:18:44]:=====BODY======
[DEBUG][2024-05-29 17:18:44]:STATE::WRITE
[DEBUG][2024-05-29 17:18:44]:STATE::WRITE
[DEBUG][2024-05-29 17:18:44]:STATE::WRITE
[DEBUG][2024-05-29 17:18:45]:STATE::READ
[DEBUG][2024-05-29 17:18:45]:=====START======
[DEBUG][2024-05-29 17:18:45]:=====REQUESTLINE======
[DEBUG][2024-05-29 17:18:45]:=====HEADER======
[DEBUG][2024-05-29 17:18:45]:=====BODY======
[DEBUG][2024-05-29 17:18:45]:STATE::WRITE
[DEBUG][2024-05-29 17:18:46]:STATE::READ
[DEBUG][2024-05-29 17:18:46]:=====START======
[DEBUG][2024-05-29 17:18:46]:=====REQUESTLINE======
[DEBUG][2024-05-29 17:18:46]:=====HEADER======
[DEBUG][2024-05-29 17:18:46]:=====BODY======
[DEBUG][2024-05-29 17:18:46]:STATE::WRITE
[DEBUG][2024-05-29 17:18:46]:STATE::WRITE
[INFO][2024-05-29 17:18:47]:client 192.168.10.3 quit.
[INFO][2024-05-29 17:18:48]:client 192.168.10.3 visit.
[DEBUG][2024-05-29 17:18:48]:STATE::READ
[DEBUG][2024-05-29 17:18:48]:=====START======
[DEBUG][2024-05-29 17:18:48]:=====REQUESTLINE======
[DEBUG][2024-05-29 17:18:48]:=====HEADER======
[DEBUG][2024-05-29 17:18:48]:=====BODY======
[DEBUG][2024-05-29 17:18:48]:STATE::WRITE
[DEBUG][2024-05-29 17:18:49]:STATE::READ
[DEBUG][2024-05-29 17:18:49]:=====START======
[DEBUG][2024-05-29 17:18:49]:=====REQUESTLINE======
[DEBUG][2024-05-29 17:18:49]:=====HEADER======
[DEBUG][2024-05-29 17:18:49]:=====BODY======
[DEBUG][2024-05-29 17:18:49]:STATE::WRITE
[INFO][2024-05-29 17:26:05]:client 192.168.10.3 quit.
[INFO][2024-05-29 17:26:05]:client 192.168.10.3 visit.
[INFO][2024-05-29 17:26:05]:client 192.168.10.3 quit.
[INFO][2024-05-29 17:26:08]:client 192.168.10.3 visit.
[INFO][2024-05-29 17:26:08]:client 192.168.10.3 quit.
[INFO][2024-05-29 17:26:11]:client 192.168.10.3 visit.
[INFO][2024-05-29 17:26:11]:client 192.168.10.3 quit.
[DEBUG][2024-05-29 17:26:17]:logger test
[DEBUG][2024-05-29 17:26:18]:Server start...
[INFO][2024-05-29 17:26:19]:client 192.168.10.3 visit.
[DEBUG][2024-05-29 17:26:19]:STATE::READ
[DEBUG][2024-05-29 17:26:19]:=====START======
[DEBUG][2024-05-29 17:26:19]:=====REQUESTLINE======
[DEBUG][2024-05-29 17:26:19]:=====HEADER======
[DEBUG][2024-05-29 17:26:19]:=====BODY======
[DEBUG][2024-05-29 17:26:19]:STATE::WRITE
[DEBUG][2024-05-29 17:26:19]:STATE::READ
[DEBUG][2024-05-29 17:26:19]:=====START======
[DEBUG][2024-05-29 17:26:19]:=====REQUESTLINE======
[DEBUG][2024-05-29 17:26:19]:=====HEADER======
[DEBUG][2024-05-29 17:26:19]:=====BODY======
[DEBUG][2024-05-29 17:26:19]:STATE::WRITE
[DEBUG][2024-05-29 17:26:19]:STATE::READ
[DEBUG][2024-05-29 17:26:19]:=====START======
[DEBUG][2024-05-29 17:26:19]:=====REQUESTLINE======
[DEBUG][2024-05-29 17:26:19]:=====HEADER======
[DEBUG][2024-05-29 17:26:19]:=====BODY======
[DEBUG][2024-05-29 17:26:19]:STATE::WRITE
[DEBUG][2024-05-29 17:26:20]:STATE::READ
[DEBUG][2024-05-29 17:26:20]:=====START======
[DEBUG][2024-05-29 17:26:20]:=====REQUESTLINE======
[DEBUG][2024-05-29 17:26:20]:=====HEADER======
[DEBUG][2024-05-29 17:26:20]:=====BODY======
[DEBUG][2024-05-29 17:26:20]:STATE::WRITE
[DEBUG][2024-05-29 17:26:20]:STATE::READ
[DEBUG][2024-05-29 17:26:20]:=====START======
[DEBUG][2024-05-29 17:26:20]:=====REQUESTLINE======
[DEBUG][2024-05-29 17:26:20]:=====HEADER======
[DEBUG][2024-05-29 17:26:20]:=====BODY======
[DEBUG][2024-05-29 17:26:20]:STATE::WRITE
[DEBUG][2024-05-29 17:26:20]:STATE::READ
[DEBUG][2024-05-29 17:26:20]:=====START======
[DEBUG][2024-05-29 17:26:20]:=====REQUESTLINE======
[DEBUG][2024-05-29 17:26:20]:=====HEADER======
[DEBUG][2024-05-29 17:26:20]:=====BODY======
[DEBUG][2024-05-29 17:26:20]:STATE::WRITE
[DEBUG][2024-05-29 17:26:21]:STATE::READ
[DEBUG][2024-05-29 17:26:21]:=====START======
[DEBUG][2024-05-29 17:26:21]:=====REQUESTLINE======
[DEBUG][2024-05-29 17:26:21]:=====HEADER======
[DEBUG][2024-05-29 17:26:21]:=====BODY======
[DEBUG][2024-05-29 17:26:21]:STATE::WRITE
[DEBUG][2024-05-29 17:26:21]:STATE::READ
[DEBUG][2024-05-29 17:26:21]:=====START======
[DEBUG][2024-05-29 17:26:21]:=====REQUESTLINE======
[DEBUG][2024-05-29 17:26:21]:=====HEADER======
[DEBUG][2024-05-29 17:26:21]:=====BODY======
[DEBUG][2024-05-29 17:26:21]:STATE::WRITE
[DEBUG][2024-05-29 17:26:21]:STATE::READ
[DEBUG][2024-05-29 17:26:21]:=====START======
[DEBUG][2024-05-29 17:26:21]:=====REQUESTLINE======
[DEBUG][2024-05-29 17:26:21]:=====HEADER======
[DEBUG][2024-05-29 17:26:21]:=====BODY======
[DEBUG][2024-05-29 17:26:21]:STATE::WRITE
[DEBUG][2024-05-29 17:26:33]:STATE::READ
[DEBUG][2024-05-29 17:26:33]:=====START======
[DEBUG][2024-05-29 17:26:33]:=====REQUESTLINE======
[DEBUG][2024-05-29 17:26:33]:=====HEADER======
[DEBUG][2024-05-29 17:26:33]:=====BODY======
[DEBUG][2024-05-29 17:26:33]:STATE::WRITE
[DEBUG][2024-05-29 17:26:33]:STATE::READ
[DEBUG][2024-05-29 17:26:33]:=====START======
[DEBUG][2024-05-29 17:26:33]:=====REQUESTLINE======
[DEBUG][2024-05-29 17:26:33]:=====HEADER======
[DEBUG][2024-05-29 17:26:33]:=====BODY======
[DEBUG][2024-05-29 17:26:33]:STATE::WRITE
[DEBUG][2024-05-29 17:26:33]:STATE::READ
[DEBUG][2024-05-29 17:26:33]:=====START======
[DEBUG][2024-05-29 17:26:33]:=====REQUESTLINE======
[DEBUG][2024-05-29 17:26:33]:=====HEADER======
[DEBUG][2024-05-29 17:26:33]:=====BODY======
[DEBUG][2024-05-29 17:26:33]:STATE::WRITE
[DEBUG][2024-05-29 17:26:34]:STATE::READ
[DEBUG][2024-05-29 17:26:34]:=====START======
[DEBUG][2024-05-29 17:26:34]:=====REQUESTLINE======
[DEBUG][2024-05-29 17:26:34]:=====HEADER======
[DEBUG][2024-05-29 17:26:34]:=====BODY======
[DEBUG][2024-05-29 17:26:34]:STATE::WRITE
[DEBUG][2024-05-29 17:26:34]:STATE::READ
[DEBUG][2024-05-29 17:26:34]:=====START======
[DEBUG][2024-05-29 17:26:34]:=====REQUESTLINE======
[DEBUG][2024-05-29 17:26:34]:=====HEADER======
[DEBUG][2024-05-29 17:26:34]:=====BODY======
[DEBUG][2024-05-29 17:26:34]:STATE::WRITE
[DEBUG][2024-05-29 17:26:34]:STATE::READ
[DEBUG][2024-05-29 17:26:34]:=====START======
[DEBUG][2024-05-29 17:26:34]:=====REQUESTLINE======
[DEBUG][2024-05-29 17:26:34]:=====HEADER======
[DEBUG][2024-05-29 17:26:34]:=====BODY======
[DEBUG][2024-05-29 17:26:34]:STATE::WRITE
[DEBUG][2024-05-29 17:26:34]:STATE::READ
[DEBUG][2024-05-29 17:26:34]:=====START======
[DEBUG][2024-05-29 17:26:34]:=====REQUESTLINE======
[DEBUG][2024-05-29 17:26:34]:=====HEADER======
[DEBUG][2024-05-29 17:26:34]:=====BODY======
[DEBUG][2024-05-29 17:26:34]:STATE::WRITE
[DEBUG][2024-05-29 17:26:34]:STATE::READ
[DEBUG][2024-05-29 17:26:34]:=====START======
[DEBUG][2024-05-29 17:26:34]:=====REQUESTLINE======
[DEBUG][2024-05-29 17:26:34]:=====HEADER======
[DEBUG][2024-05-29 17:26:34]:=====BODY======
[DEBUG][2024-05-29 17:26:34]:STATE::WRITE
[DEBUG][2024-05-29 17:26:34]:STATE::READ
[DEBUG][2024-05-29 17:26:34]:=====START======
[DEBUG][2024-05-29 17:26:34]:=====REQUESTLINE======
[DEBUG][2024-05-29 17:26:34]:=====HEADER======
[DEBUG][2024-05-29 17:26:34]:=====BODY======
[DEBUG][2024-05-29 17:26:34]:STATE::WRITE
[DEBUG][2024-05-29 17:26:36]:STATE::READ
[DEBUG][2024-05-29 17:26:36]:=====START======
[DEBUG][2024-05-29 17:26:36]:=====REQUESTLINE======
[DEBUG][2024-05-29 17:26:36]:=====HEADER======
[DEBUG][2024-05-29 17:26:36]:=====BODY======
[DEBUG][2024-05-29 17:26:36]:STATE::WRITE
[DEBUG][2024-05-29 17:26:36]:STATE::READ
[DEBUG][2024-05-29 17:26:36]:=====START======
[DEBUG][2024-05-29 17:26:36]:=====REQUESTLINE======
[DEBUG][2024-05-29 17:26:36]:=====HEADER======
[DEBUG][2024-05-29 17:26:36]:=====BODY======
[DEBUG][2024-05-29 17:26:36]:STATE::WRITE
[DEBUG][2024-05-29 17:26:47]:STATE::READ
[DEBUG][2024-05-29 17:26:47]:=====START======
[DEBUG][2024-05-29 17:26:47]:=====REQUESTLINE======
[DEBUG][2024-05-29 17:26:47]:=====HEADER======
[DEBUG][2024-05-29 17:26:47]:=====BODY======
[DEBUG][2024-05-29 17:26:47]:STATE::WRITE
[DEBUG][2024-05-29 17:26:47]:STATE::READ
[DEBUG][2024-05-29 17:26:47]:=====START======
[DEBUG][2024-05-29 17:26:47]:=====REQUESTLINE======
[DEBUG][2024-05-29 17:26:47]:=====HEADER======
[DEBUG][2024-05-29 17:26:47]:=====BODY======
[DEBUG][2024-05-29 17:26:47]:STATE::WRITE
[DEBUG][2024-05-29 17:26:47]:STATE::READ
[DEBUG][2024-05-29 17:26:47]:=====START======
[DEBUG][2024-05-29 17:26:47]:=====REQUESTLINE======
[DEBUG][2024-05-29 17:26:47]:=====HEADER======
[DEBUG][2024-05-29 17:26:47]:=====BODY======
[DEBUG][2024-05-29 17:26:47]:STATE::WRITE
[DEBUG][2024-05-29 17:26:48]:STATE::READ
[DEBUG][2024-05-29 17:26:48]:=====START======
[DEBUG][2024-05-29 17:26:48]:=====REQUESTLINE======
[DEBUG][2024-05-29 17:26:48]:=====HEADER======
[DEBUG][2024-05-29 17:26:48]:=====BODY======
[DEBUG][2024-05-29 17:26:48]:STATE::WRITE
[DEBUG][2024-05-29 17:26:48]:STATE::READ
[DEBUG][2024-05-29 17:26:48]:=====START======
[DEBUG][2024-05-29 17:26:48]:=====REQUESTLINE======
[DEBUG][2024-05-29 17:26:48]:=====HEADER======
[DEBUG][2024-05-29 17:26:48]:=====BODY======
[DEBUG][2024-05-29 17:26:48]:STATE::WRITE
[DEBUG][2024-05-29 17:26:48]:STATE::READ
[DEBUG][2024-05-29 17:26:48]:=====START======
[DEBUG][2024-05-29 17:26:48]:=====REQUESTLINE======
[DEBUG][2024-05-29 17:26:48]:=====HEADER======
[DEBUG][2024-05-29 17:26:48]:=====BODY======
[DEBUG][2024-05-29 17:26:48]:STATE::WRITE
[DEBUG][2024-05-29 17:27:11]:STATE::READ
[DEBUG][2024-05-29 17:27:11]:=====START======
[DEBUG][2024-05-29 17:27:11]:=====REQUESTLINE======
[DEBUG][2024-05-29 17:27:11]:=====HEADER======
[DEBUG][2024-05-29 17:27:11]:=====BODY======
[DEBUG][2024-05-29 17:27:11]:STATE::WRITE
[DEBUG][2024-05-29 17:27:11]:STATE::READ
[DEBUG][2024-05-29 17:27:11]:=====START======
[DEBUG][2024-05-29 17:27:11]:=====REQUESTLINE======
[DEBUG][2024-05-29 17:27:11]:=====HEADER======
[DEBUG][2024-05-29 17:27:11]:=====BODY======
[DEBUG][2024-05-29 17:27:11]:STATE::WRITE
[DEBUG][2024-05-29 17:27:11]:STATE::READ
[DEBUG][2024-05-29 17:27:11]:=====START======
[DEBUG][2024-05-29 17:27:11]:=====REQUESTLINE======
[DEBUG][2024-05-29 17:27:11]:=====HEADER======
[DEBUG][2024-05-29 17:27:11]:=====BODY======
[DEBUG][2024-05-29 17:27:11]:STATE::WRITE
[DEBUG][2024-05-29 17:27:12]:STATE::READ
[DEBUG][2024-05-29 17:27:12]:=====START======
[DEBUG][2024-05-29 17:27:12]:=====REQUESTLINE======
[DEBUG][2024-05-29 17:27:12]:=====HEADER======
[DEBUG][2024-05-29 17:27:12]:=====BODY======
[DEBUG][2024-05-29 17:27:12]:STATE::WRITE
[DEBUG][2024-05-29 17:27:12]:STATE::READ
[DEBUG][2024-05-29 17:27:12]:=====START======
[DEBUG][2024-05-29 17:27:12]:=====REQUESTLINE======
[DEBUG][2024-05-29 17:27:12]:=====HEADER======
[DEBUG][2024-05-29 17:27:12]:=====BODY======
[DEBUG][2024-05-29 17:27:12]:STATE::WRITE
[DEBUG][2024-05-29 17:27:12]:STATE::READ
[DEBUG][2024-05-29 17:27:12]:=====START======
[DEBUG][2024-05-29 17:27:12]:=====REQUESTLINE======
[DEBUG][2024-05-29 17:27:12]:=====HEADER======
[DEBUG][2024-05-29 17:27:12]:=====BODY======
[DEBUG][2024-05-29 17:27:12]:STATE::WRITE
[INFO][2024-05-29 17:27:38]:client 192.168.10.3 visit.
[INFO][2024-05-29 17:27:38]:client 192.168.10.3 quit.
[DEBUG][2024-05-29 17:27:38]:STATE::READ
[DEBUG][2024-05-29 17:27:38]:=====START======
[DEBUG][2024-05-29 17:27:38]:=====REQUESTLINE======
[DEBUG][2024-05-29 17:27:38]:=====HEADER======
[DEBUG][2024-05-29 17:27:38]:=====BODY======
[DEBUG][2024-05-29 17:27:38]:STATE::WRITE
[DEBUG][2024-05-29 17:27:38]:STATE::READ
[DEBUG][2024-05-29 17:27:38]:=====START======
[DEBUG][2024-05-29 17:27:38]:=====REQUESTLINE======
[DEBUG][2024-05-29 17:27:38]:=====HEADER======
[DEBUG][2024-05-29 17:27:38]:=====BODY======
[DEBUG][2024-05-29 17:27:38]:STATE::WRITE
[DEBUG][2024-05-29 17:27:38]:STATE::READ
[DEBUG][2024-05-29 17:27:38]:=====START======
[DEBUG][2024-05-29 17:27:38]:=====REQUESTLINE======
[DEBUG][2024-05-29 17:27:38]:=====HEADER======
[DEBUG][2024-05-29 17:27:38]:=====BODY======
[DEBUG][2024-05-29 17:27:38]:STATE::WRITE
[INFO][2024-05-29 17:29:08]:client 192.168.10.3 visit.
[INFO][2024-05-29 17:29:08]:client 192.168.10.3 quit.
[DEBUG][2024-05-29 17:29:08]:STATE::READ
[DEBUG][2024-05-29 17:29:08]:=====START======
[DEBUG][2024-05-29 17:29:08]:=====REQUESTLINE======
[DEBUG][2024-05-29 17:29:08]:=====HEADER======
[DEBUG][2024-05-29 17:29:08]:=====BODY======
[DEBUG][2024-05-29 17:29:08]:STATE::WRITE
[DEBUG][2024-05-29 17:29:08]:STATE::READ
[DEBUG][2024-05-29 17:29:08]:=====START======
[DEBUG][2024-05-29 17:29:08]:=====REQUESTLINE======
[DEBUG][2024-05-29 17:29:08]:=====HEADER======
[DEBUG][2024-05-29 17:29:08]:=====BODY======
[DEBUG][2024-05-29 17:29:08]:STATE::WRITE
[DEBUG][2024-05-29 17:29:08]:STATE::READ
[DEBUG][2024-05-29 17:29:08]:=====START======
[DEBUG][2024-05-29 17:29:08]:=====REQUESTLINE======
[DEBUG][2024-05-29 17:29:08]:=====HEADER======
[DEBUG][2024-05-29 17:29:08]:=====BODY======
[DEBUG][2024-05-29 17:29:08]:STATE::WRITE
