[DEBUG][2024-06-13 17:09:23]:Server start...
[DEBUG][2024-06-13 18:34:47]:Server start...
[DEBUG][2024-06-13 18:37:47]:Server start...
[DEBUG][2024-06-13 18:40:02]:Server start...
[INFO][2024-06-13 18:40:07]:client 192.168.10.3 visit.
[DEBUG][2024-06-13 18:40:07]:STATE::READ
[DEBUG][2024-06-13 18:40:07]:=====START======
[DEBUG][2024-06-13 18:40:07]:=====REQUESTLINE======
[DEBUG][2024-06-13 18:40:07]:=====HEADER======
[DEBUG][2024-06-13 18:40:07]:=====BODY======
[DEBUG][2024-06-13 18:40:07]:STATE::WRITE
[DEBUG][2024-06-13 18:40:07]:STATE::READ
[DEBUG][2024-06-13 18:40:07]:=====START======
[DEBUG][2024-06-13 18:40:07]:=====REQUESTLINE======
[DEBUG][2024-06-13 18:40:07]:=====HEADER======
[DEBUG][2024-06-13 18:40:07]:=====BODY======
[DEBUG][2024-06-13 18:40:07]:STATE::WRITE
[DEBUG][2024-06-13 18:40:07]:STATE::READ
[DEBUG][2024-06-13 18:40:07]:=====START======
[DEBUG][2024-06-13 18:40:07]:=====REQUESTLINE======
[DEBUG][2024-06-13 18:40:07]:=====HEADER======
[DEBUG][2024-06-13 18:40:07]:=====BODY======
[DEBUG][2024-06-13 18:40:07]:STATE::WRITE
[DEBUG][2024-06-13 18:40:07]:STATE::READ
[DEBUG][2024-06-13 18:40:07]:=====START======
[DEBUG][2024-06-13 18:40:07]:=====REQUESTLINE======
[DEBUG][2024-06-13 18:40:07]:=====HEADER======
[DEBUG][2024-06-13 18:40:07]:=====BODY======
[DEBUG][2024-06-13 18:40:07]:STATE::WRITE
[DEBUG][2024-06-13 18:40:10]:STATE::READ
[DEBUG][2024-06-13 18:40:10]:=====START======
[DEBUG][2024-06-13 18:40:10]:=====REQUESTLINE======
[DEBUG][2024-06-13 18:40:10]:=====HEADER======
[DEBUG][2024-06-13 18:40:10]:=====BODY======
[DEBUG][2024-06-13 18:40:10]:STATE::WRITE
[DEBUG][2024-06-13 18:40:10]:STATE::READ
[DEBUG][2024-06-13 18:40:10]:=====START======
[DEBUG][2024-06-13 18:40:10]:=====REQUESTLINE======
[DEBUG][2024-06-13 18:40:10]:=====HEADER======
[DEBUG][2024-06-13 18:40:10]:=====BODY======
[DEBUG][2024-06-13 18:40:10]:STATE::WRITE
[DEBUG][2024-06-13 18:40:10]:STATE::READ
[DEBUG][2024-06-13 18:40:10]:=====START======
[DEBUG][2024-06-13 18:40:10]:=====REQUESTLINE======
[DEBUG][2024-06-13 18:40:10]:=====HEADER======
[DEBUG][2024-06-13 18:40:10]:=====BODY======
[DEBUG][2024-06-13 18:40:10]:STATE::WRITE
[DEBUG][2024-06-13 18:40:11]:STATE::READ
[DEBUG][2024-06-13 18:40:11]:=====START======
[DEBUG][2024-06-13 18:40:11]:=====REQUESTLINE======
[DEBUG][2024-06-13 18:40:11]:=====HEADER======
[DEBUG][2024-06-13 18:40:11]:=====BODY======
[DEBUG][2024-06-13 18:40:11]:STATE::WRITE
[DEBUG][2024-06-13 18:40:11]:STATE::READ
[DEBUG][2024-06-13 18:40:11]:=====START======
[DEBUG][2024-06-13 18:40:11]:=====REQUESTLINE======
[DEBUG][2024-06-13 18:40:11]:=====HEADER======
[DEBUG][2024-06-13 18:40:11]:=====BODY======
[DEBUG][2024-06-13 18:40:11]:STATE::WRITE
[DEBUG][2024-06-13 18:40:11]:STATE::READ
[DEBUG][2024-06-13 18:40:11]:=====START======
[DEBUG][2024-06-13 18:40:11]:=====REQUESTLINE======
[DEBUG][2024-06-13 18:40:11]:=====HEADER======
[DEBUG][2024-06-13 18:40:11]:=====BODY======
[DEBUG][2024-06-13 18:40:11]:STATE::WRITE
[DEBUG][2024-06-13 18:40:11]:STATE::READ
[DEBUG][2024-06-13 18:40:11]:=====START======
[DEBUG][2024-06-13 18:40:11]:=====REQUESTLINE======
[DEBUG][2024-06-13 18:40:11]:=====HEADER======
[DEBUG][2024-06-13 18:40:11]:=====BODY======
[DEBUG][2024-06-13 18:40:11]:STATE::WRITE
[DEBUG][2024-06-13 18:40:11]:STATE::READ
[DEBUG][2024-06-13 18:40:11]:=====START======
[DEBUG][2024-06-13 18:40:11]:=====REQUESTLINE======
[DEBUG][2024-06-13 18:40:11]:=====HEADER======
[DEBUG][2024-06-13 18:40:11]:=====BODY======
[DEBUG][2024-06-13 18:40:11]:STATE::WRITE
[DEBUG][2024-06-13 18:40:11]:STATE::READ
[DEBUG][2024-06-13 18:40:11]:=====START======
[DEBUG][2024-06-13 18:40:11]:=====REQUESTLINE======
[DEBUG][2024-06-13 18:40:11]:=====HEADER======
[DEBUG][2024-06-13 18:40:11]:=====BODY======
[DEBUG][2024-06-13 18:40:11]:STATE::WRITE
[DEBUG][2024-06-13 18:40:12]:STATE::READ
[DEBUG][2024-06-13 18:40:12]:=====START======
[DEBUG][2024-06-13 18:40:12]:=====REQUESTLINE======
[DEBUG][2024-06-13 18:40:12]:=====HEADER======
[DEBUG][2024-06-13 18:40:12]:=====BODY======
[DEBUG][2024-06-13 18:40:12]:STATE::WRITE
[DEBUG][2024-06-13 18:40:12]:STATE::READ
[DEBUG][2024-06-13 18:40:12]:=====START======
[DEBUG][2024-06-13 18:40:12]:=====REQUESTLINE======
[DEBUG][2024-06-13 18:40:12]:=====HEADER======
[DEBUG][2024-06-13 18:40:12]:=====BODY======
[DEBUG][2024-06-13 18:40:12]:STATE::WRITE
[DEBUG][2024-06-13 18:40:12]:STATE::READ
[DEBUG][2024-06-13 18:40:12]:=====START======
[DEBUG][2024-06-13 18:40:12]:=====REQUESTLINE======
[DEBUG][2024-06-13 18:40:12]:=====HEADER======
[DEBUG][2024-06-13 18:40:12]:=====BODY======
[DEBUG][2024-06-13 18:40:12]:STATE::WRITE
[DEBUG][2024-06-13 18:40:12]:STATE::READ
[DEBUG][2024-06-13 18:40:12]:=====START======
[DEBUG][2024-06-13 18:40:12]:=====REQUESTLINE======
[DEBUG][2024-06-13 18:40:12]:=====HEADER======
[DEBUG][2024-06-13 18:40:12]:=====BODY======
[DEBUG][2024-06-13 18:40:12]:STATE::WRITE
[DEBUG][2024-06-13 18:40:12]:STATE::READ
[DEBUG][2024-06-13 18:40:12]:=====START======
[DEBUG][2024-06-13 18:40:12]:=====REQUESTLINE======
[DEBUG][2024-06-13 18:40:12]:=====HEADER======
[DEBUG][2024-06-13 18:40:12]:=====BODY======
[DEBUG][2024-06-13 18:40:12]:STATE::WRITE
[DEBUG][2024-06-13 18:40:12]:STATE::READ
[DEBUG][2024-06-13 18:40:12]:=====START======
[DEBUG][2024-06-13 18:40:12]:=====REQUESTLINE======
[DEBUG][2024-06-13 18:40:12]:=====HEADER======
[DEBUG][2024-06-13 18:40:12]:=====BODY======
[DEBUG][2024-06-13 18:40:12]:STATE::WRITE
[INFO][2024-06-13 18:43:02]:client 192.168.10.3 visit.
[INFO][2024-06-13 18:43:07]:client 192.168.10.3 visit.
[DEBUG][2024-06-13 18:43:07]:STATE::READ
[DEBUG][2024-06-13 18:43:07]:=====START======
[DEBUG][2024-06-13 18:43:07]:=====REQUESTLINE======
[DEBUG][2024-06-13 18:43:07]:=====HEADER======
[DEBUG][2024-06-13 18:43:07]:=====BODY======
[DEBUG][2024-06-13 18:43:07]:STATE::WRITE
[DEBUG][2024-06-13 18:43:10]:STATE::READ
[DEBUG][2024-06-13 18:43:10]:=====START======
[DEBUG][2024-06-13 18:43:10]:=====REQUESTLINE======
[DEBUG][2024-06-13 18:43:10]:=====HEADER======
[DEBUG][2024-06-13 18:43:10]:=====BODY======
[DEBUG][2024-06-13 18:43:10]:STATE::WRITE
[DEBUG][2024-06-13 18:43:27]:STATE::READ
[DEBUG][2024-06-13 18:43:27]:=====START======
[DEBUG][2024-06-13 18:43:27]:=====REQUESTLINE======
[DEBUG][2024-06-13 18:43:27]:=====HEADER======
[DEBUG][2024-06-13 18:43:27]:=====BODY======
[DEBUG][2024-06-13 18:43:27]:STATE::WRITE
[DEBUG][2024-06-13 18:43:53]:STATE::READ
[DEBUG][2024-06-13 18:43:53]:=====START======
[DEBUG][2024-06-13 18:43:53]:=====REQUESTLINE======
[DEBUG][2024-06-13 18:43:53]:=====HEADER======
[DEBUG][2024-06-13 18:43:53]:=====BODY======
[DEBUG][2024-06-13 18:43:53]:STATE::WRITE
[DEBUG][2024-06-13 18:43:54]:STATE::READ
[DEBUG][2024-06-13 18:43:54]:=====START======
[DEBUG][2024-06-13 18:43:54]:=====REQUESTLINE======
[DEBUG][2024-06-13 18:43:54]:=====HEADER======
[DEBUG][2024-06-13 18:43:54]:=====BODY======
[DEBUG][2024-06-13 18:43:54]:STATE::WRITE
[DEBUG][2024-06-13 18:43:55]:STATE::READ
[DEBUG][2024-06-13 18:43:55]:=====START======
[DEBUG][2024-06-13 18:43:55]:=====REQUESTLINE======
[DEBUG][2024-06-13 18:43:55]:=====HEADER======
[DEBUG][2024-06-13 18:43:55]:=====BODY======
[DEBUG][2024-06-13 18:43:55]:STATE::WRITE
[DEBUG][2024-06-13 18:43:56]:STATE::READ
[DEBUG][2024-06-13 18:43:56]:=====START======
[DEBUG][2024-06-13 18:43:56]:=====REQUESTLINE======
[DEBUG][2024-06-13 18:43:56]:=====HEADER======
[DEBUG][2024-06-13 18:43:56]:=====BODY======
[DEBUG][2024-06-13 18:43:56]:STATE::WRITE
[DEBUG][2024-06-13 18:43:56]:STATE::READ
[DEBUG][2024-06-13 18:43:56]:=====START======
[DEBUG][2024-06-13 18:43:56]:=====REQUESTLINE======
[DEBUG][2024-06-13 18:43:56]:=====HEADER======
[DEBUG][2024-06-13 18:43:56]:=====BODY======
[DEBUG][2024-06-13 18:43:56]:STATE::WRITE
[DEBUG][2024-06-13 18:43:57]:STATE::READ
[DEBUG][2024-06-13 18:43:57]:=====START======
[DEBUG][2024-06-13 18:43:57]:=====REQUESTLINE======
[DEBUG][2024-06-13 18:43:57]:=====HEADER======
[DEBUG][2024-06-13 18:43:57]:=====BODY======
[DEBUG][2024-06-13 18:43:57]:STATE::WRITE
[DEBUG][2024-06-13 18:43:57]:STATE::READ
[DEBUG][2024-06-13 18:43:57]:=====START======
[DEBUG][2024-06-13 18:43:57]:=====REQUESTLINE======
[DEBUG][2024-06-13 18:43:57]:=====HEADER======
[DEBUG][2024-06-13 18:43:57]:=====BODY======
[DEBUG][2024-06-13 18:43:57]:STATE::WRITE
[DEBUG][2024-06-13 18:43:57]:STATE::READ
[DEBUG][2024-06-13 18:43:57]:=====START======
[DEBUG][2024-06-13 18:43:57]:=====REQUESTLINE======
[DEBUG][2024-06-13 18:43:57]:=====HEADER======
[DEBUG][2024-06-13 18:43:57]:=====BODY======
[DEBUG][2024-06-13 18:43:57]:STATE::WRITE
[DEBUG][2024-06-13 18:43:58]:STATE::READ
[DEBUG][2024-06-13 18:43:58]:=====START======
[DEBUG][2024-06-13 18:43:58]:=====REQUESTLINE======
[DEBUG][2024-06-13 18:43:58]:=====HEADER======
[DEBUG][2024-06-13 18:43:58]:=====BODY======
[DEBUG][2024-06-13 18:43:58]:STATE::WRITE
[DEBUG][2024-06-13 18:43:58]:STATE::READ
[DEBUG][2024-06-13 18:43:58]:=====START======
[DEBUG][2024-06-13 18:43:58]:=====REQUESTLINE======
[DEBUG][2024-06-13 18:43:58]:=====HEADER======
[DEBUG][2024-06-13 18:43:58]:=====BODY======
[DEBUG][2024-06-13 18:43:58]:STATE::WRITE
[DEBUG][2024-06-13 18:43:58]:STATE::READ
[DEBUG][2024-06-13 18:43:58]:=====START======
[DEBUG][2024-06-13 18:43:58]:=====REQUESTLINE======
[DEBUG][2024-06-13 18:43:58]:=====HEADER======
[DEBUG][2024-06-13 18:43:58]:=====BODY======
[DEBUG][2024-06-13 18:43:58]:STATE::WRITE
[DEBUG][2024-06-13 18:43:59]:STATE::READ
[DEBUG][2024-06-13 18:43:59]:=====START======
[DEBUG][2024-06-13 18:43:59]:=====REQUESTLINE======
[DEBUG][2024-06-13 18:43:59]:=====HEADER======
[DEBUG][2024-06-13 18:43:59]:=====BODY======
[DEBUG][2024-06-13 18:43:59]:STATE::WRITE
[DEBUG][2024-06-13 18:43:59]:STATE::READ
[DEBUG][2024-06-13 18:43:59]:=====START======
[DEBUG][2024-06-13 18:43:59]:=====REQUESTLINE======
[DEBUG][2024-06-13 18:43:59]:=====HEADER======
[DEBUG][2024-06-13 18:43:59]:=====BODY======
[DEBUG][2024-06-13 18:43:59]:STATE::WRITE
[DEBUG][2024-06-13 18:43:59]:STATE::READ
[DEBUG][2024-06-13 18:43:59]:=====START======
[DEBUG][2024-06-13 18:43:59]:=====REQUESTLINE======
[DEBUG][2024-06-13 18:43:59]:=====HEADER======
[DEBUG][2024-06-13 18:43:59]:=====BODY======
[DEBUG][2024-06-13 18:43:59]:STATE::WRITE
[DEBUG][2024-06-13 18:44:00]:STATE::READ
[DEBUG][2024-06-13 18:44:00]:=====START======
[DEBUG][2024-06-13 18:44:00]:=====REQUESTLINE======
[DEBUG][2024-06-13 18:44:00]:=====HEADER======
[DEBUG][2024-06-13 18:44:00]:=====BODY======
[DEBUG][2024-06-13 18:44:00]:STATE::WRITE
[DEBUG][2024-06-13 18:44:00]:STATE::READ
[DEBUG][2024-06-13 18:44:00]:=====START======
[DEBUG][2024-06-13 18:44:00]:=====REQUESTLINE======
[DEBUG][2024-06-13 18:44:00]:=====HEADER======
[DEBUG][2024-06-13 18:44:00]:=====BODY======
[DEBUG][2024-06-13 18:44:00]:STATE::WRITE
[DEBUG][2024-06-13 18:45:44]:Server start...
[INFO][2024-06-13 18:45:59]:client 192.168.10.3 visit.
[DEBUG][2024-06-13 18:45:59]:STATE::READ
[DEBUG][2024-06-13 18:45:59]:=====START======
[DEBUG][2024-06-13 18:45:59]:=====REQUESTLINE======
[DEBUG][2024-06-13 18:45:59]:=====HEADER======
[DEBUG][2024-06-13 18:45:59]:STATE::WRITE
[DEBUG][2024-06-13 18:46:05]:STATE::READ
[DEBUG][2024-06-13 18:46:05]:=====START======
[DEBUG][2024-06-13 18:46:05]:=====REQUESTLINE======
[DEBUG][2024-06-13 18:46:05]:=====HEADER======
[DEBUG][2024-06-13 18:46:05]:STATE::WRITE
[DEBUG][2024-06-13 18:46:06]:STATE::READ
[DEBUG][2024-06-13 18:46:06]:=====START======
[DEBUG][2024-06-13 18:46:06]:=====REQUESTLINE======
[DEBUG][2024-06-13 18:46:06]:=====HEADER======
[DEBUG][2024-06-13 18:46:06]:STATE::WRITE
[DEBUG][2024-06-13 18:46:07]:STATE::READ
[DEBUG][2024-06-13 18:46:07]:=====START======
[DEBUG][2024-06-13 18:46:07]:=====REQUESTLINE======
[DEBUG][2024-06-13 18:46:07]:=====HEADER======
[DEBUG][2024-06-13 18:46:07]:STATE::WRITE
[DEBUG][2024-06-13 18:46:08]:STATE::READ
[DEBUG][2024-06-13 18:46:08]:=====START======
[DEBUG][2024-06-13 18:46:08]:=====REQUESTLINE======
[DEBUG][2024-06-13 18:46:08]:=====HEADER======
[DEBUG][2024-06-13 18:46:08]:STATE::WRITE
[DEBUG][2024-06-13 18:46:08]:STATE::READ
[DEBUG][2024-06-13 18:46:08]:=====START======
[DEBUG][2024-06-13 18:46:08]:=====REQUESTLINE======
[DEBUG][2024-06-13 18:46:08]:=====HEADER======
[DEBUG][2024-06-13 18:46:08]:STATE::WRITE
[DEBUG][2024-06-13 18:46:09]:STATE::READ
[DEBUG][2024-06-13 18:46:09]:=====START======
[DEBUG][2024-06-13 18:46:09]:=====REQUESTLINE======
[DEBUG][2024-06-13 18:46:09]:=====HEADER======
[DEBUG][2024-06-13 18:46:09]:STATE::WRITE
[DEBUG][2024-06-13 18:46:09]:STATE::READ
[DEBUG][2024-06-13 18:46:09]:=====START======
[DEBUG][2024-06-13 18:46:09]:=====REQUESTLINE======
[DEBUG][2024-06-13 18:46:09]:=====HEADER======
[DEBUG][2024-06-13 18:46:09]:STATE::WRITE
[DEBUG][2024-06-13 18:46:51]:STATE::READ
[DEBUG][2024-06-13 18:46:51]:=====START======
[DEBUG][2024-06-13 18:46:51]:=====REQUESTLINE======
[DEBUG][2024-06-13 18:46:51]:=====HEADER======
[DEBUG][2024-06-13 18:46:51]:STATE::WRITE
[DEBUG][2024-06-13 18:52:52]:STATE::READ
[DEBUG][2024-06-13 18:52:52]:=====START======
[DEBUG][2024-06-13 18:52:52]:=====REQUESTLINE======
[DEBUG][2024-06-13 18:52:52]:=====HEADER======
[DEBUG][2024-06-13 18:52:52]:STATE::WRITE
[DEBUG][2024-06-13 18:52:55]:STATE::READ
[DEBUG][2024-06-13 18:52:55]:=====START======
[DEBUG][2024-06-13 18:52:55]:=====REQUESTLINE======
[DEBUG][2024-06-13 18:52:55]:=====HEADER======
[ERROR][2024-06-13 18:52:55]:Folder doesn't exist!
[DEBUG][2024-06-13 18:52:55]:STATE::WRITE
[DEBUG][2024-06-13 18:53:46]:STATE::READ
[DEBUG][2024-06-13 18:53:46]:=====START======
[DEBUG][2024-06-13 18:53:46]:=====REQUESTLINE======
[DEBUG][2024-06-13 18:53:46]:=====HEADER======
[ERROR][2024-06-13 18:53:46]:Folder doesn't exist!
[DEBUG][2024-06-13 18:53:46]:STATE::WRITE
[INFO][2024-06-13 18:54:18]:client 192.168.10.3 quit.
[DEBUG][2024-06-13 18:56:07]:Server start...
[DEBUG][2024-06-13 19:05:11]:Server start...
[DEBUG][2024-06-13 19:06:29]:Server start...
[INFO][2024-06-13 19:07:47]:client 192.168.10.3 visit.
[DEBUG][2024-06-13 19:07:47]:STATE::READ
[DEBUG][2024-06-13 19:07:47]:=====START======
[DEBUG][2024-06-13 19:07:47]:=====REQUESTLINE======
[DEBUG][2024-06-13 19:07:47]:=====HEADER======
[ERROR][2024-06-13 19:07:47]:open file error!
[DEBUG][2024-06-13 19:07:47]:STATE::WRITE
[DEBUG][2024-06-13 19:08:15]:STATE::READ
[DEBUG][2024-06-13 19:08:15]:=====START======
[DEBUG][2024-06-13 19:08:15]:=====REQUESTLINE======
[DEBUG][2024-06-13 19:08:15]:=====HEADER======
[ERROR][2024-06-13 19:08:15]:open file error!
[DEBUG][2024-06-13 19:08:15]:STATE::WRITE
[DEBUG][2024-06-13 19:10:55]:Server start...
[INFO][2024-06-13 19:11:02]:client 192.168.10.3 visit.
[DEBUG][2024-06-13 19:11:02]:STATE::READ
[DEBUG][2024-06-13 19:11:02]:=====START======
[DEBUG][2024-06-13 19:11:02]:=====REQUESTLINE======
[DEBUG][2024-06-13 19:11:02]:=====HEADER======
[ERROR][2024-06-13 19:11:02]:open file error!
[DEBUG][2024-06-13 19:11:02]:STATE::WRITE
[DEBUG][2024-06-13 19:11:29]:STATE::READ
[DEBUG][2024-06-13 19:11:29]:=====START======
[DEBUG][2024-06-13 19:11:29]:=====REQUESTLINE======
[DEBUG][2024-06-13 19:11:29]:=====HEADER======
[ERROR][2024-06-13 19:11:29]:open file error!
[DEBUG][2024-06-13 19:11:29]:STATE::WRITE
[DEBUG][2024-06-13 19:11:32]:STATE::READ
[DEBUG][2024-06-13 19:11:32]:=====START======
[DEBUG][2024-06-13 19:11:32]:=====REQUESTLINE======
[DEBUG][2024-06-13 19:11:32]:=====HEADER======
[ERROR][2024-06-13 19:11:32]:open file error!
[DEBUG][2024-06-13 19:11:32]:STATE::WRITE
[DEBUG][2024-06-13 19:11:33]:STATE::READ
[DEBUG][2024-06-13 19:11:33]:=====START======
[DEBUG][2024-06-13 19:11:33]:=====REQUESTLINE======
[DEBUG][2024-06-13 19:11:33]:=====HEADER======
[ERROR][2024-06-13 19:11:33]:open file error!
[DEBUG][2024-06-13 19:11:33]:STATE::WRITE
[DEBUG][2024-06-13 19:13:05]:STATE::READ
[DEBUG][2024-06-13 19:13:05]:=====START======
[DEBUG][2024-06-13 19:13:05]:=====REQUESTLINE======
[DEBUG][2024-06-13 19:13:05]:=====HEADER======
[ERROR][2024-06-13 19:13:05]:open file error!
[DEBUG][2024-06-13 19:13:05]:STATE::WRITE
[DEBUG][2024-06-13 19:13:07]:STATE::READ
[DEBUG][2024-06-13 19:13:07]:=====START======
[DEBUG][2024-06-13 19:13:07]:=====REQUESTLINE======
[DEBUG][2024-06-13 19:13:07]:=====HEADER======
[ERROR][2024-06-13 19:13:07]:open file error!
[DEBUG][2024-06-13 19:13:07]:STATE::WRITE
[DEBUG][2024-06-13 19:13:07]:STATE::READ
[DEBUG][2024-06-13 19:13:07]:=====START======
[DEBUG][2024-06-13 19:13:07]:=====REQUESTLINE======
[DEBUG][2024-06-13 19:13:07]:=====HEADER======
[ERROR][2024-06-13 19:13:07]:open file error!
[DEBUG][2024-06-13 19:13:07]:STATE::WRITE
[DEBUG][2024-06-13 19:13:08]:STATE::READ
[DEBUG][2024-06-13 19:13:08]:=====START======
[DEBUG][2024-06-13 19:13:08]:=====REQUESTLINE======
[DEBUG][2024-06-13 19:13:08]:=====HEADER======
[ERROR][2024-06-13 19:13:08]:open file error!
[DEBUG][2024-06-13 19:13:08]:STATE::WRITE
[DEBUG][2024-06-13 19:13:25]:STATE::READ
[DEBUG][2024-06-13 19:13:25]:=====START======
[DEBUG][2024-06-13 19:13:25]:=====REQUESTLINE======
[DEBUG][2024-06-13 19:13:25]:=====HEADER======
[ERROR][2024-06-13 19:13:25]:open file error!
[DEBUG][2024-06-13 19:13:25]:STATE::WRITE
[DEBUG][2024-06-13 19:13:45]:STATE::READ
[DEBUG][2024-06-13 19:13:45]:=====START======
[DEBUG][2024-06-13 19:13:45]:=====REQUESTLINE======
[DEBUG][2024-06-13 19:13:45]:=====HEADER======
[ERROR][2024-06-13 19:13:45]:open file error!
[DEBUG][2024-06-13 19:13:45]:STATE::WRITE
[DEBUG][2024-06-13 19:15:22]:STATE::READ
[DEBUG][2024-06-13 19:15:22]:=====START======
[DEBUG][2024-06-13 19:15:22]:=====REQUESTLINE======
[DEBUG][2024-06-13 19:15:22]:=====HEADER======
[ERROR][2024-06-13 19:15:22]:open file error!
[DEBUG][2024-06-13 19:15:22]:STATE::WRITE
[DEBUG][2024-06-13 19:16:51]:STATE::READ
[DEBUG][2024-06-13 19:16:51]:=====START======
[DEBUG][2024-06-13 19:16:51]:=====REQUESTLINE======
[DEBUG][2024-06-13 19:16:51]:=====HEADER======
[ERROR][2024-06-13 19:16:51]:open file error!
[DEBUG][2024-06-13 19:16:51]:STATE::WRITE
[DEBUG][2024-06-13 19:16:54]:STATE::READ
[DEBUG][2024-06-13 19:16:54]:=====START======
[DEBUG][2024-06-13 19:16:54]:=====REQUESTLINE======
[DEBUG][2024-06-13 19:16:54]:=====HEADER======
[ERROR][2024-06-13 19:16:54]:open file error!
[DEBUG][2024-06-13 19:16:54]:STATE::WRITE
[DEBUG][2024-06-13 19:16:55]:STATE::READ
[DEBUG][2024-06-13 19:16:55]:=====START======
[DEBUG][2024-06-13 19:16:55]:=====REQUESTLINE======
[DEBUG][2024-06-13 19:16:55]:=====HEADER======
[ERROR][2024-06-13 19:16:55]:open file error!
[DEBUG][2024-06-13 19:16:55]:STATE::WRITE
[DEBUG][2024-06-13 19:21:41]:STATE::READ
[DEBUG][2024-06-13 19:21:41]:=====START======
[DEBUG][2024-06-13 19:21:41]:=====REQUESTLINE======
[DEBUG][2024-06-13 19:21:41]:=====HEADER======
[DEBUG][2024-06-13 19:21:41]:STATE::WRITE
[DEBUG][2024-06-13 19:22:01]:STATE::READ
[DEBUG][2024-06-13 19:22:01]:=====START======
[DEBUG][2024-06-13 19:22:01]:=====REQUESTLINE======
[DEBUG][2024-06-13 19:22:01]:=====HEADER======
[DEBUG][2024-06-13 19:22:01]:STATE::WRITE
[DEBUG][2024-06-13 19:22:08]:STATE::READ
[DEBUG][2024-06-13 19:22:08]:=====START======
[DEBUG][2024-06-13 19:22:08]:=====REQUESTLINE======
[DEBUG][2024-06-13 19:22:08]:=====HEADER======
[DEBUG][2024-06-13 19:22:08]:STATE::WRITE
[DEBUG][2024-06-13 19:22:22]:STATE::READ
[DEBUG][2024-06-13 19:22:22]:=====START======
[DEBUG][2024-06-13 19:22:22]:=====REQUESTLINE======
[DEBUG][2024-06-13 19:22:22]:=====HEADER======
[DEBUG][2024-06-13 19:22:22]:STATE::WRITE
[DEBUG][2024-06-13 19:24:15]:Server start...
[INFO][2024-06-13 19:24:19]:client 192.168.10.3 visit.
[DEBUG][2024-06-13 19:24:19]:STATE::READ
[DEBUG][2024-06-13 19:24:19]:=====START======
[DEBUG][2024-06-13 19:24:19]:=====REQUESTLINE======
[DEBUG][2024-06-13 19:24:19]:=====HEADER======
[DEBUG][2024-06-13 19:24:19]:STATE::WRITE
[DEBUG][2024-06-13 19:24:59]:STATE::READ
[DEBUG][2024-06-13 19:24:59]:=====START======
[DEBUG][2024-06-13 19:24:59]:=====REQUESTLINE======
[DEBUG][2024-06-13 19:24:59]:=====HEADER======
[DEBUG][2024-06-13 19:24:59]:STATE::WRITE
[DEBUG][2024-06-13 19:25:04]:STATE::READ
[DEBUG][2024-06-13 19:25:04]:=====START======
[DEBUG][2024-06-13 19:25:04]:=====REQUESTLINE======
[DEBUG][2024-06-13 19:25:04]:=====HEADER======
[DEBUG][2024-06-13 19:25:04]:STATE::WRITE
[DEBUG][2024-06-13 19:25:31]:STATE::READ
[DEBUG][2024-06-13 19:25:31]:=====START======
[DEBUG][2024-06-13 19:25:31]:=====REQUESTLINE======
[DEBUG][2024-06-13 19:25:31]:=====HEADER======
[DEBUG][2024-06-13 19:25:31]:STATE::WRITE
[DEBUG][2024-06-13 19:25:32]:STATE::READ
[DEBUG][2024-06-13 19:25:32]:=====START======
[DEBUG][2024-06-13 19:25:32]:=====REQUESTLINE======
[DEBUG][2024-06-13 19:25:32]:=====HEADER======
[DEBUG][2024-06-13 19:25:32]:STATE::WRITE
[DEBUG][2024-06-13 19:25:32]:STATE::READ
[DEBUG][2024-06-13 19:25:32]:=====START======
[DEBUG][2024-06-13 19:25:32]:=====REQUESTLINE======
[DEBUG][2024-06-13 19:25:32]:=====HEADER======
[DEBUG][2024-06-13 19:25:32]:STATE::WRITE
[DEBUG][2024-06-13 19:27:56]:STATE::READ
[DEBUG][2024-06-13 19:27:56]:=====START======
[DEBUG][2024-06-13 19:27:56]:=====REQUESTLINE======
[DEBUG][2024-06-13 19:27:56]:=====HEADER======
[DEBUG][2024-06-13 19:27:56]:STATE::WRITE
[DEBUG][2024-06-13 19:30:51]:Server start...
[INFO][2024-06-13 19:30:55]:client 192.168.10.3 visit.
[DEBUG][2024-06-13 19:30:55]:STATE::READ
[DEBUG][2024-06-13 19:30:55]:=====START======
[DEBUG][2024-06-13 19:30:55]:=====REQUESTLINE======
[DEBUG][2024-06-13 19:30:55]:=====HEADER======
[DEBUG][2024-06-13 19:30:55]:STATE::WRITE
[DEBUG][2024-06-13 19:32:25]:STATE::READ
[DEBUG][2024-06-13 19:32:25]:=====START======
[DEBUG][2024-06-13 19:32:25]:=====REQUESTLINE======
[DEBUG][2024-06-13 19:32:25]:=====HEADER======
[DEBUG][2024-06-13 19:32:25]:STATE::WRITE
[DEBUG][2024-06-13 19:32:38]:STATE::READ
[DEBUG][2024-06-13 19:32:38]:=====START======
[DEBUG][2024-06-13 19:32:38]:=====REQUESTLINE======
[DEBUG][2024-06-13 19:32:38]:=====HEADER======
[DEBUG][2024-06-13 19:32:38]:STATE::WRITE
[DEBUG][2024-06-13 19:32:39]:STATE::READ
[DEBUG][2024-06-13 19:32:39]:=====START======
[DEBUG][2024-06-13 19:32:39]:=====REQUESTLINE======
[DEBUG][2024-06-13 19:32:39]:=====HEADER======
[DEBUG][2024-06-13 19:32:39]:STATE::WRITE
[DEBUG][2024-06-13 19:32:40]:STATE::READ
[DEBUG][2024-06-13 19:32:40]:=====START======
[DEBUG][2024-06-13 19:32:40]:=====REQUESTLINE======
[DEBUG][2024-06-13 19:32:40]:=====HEADER======
[DEBUG][2024-06-13 19:32:40]:STATE::WRITE
[DEBUG][2024-06-13 19:32:45]:STATE::READ
[DEBUG][2024-06-13 19:32:45]:=====START======
[DEBUG][2024-06-13 19:32:45]:=====REQUESTLINE======
[DEBUG][2024-06-13 19:32:45]:=====HEADER======
[DEBUG][2024-06-13 19:32:45]:STATE::WRITE
[DEBUG][2024-06-13 19:32:48]:STATE::READ
[DEBUG][2024-06-13 19:32:48]:=====START======
[DEBUG][2024-06-13 19:32:48]:=====REQUESTLINE======
[DEBUG][2024-06-13 19:32:48]:=====HEADER======
[DEBUG][2024-06-13 19:32:48]:STATE::WRITE
[DEBUG][2024-06-13 19:32:52]:STATE::READ
[DEBUG][2024-06-13 19:32:52]:=====START======
[DEBUG][2024-06-13 19:32:52]:=====REQUESTLINE======
[DEBUG][2024-06-13 19:32:52]:=====HEADER======
[DEBUG][2024-06-13 19:32:52]:STATE::WRITE
[DEBUG][2024-06-13 19:37:34]:STATE::READ
[DEBUG][2024-06-13 19:37:34]:=====START======
[DEBUG][2024-06-13 19:37:34]:=====REQUESTLINE======
[DEBUG][2024-06-13 19:37:34]:=====HEADER======
[DEBUG][2024-06-13 19:37:34]:STATE::WRITE
[DEBUG][2024-06-13 19:37:41]:STATE::READ
[DEBUG][2024-06-13 19:37:41]:=====START======
[DEBUG][2024-06-13 19:37:41]:=====REQUESTLINE======
[DEBUG][2024-06-13 19:37:41]:=====HEADER======
[DEBUG][2024-06-13 19:37:41]:STATE::WRITE
[INFO][2024-06-13 19:53:12]:client 192.168.10.3 quit.
[INFO][2024-06-13 19:56:49]:client 192.168.10.3 visit.
[DEBUG][2024-06-13 19:56:49]:STATE::READ
[DEBUG][2024-06-13 19:56:49]:=====START======
[DEBUG][2024-06-13 19:56:49]:=====REQUESTLINE======
[DEBUG][2024-06-13 19:56:49]:=====HEADER======
[DEBUG][2024-06-13 19:56:49]:STATE::WRITE
[DEBUG][2024-06-13 19:56:56]:STATE::READ
[DEBUG][2024-06-13 19:56:56]:=====START======
[DEBUG][2024-06-13 19:56:56]:=====REQUESTLINE======
[DEBUG][2024-06-13 19:56:56]:=====HEADER======
[DEBUG][2024-06-13 19:56:56]:STATE::WRITE
[DEBUG][2024-06-13 19:57:24]:STATE::READ
[DEBUG][2024-06-13 19:57:24]:=====START======
[DEBUG][2024-06-13 19:57:24]:=====REQUESTLINE======
[DEBUG][2024-06-13 19:57:24]:=====HEADER======
[DEBUG][2024-06-13 19:57:24]:STATE::WRITE
[DEBUG][2024-06-13 19:59:19]:STATE::READ
[DEBUG][2024-06-13 19:59:19]:=====START======
[DEBUG][2024-06-13 19:59:19]:=====REQUESTLINE======
[DEBUG][2024-06-13 19:59:19]:=====HEADER======
[DEBUG][2024-06-13 19:59:19]:STATE::WRITE
[INFO][2024-06-13 20:04:31]:client 192.168.10.3 quit.
[INFO][2024-06-13 20:04:49]:client 192.168.10.3 visit.
[DEBUG][2024-06-13 20:04:49]:STATE::READ
[DEBUG][2024-06-13 20:04:49]:=====START======
[DEBUG][2024-06-13 20:04:49]:=====REQUESTLINE======
[DEBUG][2024-06-13 20:04:49]:=====HEADER======
[DEBUG][2024-06-13 20:04:49]:STATE::WRITE
[DEBUG][2024-06-13 20:05:16]:STATE::READ
[DEBUG][2024-06-13 20:05:16]:=====START======
[DEBUG][2024-06-13 20:05:16]:=====REQUESTLINE======
[DEBUG][2024-06-13 20:05:16]:=====HEADER======
[DEBUG][2024-06-13 20:05:16]:STATE::WRITE
[DEBUG][2024-06-13 20:05:52]:STATE::READ
[DEBUG][2024-06-13 20:05:52]:=====START======
[DEBUG][2024-06-13 20:05:52]:=====REQUESTLINE======
[DEBUG][2024-06-13 20:05:52]:=====HEADER======
[DEBUG][2024-06-13 20:05:52]:STATE::WRITE
[DEBUG][2024-06-13 20:09:37]:STATE::READ
[DEBUG][2024-06-13 20:09:37]:=====START======
[DEBUG][2024-06-13 20:09:37]:=====REQUESTLINE======
[DEBUG][2024-06-13 20:09:37]:=====HEADER======
[ERROR][2024-06-13 20:09:37]:Folder doesn't exist!
[DEBUG][2024-06-13 20:09:37]:STATE::WRITE
[DEBUG][2024-06-13 20:09:42]:STATE::READ
[DEBUG][2024-06-13 20:09:42]:=====START======
[DEBUG][2024-06-13 20:09:42]:=====REQUESTLINE======
[DEBUG][2024-06-13 20:09:42]:=====HEADER======
[ERROR][2024-06-13 20:09:42]:Folder doesn't exist!
[DEBUG][2024-06-13 20:09:42]:STATE::WRITE
[DEBUG][2024-06-13 20:09:54]:STATE::READ
[DEBUG][2024-06-13 20:09:54]:=====START======
[DEBUG][2024-06-13 20:09:54]:=====REQUESTLINE======
[DEBUG][2024-06-13 20:09:54]:=====HEADER======
[DEBUG][2024-06-13 20:09:54]:STATE::WRITE
[DEBUG][2024-06-13 20:09:54]:STATE::READ
[DEBUG][2024-06-13 20:09:54]:=====START======
[DEBUG][2024-06-13 20:09:54]:=====REQUESTLINE======
[DEBUG][2024-06-13 20:09:54]:=====HEADER======
[ERROR][2024-06-13 20:09:54]:Folder doesn't exist!
[DEBUG][2024-06-13 20:09:54]:STATE::WRITE
[DEBUG][2024-06-13 20:11:12]:Server start...
[INFO][2024-06-13 20:11:21]:client 192.168.10.3 visit.
[DEBUG][2024-06-13 20:11:21]:STATE::READ
[DEBUG][2024-06-13 20:11:21]:=====START======
[DEBUG][2024-06-13 20:11:21]:=====REQUESTLINE======
[DEBUG][2024-06-13 20:11:21]:=====HEADER======
[DEBUG][2024-06-13 20:11:21]:STATE::WRITE
[DEBUG][2024-06-13 20:11:21]:STATE::READ
[DEBUG][2024-06-13 20:11:21]:=====START======
[DEBUG][2024-06-13 20:11:21]:=====REQUESTLINE======
[DEBUG][2024-06-13 20:11:21]:=====HEADER======
[DEBUG][2024-06-13 20:11:21]:STATE::WRITE
[DEBUG][2024-06-13 20:12:09]:STATE::READ
[DEBUG][2024-06-13 20:12:09]:=====START======
[DEBUG][2024-06-13 20:12:09]:=====REQUESTLINE======
[DEBUG][2024-06-13 20:12:09]:=====HEADER======
[DEBUG][2024-06-13 20:12:09]:STATE::WRITE
[DEBUG][2024-06-13 20:13:43]:STATE::READ
[DEBUG][2024-06-13 20:13:43]:=====START======
[DEBUG][2024-06-13 20:13:43]:=====REQUESTLINE======
[DEBUG][2024-06-13 20:13:43]:=====HEADER======
[DEBUG][2024-06-13 20:13:43]:STATE::WRITE
[DEBUG][2024-06-13 20:14:42]:STATE::READ
[DEBUG][2024-06-13 20:14:42]:=====START======
[DEBUG][2024-06-13 20:14:42]:=====REQUESTLINE======
[DEBUG][2024-06-13 20:14:42]:=====HEADER======
[DEBUG][2024-06-13 20:14:42]:STATE::WRITE
[DEBUG][2024-06-13 20:16:07]:STATE::READ
[DEBUG][2024-06-13 20:16:07]:=====START======
[DEBUG][2024-06-13 20:16:07]:=====REQUESTLINE======
[DEBUG][2024-06-13 20:16:07]:=====HEADER======
[DEBUG][2024-06-13 20:16:07]:STATE::WRITE
[DEBUG][2024-06-13 20:16:13]:STATE::READ
[DEBUG][2024-06-13 20:16:13]:=====START======
[DEBUG][2024-06-13 20:16:13]:=====REQUESTLINE======
[DEBUG][2024-06-13 20:16:13]:=====HEADER======
[DEBUG][2024-06-13 20:16:13]:STATE::WRITE
[DEBUG][2024-06-13 20:16:51]:STATE::READ
[DEBUG][2024-06-13 20:16:51]:=====START======
[DEBUG][2024-06-13 20:16:51]:=====REQUESTLINE======
[DEBUG][2024-06-13 20:16:51]:=====HEADER======
[DEBUG][2024-06-13 20:16:51]:STATE::WRITE
[DEBUG][2024-06-13 20:17:23]:STATE::READ
[DEBUG][2024-06-13 20:17:23]:=====START======
[DEBUG][2024-06-13 20:17:23]:=====REQUESTLINE======
[DEBUG][2024-06-13 20:17:23]:=====HEADER======
[DEBUG][2024-06-13 20:17:23]:STATE::WRITE
[DEBUG][2024-06-13 20:17:30]:STATE::READ
[DEBUG][2024-06-13 20:17:30]:=====START======
[DEBUG][2024-06-13 20:17:30]:=====REQUESTLINE======
[DEBUG][2024-06-13 20:17:30]:=====HEADER======
[DEBUG][2024-06-13 20:17:30]:STATE::WRITE
[DEBUG][2024-06-13 20:17:51]:STATE::READ
[DEBUG][2024-06-13 20:17:51]:=====START======
[DEBUG][2024-06-13 20:17:51]:=====REQUESTLINE======
[DEBUG][2024-06-13 20:17:51]:=====HEADER======
[ERROR][2024-06-13 20:17:51]:Folder doesn't exist!
[DEBUG][2024-06-13 20:17:51]:STATE::WRITE
[DEBUG][2024-06-13 20:18:13]:STATE::READ
[DEBUG][2024-06-13 20:18:13]:=====START======
[DEBUG][2024-06-13 20:18:13]:=====REQUESTLINE======
[DEBUG][2024-06-13 20:18:13]:=====HEADER======
[DEBUG][2024-06-13 20:18:13]:STATE::WRITE
[DEBUG][2024-06-13 20:18:13]:STATE::READ
[DEBUG][2024-06-13 20:18:13]:=====START======
[DEBUG][2024-06-13 20:18:13]:=====REQUESTLINE======
[DEBUG][2024-06-13 20:18:13]:=====HEADER======
[ERROR][2024-06-13 20:18:13]:Folder doesn't exist!
[DEBUG][2024-06-13 20:18:13]:STATE::WRITE
[DEBUG][2024-06-13 20:18:24]:STATE::READ
[DEBUG][2024-06-13 20:18:24]:=====START======
[DEBUG][2024-06-13 20:18:24]:=====REQUESTLINE======
[DEBUG][2024-06-13 20:18:24]:=====HEADER======
[ERROR][2024-06-13 20:18:24]:Folder doesn't exist!
[DEBUG][2024-06-13 20:18:24]:STATE::WRITE
[DEBUG][2024-06-13 20:18:27]:STATE::READ
[DEBUG][2024-06-13 20:18:27]:=====START======
[DEBUG][2024-06-13 20:18:27]:=====REQUESTLINE======
[DEBUG][2024-06-13 20:18:27]:=====HEADER======
[ERROR][2024-06-13 20:18:27]:Folder doesn't exist!
[DEBUG][2024-06-13 20:18:27]:STATE::WRITE
[DEBUG][2024-06-13 20:18:43]:STATE::READ
[DEBUG][2024-06-13 20:18:43]:=====START======
[DEBUG][2024-06-13 20:18:43]:=====REQUESTLINE======
[DEBUG][2024-06-13 20:18:43]:=====HEADER======
[ERROR][2024-06-13 20:18:43]:Folder doesn't exist!
[DEBUG][2024-06-13 20:18:43]:STATE::WRITE
[INFO][2024-06-13 20:18:50]:client 192.168.10.3 visit.
[DEBUG][2024-06-13 20:18:50]:STATE::READ
[DEBUG][2024-06-13 20:18:50]:=====START======
[DEBUG][2024-06-13 20:18:50]:=====REQUESTLINE======
[DEBUG][2024-06-13 20:19:22]:Server start...
[INFO][2024-06-13 20:19:23]:client 192.168.10.3 visit.
[DEBUG][2024-06-13 20:19:23]:STATE::READ
[DEBUG][2024-06-13 20:19:23]:=====START======
[DEBUG][2024-06-13 20:19:23]:=====REQUESTLINE======
[DEBUG][2024-06-13 20:19:23]:=====HEADER======
[DEBUG][2024-06-13 20:19:23]:STATE::WRITE
[DEBUG][2024-06-13 20:19:23]:STATE::READ
[DEBUG][2024-06-13 20:19:23]:=====START======
[DEBUG][2024-06-13 20:19:23]:=====REQUESTLINE======
[DEBUG][2024-06-13 20:19:23]:=====HEADER======
[DEBUG][2024-06-13 20:19:23]:STATE::WRITE
[DEBUG][2024-06-13 20:20:13]:Server start...
[INFO][2024-06-13 20:20:25]:client 192.168.10.3 visit.
[DEBUG][2024-06-13 20:20:25]:STATE::READ
[DEBUG][2024-06-13 20:20:25]:=====START======
[DEBUG][2024-06-13 20:20:25]:=====REQUESTLINE======
[DEBUG][2024-06-13 20:20:25]:=====HEADER======
[DEBUG][2024-06-13 20:20:25]:STATE::WRITE
[DEBUG][2024-06-13 20:20:25]:STATE::READ
[DEBUG][2024-06-13 20:20:25]:=====START======
[DEBUG][2024-06-13 20:20:25]:=====REQUESTLINE======
[DEBUG][2024-06-13 20:20:25]:=====HEADER======
[DEBUG][2024-06-13 20:20:25]:STATE::WRITE
[DEBUG][2024-06-13 20:20:37]:STATE::READ
[DEBUG][2024-06-13 20:20:37]:=====START======
[DEBUG][2024-06-13 20:20:37]:=====REQUESTLINE======
[DEBUG][2024-06-13 20:20:37]:=====HEADER======
[DEBUG][2024-06-13 20:20:37]:STATE::WRITE
[DEBUG][2024-06-13 20:20:39]:STATE::READ
[DEBUG][2024-06-13 20:20:39]:=====START======
[DEBUG][2024-06-13 20:20:39]:=====REQUESTLINE======
[DEBUG][2024-06-13 20:20:39]:=====HEADER======
[DEBUG][2024-06-13 20:20:39]:STATE::WRITE
[DEBUG][2024-06-13 20:20:40]:STATE::READ
[DEBUG][2024-06-13 20:20:40]:=====START======
[DEBUG][2024-06-13 20:20:40]:=====REQUESTLINE======
[DEBUG][2024-06-13 20:20:40]:=====HEADER======
[DEBUG][2024-06-13 20:20:40]:STATE::WRITE
[DEBUG][2024-06-13 20:20:42]:STATE::READ
[DEBUG][2024-06-13 20:20:42]:=====START======
[DEBUG][2024-06-13 20:20:42]:=====REQUESTLINE======
[DEBUG][2024-06-13 20:20:42]:=====HEADER======
[DEBUG][2024-06-13 20:20:42]:STATE::WRITE
[DEBUG][2024-06-13 20:20:43]:STATE::READ
[DEBUG][2024-06-13 20:20:43]:=====START======
[DEBUG][2024-06-13 20:20:43]:=====REQUESTLINE======
[DEBUG][2024-06-13 20:20:43]:=====HEADER======
[DEBUG][2024-06-13 20:20:43]:STATE::WRITE
[DEBUG][2024-06-13 20:20:43]:STATE::READ
[DEBUG][2024-06-13 20:20:43]:=====START======
[DEBUG][2024-06-13 20:20:43]:=====REQUESTLINE======
[DEBUG][2024-06-13 20:20:43]:=====HEADER======
[DEBUG][2024-06-13 20:20:43]:STATE::WRITE
[DEBUG][2024-06-13 20:20:44]:STATE::READ
[DEBUG][2024-06-13 20:20:44]:=====START======
[DEBUG][2024-06-13 20:20:44]:=====REQUESTLINE======
[DEBUG][2024-06-13 20:20:44]:=====HEADER======
[DEBUG][2024-06-13 20:20:44]:STATE::WRITE
[DEBUG][2024-06-13 20:20:45]:STATE::READ
[DEBUG][2024-06-13 20:20:45]:=====START======
[DEBUG][2024-06-13 20:20:45]:=====REQUESTLINE======
[DEBUG][2024-06-13 20:20:45]:=====HEADER======
[DEBUG][2024-06-13 20:20:45]:STATE::WRITE
[DEBUG][2024-06-13 20:20:45]:STATE::READ
[DEBUG][2024-06-13 20:20:45]:=====START======
[DEBUG][2024-06-13 20:20:45]:=====REQUESTLINE======
[DEBUG][2024-06-13 20:20:45]:=====HEADER======
[DEBUG][2024-06-13 20:20:45]:STATE::WRITE
[DEBUG][2024-06-13 20:20:46]:STATE::READ
[DEBUG][2024-06-13 20:20:46]:=====START======
[DEBUG][2024-06-13 20:20:46]:=====REQUESTLINE======
[DEBUG][2024-06-13 20:20:46]:=====HEADER======
[DEBUG][2024-06-13 20:20:46]:STATE::WRITE
[DEBUG][2024-06-13 20:20:46]:STATE::READ
[DEBUG][2024-06-13 20:20:46]:=====START======
[DEBUG][2024-06-13 20:20:46]:=====REQUESTLINE======
[DEBUG][2024-06-13 20:20:46]:=====HEADER======
[DEBUG][2024-06-13 20:20:46]:STATE::WRITE
[DEBUG][2024-06-13 20:20:47]:STATE::READ
[DEBUG][2024-06-13 20:20:47]:=====START======
[DEBUG][2024-06-13 20:20:47]:=====REQUESTLINE======
[DEBUG][2024-06-13 20:20:47]:=====HEADER======
[DEBUG][2024-06-13 20:20:47]:STATE::WRITE
[DEBUG][2024-06-13 20:20:47]:STATE::READ
[DEBUG][2024-06-13 20:20:47]:=====START======
[DEBUG][2024-06-13 20:20:47]:=====REQUESTLINE======
[DEBUG][2024-06-13 20:20:47]:=====HEADER======
[DEBUG][2024-06-13 20:20:47]:STATE::WRITE
[DEBUG][2024-06-13 20:20:48]:STATE::READ
[DEBUG][2024-06-13 20:20:48]:=====START======
[DEBUG][2024-06-13 20:20:48]:=====REQUESTLINE======
[DEBUG][2024-06-13 20:20:48]:=====HEADER======
[DEBUG][2024-06-13 20:20:48]:STATE::WRITE
[DEBUG][2024-06-13 20:20:48]:STATE::READ
[DEBUG][2024-06-13 20:20:48]:=====START======
[DEBUG][2024-06-13 20:20:48]:=====REQUESTLINE======
[DEBUG][2024-06-13 20:20:48]:=====HEADER======
[DEBUG][2024-06-13 20:20:48]:STATE::WRITE
[DEBUG][2024-06-13 20:20:49]:STATE::READ
[DEBUG][2024-06-13 20:20:49]:=====START======
[DEBUG][2024-06-13 20:20:49]:=====REQUESTLINE======
[DEBUG][2024-06-13 20:20:49]:=====HEADER======
[DEBUG][2024-06-13 20:20:49]:STATE::WRITE
[DEBUG][2024-06-13 20:20:49]:STATE::READ
[DEBUG][2024-06-13 20:20:49]:=====START======
[DEBUG][2024-06-13 20:20:49]:=====REQUESTLINE======
[DEBUG][2024-06-13 20:20:49]:=====HEADER======
[DEBUG][2024-06-13 20:20:49]:STATE::WRITE
[DEBUG][2024-06-13 20:20:50]:STATE::READ
[DEBUG][2024-06-13 20:20:50]:=====START======
[DEBUG][2024-06-13 20:20:50]:=====REQUESTLINE======
[DEBUG][2024-06-13 20:20:50]:=====HEADER======
[DEBUG][2024-06-13 20:20:50]:STATE::WRITE
[DEBUG][2024-06-13 20:20:50]:STATE::READ
[DEBUG][2024-06-13 20:20:50]:=====START======
[DEBUG][2024-06-13 20:20:50]:=====REQUESTLINE======
[DEBUG][2024-06-13 20:20:50]:=====HEADER======
[DEBUG][2024-06-13 20:20:50]:STATE::WRITE
[DEBUG][2024-06-13 20:20:51]:STATE::READ
[DEBUG][2024-06-13 20:20:51]:=====START======
[DEBUG][2024-06-13 20:20:51]:=====REQUESTLINE======
[DEBUG][2024-06-13 20:20:51]:=====HEADER======
[DEBUG][2024-06-13 20:20:51]:STATE::WRITE
[DEBUG][2024-06-13 20:20:52]:STATE::READ
[DEBUG][2024-06-13 20:20:52]:=====START======
[DEBUG][2024-06-13 20:20:52]:=====REQUESTLINE======
[DEBUG][2024-06-13 20:20:52]:=====HEADER======
[DEBUG][2024-06-13 20:20:52]:STATE::WRITE
[DEBUG][2024-06-13 20:20:52]:STATE::READ
[DEBUG][2024-06-13 20:20:52]:=====START======
[DEBUG][2024-06-13 20:20:52]:=====REQUESTLINE======
[DEBUG][2024-06-13 20:20:52]:=====HEADER======
[DEBUG][2024-06-13 20:20:52]:STATE::WRITE
[DEBUG][2024-06-13 20:20:53]:STATE::READ
[DEBUG][2024-06-13 20:20:53]:=====START======
[DEBUG][2024-06-13 20:20:53]:=====REQUESTLINE======
[DEBUG][2024-06-13 20:20:53]:=====HEADER======
[DEBUG][2024-06-13 20:20:53]:STATE::WRITE
[DEBUG][2024-06-13 20:20:54]:STATE::READ
[DEBUG][2024-06-13 20:20:54]:=====START======
[DEBUG][2024-06-13 20:20:54]:=====REQUESTLINE======
[DEBUG][2024-06-13 20:20:54]:=====HEADER======
[DEBUG][2024-06-13 20:20:54]:STATE::WRITE
[DEBUG][2024-06-13 20:20:55]:STATE::READ
[DEBUG][2024-06-13 20:20:55]:=====START======
[DEBUG][2024-06-13 20:20:55]:=====REQUESTLINE======
[DEBUG][2024-06-13 20:20:55]:=====HEADER======
[DEBUG][2024-06-13 20:20:55]:STATE::WRITE
[DEBUG][2024-06-13 20:23:06]:Server start...
[INFO][2024-06-13 20:23:13]:client 192.168.10.3 visit.
[DEBUG][2024-06-13 20:23:13]:STATE::READ
[DEBUG][2024-06-13 20:23:13]:=====START======
[DEBUG][2024-06-13 20:23:13]:=====REQUESTLINE======
[DEBUG][2024-06-13 20:23:13]:=====HEADER======
[DEBUG][2024-06-13 20:23:13]:STATE::WRITE
[DEBUG][2024-06-13 20:23:13]:STATE::READ
[DEBUG][2024-06-13 20:23:13]:=====START======
[DEBUG][2024-06-13 20:23:13]:=====REQUESTLINE======
[DEBUG][2024-06-13 20:23:13]:=====HEADER======
[DEBUG][2024-06-13 20:23:13]:STATE::WRITE
[DEBUG][2024-06-13 20:23:17]:STATE::READ
[DEBUG][2024-06-13 20:23:17]:=====START======
[DEBUG][2024-06-13 20:23:17]:=====REQUESTLINE======
[DEBUG][2024-06-13 20:23:17]:=====HEADER======
[DEBUG][2024-06-13 20:23:17]:STATE::WRITE
[DEBUG][2024-06-13 20:23:18]:STATE::READ
[DEBUG][2024-06-13 20:23:18]:=====START======
[DEBUG][2024-06-13 20:23:18]:=====REQUESTLINE======
[DEBUG][2024-06-13 20:23:18]:=====HEADER======
[DEBUG][2024-06-13 20:23:18]:STATE::WRITE
[DEBUG][2024-06-13 20:23:20]:STATE::READ
[DEBUG][2024-06-13 20:23:20]:=====START======
[DEBUG][2024-06-13 20:23:20]:=====REQUESTLINE======
[DEBUG][2024-06-13 20:23:20]:=====HEADER======
[DEBUG][2024-06-13 20:23:20]:STATE::WRITE
[DEBUG][2024-06-13 20:23:21]:STATE::READ
[DEBUG][2024-06-13 20:23:21]:=====START======
[DEBUG][2024-06-13 20:23:21]:=====REQUESTLINE======
[DEBUG][2024-06-13 20:23:21]:=====HEADER======
[DEBUG][2024-06-13 20:23:21]:STATE::WRITE
[DEBUG][2024-06-13 20:23:22]:STATE::READ
[DEBUG][2024-06-13 20:23:22]:=====START======
[DEBUG][2024-06-13 20:23:22]:=====REQUESTLINE======
[DEBUG][2024-06-13 20:23:22]:=====HEADER======
[DEBUG][2024-06-13 20:23:22]:STATE::WRITE
[DEBUG][2024-06-13 20:23:23]:STATE::READ
[DEBUG][2024-06-13 20:23:23]:=====START======
[DEBUG][2024-06-13 20:23:23]:=====REQUESTLINE======
[DEBUG][2024-06-13 20:23:23]:=====HEADER======
[DEBUG][2024-06-13 20:23:23]:STATE::WRITE
[DEBUG][2024-06-13 20:23:24]:STATE::READ
[DEBUG][2024-06-13 20:23:24]:=====START======
[DEBUG][2024-06-13 20:23:24]:=====REQUESTLINE======
[DEBUG][2024-06-13 20:23:24]:=====HEADER======
[DEBUG][2024-06-13 20:23:24]:STATE::WRITE
[DEBUG][2024-06-13 20:23:25]:STATE::READ
[DEBUG][2024-06-13 20:23:25]:=====START======
[DEBUG][2024-06-13 20:23:25]:=====REQUESTLINE======
[DEBUG][2024-06-13 20:23:25]:=====HEADER======
[DEBUG][2024-06-13 20:23:25]:STATE::WRITE
[DEBUG][2024-06-13 20:23:26]:STATE::READ
[DEBUG][2024-06-13 20:23:26]:=====START======
[DEBUG][2024-06-13 20:23:26]:=====REQUESTLINE======
[DEBUG][2024-06-13 20:23:26]:=====HEADER======
[DEBUG][2024-06-13 20:23:26]:STATE::WRITE
[DEBUG][2024-06-13 20:23:27]:STATE::READ
[DEBUG][2024-06-13 20:23:27]:=====START======
[DEBUG][2024-06-13 20:23:27]:=====REQUESTLINE======
[DEBUG][2024-06-13 20:23:27]:=====HEADER======
[DEBUG][2024-06-13 20:23:27]:STATE::WRITE
[DEBUG][2024-06-13 20:23:28]:STATE::READ
[DEBUG][2024-06-13 20:23:28]:=====START======
[DEBUG][2024-06-13 20:23:28]:=====REQUESTLINE======
[DEBUG][2024-06-13 20:23:28]:=====HEADER======
[DEBUG][2024-06-13 20:23:28]:STATE::WRITE
[DEBUG][2024-06-13 20:23:28]:STATE::READ
[DEBUG][2024-06-13 20:23:28]:=====START======
[DEBUG][2024-06-13 20:23:28]:=====REQUESTLINE======
[DEBUG][2024-06-13 20:23:28]:=====HEADER======
[DEBUG][2024-06-13 20:23:28]:STATE::WRITE
[DEBUG][2024-06-13 20:23:29]:STATE::READ
[DEBUG][2024-06-13 20:23:29]:=====START======
[DEBUG][2024-06-13 20:23:29]:=====REQUESTLINE======
[DEBUG][2024-06-13 20:23:29]:=====HEADER======
[DEBUG][2024-06-13 20:23:29]:STATE::WRITE
[DEBUG][2024-06-13 20:23:29]:STATE::READ
[DEBUG][2024-06-13 20:23:29]:=====START======
[DEBUG][2024-06-13 20:23:29]:=====REQUESTLINE======
[DEBUG][2024-06-13 20:23:29]:=====HEADER======
[DEBUG][2024-06-13 20:23:29]:STATE::WRITE
[DEBUG][2024-06-13 20:23:30]:STATE::READ
[DEBUG][2024-06-13 20:23:30]:=====START======
[DEBUG][2024-06-13 20:23:30]:=====REQUESTLINE======
[DEBUG][2024-06-13 20:23:30]:=====HEADER======
[DEBUG][2024-06-13 20:23:30]:STATE::WRITE
[DEBUG][2024-06-13 20:23:31]:STATE::READ
[DEBUG][2024-06-13 20:23:31]:=====START======
[DEBUG][2024-06-13 20:23:31]:=====REQUESTLINE======
[DEBUG][2024-06-13 20:23:31]:=====HEADER======
[DEBUG][2024-06-13 20:23:31]:STATE::WRITE
[DEBUG][2024-06-13 20:23:31]:STATE::READ
[DEBUG][2024-06-13 20:23:31]:=====START======
[DEBUG][2024-06-13 20:23:31]:=====REQUESTLINE======
[DEBUG][2024-06-13 20:23:31]:=====HEADER======
[DEBUG][2024-06-13 20:23:31]:STATE::WRITE
[DEBUG][2024-06-13 20:23:32]:STATE::READ
[DEBUG][2024-06-13 20:23:32]:=====START======
[DEBUG][2024-06-13 20:23:32]:=====REQUESTLINE======
[DEBUG][2024-06-13 20:23:32]:=====HEADER======
[DEBUG][2024-06-13 20:23:32]:STATE::WRITE
[DEBUG][2024-06-13 20:23:32]:STATE::READ
[DEBUG][2024-06-13 20:23:32]:=====START======
[DEBUG][2024-06-13 20:23:32]:=====REQUESTLINE======
[DEBUG][2024-06-13 20:23:32]:=====HEADER======
[DEBUG][2024-06-13 20:23:32]:STATE::WRITE
[DEBUG][2024-06-13 20:23:33]:STATE::READ
[DEBUG][2024-06-13 20:23:33]:=====START======
[DEBUG][2024-06-13 20:23:33]:=====REQUESTLINE======
[DEBUG][2024-06-13 20:23:33]:=====HEADER======
[DEBUG][2024-06-13 20:23:33]:STATE::WRITE
[DEBUG][2024-06-13 20:23:33]:STATE::READ
[DEBUG][2024-06-13 20:23:33]:=====START======
[DEBUG][2024-06-13 20:23:33]:=====REQUESTLINE======
[DEBUG][2024-06-13 20:23:33]:=====HEADER======
[DEBUG][2024-06-13 20:23:33]:STATE::WRITE
[DEBUG][2024-06-13 20:23:34]:STATE::READ
[DEBUG][2024-06-13 20:23:34]:=====START======
[DEBUG][2024-06-13 20:23:34]:=====REQUESTLINE======
[DEBUG][2024-06-13 20:23:34]:=====HEADER======
[DEBUG][2024-06-13 20:23:34]:STATE::WRITE
[DEBUG][2024-06-13 20:23:34]:STATE::READ
[DEBUG][2024-06-13 20:23:34]:=====START======
[DEBUG][2024-06-13 20:23:34]:=====REQUESTLINE======
[DEBUG][2024-06-13 20:23:34]:=====HEADER======
[DEBUG][2024-06-13 20:23:34]:STATE::WRITE
[DEBUG][2024-06-13 20:23:35]:STATE::READ
[DEBUG][2024-06-13 20:23:35]:=====START======
[DEBUG][2024-06-13 20:23:35]:=====REQUESTLINE======
[DEBUG][2024-06-13 20:23:35]:=====HEADER======
[DEBUG][2024-06-13 20:23:35]:STATE::WRITE
[DEBUG][2024-06-13 20:23:36]:STATE::READ
[DEBUG][2024-06-13 20:23:36]:=====START======
[DEBUG][2024-06-13 20:23:36]:=====REQUESTLINE======
[DEBUG][2024-06-13 20:23:36]:=====HEADER======
[DEBUG][2024-06-13 20:23:36]:STATE::WRITE
[DEBUG][2024-06-13 20:23:37]:STATE::READ
[DEBUG][2024-06-13 20:23:37]:=====START======
[DEBUG][2024-06-13 20:23:37]:=====REQUESTLINE======
[DEBUG][2024-06-13 20:23:37]:=====HEADER======
[DEBUG][2024-06-13 20:23:37]:STATE::WRITE
[DEBUG][2024-06-13 20:23:38]:STATE::READ
[DEBUG][2024-06-13 20:23:38]:=====START======
[DEBUG][2024-06-13 20:23:38]:=====REQUESTLINE======
[DEBUG][2024-06-13 20:23:38]:=====HEADER======
[DEBUG][2024-06-13 20:23:38]:STATE::WRITE
[DEBUG][2024-06-13 20:23:38]:STATE::READ
[DEBUG][2024-06-13 20:23:38]:=====START======
[DEBUG][2024-06-13 20:23:38]:=====REQUESTLINE======
[DEBUG][2024-06-13 20:23:38]:=====HEADER======
[DEBUG][2024-06-13 20:23:38]:STATE::WRITE
[DEBUG][2024-06-13 20:23:40]:STATE::READ
[DEBUG][2024-06-13 20:23:40]:=====START======
[DEBUG][2024-06-13 20:23:40]:=====REQUESTLINE======
[DEBUG][2024-06-13 20:23:40]:=====HEADER======
[DEBUG][2024-06-13 20:23:40]:STATE::WRITE
[DEBUG][2024-06-13 20:23:41]:STATE::READ
[DEBUG][2024-06-13 20:23:41]:=====START======
[DEBUG][2024-06-13 20:23:41]:=====REQUESTLINE======
[DEBUG][2024-06-13 20:23:41]:=====HEADER======
[DEBUG][2024-06-13 20:23:41]:STATE::WRITE
[DEBUG][2024-06-13 20:23:42]:STATE::READ
[DEBUG][2024-06-13 20:23:42]:=====START======
[DEBUG][2024-06-13 20:23:42]:=====REQUESTLINE======
[DEBUG][2024-06-13 20:23:42]:=====HEADER======
[DEBUG][2024-06-13 20:23:42]:STATE::WRITE
[DEBUG][2024-06-13 20:23:42]:STATE::READ
[DEBUG][2024-06-13 20:23:42]:=====START======
[DEBUG][2024-06-13 20:23:42]:=====REQUESTLINE======
[DEBUG][2024-06-13 20:23:42]:=====HEADER======
[DEBUG][2024-06-13 20:23:42]:STATE::WRITE
[DEBUG][2024-06-13 20:23:43]:STATE::READ
[DEBUG][2024-06-13 20:23:43]:=====START======
[DEBUG][2024-06-13 20:23:43]:=====REQUESTLINE======
[DEBUG][2024-06-13 20:23:43]:=====HEADER======
[DEBUG][2024-06-13 20:23:43]:STATE::WRITE
[DEBUG][2024-06-13 20:23:44]:STATE::READ
[DEBUG][2024-06-13 20:23:44]:=====START======
[DEBUG][2024-06-13 20:23:44]:=====REQUESTLINE======
[DEBUG][2024-06-13 20:23:44]:=====HEADER======
[DEBUG][2024-06-13 20:23:44]:STATE::WRITE
[DEBUG][2024-06-13 20:23:44]:STATE::READ
[DEBUG][2024-06-13 20:23:44]:=====START======
[DEBUG][2024-06-13 20:23:44]:=====REQUESTLINE======
[DEBUG][2024-06-13 20:23:44]:=====HEADER======
[DEBUG][2024-06-13 20:23:44]:STATE::WRITE
[DEBUG][2024-06-13 20:23:45]:STATE::READ
[DEBUG][2024-06-13 20:23:45]:=====START======
[DEBUG][2024-06-13 20:23:45]:=====REQUESTLINE======
[DEBUG][2024-06-13 20:23:45]:=====HEADER======
[DEBUG][2024-06-13 20:23:45]:STATE::WRITE
[DEBUG][2024-06-13 20:23:45]:STATE::READ
[DEBUG][2024-06-13 20:23:45]:=====START======
[DEBUG][2024-06-13 20:23:45]:=====REQUESTLINE======
[DEBUG][2024-06-13 20:23:45]:=====HEADER======
[DEBUG][2024-06-13 20:23:45]:STATE::WRITE
[DEBUG][2024-06-13 20:23:46]:STATE::READ
[DEBUG][2024-06-13 20:23:46]:=====START======
[DEBUG][2024-06-13 20:23:46]:=====REQUESTLINE======
[DEBUG][2024-06-13 20:23:46]:=====HEADER======
[DEBUG][2024-06-13 20:23:46]:STATE::WRITE
[DEBUG][2024-06-13 20:23:46]:STATE::READ
[DEBUG][2024-06-13 20:23:46]:=====START======
[DEBUG][2024-06-13 20:23:46]:=====REQUESTLINE======
[DEBUG][2024-06-13 20:23:46]:=====HEADER======
[DEBUG][2024-06-13 20:23:46]:STATE::WRITE
[DEBUG][2024-06-13 20:23:47]:STATE::READ
[DEBUG][2024-06-13 20:23:47]:=====START======
[DEBUG][2024-06-13 20:23:47]:=====REQUESTLINE======
[DEBUG][2024-06-13 20:23:47]:=====HEADER======
[DEBUG][2024-06-13 20:23:47]:STATE::WRITE
[DEBUG][2024-06-13 20:23:47]:STATE::READ
[DEBUG][2024-06-13 20:23:47]:=====START======
[DEBUG][2024-06-13 20:23:47]:=====REQUESTLINE======
[DEBUG][2024-06-13 20:23:47]:=====HEADER======
[DEBUG][2024-06-13 20:23:47]:STATE::WRITE
[DEBUG][2024-06-13 20:23:48]:STATE::READ
[DEBUG][2024-06-13 20:23:48]:=====START======
[DEBUG][2024-06-13 20:23:48]:=====REQUESTLINE======
[DEBUG][2024-06-13 20:23:48]:=====HEADER======
[DEBUG][2024-06-13 20:23:48]:STATE::WRITE
[DEBUG][2024-06-13 20:23:48]:STATE::READ
[DEBUG][2024-06-13 20:23:48]:=====START======
[DEBUG][2024-06-13 20:23:48]:=====REQUESTLINE======
[DEBUG][2024-06-13 20:23:48]:=====HEADER======
[DEBUG][2024-06-13 20:23:48]:STATE::WRITE
[DEBUG][2024-06-13 20:23:49]:STATE::READ
[DEBUG][2024-06-13 20:23:49]:=====START======
[DEBUG][2024-06-13 20:23:49]:=====REQUESTLINE======
[DEBUG][2024-06-13 20:23:49]:=====HEADER======
[DEBUG][2024-06-13 20:23:49]:STATE::WRITE
[DEBUG][2024-06-13 20:23:49]:STATE::READ
[DEBUG][2024-06-13 20:23:49]:=====START======
[DEBUG][2024-06-13 20:23:49]:=====REQUESTLINE======
[DEBUG][2024-06-13 20:23:49]:=====HEADER======
[DEBUG][2024-06-13 20:23:49]:STATE::WRITE
[DEBUG][2024-06-13 20:23:50]:STATE::READ
[DEBUG][2024-06-13 20:23:50]:=====START======
[DEBUG][2024-06-13 20:23:50]:=====REQUESTLINE======
[DEBUG][2024-06-13 20:23:50]:=====HEADER======
[DEBUG][2024-06-13 20:23:50]:STATE::WRITE
[DEBUG][2024-06-13 20:23:51]:STATE::READ
[DEBUG][2024-06-13 20:23:51]:=====START======
[DEBUG][2024-06-13 20:23:51]:=====REQUESTLINE======
[DEBUG][2024-06-13 20:23:51]:=====HEADER======
[DEBUG][2024-06-13 20:23:51]:STATE::WRITE
[DEBUG][2024-06-13 20:23:51]:STATE::READ
[DEBUG][2024-06-13 20:23:51]:=====START======
[DEBUG][2024-06-13 20:23:51]:=====REQUESTLINE======
[DEBUG][2024-06-13 20:23:51]:=====HEADER======
[DEBUG][2024-06-13 20:23:51]:STATE::WRITE
[DEBUG][2024-06-13 20:23:52]:STATE::READ
[DEBUG][2024-06-13 20:23:52]:=====START======
[DEBUG][2024-06-13 20:23:52]:=====REQUESTLINE======
[DEBUG][2024-06-13 20:23:52]:=====HEADER======
[DEBUG][2024-06-13 20:23:52]:STATE::WRITE
[DEBUG][2024-06-13 20:23:52]:STATE::READ
[DEBUG][2024-06-13 20:23:52]:=====START======
[DEBUG][2024-06-13 20:23:52]:=====REQUESTLINE======
[DEBUG][2024-06-13 20:23:52]:=====HEADER======
[DEBUG][2024-06-13 20:23:52]:STATE::WRITE
[DEBUG][2024-06-13 20:23:53]:STATE::READ
[DEBUG][2024-06-13 20:23:53]:=====START======
[DEBUG][2024-06-13 20:23:53]:=====REQUESTLINE======
[DEBUG][2024-06-13 20:23:53]:=====HEADER======
[DEBUG][2024-06-13 20:23:53]:STATE::WRITE
[DEBUG][2024-06-13 20:23:53]:STATE::READ
[DEBUG][2024-06-13 20:23:53]:=====START======
[DEBUG][2024-06-13 20:23:53]:=====REQUESTLINE======
[DEBUG][2024-06-13 20:23:53]:=====HEADER======
[DEBUG][2024-06-13 20:23:53]:STATE::WRITE
[DEBUG][2024-06-13 20:23:54]:STATE::READ
[DEBUG][2024-06-13 20:23:54]:=====START======
[DEBUG][2024-06-13 20:23:54]:=====REQUESTLINE======
[DEBUG][2024-06-13 20:23:54]:=====HEADER======
[DEBUG][2024-06-13 20:23:54]:STATE::WRITE
[DEBUG][2024-06-13 20:23:54]:STATE::READ
[DEBUG][2024-06-13 20:23:54]:=====START======
[DEBUG][2024-06-13 20:23:54]:=====REQUESTLINE======
[DEBUG][2024-06-13 20:23:54]:=====HEADER======
[DEBUG][2024-06-13 20:23:54]:STATE::WRITE
[DEBUG][2024-06-13 20:23:55]:STATE::READ
[DEBUG][2024-06-13 20:23:55]:=====START======
[DEBUG][2024-06-13 20:23:55]:=====REQUESTLINE======
[DEBUG][2024-06-13 20:23:55]:=====HEADER======
[DEBUG][2024-06-13 20:23:55]:STATE::WRITE
[DEBUG][2024-06-13 20:23:55]:STATE::READ
[DEBUG][2024-06-13 20:23:55]:=====START======
[DEBUG][2024-06-13 20:23:55]:=====REQUESTLINE======
[DEBUG][2024-06-13 20:23:55]:=====HEADER======
[DEBUG][2024-06-13 20:23:55]:STATE::WRITE
[DEBUG][2024-06-13 20:23:56]:STATE::READ
[DEBUG][2024-06-13 20:23:56]:=====START======
[DEBUG][2024-06-13 20:23:56]:=====REQUESTLINE======
[DEBUG][2024-06-13 20:23:56]:=====HEADER======
[DEBUG][2024-06-13 20:23:56]:STATE::WRITE
[DEBUG][2024-06-13 20:23:57]:STATE::READ
[DEBUG][2024-06-13 20:23:57]:=====START======
[DEBUG][2024-06-13 20:23:57]:=====REQUESTLINE======
[DEBUG][2024-06-13 20:23:57]:=====HEADER======
[DEBUG][2024-06-13 20:23:57]:STATE::WRITE
[DEBUG][2024-06-13 20:23:57]:STATE::READ
[DEBUG][2024-06-13 20:23:57]:=====START======
[DEBUG][2024-06-13 20:23:57]:=====REQUESTLINE======
[DEBUG][2024-06-13 20:23:57]:=====HEADER======
[DEBUG][2024-06-13 20:23:57]:STATE::WRITE
[DEBUG][2024-06-13 20:23:58]:STATE::READ
[DEBUG][2024-06-13 20:23:58]:=====START======
[DEBUG][2024-06-13 20:23:58]:=====REQUESTLINE======
[DEBUG][2024-06-13 20:23:58]:=====HEADER======
[DEBUG][2024-06-13 20:23:58]:STATE::WRITE
[DEBUG][2024-06-13 20:23:58]:STATE::READ
[DEBUG][2024-06-13 20:23:58]:=====START======
[DEBUG][2024-06-13 20:23:58]:=====REQUESTLINE======
[DEBUG][2024-06-13 20:23:58]:=====HEADER======
[DEBUG][2024-06-13 20:23:58]:STATE::WRITE
[DEBUG][2024-06-13 20:23:59]:STATE::READ
[DEBUG][2024-06-13 20:23:59]:=====START======
[DEBUG][2024-06-13 20:23:59]:=====REQUESTLINE======
[DEBUG][2024-06-13 20:23:59]:=====HEADER======
[DEBUG][2024-06-13 20:23:59]:STATE::WRITE
[DEBUG][2024-06-13 20:23:59]:STATE::READ
[DEBUG][2024-06-13 20:23:59]:=====START======
[DEBUG][2024-06-13 20:23:59]:=====REQUESTLINE======
[DEBUG][2024-06-13 20:23:59]:=====HEADER======
[DEBUG][2024-06-13 20:23:59]:STATE::WRITE
[DEBUG][2024-06-13 20:24:00]:STATE::READ
[DEBUG][2024-06-13 20:24:00]:=====START======
[DEBUG][2024-06-13 20:24:00]:=====REQUESTLINE======
[DEBUG][2024-06-13 20:24:00]:=====HEADER======
[DEBUG][2024-06-13 20:24:00]:STATE::WRITE
[DEBUG][2024-06-13 20:24:00]:STATE::READ
[DEBUG][2024-06-13 20:24:00]:=====START======
[DEBUG][2024-06-13 20:24:00]:=====REQUESTLINE======
[DEBUG][2024-06-13 20:24:00]:=====HEADER======
[DEBUG][2024-06-13 20:24:00]:STATE::WRITE
[DEBUG][2024-06-13 20:24:01]:STATE::READ
[DEBUG][2024-06-13 20:24:01]:=====START======
[DEBUG][2024-06-13 20:24:01]:=====REQUESTLINE======
[DEBUG][2024-06-13 20:24:01]:=====HEADER======
[DEBUG][2024-06-13 20:24:01]:STATE::WRITE
[DEBUG][2024-06-13 20:24:01]:STATE::READ
[DEBUG][2024-06-13 20:24:01]:=====START======
[DEBUG][2024-06-13 20:24:01]:=====REQUESTLINE======
[DEBUG][2024-06-13 20:24:01]:=====HEADER======
[DEBUG][2024-06-13 20:24:01]:STATE::WRITE
[DEBUG][2024-06-13 20:24:02]:STATE::READ
[DEBUG][2024-06-13 20:24:02]:=====START======
[DEBUG][2024-06-13 20:24:02]:=====REQUESTLINE======
[DEBUG][2024-06-13 20:24:02]:=====HEADER======
[DEBUG][2024-06-13 20:24:02]:STATE::WRITE
[DEBUG][2024-06-13 20:24:02]:STATE::READ
[DEBUG][2024-06-13 20:24:02]:=====START======
[DEBUG][2024-06-13 20:24:02]:=====REQUESTLINE======
[DEBUG][2024-06-13 20:24:02]:=====HEADER======
[DEBUG][2024-06-13 20:24:02]:STATE::WRITE
[DEBUG][2024-06-13 20:24:03]:STATE::READ
[DEBUG][2024-06-13 20:24:03]:=====START======
[DEBUG][2024-06-13 20:24:03]:=====REQUESTLINE======
[DEBUG][2024-06-13 20:24:03]:=====HEADER======
[DEBUG][2024-06-13 20:24:03]:STATE::WRITE
[DEBUG][2024-06-13 20:24:04]:STATE::READ
[DEBUG][2024-06-13 20:24:04]:=====START======
[DEBUG][2024-06-13 20:24:04]:=====REQUESTLINE======
[DEBUG][2024-06-13 20:24:04]:=====HEADER======
[DEBUG][2024-06-13 20:24:04]:STATE::WRITE
[DEBUG][2024-06-13 20:24:04]:STATE::READ
[DEBUG][2024-06-13 20:24:04]:=====START======
[DEBUG][2024-06-13 20:24:04]:=====REQUESTLINE======
[DEBUG][2024-06-13 20:24:04]:=====HEADER======
[DEBUG][2024-06-13 20:24:04]:STATE::WRITE
[DEBUG][2024-06-13 20:24:05]:STATE::READ
[DEBUG][2024-06-13 20:24:05]:=====START======
[DEBUG][2024-06-13 20:24:05]:=====REQUESTLINE======
[DEBUG][2024-06-13 20:24:05]:=====HEADER======
[DEBUG][2024-06-13 20:24:05]:STATE::WRITE
[DEBUG][2024-06-13 20:24:05]:STATE::READ
[DEBUG][2024-06-13 20:24:05]:=====START======
[DEBUG][2024-06-13 20:24:05]:=====REQUESTLINE======
[DEBUG][2024-06-13 20:24:05]:=====HEADER======
[DEBUG][2024-06-13 20:24:05]:STATE::WRITE
[DEBUG][2024-06-13 20:24:05]:STATE::READ
[DEBUG][2024-06-13 20:24:05]:=====START======
[DEBUG][2024-06-13 20:24:05]:=====REQUESTLINE======
[DEBUG][2024-06-13 20:24:05]:=====HEADER======
[DEBUG][2024-06-13 20:24:05]:STATE::WRITE
[DEBUG][2024-06-13 20:24:06]:STATE::READ
[DEBUG][2024-06-13 20:24:06]:=====START======
[DEBUG][2024-06-13 20:24:06]:=====REQUESTLINE======
[DEBUG][2024-06-13 20:24:06]:=====HEADER======
[DEBUG][2024-06-13 20:24:06]:STATE::WRITE
[DEBUG][2024-06-13 20:24:06]:STATE::READ
[DEBUG][2024-06-13 20:24:06]:=====START======
[DEBUG][2024-06-13 20:24:06]:=====REQUESTLINE======
[DEBUG][2024-06-13 20:24:06]:=====HEADER======
[DEBUG][2024-06-13 20:24:06]:STATE::WRITE
[DEBUG][2024-06-13 20:24:07]:STATE::READ
[DEBUG][2024-06-13 20:24:07]:=====START======
[DEBUG][2024-06-13 20:24:07]:=====REQUESTLINE======
[DEBUG][2024-06-13 20:24:07]:=====HEADER======
[DEBUG][2024-06-13 20:24:07]:STATE::WRITE
[DEBUG][2024-06-13 20:24:07]:STATE::READ
[DEBUG][2024-06-13 20:24:07]:=====START======
[DEBUG][2024-06-13 20:24:07]:=====REQUESTLINE======
[DEBUG][2024-06-13 20:24:07]:=====HEADER======
[DEBUG][2024-06-13 20:24:07]:STATE::WRITE
[DEBUG][2024-06-13 20:24:08]:STATE::READ
[DEBUG][2024-06-13 20:24:08]:=====START======
[DEBUG][2024-06-13 20:24:08]:=====REQUESTLINE======
[DEBUG][2024-06-13 20:24:08]:=====HEADER======
[DEBUG][2024-06-13 20:24:08]:STATE::WRITE
[DEBUG][2024-06-13 20:24:08]:STATE::READ
[DEBUG][2024-06-13 20:24:08]:=====START======
[DEBUG][2024-06-13 20:24:08]:=====REQUESTLINE======
[DEBUG][2024-06-13 20:24:08]:=====HEADER======
[DEBUG][2024-06-13 20:24:08]:STATE::WRITE
[DEBUG][2024-06-13 20:24:09]:STATE::READ
[DEBUG][2024-06-13 20:24:09]:=====START======
[DEBUG][2024-06-13 20:24:09]:=====REQUESTLINE======
[DEBUG][2024-06-13 20:24:09]:=====HEADER======
[DEBUG][2024-06-13 20:24:09]:STATE::WRITE
[DEBUG][2024-06-13 20:24:09]:STATE::READ
[DEBUG][2024-06-13 20:24:09]:=====START======
[DEBUG][2024-06-13 20:24:09]:=====REQUESTLINE======
[DEBUG][2024-06-13 20:24:09]:=====HEADER======
[DEBUG][2024-06-13 20:24:09]:STATE::WRITE
[DEBUG][2024-06-13 20:24:10]:STATE::READ
[DEBUG][2024-06-13 20:24:10]:=====START======
[DEBUG][2024-06-13 20:24:10]:=====REQUESTLINE======
[DEBUG][2024-06-13 20:24:10]:=====HEADER======
[DEBUG][2024-06-13 20:24:10]:STATE::WRITE
[DEBUG][2024-06-13 20:24:10]:STATE::READ
[DEBUG][2024-06-13 20:24:10]:=====START======
[DEBUG][2024-06-13 20:24:10]:=====REQUESTLINE======
[DEBUG][2024-06-13 20:24:10]:=====HEADER======
[DEBUG][2024-06-13 20:24:10]:STATE::WRITE
[DEBUG][2024-06-13 20:24:11]:STATE::READ
[DEBUG][2024-06-13 20:24:11]:=====START======
[DEBUG][2024-06-13 20:24:11]:=====REQUESTLINE======
[DEBUG][2024-06-13 20:24:11]:=====HEADER======
[DEBUG][2024-06-13 20:24:11]:STATE::WRITE
[DEBUG][2024-06-13 20:24:38]:STATE::READ
[DEBUG][2024-06-13 20:24:38]:=====START======
[DEBUG][2024-06-13 20:24:38]:=====REQUESTLINE======
[DEBUG][2024-06-13 20:24:38]:=====HEADER======
[DEBUG][2024-06-13 20:24:38]:STATE::WRITE
[DEBUG][2024-06-13 20:24:41]:STATE::READ
[DEBUG][2024-06-13 20:24:41]:=====START======
[DEBUG][2024-06-13 20:24:41]:=====REQUESTLINE======
[DEBUG][2024-06-13 20:24:41]:=====HEADER======
[DEBUG][2024-06-13 20:24:41]:STATE::WRITE
[DEBUG][2024-06-13 20:24:42]:STATE::READ
[DEBUG][2024-06-13 20:24:42]:=====START======
[DEBUG][2024-06-13 20:24:42]:=====REQUESTLINE======
[DEBUG][2024-06-13 20:24:42]:=====HEADER======
[DEBUG][2024-06-13 20:24:42]:STATE::WRITE
[DEBUG][2024-06-13 20:24:43]:STATE::READ
[DEBUG][2024-06-13 20:24:43]:=====START======
[DEBUG][2024-06-13 20:24:43]:=====REQUESTLINE======
[DEBUG][2024-06-13 20:24:43]:=====HEADER======
[DEBUG][2024-06-13 20:24:43]:STATE::WRITE
[DEBUG][2024-06-13 20:24:45]:STATE::READ
[DEBUG][2024-06-13 20:24:45]:=====START======
[DEBUG][2024-06-13 20:24:45]:=====REQUESTLINE======
[DEBUG][2024-06-13 20:24:45]:=====HEADER======
[DEBUG][2024-06-13 20:24:45]:STATE::WRITE
[DEBUG][2024-06-13 20:24:46]:STATE::READ
[DEBUG][2024-06-13 20:24:46]:=====START======
[DEBUG][2024-06-13 20:24:46]:=====REQUESTLINE======
[DEBUG][2024-06-13 20:24:46]:=====HEADER======
[DEBUG][2024-06-13 20:24:46]:STATE::WRITE
[DEBUG][2024-06-13 20:24:46]:STATE::READ
[DEBUG][2024-06-13 20:24:46]:=====START======
[DEBUG][2024-06-13 20:24:46]:=====REQUESTLINE======
[DEBUG][2024-06-13 20:24:46]:=====HEADER======
[DEBUG][2024-06-13 20:24:46]:STATE::WRITE
[DEBUG][2024-06-13 20:24:47]:STATE::READ
[DEBUG][2024-06-13 20:24:47]:=====START======
[DEBUG][2024-06-13 20:24:47]:=====REQUESTLINE======
[DEBUG][2024-06-13 20:24:47]:=====HEADER======
[DEBUG][2024-06-13 20:24:47]:STATE::WRITE
[DEBUG][2024-06-13 20:24:48]:STATE::READ
[DEBUG][2024-06-13 20:24:48]:=====START======
[DEBUG][2024-06-13 20:24:48]:=====REQUESTLINE======
[DEBUG][2024-06-13 20:24:48]:=====HEADER======
[DEBUG][2024-06-13 20:24:48]:STATE::WRITE
[DEBUG][2024-06-13 20:24:48]:STATE::READ
[DEBUG][2024-06-13 20:24:48]:=====START======
[DEBUG][2024-06-13 20:24:48]:=====REQUESTLINE======
[DEBUG][2024-06-13 20:24:48]:=====HEADER======
[DEBUG][2024-06-13 20:24:48]:STATE::WRITE
[DEBUG][2024-06-13 20:24:49]:STATE::READ
[DEBUG][2024-06-13 20:24:49]:=====START======
[DEBUG][2024-06-13 20:24:49]:=====REQUESTLINE======
[DEBUG][2024-06-13 20:24:49]:=====HEADER======
[DEBUG][2024-06-13 20:24:49]:STATE::WRITE
[DEBUG][2024-06-13 20:24:50]:STATE::READ
[DEBUG][2024-06-13 20:24:50]:=====START======
[DEBUG][2024-06-13 20:24:50]:=====REQUESTLINE======
[DEBUG][2024-06-13 20:24:50]:=====HEADER======
[DEBUG][2024-06-13 20:24:50]:STATE::WRITE
[DEBUG][2024-06-13 20:28:16]:Server start...
[INFO][2024-06-13 20:28:26]:client 192.168.10.3 visit.
[DEBUG][2024-06-13 20:28:26]:STATE::READ
[DEBUG][2024-06-13 20:28:26]:=====START======
[DEBUG][2024-06-13 20:28:26]:=====REQUESTLINE======
[DEBUG][2024-06-13 20:28:26]:=====HEADER======
[DEBUG][2024-06-13 20:28:26]:STATE::WRITE
[DEBUG][2024-06-13 20:28:26]:STATE::READ
[DEBUG][2024-06-13 20:28:26]:=====START======
[DEBUG][2024-06-13 20:28:26]:=====REQUESTLINE======
[DEBUG][2024-06-13 20:28:26]:=====HEADER======
[DEBUG][2024-06-13 20:28:26]:STATE::WRITE
[DEBUG][2024-06-13 20:30:00]:STATE::READ
[DEBUG][2024-06-13 20:30:00]:=====START======
[DEBUG][2024-06-13 20:30:00]:=====REQUESTLINE======
[DEBUG][2024-06-13 20:30:00]:=====HEADER======
[DEBUG][2024-06-13 20:30:00]:STATE::WRITE
[DEBUG][2024-06-13 20:30:04]:STATE::READ
[DEBUG][2024-06-13 20:30:04]:=====START======
[DEBUG][2024-06-13 20:30:04]:=====REQUESTLINE======
[DEBUG][2024-06-13 20:30:04]:=====HEADER======
[DEBUG][2024-06-13 20:30:04]:STATE::WRITE
[DEBUG][2024-06-13 20:30:05]:STATE::READ
[DEBUG][2024-06-13 20:30:05]:=====START======
[DEBUG][2024-06-13 20:30:05]:=====REQUESTLINE======
[DEBUG][2024-06-13 20:30:05]:=====HEADER======
[DEBUG][2024-06-13 20:30:05]:STATE::WRITE
[DEBUG][2024-06-13 20:30:05]:STATE::READ
[DEBUG][2024-06-13 20:30:05]:=====START======
[DEBUG][2024-06-13 20:30:05]:=====REQUESTLINE======
[DEBUG][2024-06-13 20:30:05]:=====HEADER======
[DEBUG][2024-06-13 20:30:05]:STATE::WRITE
[DEBUG][2024-06-13 20:30:06]:STATE::READ
[DEBUG][2024-06-13 20:30:06]:=====START======
[DEBUG][2024-06-13 20:30:06]:=====REQUESTLINE======
[DEBUG][2024-06-13 20:30:06]:=====HEADER======
[DEBUG][2024-06-13 20:30:06]:STATE::WRITE
[DEBUG][2024-06-13 20:30:07]:STATE::READ
[DEBUG][2024-06-13 20:30:07]:=====START======
[DEBUG][2024-06-13 20:30:07]:=====REQUESTLINE======
[DEBUG][2024-06-13 20:30:07]:=====HEADER======
[DEBUG][2024-06-13 20:30:07]:STATE::WRITE
[DEBUG][2024-06-13 20:30:07]:STATE::READ
[DEBUG][2024-06-13 20:30:07]:=====START======
[DEBUG][2024-06-13 20:30:07]:=====REQUESTLINE======
[DEBUG][2024-06-13 20:30:07]:=====HEADER======
[DEBUG][2024-06-13 20:30:07]:STATE::WRITE
[DEBUG][2024-06-13 20:30:08]:STATE::READ
[DEBUG][2024-06-13 20:30:08]:=====START======
[DEBUG][2024-06-13 20:30:08]:=====REQUESTLINE======
[DEBUG][2024-06-13 20:30:08]:=====HEADER======
[DEBUG][2024-06-13 20:30:08]:STATE::WRITE
[DEBUG][2024-06-13 20:30:08]:STATE::READ
[DEBUG][2024-06-13 20:30:08]:=====START======
[DEBUG][2024-06-13 20:30:08]:=====REQUESTLINE======
[DEBUG][2024-06-13 20:30:08]:=====HEADER======
[DEBUG][2024-06-13 20:30:08]:STATE::WRITE
[DEBUG][2024-06-13 20:30:09]:STATE::READ
[DEBUG][2024-06-13 20:30:09]:=====START======
[DEBUG][2024-06-13 20:30:09]:=====REQUESTLINE======
[DEBUG][2024-06-13 20:30:09]:=====HEADER======
[DEBUG][2024-06-13 20:30:09]:STATE::WRITE
[DEBUG][2024-06-13 20:30:09]:STATE::READ
[DEBUG][2024-06-13 20:30:09]:=====START======
[DEBUG][2024-06-13 20:30:09]:=====REQUESTLINE======
[DEBUG][2024-06-13 20:30:09]:=====HEADER======
[DEBUG][2024-06-13 20:30:09]:STATE::WRITE
[DEBUG][2024-06-13 20:30:10]:STATE::READ
[DEBUG][2024-06-13 20:30:10]:=====START======
[DEBUG][2024-06-13 20:30:10]:=====REQUESTLINE======
[DEBUG][2024-06-13 20:30:10]:=====HEADER======
[DEBUG][2024-06-13 20:30:10]:STATE::WRITE
[DEBUG][2024-06-13 20:30:10]:STATE::READ
[DEBUG][2024-06-13 20:30:10]:=====START======
[DEBUG][2024-06-13 20:30:10]:=====REQUESTLINE======
[DEBUG][2024-06-13 20:30:10]:=====HEADER======
[DEBUG][2024-06-13 20:30:10]:STATE::WRITE
[DEBUG][2024-06-13 20:30:11]:STATE::READ
[DEBUG][2024-06-13 20:30:11]:=====START======
[DEBUG][2024-06-13 20:30:11]:=====REQUESTLINE======
[DEBUG][2024-06-13 20:30:11]:=====HEADER======
[DEBUG][2024-06-13 20:30:11]:STATE::WRITE
[DEBUG][2024-06-13 20:30:12]:STATE::READ
[DEBUG][2024-06-13 20:30:12]:=====START======
[DEBUG][2024-06-13 20:30:12]:=====REQUESTLINE======
[DEBUG][2024-06-13 20:30:12]:=====HEADER======
[DEBUG][2024-06-13 20:30:12]:STATE::WRITE
[DEBUG][2024-06-13 20:30:12]:STATE::READ
[DEBUG][2024-06-13 20:30:12]:=====START======
[DEBUG][2024-06-13 20:30:12]:=====REQUESTLINE======
[DEBUG][2024-06-13 20:30:12]:=====HEADER======
[DEBUG][2024-06-13 20:30:12]:STATE::WRITE
[DEBUG][2024-06-13 20:30:13]:STATE::READ
[DEBUG][2024-06-13 20:30:13]:=====START======
[DEBUG][2024-06-13 20:30:13]:=====REQUESTLINE======
[DEBUG][2024-06-13 20:30:13]:=====HEADER======
[DEBUG][2024-06-13 20:30:13]:STATE::WRITE
[DEBUG][2024-06-13 20:30:13]:STATE::READ
[DEBUG][2024-06-13 20:30:13]:=====START======
[DEBUG][2024-06-13 20:30:13]:=====REQUESTLINE======
[DEBUG][2024-06-13 20:30:13]:=====HEADER======
[DEBUG][2024-06-13 20:30:13]:STATE::WRITE
[DEBUG][2024-06-13 20:30:14]:STATE::READ
[DEBUG][2024-06-13 20:30:14]:=====START======
[DEBUG][2024-06-13 20:30:14]:=====REQUESTLINE======
[DEBUG][2024-06-13 20:30:14]:=====HEADER======
[DEBUG][2024-06-13 20:30:14]:STATE::WRITE
[DEBUG][2024-06-13 20:42:59]:Server start...
[INFO][2024-06-13 20:43:07]:client 192.168.10.3 visit.
[DEBUG][2024-06-13 20:43:07]:STATE::READ
[DEBUG][2024-06-13 20:43:07]:=====START======
[DEBUG][2024-06-13 20:43:07]:=====REQUESTLINE======
[DEBUG][2024-06-13 20:43:07]:=====HEADER======
[DEBUG][2024-06-13 20:43:07]:STATE::WRITE
[DEBUG][2024-06-13 20:43:07]:STATE::READ
[DEBUG][2024-06-13 20:43:07]:=====START======
[DEBUG][2024-06-13 20:43:07]:=====REQUESTLINE======
[DEBUG][2024-06-13 20:43:07]:=====HEADER======
[DEBUG][2024-06-13 20:43:07]:STATE::WRITE
[DEBUG][2024-06-13 20:45:03]:STATE::READ
[DEBUG][2024-06-13 20:45:03]:=====START======
[DEBUG][2024-06-13 20:45:03]:=====REQUESTLINE======
[DEBUG][2024-06-13 20:45:03]:=====HEADER======
[DEBUG][2024-06-13 20:45:03]:STATE::WRITE
[DEBUG][2024-06-13 20:46:48]:STATE::READ
[DEBUG][2024-06-13 20:46:48]:=====START======
[DEBUG][2024-06-13 20:46:48]:=====REQUESTLINE======
[DEBUG][2024-06-13 20:46:48]:=====HEADER======
[DEBUG][2024-06-13 20:46:48]:STATE::WRITE
[DEBUG][2024-06-13 20:46:56]:STATE::READ
[DEBUG][2024-06-13 20:46:56]:=====START======
[DEBUG][2024-06-13 20:46:56]:=====REQUESTLINE======
[DEBUG][2024-06-13 20:46:56]:=====HEADER======
[DEBUG][2024-06-13 20:46:56]:STATE::WRITE
[DEBUG][2024-06-13 20:47:03]:STATE::READ
[DEBUG][2024-06-13 20:47:03]:=====START======
[DEBUG][2024-06-13 20:47:03]:=====REQUESTLINE======
[DEBUG][2024-06-13 20:47:03]:=====HEADER======
[DEBUG][2024-06-13 20:47:03]:STATE::WRITE
[DEBUG][2024-06-13 20:47:40]:STATE::READ
[DEBUG][2024-06-13 20:47:40]:=====START======
[DEBUG][2024-06-13 20:47:40]:=====REQUESTLINE======
[DEBUG][2024-06-13 20:47:40]:=====HEADER======
[DEBUG][2024-06-13 20:47:40]:STATE::WRITE
[DEBUG][2024-06-13 20:48:49]:STATE::READ
[DEBUG][2024-06-13 20:48:49]:=====START======
[DEBUG][2024-06-13 20:48:49]:=====REQUESTLINE======
[DEBUG][2024-06-13 20:48:49]:=====HEADER======
[DEBUG][2024-06-13 20:48:49]:STATE::WRITE
[DEBUG][2024-06-13 20:48:54]:STATE::READ
[DEBUG][2024-06-13 20:48:54]:=====START======
[DEBUG][2024-06-13 20:48:54]:=====REQUESTLINE======
[DEBUG][2024-06-13 20:48:54]:=====HEADER======
[DEBUG][2024-06-13 20:48:54]:STATE::WRITE
[DEBUG][2024-06-13 20:48:55]:STATE::READ
[DEBUG][2024-06-13 20:48:55]:=====START======
[DEBUG][2024-06-13 20:48:55]:=====REQUESTLINE======
[DEBUG][2024-06-13 20:48:55]:=====HEADER======
[DEBUG][2024-06-13 20:48:55]:STATE::WRITE
[DEBUG][2024-06-13 20:49:33]:STATE::READ
[DEBUG][2024-06-13 20:49:33]:=====START======
[DEBUG][2024-06-13 20:49:33]:=====REQUESTLINE======
[DEBUG][2024-06-13 20:49:33]:=====HEADER======
[DEBUG][2024-06-13 20:49:33]:STATE::WRITE
[DEBUG][2024-06-13 20:49:37]:STATE::READ
[DEBUG][2024-06-13 20:49:37]:=====START======
[DEBUG][2024-06-13 20:49:37]:=====REQUESTLINE======
[DEBUG][2024-06-13 20:49:37]:=====HEADER======
[DEBUG][2024-06-13 20:49:37]:STATE::WRITE
[DEBUG][2024-06-13 20:49:52]:STATE::READ
[DEBUG][2024-06-13 20:49:52]:=====START======
[DEBUG][2024-06-13 20:49:52]:=====REQUESTLINE======
[DEBUG][2024-06-13 20:49:52]:=====HEADER======
[DEBUG][2024-06-13 20:49:52]:STATE::WRITE
[DEBUG][2024-06-13 20:49:52]:STATE::READ
[DEBUG][2024-06-13 20:49:52]:=====START======
[DEBUG][2024-06-13 20:49:52]:=====REQUESTLINE======
[DEBUG][2024-06-13 20:49:52]:=====HEADER======
[ERROR][2024-06-13 20:49:52]:Folder doesn't exist!
[DEBUG][2024-06-13 20:49:52]:STATE::WRITE
[DEBUG][2024-06-13 20:49:53]:STATE::READ
[DEBUG][2024-06-13 20:49:53]:=====START======
[DEBUG][2024-06-13 20:49:53]:=====REQUESTLINE======
[DEBUG][2024-06-13 20:49:53]:=====HEADER======
[ERROR][2024-06-13 20:49:53]:Folder doesn't exist!
[DEBUG][2024-06-13 20:49:53]:STATE::WRITE
[DEBUG][2024-06-13 20:49:54]:STATE::READ
[DEBUG][2024-06-13 20:49:54]:=====START======
[DEBUG][2024-06-13 20:49:54]:=====REQUESTLINE======
[DEBUG][2024-06-13 20:49:54]:=====HEADER======
[ERROR][2024-06-13 20:49:54]:Folder doesn't exist!
[DEBUG][2024-06-13 20:49:54]:STATE::WRITE
[DEBUG][2024-06-13 20:49:55]:STATE::READ
[DEBUG][2024-06-13 20:49:55]:=====START======
[DEBUG][2024-06-13 20:49:55]:=====REQUESTLINE======
[DEBUG][2024-06-13 20:49:55]:=====HEADER======
[ERROR][2024-06-13 20:49:55]:Folder doesn't exist!
[DEBUG][2024-06-13 20:49:55]:STATE::WRITE
[DEBUG][2024-06-13 20:49:57]:STATE::READ
[DEBUG][2024-06-13 20:49:57]:=====START======
[DEBUG][2024-06-13 20:49:57]:=====REQUESTLINE======
[DEBUG][2024-06-13 20:49:57]:=====HEADER======
[ERROR][2024-06-13 20:49:57]:Folder doesn't exist!
[DEBUG][2024-06-13 20:49:57]:STATE::WRITE
[DEBUG][2024-06-13 20:50:10]:STATE::READ
[DEBUG][2024-06-13 20:50:10]:=====START======
[DEBUG][2024-06-13 20:50:10]:=====REQUESTLINE======
[DEBUG][2024-06-13 20:50:10]:=====HEADER======
[ERROR][2024-06-13 20:50:10]:Folder doesn't exist!
[DEBUG][2024-06-13 20:50:10]:STATE::WRITE
[DEBUG][2024-06-13 20:51:02]:STATE::READ
[DEBUG][2024-06-13 20:51:02]:=====START======
[DEBUG][2024-06-13 20:51:02]:=====REQUESTLINE======
[DEBUG][2024-06-13 20:51:02]:=====HEADER======
[ERROR][2024-06-13 20:51:02]:Folder doesn't exist!
[DEBUG][2024-06-13 20:51:02]:STATE::WRITE
[DEBUG][2024-06-13 20:51:22]:STATE::READ
[DEBUG][2024-06-13 20:51:22]:=====START======
[DEBUG][2024-06-13 20:51:22]:=====REQUESTLINE======
[DEBUG][2024-06-13 20:51:22]:=====HEADER======
[DEBUG][2024-06-13 20:51:22]:STATE::WRITE
[DEBUG][2024-06-13 20:51:22]:STATE::READ
[DEBUG][2024-06-13 20:51:22]:=====START======
[DEBUG][2024-06-13 20:51:22]:=====REQUESTLINE======
[DEBUG][2024-06-13 20:51:22]:=====HEADER======
[ERROR][2024-06-13 20:51:22]:Folder doesn't exist!
[DEBUG][2024-06-13 20:51:22]:STATE::WRITE
[DEBUG][2024-06-13 20:52:04]:STATE::READ
[DEBUG][2024-06-13 20:52:04]:=====START======
[DEBUG][2024-06-13 20:52:04]:=====REQUESTLINE======
[DEBUG][2024-06-13 20:52:04]:=====HEADER======
[ERROR][2024-06-13 20:52:04]:Folder doesn't exist!
[DEBUG][2024-06-13 20:52:04]:STATE::WRITE
[DEBUG][2024-06-13 20:52:16]:STATE::READ
[DEBUG][2024-06-13 20:52:16]:=====START======
[DEBUG][2024-06-13 20:52:16]:=====REQUESTLINE======
[DEBUG][2024-06-13 20:52:16]:=====HEADER======
[ERROR][2024-06-13 20:52:16]:Folder doesn't exist!
[DEBUG][2024-06-13 20:52:16]:STATE::WRITE
[DEBUG][2024-06-13 20:52:52]:STATE::READ
[DEBUG][2024-06-13 20:52:52]:=====START======
[DEBUG][2024-06-13 20:52:52]:=====REQUESTLINE======
[DEBUG][2024-06-13 20:52:52]:=====HEADER======
[ERROR][2024-06-13 20:52:52]:Folder doesn't exist!
[DEBUG][2024-06-13 20:52:52]:STATE::WRITE
[DEBUG][2024-06-13 20:52:55]:STATE::READ
[DEBUG][2024-06-13 20:52:55]:=====START======
[DEBUG][2024-06-13 20:52:55]:=====REQUESTLINE======
[DEBUG][2024-06-13 20:52:55]:=====HEADER======
[ERROR][2024-06-13 20:52:55]:Folder doesn't exist!
[DEBUG][2024-06-13 20:52:55]:STATE::WRITE
[DEBUG][2024-06-13 20:53:03]:STATE::READ
[DEBUG][2024-06-13 20:53:03]:=====START======
[DEBUG][2024-06-13 20:53:03]:=====REQUESTLINE======
[DEBUG][2024-06-13 20:53:03]:=====HEADER======
[DEBUG][2024-06-13 20:53:03]:STATE::WRITE
[DEBUG][2024-06-13 20:53:03]:STATE::READ
[DEBUG][2024-06-13 20:53:03]:=====START======
[DEBUG][2024-06-13 20:53:03]:=====REQUESTLINE======
[DEBUG][2024-06-13 20:53:03]:=====HEADER======
[ERROR][2024-06-13 20:53:03]:Folder doesn't exist!
[DEBUG][2024-06-13 20:53:03]:STATE::WRITE
[DEBUG][2024-06-13 20:53:42]:Server start...
[INFO][2024-06-13 20:53:52]:client 192.168.10.3 visit.
[DEBUG][2024-06-13 20:53:52]:STATE::READ
[DEBUG][2024-06-13 20:53:52]:=====START======
[DEBUG][2024-06-13 20:53:52]:=====REQUESTLINE======
[DEBUG][2024-06-13 20:53:52]:=====HEADER======
[DEBUG][2024-06-13 20:53:52]:STATE::WRITE
[DEBUG][2024-06-13 20:53:52]:STATE::READ
[DEBUG][2024-06-13 20:53:52]:=====START======
[DEBUG][2024-06-13 20:53:52]:=====REQUESTLINE======
[DEBUG][2024-06-13 20:53:52]:=====HEADER======
[DEBUG][2024-06-13 20:53:52]:STATE::WRITE
[DEBUG][2024-06-13 20:53:59]:STATE::READ
[DEBUG][2024-06-13 20:53:59]:=====START======
[DEBUG][2024-06-13 20:53:59]:=====REQUESTLINE======
[DEBUG][2024-06-13 20:53:59]:=====HEADER======
[ERROR][2024-06-13 20:53:59]:Folder doesn't exist!
[DEBUG][2024-06-13 20:53:59]:STATE::WRITE
[DEBUG][2024-06-13 20:55:01]:STATE::READ
[DEBUG][2024-06-13 20:55:01]:=====START======
[DEBUG][2024-06-13 20:55:01]:=====REQUESTLINE======
[DEBUG][2024-06-13 20:55:01]:=====HEADER======
[DEBUG][2024-06-13 20:55:01]:STATE::WRITE
[DEBUG][2024-06-13 20:55:33]:STATE::READ
[DEBUG][2024-06-13 20:55:33]:=====START======
[DEBUG][2024-06-13 20:55:33]:=====REQUESTLINE======
[DEBUG][2024-06-13 20:55:33]:=====HEADER======
[DEBUG][2024-06-13 20:55:33]:STATE::WRITE
[DEBUG][2024-06-13 20:55:39]:Server start...
[INFO][2024-06-13 20:55:43]:client 192.168.10.3 visit.
[DEBUG][2024-06-13 20:55:43]:STATE::READ
[DEBUG][2024-06-13 20:55:43]:=====START======
[DEBUG][2024-06-13 20:55:43]:=====REQUESTLINE======
[DEBUG][2024-06-13 20:55:43]:=====HEADER======
[DEBUG][2024-06-13 20:55:43]:STATE::WRITE
[DEBUG][2024-06-13 20:55:43]:STATE::READ
[DEBUG][2024-06-13 20:55:43]:=====START======
[DEBUG][2024-06-13 20:55:43]:=====REQUESTLINE======
[DEBUG][2024-06-13 20:55:43]:=====HEADER======
[DEBUG][2024-06-13 20:55:43]:STATE::WRITE
[DEBUG][2024-06-13 20:55:45]:STATE::READ
[DEBUG][2024-06-13 20:55:45]:=====START======
[DEBUG][2024-06-13 20:55:45]:=====REQUESTLINE======
[DEBUG][2024-06-13 20:55:45]:=====HEADER======
[ERROR][2024-06-13 20:55:45]:Folder doesn't exist!
[DEBUG][2024-06-13 20:55:45]:STATE::WRITE
[DEBUG][2024-06-13 20:57:49]:Server start...
[INFO][2024-06-13 20:57:56]:client 192.168.10.3 visit.
[DEBUG][2024-06-13 20:57:56]:STATE::READ
[DEBUG][2024-06-13 20:57:56]:=====START======
[DEBUG][2024-06-13 20:57:56]:=====REQUESTLINE======
[DEBUG][2024-06-13 20:57:56]:=====HEADER======
[DEBUG][2024-06-13 20:57:56]:STATE::WRITE
[DEBUG][2024-06-13 20:57:56]:STATE::READ
[DEBUG][2024-06-13 20:57:56]:=====START======
[DEBUG][2024-06-13 20:57:56]:=====REQUESTLINE======
[DEBUG][2024-06-13 20:57:56]:=====HEADER======
[DEBUG][2024-06-13 20:57:56]:STATE::WRITE
[DEBUG][2024-06-13 20:58:02]:STATE::READ
[DEBUG][2024-06-13 20:58:02]:=====START======
[DEBUG][2024-06-13 20:58:02]:=====REQUESTLINE======
[DEBUG][2024-06-13 20:58:02]:=====HEADER======
[ERROR][2024-06-13 20:58:02]:Folder doesn't exist!
[DEBUG][2024-06-13 20:58:02]:STATE::WRITE
[INFO][2024-06-13 21:03:14]:client 192.168.10.3 quit.
[DEBUG][2024-06-13 21:04:57]:Server start...
[INFO][2024-06-13 21:05:05]:client 192.168.10.3 visit.
[DEBUG][2024-06-13 21:05:05]:STATE::READ
[DEBUG][2024-06-13 21:05:05]:=====START======
[DEBUG][2024-06-13 21:05:05]:=====REQUESTLINE======
[DEBUG][2024-06-13 21:05:05]:=====HEADER======
[DEBUG][2024-06-13 21:05:05]:STATE::WRITE
[DEBUG][2024-06-13 21:05:05]:STATE::READ
[DEBUG][2024-06-13 21:05:05]:=====START======
[DEBUG][2024-06-13 21:05:05]:=====REQUESTLINE======
[DEBUG][2024-06-13 21:05:05]:=====HEADER======
[DEBUG][2024-06-13 21:07:57]:Server start...
[INFO][2024-06-13 21:08:06]:client 192.168.10.3 visit.
[DEBUG][2024-06-13 21:08:06]:STATE::READ
[DEBUG][2024-06-13 21:08:06]:=====START======
[DEBUG][2024-06-13 21:08:06]:=====REQUESTLINE======
[DEBUG][2024-06-13 21:08:06]:=====HEADER======
[DEBUG][2024-06-13 21:08:06]:STATE::WRITE
[DEBUG][2024-06-13 21:08:06]:STATE::READ
[DEBUG][2024-06-13 21:08:06]:=====START======
[DEBUG][2024-06-13 21:08:06]:=====REQUESTLINE======
[DEBUG][2024-06-13 21:08:06]:=====HEADER======
[DEBUG][2024-06-13 21:08:06]:STATE::WRITE
[DEBUG][2024-06-13 21:08:10]:STATE::READ
[DEBUG][2024-06-13 21:08:10]:=====START======
[DEBUG][2024-06-13 21:08:10]:=====REQUESTLINE======
[DEBUG][2024-06-13 21:08:10]:=====HEADER======
[DEBUG][2024-06-13 21:08:10]:STATE::WRITE
[DEBUG][2024-06-13 21:08:16]:STATE::READ
[DEBUG][2024-06-13 21:08:16]:=====START======
[DEBUG][2024-06-13 21:08:16]:=====REQUESTLINE======
[DEBUG][2024-06-13 21:08:16]:=====HEADER======
[ERROR][2024-06-13 21:08:16]:Folder doesn't exist!
[DEBUG][2024-06-13 21:08:16]:STATE::WRITE
[DEBUG][2024-06-13 21:09:55]:STATE::READ
[DEBUG][2024-06-13 21:09:55]:=====START======
[DEBUG][2024-06-13 21:09:55]:=====REQUESTLINE======
[DEBUG][2024-06-13 21:09:55]:=====HEADER======
[DEBUG][2024-06-13 21:09:55]:STATE::WRITE
[DEBUG][2024-06-13 21:10:01]:STATE::READ
[DEBUG][2024-06-13 21:10:01]:=====START======
[DEBUG][2024-06-13 21:10:01]:=====REQUESTLINE======
[DEBUG][2024-06-13 21:10:01]:=====HEADER======
[DEBUG][2024-06-13 21:10:01]:STATE::WRITE
[DEBUG][2024-06-13 21:10:04]:STATE::READ
[DEBUG][2024-06-13 21:10:04]:=====START======
[DEBUG][2024-06-13 21:10:04]:=====REQUESTLINE======
[DEBUG][2024-06-13 21:10:04]:=====HEADER======
[DEBUG][2024-06-13 21:10:04]:STATE::WRITE
[DEBUG][2024-06-13 21:10:05]:STATE::READ
[DEBUG][2024-06-13 21:10:05]:=====START======
[DEBUG][2024-06-13 21:10:05]:=====REQUESTLINE======
[DEBUG][2024-06-13 21:10:05]:=====HEADER======
[DEBUG][2024-06-13 21:10:05]:STATE::WRITE
[DEBUG][2024-06-13 21:10:08]:STATE::READ
[DEBUG][2024-06-13 21:10:08]:=====START======
[DEBUG][2024-06-13 21:10:08]:=====REQUESTLINE======
[DEBUG][2024-06-13 21:10:08]:=====HEADER======
[DEBUG][2024-06-13 21:10:08]:STATE::WRITE
[DEBUG][2024-06-13 21:10:21]:STATE::READ
[DEBUG][2024-06-13 21:10:21]:=====START======
[DEBUG][2024-06-13 21:10:21]:=====REQUESTLINE======
[DEBUG][2024-06-13 21:10:21]:=====HEADER======
[DEBUG][2024-06-13 21:10:21]:STATE::WRITE
[DEBUG][2024-06-13 21:10:23]:STATE::READ
[DEBUG][2024-06-13 21:10:23]:=====START======
[DEBUG][2024-06-13 21:10:23]:=====REQUESTLINE======
[DEBUG][2024-06-13 21:10:23]:=====HEADER======
[DEBUG][2024-06-13 21:10:23]:STATE::WRITE
[DEBUG][2024-06-13 21:10:24]:STATE::READ
[DEBUG][2024-06-13 21:10:24]:=====START======
[DEBUG][2024-06-13 21:10:24]:=====REQUESTLINE======
[DEBUG][2024-06-13 21:10:24]:=====HEADER======
[DEBUG][2024-06-13 21:10:24]:STATE::WRITE
[DEBUG][2024-06-13 21:10:31]:STATE::READ
[DEBUG][2024-06-13 21:10:31]:=====START======
[DEBUG][2024-06-13 21:10:31]:=====REQUESTLINE======
[DEBUG][2024-06-13 21:10:31]:=====HEADER======
[DEBUG][2024-06-13 21:10:31]:STATE::WRITE
[DEBUG][2024-06-13 21:10:31]:STATE::READ
[DEBUG][2024-06-13 21:10:31]:=====START======
[DEBUG][2024-06-13 21:10:31]:=====REQUESTLINE======
[DEBUG][2024-06-13 21:10:31]:=====HEADER======
[ERROR][2024-06-13 21:10:31]:Folder doesn't exist!
[DEBUG][2024-06-13 21:10:31]:STATE::WRITE
[DEBUG][2024-06-13 21:10:34]:Server start...
[INFO][2024-06-13 21:10:45]:client 192.168.10.3 visit.
[DEBUG][2024-06-13 21:10:45]:STATE::READ
[DEBUG][2024-06-13 21:10:45]:=====START======
[DEBUG][2024-06-13 21:10:45]:=====REQUESTLINE======
[DEBUG][2024-06-13 21:10:45]:=====HEADER======
[DEBUG][2024-06-13 21:10:45]:STATE::WRITE
[DEBUG][2024-06-13 21:10:46]:STATE::READ
[DEBUG][2024-06-13 21:10:46]:=====START======
[DEBUG][2024-06-13 21:10:46]:=====REQUESTLINE======
[DEBUG][2024-06-13 21:10:46]:=====HEADER======
[DEBUG][2024-06-13 21:10:46]:STATE::WRITE
[DEBUG][2024-06-13 21:10:49]:STATE::READ
[DEBUG][2024-06-13 21:10:49]:=====START======
[DEBUG][2024-06-13 21:10:49]:=====REQUESTLINE======
[DEBUG][2024-06-13 21:10:49]:=====HEADER======
[DEBUG][2024-06-13 21:10:49]:STATE::WRITE
[DEBUG][2024-06-13 21:10:52]:STATE::READ
[DEBUG][2024-06-13 21:10:52]:=====START======
[DEBUG][2024-06-13 21:10:52]:=====REQUESTLINE======
[DEBUG][2024-06-13 21:10:52]:=====HEADER======
[ERROR][2024-06-13 21:10:52]:Folder doesn't exist!
[DEBUG][2024-06-13 21:10:52]:STATE::WRITE
[DEBUG][2024-06-13 21:11:13]:Server start...
[INFO][2024-06-13 21:11:15]:client 192.168.10.3 visit.
[DEBUG][2024-06-13 21:11:15]:STATE::READ
[DEBUG][2024-06-13 21:11:15]:=====START======
[DEBUG][2024-06-13 21:11:15]:=====REQUESTLINE======
[DEBUG][2024-06-13 21:11:15]:=====HEADER======
[DEBUG][2024-06-13 21:11:15]:STATE::WRITE
[DEBUG][2024-06-13 21:11:18]:STATE::READ
[DEBUG][2024-06-13 21:11:18]:=====START======
[DEBUG][2024-06-13 21:11:18]:=====REQUESTLINE======
[DEBUG][2024-06-13 21:11:18]:=====HEADER======
[DEBUG][2024-06-13 21:11:18]:STATE::WRITE
[DEBUG][2024-06-13 21:11:20]:STATE::READ
[DEBUG][2024-06-13 21:11:20]:=====START======
[DEBUG][2024-06-13 21:11:20]:=====REQUESTLINE======
[DEBUG][2024-06-13 21:11:20]:=====HEADER======
[DEBUG][2024-06-13 21:11:20]:STATE::WRITE
[DEBUG][2024-06-13 21:11:22]:STATE::READ
[DEBUG][2024-06-13 21:11:22]:=====START======
[DEBUG][2024-06-13 21:11:22]:=====REQUESTLINE======
[DEBUG][2024-06-13 21:11:22]:=====HEADER======
[DEBUG][2024-06-13 21:11:22]:STATE::WRITE
[DEBUG][2024-06-13 21:11:25]:STATE::READ
[DEBUG][2024-06-13 21:11:25]:=====START======
[DEBUG][2024-06-13 21:11:25]:=====REQUESTLINE======
[DEBUG][2024-06-13 21:11:25]:=====HEADER======
[DEBUG][2024-06-13 21:11:25]:STATE::WRITE
[DEBUG][2024-06-13 21:11:33]:STATE::READ
[DEBUG][2024-06-13 21:11:33]:=====START======
[DEBUG][2024-06-13 21:11:33]:=====REQUESTLINE======
[DEBUG][2024-06-13 21:11:33]:=====HEADER======
[ERROR][2024-06-13 21:11:33]:Folder doesn't exist!
[DEBUG][2024-06-13 21:11:33]:STATE::WRITE
[DEBUG][2024-06-13 21:13:01]:Server start...
[INFO][2024-06-13 21:13:03]:client 192.168.10.3 visit.
[DEBUG][2024-06-13 21:13:03]:STATE::READ
[DEBUG][2024-06-13 21:13:03]:=====START======
[DEBUG][2024-06-13 21:13:03]:=====REQUESTLINE======
[DEBUG][2024-06-13 21:13:03]:=====HEADER======
[DEBUG][2024-06-13 21:13:03]:STATE::WRITE
[DEBUG][2024-06-13 21:13:03]:STATE::READ
[DEBUG][2024-06-13 21:13:03]:=====START======
[DEBUG][2024-06-13 21:13:03]:=====REQUESTLINE======
[DEBUG][2024-06-13 21:13:03]:=====HEADER======
[DEBUG][2024-06-13 21:13:03]:STATE::WRITE
[DEBUG][2024-06-13 21:13:12]:STATE::READ
[DEBUG][2024-06-13 21:13:12]:=====START======
[DEBUG][2024-06-13 21:13:12]:=====REQUESTLINE======
[DEBUG][2024-06-13 21:13:12]:=====HEADER======
[DEBUG][2024-06-13 21:13:12]:STATE::WRITE
[DEBUG][2024-06-13 21:14:37]:STATE::READ
[DEBUG][2024-06-13 21:14:37]:=====START======
[DEBUG][2024-06-13 21:14:37]:=====REQUESTLINE======
[DEBUG][2024-06-13 21:14:37]:=====HEADER======
[ERROR][2024-06-13 21:14:37]:Folder doesn't exist!
[DEBUG][2024-06-13 21:14:37]:STATE::WRITE
[DEBUG][2024-06-13 21:16:34]:STATE::READ
[DEBUG][2024-06-13 21:16:34]:=====START======
[DEBUG][2024-06-13 21:16:34]:=====REQUESTLINE======
[DEBUG][2024-06-13 21:16:34]:=====HEADER======
[DEBUG][2024-06-13 21:16:34]:STATE::WRITE
[DEBUG][2024-06-13 21:16:34]:STATE::READ
[DEBUG][2024-06-13 21:16:34]:=====START======
[DEBUG][2024-06-13 21:16:34]:=====REQUESTLINE======
[DEBUG][2024-06-13 21:16:34]:=====HEADER======
[DEBUG][2024-06-13 21:16:34]:STATE::WRITE
[DEBUG][2024-06-13 21:16:38]:STATE::READ
[DEBUG][2024-06-13 21:16:38]:=====START======
[DEBUG][2024-06-13 21:16:38]:=====REQUESTLINE======
[DEBUG][2024-06-13 21:16:38]:=====HEADER======
[DEBUG][2024-06-13 21:16:38]:STATE::WRITE
[DEBUG][2024-06-13 21:16:40]:STATE::READ
[DEBUG][2024-06-13 21:16:40]:=====START======
[DEBUG][2024-06-13 21:16:40]:=====REQUESTLINE======
[DEBUG][2024-06-13 21:16:40]:=====HEADER======
[DEBUG][2024-06-13 21:16:40]:STATE::WRITE
[DEBUG][2024-06-13 21:16:47]:Server start...
[INFO][2024-06-13 21:16:51]:client 192.168.10.3 visit.
[DEBUG][2024-06-13 21:16:51]:STATE::READ
[DEBUG][2024-06-13 21:16:51]:=====START======
[DEBUG][2024-06-13 21:16:51]:=====REQUESTLINE======
[DEBUG][2024-06-13 21:16:51]:=====HEADER======
[DEBUG][2024-06-13 21:16:51]:STATE::WRITE
[DEBUG][2024-06-13 21:16:51]:STATE::READ
[DEBUG][2024-06-13 21:16:51]:=====START======
[DEBUG][2024-06-13 21:16:51]:=====REQUESTLINE======
[DEBUG][2024-06-13 21:16:51]:=====HEADER======
[DEBUG][2024-06-13 21:16:51]:STATE::WRITE
[DEBUG][2024-06-13 21:16:57]:STATE::READ
[DEBUG][2024-06-13 21:16:57]:=====START======
[DEBUG][2024-06-13 21:16:57]:=====REQUESTLINE======
[DEBUG][2024-06-13 21:16:57]:=====HEADER======
[DEBUG][2024-06-13 21:16:57]:STATE::WRITE
[DEBUG][2024-06-13 21:20:31]:STATE::READ
[DEBUG][2024-06-13 21:20:31]:=====START======
[DEBUG][2024-06-13 21:20:31]:=====REQUESTLINE======
[DEBUG][2024-06-13 21:20:31]:=====HEADER======
[DEBUG][2024-06-13 21:20:31]:STATE::WRITE
[DEBUG][2024-06-13 21:20:36]:Server start...
[INFO][2024-06-13 21:20:41]:client 192.168.10.3 visit.
[DEBUG][2024-06-13 21:20:41]:STATE::READ
[DEBUG][2024-06-13 21:20:41]:=====START======
[DEBUG][2024-06-13 21:20:41]:=====REQUESTLINE======
[DEBUG][2024-06-13 21:20:41]:=====HEADER======
[DEBUG][2024-06-13 21:20:41]:STATE::WRITE
[DEBUG][2024-06-13 21:20:41]:STATE::READ
[DEBUG][2024-06-13 21:20:41]:=====START======
[DEBUG][2024-06-13 21:20:41]:=====REQUESTLINE======
[DEBUG][2024-06-13 21:20:41]:=====HEADER======
[DEBUG][2024-06-13 21:20:41]:STATE::WRITE
[DEBUG][2024-06-13 21:20:50]:STATE::READ
[DEBUG][2024-06-13 21:20:50]:=====START======
[DEBUG][2024-06-13 21:20:50]:=====REQUESTLINE======
[DEBUG][2024-06-13 21:20:50]:=====HEADER======
[DEBUG][2024-06-13 21:20:50]:STATE::WRITE
[DEBUG][2024-06-13 21:20:58]:STATE::READ
[DEBUG][2024-06-13 21:20:58]:=====START======
[DEBUG][2024-06-13 21:20:58]:=====REQUESTLINE======
[DEBUG][2024-06-13 21:20:58]:=====HEADER======
[DEBUG][2024-06-13 21:20:58]:STATE::WRITE
[DEBUG][2024-06-13 21:21:02]:STATE::READ
[DEBUG][2024-06-13 21:21:02]:=====START======
[DEBUG][2024-06-13 21:21:02]:=====REQUESTLINE======
[DEBUG][2024-06-13 21:21:02]:=====HEADER======
[DEBUG][2024-06-13 21:21:02]:STATE::WRITE
[DEBUG][2024-06-13 21:21:03]:STATE::READ
[DEBUG][2024-06-13 21:21:03]:=====START======
[DEBUG][2024-06-13 21:21:03]:=====REQUESTLINE======
[DEBUG][2024-06-13 21:21:03]:=====HEADER======
[DEBUG][2024-06-13 21:21:03]:STATE::WRITE
[DEBUG][2024-06-13 21:21:05]:STATE::READ
[DEBUG][2024-06-13 21:21:05]:=====START======
[DEBUG][2024-06-13 21:21:05]:=====REQUESTLINE======
[DEBUG][2024-06-13 21:21:05]:=====HEADER======
[DEBUG][2024-06-13 21:21:05]:STATE::WRITE
[DEBUG][2024-06-13 21:21:06]:STATE::READ
[DEBUG][2024-06-13 21:21:06]:=====START======
[DEBUG][2024-06-13 21:21:06]:=====REQUESTLINE======
[DEBUG][2024-06-13 21:21:06]:=====HEADER======
[DEBUG][2024-06-13 21:21:06]:STATE::WRITE
[DEBUG][2024-06-13 21:21:07]:STATE::READ
[DEBUG][2024-06-13 21:21:07]:=====START======
[DEBUG][2024-06-13 21:21:07]:=====REQUESTLINE======
[DEBUG][2024-06-13 21:21:07]:=====HEADER======
[DEBUG][2024-06-13 21:21:07]:STATE::WRITE
[DEBUG][2024-06-13 21:21:07]:STATE::READ
[DEBUG][2024-06-13 21:21:07]:=====START======
[DEBUG][2024-06-13 21:21:07]:=====REQUESTLINE======
[DEBUG][2024-06-13 21:21:07]:=====HEADER======
[DEBUG][2024-06-13 21:21:07]:STATE::WRITE
[DEBUG][2024-06-13 21:21:09]:STATE::READ
[DEBUG][2024-06-13 21:21:09]:=====START======
[DEBUG][2024-06-13 21:21:09]:=====REQUESTLINE======
[DEBUG][2024-06-13 21:21:09]:=====HEADER======
[DEBUG][2024-06-13 21:21:09]:STATE::WRITE
[DEBUG][2024-06-13 21:21:10]:STATE::READ
[DEBUG][2024-06-13 21:21:10]:=====START======
[DEBUG][2024-06-13 21:21:10]:=====REQUESTLINE======
[DEBUG][2024-06-13 21:21:10]:=====HEADER======
[DEBUG][2024-06-13 21:21:10]:STATE::WRITE
[DEBUG][2024-06-13 21:21:11]:STATE::READ
[DEBUG][2024-06-13 21:21:11]:=====START======
[DEBUG][2024-06-13 21:21:11]:=====REQUESTLINE======
[DEBUG][2024-06-13 21:21:11]:=====HEADER======
[DEBUG][2024-06-13 21:21:11]:STATE::WRITE
[DEBUG][2024-06-13 21:23:46]:STATE::READ
[DEBUG][2024-06-13 21:23:46]:=====START======
[DEBUG][2024-06-13 21:23:46]:=====REQUESTLINE======
[DEBUG][2024-06-13 21:23:46]:=====HEADER======
[DEBUG][2024-06-13 21:23:46]:STATE::WRITE
[DEBUG][2024-06-13 21:24:40]:STATE::READ
[DEBUG][2024-06-13 21:24:40]:=====START======
[DEBUG][2024-06-13 21:24:40]:=====REQUESTLINE======
[DEBUG][2024-06-13 21:24:40]:=====HEADER======
[DEBUG][2024-06-13 21:24:40]:STATE::WRITE
[DEBUG][2024-06-13 21:26:01]:Server start...
[INFO][2024-06-13 21:26:09]:client 192.168.10.3 visit.
[DEBUG][2024-06-13 21:26:09]:STATE::READ
[DEBUG][2024-06-13 21:26:09]:=====START======
[DEBUG][2024-06-13 21:26:09]:=====REQUESTLINE======
[DEBUG][2024-06-13 21:26:09]:=====HEADER======
[DEBUG][2024-06-13 21:26:09]:STATE::WRITE
[DEBUG][2024-06-13 21:26:09]:STATE::READ
[DEBUG][2024-06-13 21:26:09]:=====START======
[DEBUG][2024-06-13 21:26:09]:=====REQUESTLINE======
[DEBUG][2024-06-13 21:26:09]:=====HEADER======
[DEBUG][2024-06-13 21:26:09]:STATE::WRITE
[DEBUG][2024-06-13 21:26:21]:STATE::READ
[DEBUG][2024-06-13 21:26:21]:=====START======
[DEBUG][2024-06-13 21:26:21]:=====REQUESTLINE======
[DEBUG][2024-06-13 21:26:21]:=====HEADER======
[DEBUG][2024-06-13 21:26:21]:STATE::WRITE
[DEBUG][2024-06-13 21:26:23]:STATE::READ
[DEBUG][2024-06-13 21:26:23]:=====START======
[DEBUG][2024-06-13 21:26:23]:=====REQUESTLINE======
[DEBUG][2024-06-13 21:26:23]:=====HEADER======
[DEBUG][2024-06-13 21:26:23]:STATE::WRITE
[DEBUG][2024-06-13 21:26:24]:STATE::READ
[DEBUG][2024-06-13 21:26:24]:=====START======
[DEBUG][2024-06-13 21:26:24]:=====REQUESTLINE======
[DEBUG][2024-06-13 21:26:24]:=====HEADER======
[DEBUG][2024-06-13 21:26:24]:STATE::WRITE
[DEBUG][2024-06-13 21:26:26]:STATE::READ
[DEBUG][2024-06-13 21:26:26]:=====START======
[DEBUG][2024-06-13 21:26:26]:=====REQUESTLINE======
[DEBUG][2024-06-13 21:26:26]:=====HEADER======
[DEBUG][2024-06-13 21:26:26]:STATE::WRITE
[DEBUG][2024-06-13 21:26:29]:STATE::READ
[DEBUG][2024-06-13 21:26:29]:=====START======
[DEBUG][2024-06-13 21:26:29]:=====REQUESTLINE======
[DEBUG][2024-06-13 21:26:29]:=====HEADER======
[DEBUG][2024-06-13 21:26:29]:STATE::WRITE
[DEBUG][2024-06-13 21:26:31]:STATE::READ
[DEBUG][2024-06-13 21:26:31]:=====START======
[DEBUG][2024-06-13 21:26:31]:=====REQUESTLINE======
[DEBUG][2024-06-13 21:26:31]:=====HEADER======
[DEBUG][2024-06-13 21:26:31]:STATE::WRITE
[DEBUG][2024-06-13 21:27:01]:STATE::READ
[DEBUG][2024-06-13 21:27:01]:=====START======
[DEBUG][2024-06-13 21:27:01]:=====REQUESTLINE======
[DEBUG][2024-06-13 21:27:01]:=====HEADER======
[DEBUG][2024-06-13 21:27:01]:STATE::WRITE
[DEBUG][2024-06-13 21:27:07]:STATE::READ
[DEBUG][2024-06-13 21:27:07]:=====START======
[DEBUG][2024-06-13 21:27:07]:=====REQUESTLINE======
[DEBUG][2024-06-13 21:27:07]:=====HEADER======
[DEBUG][2024-06-13 21:27:07]:STATE::WRITE
[INFO][2024-06-13 21:32:48]:client 192.168.10.3 quit.
[INFO][2024-06-13 21:32:49]:client 192.168.10.3 visit.
[DEBUG][2024-06-13 21:32:49]:STATE::READ
[DEBUG][2024-06-13 21:32:49]:=====START======
[DEBUG][2024-06-13 21:32:49]:=====REQUESTLINE======
[DEBUG][2024-06-13 21:32:49]:=====HEADER======
[DEBUG][2024-06-13 21:32:49]:STATE::WRITE
[DEBUG][2024-06-13 21:32:49]:STATE::READ
[DEBUG][2024-06-13 21:32:49]:=====START======
[DEBUG][2024-06-13 21:32:49]:=====REQUESTLINE======
[DEBUG][2024-06-13 21:32:49]:=====HEADER======
[DEBUG][2024-06-13 21:32:49]:STATE::WRITE
[DEBUG][2024-06-13 21:32:49]:STATE::READ
[DEBUG][2024-06-13 21:32:49]:=====START======
[DEBUG][2024-06-13 21:32:49]:=====REQUESTLINE======
[DEBUG][2024-06-13 21:32:49]:=====HEADER======
[DEBUG][2024-06-13 21:32:49]:STATE::WRITE
[DEBUG][2024-06-13 21:32:58]:STATE::READ
[DEBUG][2024-06-13 21:32:58]:=====START======
[DEBUG][2024-06-13 21:32:58]:=====REQUESTLINE======
[DEBUG][2024-06-13 21:32:58]:=====HEADER======
[DEBUG][2024-06-13 21:32:58]:STATE::WRITE
[DEBUG][2024-06-13 21:32:58]:STATE::READ
[DEBUG][2024-06-13 21:32:58]:=====START======
[DEBUG][2024-06-13 21:32:58]:=====REQUESTLINE======
[DEBUG][2024-06-13 21:32:58]:=====HEADER======
[DEBUG][2024-06-13 21:32:58]:STATE::WRITE
[DEBUG][2024-06-13 21:34:57]:STATE::READ
[DEBUG][2024-06-13 21:34:57]:=====START======
[DEBUG][2024-06-13 21:34:57]:=====REQUESTLINE======
[DEBUG][2024-06-13 21:34:57]:=====HEADER======
[DEBUG][2024-06-13 21:34:57]:STATE::WRITE
[DEBUG][2024-06-13 21:35:46]:STATE::READ
[DEBUG][2024-06-13 21:35:46]:=====START======
[DEBUG][2024-06-13 21:35:46]:=====REQUESTLINE======
[DEBUG][2024-06-13 21:35:46]:=====HEADER======
[DEBUG][2024-06-13 21:35:46]:STATE::WRITE
[DEBUG][2024-06-13 21:35:46]:STATE::READ
[DEBUG][2024-06-13 21:35:46]:=====START======
[DEBUG][2024-06-13 21:35:46]:=====REQUESTLINE======
[DEBUG][2024-06-13 21:35:46]:=====HEADER======
[DEBUG][2024-06-13 21:35:46]:STATE::WRITE
[DEBUG][2024-06-13 21:35:50]:STATE::READ
[DEBUG][2024-06-13 21:35:50]:=====START======
[DEBUG][2024-06-13 21:35:50]:=====REQUESTLINE======
[DEBUG][2024-06-13 21:35:50]:=====HEADER======
[DEBUG][2024-06-13 21:35:50]:STATE::WRITE
[DEBUG][2024-06-13 21:35:52]:STATE::READ
[DEBUG][2024-06-13 21:35:52]:=====START======
[DEBUG][2024-06-13 21:35:52]:=====REQUESTLINE======
[DEBUG][2024-06-13 21:35:52]:=====HEADER======
[DEBUG][2024-06-13 21:35:52]:STATE::WRITE
[DEBUG][2024-06-13 21:35:53]:STATE::READ
[DEBUG][2024-06-13 21:35:53]:=====START======
[DEBUG][2024-06-13 21:35:53]:=====REQUESTLINE======
[DEBUG][2024-06-13 21:35:53]:=====HEADER======
[DEBUG][2024-06-13 21:35:53]:STATE::WRITE
[DEBUG][2024-06-13 21:35:54]:STATE::READ
[DEBUG][2024-06-13 21:35:54]:=====START======
[DEBUG][2024-06-13 21:35:54]:=====REQUESTLINE======
[DEBUG][2024-06-13 21:35:54]:=====HEADER======
[DEBUG][2024-06-13 21:35:54]:STATE::WRITE
[DEBUG][2024-06-13 21:35:59]:STATE::READ
[DEBUG][2024-06-13 21:35:59]:=====START======
[DEBUG][2024-06-13 21:35:59]:=====REQUESTLINE======
[DEBUG][2024-06-13 21:35:59]:=====HEADER======
[DEBUG][2024-06-13 21:35:59]:STATE::WRITE
[DEBUG][2024-06-13 21:36:06]:STATE::READ
[DEBUG][2024-06-13 21:36:06]:=====START======
[DEBUG][2024-06-13 21:36:06]:=====REQUESTLINE======
[DEBUG][2024-06-13 21:36:06]:=====HEADER======
[DEBUG][2024-06-13 21:36:06]:STATE::WRITE
[DEBUG][2024-06-13 21:36:32]:STATE::READ
[DEBUG][2024-06-13 21:36:32]:=====START======
[DEBUG][2024-06-13 21:36:32]:=====REQUESTLINE======
[DEBUG][2024-06-13 21:36:32]:=====HEADER======
[DEBUG][2024-06-13 21:36:32]:STATE::WRITE
[DEBUG][2024-06-13 21:39:35]:STATE::READ
[DEBUG][2024-06-13 21:39:35]:=====START======
[DEBUG][2024-06-13 21:39:35]:=====REQUESTLINE======
[DEBUG][2024-06-13 21:39:35]:=====HEADER======
[DEBUG][2024-06-13 21:39:35]:STATE::WRITE
[DEBUG][2024-06-13 21:39:51]:STATE::READ
[DEBUG][2024-06-13 21:39:51]:=====START======
[DEBUG][2024-06-13 21:39:51]:=====REQUESTLINE======
[DEBUG][2024-06-13 21:39:51]:=====HEADER======
[DEBUG][2024-06-13 21:39:51]:STATE::WRITE
[DEBUG][2024-06-13 21:40:02]:STATE::READ
[DEBUG][2024-06-13 21:40:02]:=====START======
[DEBUG][2024-06-13 21:40:02]:=====REQUESTLINE======
[DEBUG][2024-06-13 21:40:02]:=====HEADER======
[DEBUG][2024-06-13 21:40:02]:STATE::WRITE
[DEBUG][2024-06-13 21:40:40]:STATE::READ
[DEBUG][2024-06-13 21:40:40]:=====START======
[DEBUG][2024-06-13 21:40:40]:=====REQUESTLINE======
[DEBUG][2024-06-13 21:40:40]:=====HEADER======
[DEBUG][2024-06-13 21:40:40]:STATE::WRITE
[DEBUG][2024-06-13 21:40:56]:STATE::READ
[DEBUG][2024-06-13 21:40:56]:=====START======
[DEBUG][2024-06-13 21:40:56]:=====REQUESTLINE======
[DEBUG][2024-06-13 21:40:56]:=====HEADER======
[DEBUG][2024-06-13 21:40:56]:STATE::WRITE
[INFO][2024-06-13 21:41:20]:client 192.168.10.3 quit.
[INFO][2024-06-13 21:42:03]:client 192.168.10.3 visit.
[DEBUG][2024-06-13 21:42:03]:STATE::READ
[DEBUG][2024-06-13 21:42:03]:=====START======
[DEBUG][2024-06-13 21:42:03]:=====REQUESTLINE======
[DEBUG][2024-06-13 21:42:03]:=====HEADER======
[DEBUG][2024-06-13 21:42:03]:STATE::WRITE
[DEBUG][2024-06-13 21:42:03]:STATE::READ
[DEBUG][2024-06-13 21:42:03]:=====START======
[DEBUG][2024-06-13 21:42:03]:=====REQUESTLINE======
[DEBUG][2024-06-13 21:42:03]:=====HEADER======
[DEBUG][2024-06-13 21:42:03]:STATE::WRITE
[DEBUG][2024-06-13 21:42:04]:STATE::READ
[DEBUG][2024-06-13 21:42:04]:=====START======
[DEBUG][2024-06-13 21:42:04]:=====REQUESTLINE======
[DEBUG][2024-06-13 21:42:04]:=====HEADER======
[DEBUG][2024-06-13 21:42:04]:STATE::WRITE
[DEBUG][2024-06-13 21:42:07]:STATE::READ
[DEBUG][2024-06-13 21:42:07]:=====START======
[DEBUG][2024-06-13 21:42:07]:=====REQUESTLINE======
[DEBUG][2024-06-13 21:42:07]:=====HEADER======
[DEBUG][2024-06-13 21:42:07]:STATE::WRITE
[DEBUG][2024-06-13 21:42:09]:STATE::READ
[DEBUG][2024-06-13 21:42:09]:=====START======
[DEBUG][2024-06-13 21:42:09]:=====REQUESTLINE======
[DEBUG][2024-06-13 21:42:09]:=====HEADER======
[DEBUG][2024-06-13 21:42:09]:STATE::WRITE
[DEBUG][2024-06-13 21:42:12]:STATE::READ
[DEBUG][2024-06-13 21:42:12]:=====START======
[DEBUG][2024-06-13 21:42:12]:=====REQUESTLINE======
[DEBUG][2024-06-13 21:42:12]:=====HEADER======
[DEBUG][2024-06-13 21:42:12]:STATE::WRITE
[DEBUG][2024-06-13 21:42:13]:STATE::READ
[DEBUG][2024-06-13 21:42:13]:=====START======
[DEBUG][2024-06-13 21:42:13]:=====REQUESTLINE======
[DEBUG][2024-06-13 21:42:13]:=====HEADER======
[DEBUG][2024-06-13 21:42:13]:STATE::WRITE
[DEBUG][2024-06-13 21:42:14]:STATE::READ
[DEBUG][2024-06-13 21:42:14]:=====START======
[DEBUG][2024-06-13 21:42:14]:=====REQUESTLINE======
[DEBUG][2024-06-13 21:42:14]:=====HEADER======
[DEBUG][2024-06-13 21:42:14]:STATE::WRITE
[INFO][2024-06-13 21:42:21]:client 192.168.10.3 quit.
