[DEBUG][2024-06-17 15:22:23]:Server start...
[INFO][2024-06-17 15:22:24]:client 192.168.10.3 visit.
[DEBUG][2024-06-17 15:22:24]:STATE::READ
[DEBUG][2024-06-17 15:22:24]:=====START======
[DEBUG][2024-06-17 15:22:24]:=====REQUESTLINE======
[DEBUG][2024-06-17 15:22:24]:=====HEADER======
[DEBUG][2024-06-17 15:22:24]:STATE::WRITE
[DEBUG][2024-06-17 15:22:33]:STATE::READ
[DEBUG][2024-06-17 15:22:33]:=====START======
[DEBUG][2024-06-17 15:22:33]:=====REQUESTLINE======
[DEBUG][2024-06-17 15:22:33]:=====HEADER======
[DEBUG][2024-06-17 15:22:33]:STATE::WRITE
[DEBUG][2024-06-17 15:22:33]:STATE::READ
[DEBUG][2024-06-17 15:22:33]:=====START======
[DEBUG][2024-06-17 15:22:33]:=====REQUESTLINE======
[DEBUG][2024-06-17 15:22:33]:=====HEADER======
[DEBUG][2024-06-17 15:22:33]:path=/root/projects/net-disk/disk/admin/file1.json
[DEBUG][2024-06-17 15:22:33]:STATE::WRITE
[DEBUG][2024-06-17 15:22:40]:STATE::READ
[DEBUG][2024-06-17 15:22:40]:=====START======
[DEBUG][2024-06-17 15:22:40]:=====REQUESTLINE======
[DEBUG][2024-06-17 15:22:40]:=====HEADER======
[DEBUG][2024-06-17 15:22:40]:path=/root/projects/net-disk/disk/admin/test/testFile.txt
[DEBUG][2024-06-17 15:22:40]:STATE::WRITE
[DEBUG][2024-06-17 15:22:43]:STATE::READ
[DEBUG][2024-06-17 15:22:43]:=====START======
[DEBUG][2024-06-17 15:22:43]:=====REQUESTLINE======
[DEBUG][2024-06-17 15:22:43]:=====HEADER======
[DEBUG][2024-06-17 15:22:43]:path=/root/projects/net-disk/disk/admin/file1.json
[DEBUG][2024-06-17 15:22:43]:STATE::WRITE
[DEBUG][2024-06-17 15:22:44]:STATE::READ
[DEBUG][2024-06-17 15:22:44]:=====START======
[DEBUG][2024-06-17 15:22:44]:=====REQUESTLINE======
[DEBUG][2024-06-17 15:22:44]:=====HEADER======
[DEBUG][2024-06-17 15:22:44]:path=/root/projects/net-disk/disk/admin/test/testFile.txt
[DEBUG][2024-06-17 15:22:44]:STATE::WRITE
[DEBUG][2024-06-17 15:22:46]:STATE::READ
[DEBUG][2024-06-17 15:22:46]:=====START======
[DEBUG][2024-06-17 15:22:46]:=====REQUESTLINE======
[DEBUG][2024-06-17 15:22:46]:=====HEADER======
[DEBUG][2024-06-17 15:22:46]:path=/root/projects/net-disk/disk/admin/file1.json
[DEBUG][2024-06-17 15:22:46]:STATE::WRITE
[DEBUG][2024-06-17 15:22:50]:STATE::READ
[DEBUG][2024-06-17 15:22:50]:=====START======
[DEBUG][2024-06-17 15:22:50]:=====REQUESTLINE======
[DEBUG][2024-06-17 15:22:50]:=====HEADER======
[DEBUG][2024-06-17 15:22:50]:STATE::WRITE
[DEBUG][2024-06-17 15:22:55]:STATE::READ
[DEBUG][2024-06-17 15:22:55]:=====START======
[DEBUG][2024-06-17 15:22:55]:=====REQUESTLINE======
[DEBUG][2024-06-17 15:22:55]:=====HEADER======
[DEBUG][2024-06-17 15:22:55]:STATE::WRITE
[DEBUG][2024-06-17 15:22:56]:STATE::READ
[DEBUG][2024-06-17 15:22:56]:=====START======
[DEBUG][2024-06-17 15:22:56]:=====REQUESTLINE======
[DEBUG][2024-06-17 15:22:56]:=====HEADER======
[DEBUG][2024-06-17 15:22:56]:STATE::WRITE
[DEBUG][2024-06-17 15:22:57]:STATE::READ
[DEBUG][2024-06-17 15:22:57]:=====START======
[DEBUG][2024-06-17 15:22:57]:=====REQUESTLINE======
[DEBUG][2024-06-17 15:22:57]:=====HEADER======
[DEBUG][2024-06-17 15:22:57]:STATE::WRITE
[DEBUG][2024-06-17 15:22:58]:STATE::READ
[DEBUG][2024-06-17 15:22:58]:=====START======
[DEBUG][2024-06-17 15:22:58]:=====REQUESTLINE======
[DEBUG][2024-06-17 15:22:58]:=====HEADER======
[DEBUG][2024-06-17 15:22:58]:STATE::WRITE
[DEBUG][2024-06-17 15:22:59]:STATE::READ
[DEBUG][2024-06-17 15:22:59]:=====START======
[DEBUG][2024-06-17 15:22:59]:=====REQUESTLINE======
[DEBUG][2024-06-17 15:22:59]:=====HEADER======
[DEBUG][2024-06-17 15:22:59]:STATE::WRITE
[DEBUG][2024-06-17 15:23:00]:STATE::READ
[DEBUG][2024-06-17 15:23:00]:=====START======
[DEBUG][2024-06-17 15:23:00]:=====REQUESTLINE======
[DEBUG][2024-06-17 15:23:00]:=====HEADER======
[DEBUG][2024-06-17 15:23:00]:STATE::WRITE
[DEBUG][2024-06-17 15:23:02]:STATE::READ
[DEBUG][2024-06-17 15:23:02]:=====START======
[DEBUG][2024-06-17 15:23:02]:=====REQUESTLINE======
[DEBUG][2024-06-17 15:23:02]:=====HEADER======
[DEBUG][2024-06-17 15:23:02]:STATE::WRITE
[DEBUG][2024-06-17 15:23:08]:STATE::READ
[DEBUG][2024-06-17 15:23:08]:=====START======
[DEBUG][2024-06-17 15:23:08]:=====REQUESTLINE======
[DEBUG][2024-06-17 15:23:08]:=====HEADER======
[DEBUG][2024-06-17 15:23:08]:path=/root/projects/net-disk/disk//admin/file1.json
[DEBUG][2024-06-17 15:23:08]:STATE::WRITE
[DEBUG][2024-06-17 15:23:09]:STATE::READ
[DEBUG][2024-06-17 15:23:09]:=====START======
[DEBUG][2024-06-17 15:23:09]:=====REQUESTLINE======
[DEBUG][2024-06-17 15:23:09]:=====HEADER======
[DEBUG][2024-06-17 15:23:09]:path=/root/projects/net-disk/disk//admin/test/testFile.txt
[DEBUG][2024-06-17 15:23:09]:STATE::WRITE
[DEBUG][2024-06-17 15:23:11]:STATE::READ
[DEBUG][2024-06-17 15:23:11]:=====START======
[DEBUG][2024-06-17 15:23:11]:=====REQUESTLINE======
[DEBUG][2024-06-17 15:23:11]:=====HEADER======
[DEBUG][2024-06-17 15:23:11]:path=/root/projects/net-disk/disk//admin/file1.json
[DEBUG][2024-06-17 15:23:11]:STATE::WRITE
[DEBUG][2024-06-17 15:23:12]:STATE::READ
[DEBUG][2024-06-17 15:23:12]:=====START======
[DEBUG][2024-06-17 15:23:12]:=====REQUESTLINE======
[DEBUG][2024-06-17 15:23:12]:=====HEADER======
[DEBUG][2024-06-17 15:23:12]:path=/root/projects/net-disk/disk//admin/test/testFile.txt
[DEBUG][2024-06-17 15:23:12]:STATE::WRITE
[DEBUG][2024-06-17 15:23:13]:STATE::READ
[DEBUG][2024-06-17 15:23:13]:=====START======
[DEBUG][2024-06-17 15:23:13]:=====REQUESTLINE======
[DEBUG][2024-06-17 15:23:13]:=====HEADER======
[DEBUG][2024-06-17 15:23:13]:STATE::WRITE
[DEBUG][2024-06-17 15:23:15]:STATE::READ
[DEBUG][2024-06-17 15:23:15]:=====START======
[DEBUG][2024-06-17 15:23:15]:=====REQUESTLINE======
[DEBUG][2024-06-17 15:23:15]:=====HEADER======
[DEBUG][2024-06-17 15:23:15]:path=/root/projects/net-disk/disk//admin/file1.json
[DEBUG][2024-06-17 15:23:15]:STATE::WRITE
[DEBUG][2024-06-17 15:23:18]:STATE::READ
[DEBUG][2024-06-17 15:23:18]:=====START======
[DEBUG][2024-06-17 15:23:18]:=====REQUESTLINE======
[DEBUG][2024-06-17 15:23:18]:=====HEADER======
[DEBUG][2024-06-17 15:23:18]:path=/root/projects/net-disk/disk//admin/test/testFile.txt
[DEBUG][2024-06-17 15:23:18]:STATE::WRITE
[DEBUG][2024-06-17 15:23:20]:STATE::READ
[DEBUG][2024-06-17 15:23:20]:=====START======
[DEBUG][2024-06-17 15:23:20]:=====REQUESTLINE======
[DEBUG][2024-06-17 15:23:20]:=====HEADER======
[DEBUG][2024-06-17 15:23:20]:path=/root/projects/net-disk/disk//admin/file1.json
[DEBUG][2024-06-17 15:23:20]:STATE::WRITE
[DEBUG][2024-06-17 15:25:27]:STATE::READ
[DEBUG][2024-06-17 15:25:27]:=====START======
[DEBUG][2024-06-17 15:25:27]:=====REQUESTLINE======
[DEBUG][2024-06-17 15:25:27]:=====HEADER======
[DEBUG][2024-06-17 15:25:27]:STATE::WRITE
[DEBUG][2024-06-17 15:25:30]:STATE::READ
[DEBUG][2024-06-17 15:25:30]:=====START======
[DEBUG][2024-06-17 15:25:30]:=====REQUESTLINE======
[DEBUG][2024-06-17 15:25:30]:=====HEADER======
[DEBUG][2024-06-17 15:25:30]:STATE::WRITE
[DEBUG][2024-06-17 15:25:31]:STATE::READ
[DEBUG][2024-06-17 15:25:31]:=====START======
[DEBUG][2024-06-17 15:25:31]:=====REQUESTLINE======
[DEBUG][2024-06-17 15:25:31]:=====HEADER======
[DEBUG][2024-06-17 15:25:31]:STATE::WRITE
[DEBUG][2024-06-17 15:25:31]:STATE::READ
[DEBUG][2024-06-17 15:25:31]:=====START======
[DEBUG][2024-06-17 15:25:31]:=====REQUESTLINE======
[DEBUG][2024-06-17 15:25:31]:=====HEADER======
[DEBUG][2024-06-17 15:25:31]:STATE::WRITE
[DEBUG][2024-06-17 15:25:33]:STATE::READ
[DEBUG][2024-06-17 15:25:33]:=====START======
[DEBUG][2024-06-17 15:25:33]:=====REQUESTLINE======
[DEBUG][2024-06-17 15:25:33]:=====HEADER======
[DEBUG][2024-06-17 15:25:33]:STATE::WRITE
[DEBUG][2024-06-17 15:25:34]:STATE::READ
[DEBUG][2024-06-17 15:25:34]:=====START======
[DEBUG][2024-06-17 15:25:34]:=====REQUESTLINE======
[DEBUG][2024-06-17 15:25:34]:=====HEADER======
[DEBUG][2024-06-17 15:25:34]:STATE::WRITE
[DEBUG][2024-06-17 15:25:34]:STATE::READ
[DEBUG][2024-06-17 15:25:34]:=====START======
[DEBUG][2024-06-17 15:25:34]:=====REQUESTLINE======
[DEBUG][2024-06-17 15:25:34]:=====HEADER======
[DEBUG][2024-06-17 15:25:34]:STATE::WRITE
[DEBUG][2024-06-17 15:25:41]:STATE::READ
[DEBUG][2024-06-17 15:25:41]:=====START======
[DEBUG][2024-06-17 15:25:41]:=====REQUESTLINE======
[DEBUG][2024-06-17 15:25:41]:=====HEADER======
[DEBUG][2024-06-17 15:25:41]:path=/root/projects/net-disk/disk//admin/file1.json
[DEBUG][2024-06-17 15:25:41]:STATE::WRITE
[DEBUG][2024-06-17 15:25:42]:STATE::READ
[DEBUG][2024-06-17 15:25:42]:=====START======
[DEBUG][2024-06-17 15:25:42]:=====REQUESTLINE======
[DEBUG][2024-06-17 15:25:42]:=====HEADER======
[DEBUG][2024-06-17 15:25:42]:path=/root/projects/net-disk/disk//admin/test/testFile.txt
[DEBUG][2024-06-17 15:25:42]:STATE::WRITE
[DEBUG][2024-06-17 15:26:33]:STATE::READ
[DEBUG][2024-06-17 15:26:33]:=====START======
[DEBUG][2024-06-17 15:26:33]:=====REQUESTLINE======
[DEBUG][2024-06-17 15:26:33]:=====HEADER======
[DEBUG][2024-06-17 15:26:33]:STATE::WRITE
[DEBUG][2024-06-17 15:26:41]:STATE::READ
[DEBUG][2024-06-17 15:26:41]:=====START======
[DEBUG][2024-06-17 15:26:41]:=====REQUESTLINE======
[DEBUG][2024-06-17 15:26:41]:=====HEADER======
[DEBUG][2024-06-17 15:26:41]:STATE::WRITE
[DEBUG][2024-06-17 15:26:47]:STATE::READ
[DEBUG][2024-06-17 15:26:47]:=====START======
[DEBUG][2024-06-17 15:26:47]:=====REQUESTLINE======
[DEBUG][2024-06-17 15:26:47]:=====HEADER======
[DEBUG][2024-06-17 15:26:47]:STATE::WRITE
[DEBUG][2024-06-17 15:26:51]:STATE::READ
[DEBUG][2024-06-17 15:26:51]:=====START======
[DEBUG][2024-06-17 15:26:51]:=====REQUESTLINE======
[DEBUG][2024-06-17 15:26:51]:=====HEADER======
[DEBUG][2024-06-17 15:26:51]:path=/root/projects/net-disk/disk//admin/file1.json
[DEBUG][2024-06-17 15:26:51]:STATE::WRITE
[DEBUG][2024-06-17 15:26:53]:STATE::READ
[DEBUG][2024-06-17 15:26:53]:=====START======
[DEBUG][2024-06-17 15:26:53]:=====REQUESTLINE======
[DEBUG][2024-06-17 15:26:53]:=====HEADER======
[DEBUG][2024-06-17 15:26:53]:path=/root/projects/net-disk/disk//admin/test/testFile.txt
[DEBUG][2024-06-17 15:26:53]:STATE::WRITE
[DEBUG][2024-06-17 15:26:54]:STATE::READ
[DEBUG][2024-06-17 15:26:54]:=====START======
[DEBUG][2024-06-17 15:26:54]:=====REQUESTLINE======
[DEBUG][2024-06-17 15:26:54]:=====HEADER======
[DEBUG][2024-06-17 15:26:54]:path=/root/projects/net-disk/disk//admin/file1.json
[DEBUG][2024-06-17 15:26:54]:STATE::WRITE
[DEBUG][2024-06-17 15:27:03]:STATE::READ
[DEBUG][2024-06-17 15:27:03]:=====START======
[DEBUG][2024-06-17 15:27:03]:=====REQUESTLINE======
[DEBUG][2024-06-17 15:27:03]:=====HEADER======
[DEBUG][2024-06-17 15:27:03]:path=/root/projects/net-disk/disk//admin/test/testFile.txt
[DEBUG][2024-06-17 15:27:03]:STATE::WRITE
[DEBUG][2024-06-17 15:27:09]:STATE::READ
[DEBUG][2024-06-17 15:27:09]:=====START======
[DEBUG][2024-06-17 15:27:09]:=====REQUESTLINE======
[DEBUG][2024-06-17 15:27:09]:=====HEADER======
[DEBUG][2024-06-17 15:27:09]:path=/root/projects/net-disk/disk//admin/file1.json
[DEBUG][2024-06-17 15:27:09]:STATE::WRITE
[DEBUG][2024-06-17 15:27:18]:STATE::READ
[DEBUG][2024-06-17 15:27:18]:=====START======
[DEBUG][2024-06-17 15:27:18]:=====REQUESTLINE======
[DEBUG][2024-06-17 15:27:18]:=====HEADER======
[DEBUG][2024-06-17 15:27:18]:STATE::WRITE
[DEBUG][2024-06-17 15:27:21]:STATE::READ
[DEBUG][2024-06-17 15:27:21]:=====START======
[DEBUG][2024-06-17 15:27:21]:=====REQUESTLINE======
[DEBUG][2024-06-17 15:27:21]:=====HEADER======
[DEBUG][2024-06-17 15:27:21]:STATE::WRITE
[DEBUG][2024-06-17 15:27:21]:STATE::READ
[DEBUG][2024-06-17 15:27:21]:=====START======
[DEBUG][2024-06-17 15:27:21]:=====REQUESTLINE======
[DEBUG][2024-06-17 15:27:21]:=====HEADER======
[DEBUG][2024-06-17 15:27:21]:path=/root/projects/net-disk/disk/admin/file1.json
[DEBUG][2024-06-17 15:27:21]:STATE::WRITE
[DEBUG][2024-06-17 15:28:44]:STATE::READ
[DEBUG][2024-06-17 15:28:44]:=====START======
[DEBUG][2024-06-17 15:28:44]:=====REQUESTLINE======
[DEBUG][2024-06-17 15:28:44]:=====HEADER======
[DEBUG][2024-06-17 15:28:44]:path=/root/projects/net-disk/disk/admin/file1.json
[DEBUG][2024-06-17 15:28:44]:STATE::WRITE
[DEBUG][2024-06-17 15:31:25]:STATE::READ
[DEBUG][2024-06-17 15:31:25]:=====START======
[DEBUG][2024-06-17 15:31:25]:=====REQUESTLINE======
[DEBUG][2024-06-17 15:31:25]:=====HEADER======
[DEBUG][2024-06-17 15:31:25]:path=/root/projects/net-disk/disk/admin/file1.json
[DEBUG][2024-06-17 15:31:25]:STATE::WRITE
[DEBUG][2024-06-17 15:31:48]:STATE::READ
[DEBUG][2024-06-17 15:31:48]:=====START======
[DEBUG][2024-06-17 15:31:48]:=====REQUESTLINE======
[DEBUG][2024-06-17 15:31:48]:=====HEADER======
[DEBUG][2024-06-17 15:31:48]:path=/root/projects/net-disk/disk/admin/file1.json
[DEBUG][2024-06-17 15:31:48]:STATE::WRITE
[DEBUG][2024-06-17 15:33:15]:STATE::READ
[DEBUG][2024-06-17 15:33:15]:=====START======
[DEBUG][2024-06-17 15:33:15]:=====REQUESTLINE======
[DEBUG][2024-06-17 15:33:15]:=====HEADER======
[DEBUG][2024-06-17 15:33:15]:path=/root/projects/net-disk/disk/admin/file1.json
[DEBUG][2024-06-17 15:33:15]:STATE::WRITE
[DEBUG][2024-06-17 15:33:43]:STATE::READ
[DEBUG][2024-06-17 15:33:43]:=====START======
[DEBUG][2024-06-17 15:33:43]:=====REQUESTLINE======
[DEBUG][2024-06-17 15:33:43]:=====HEADER======
[DEBUG][2024-06-17 15:33:43]:path=/root/projects/net-disk/disk/admin/file1.json
[DEBUG][2024-06-17 15:33:43]:STATE::WRITE
[DEBUG][2024-06-17 15:34:02]:STATE::READ
[DEBUG][2024-06-17 15:34:02]:=====START======
[DEBUG][2024-06-17 15:34:02]:=====REQUESTLINE======
[DEBUG][2024-06-17 15:34:02]:=====HEADER======
[DEBUG][2024-06-17 15:34:02]:path=/root/projects/net-disk/disk/admin/file1.json
[DEBUG][2024-06-17 15:34:02]:STATE::WRITE
[DEBUG][2024-06-17 15:34:25]:STATE::READ
[DEBUG][2024-06-17 15:34:25]:=====START======
[DEBUG][2024-06-17 15:34:25]:=====REQUESTLINE======
[DEBUG][2024-06-17 15:34:25]:=====HEADER======
[DEBUG][2024-06-17 15:34:25]:path=/root/projects/net-disk/disk/admin/file1.json
[DEBUG][2024-06-17 15:34:25]:STATE::WRITE
[DEBUG][2024-06-17 15:34:30]:STATE::READ
[DEBUG][2024-06-17 15:34:30]:=====START======
[DEBUG][2024-06-17 15:34:30]:=====REQUESTLINE======
[DEBUG][2024-06-17 15:34:30]:=====HEADER======
[DEBUG][2024-06-17 15:34:30]:STATE::WRITE
[DEBUG][2024-06-17 15:34:31]:STATE::READ
[DEBUG][2024-06-17 15:34:31]:=====START======
[DEBUG][2024-06-17 15:34:31]:=====REQUESTLINE======
[DEBUG][2024-06-17 15:34:31]:=====HEADER======
[DEBUG][2024-06-17 15:34:31]:path=/root/projects/net-disk/disk//admin/file1.json
[DEBUG][2024-06-17 15:34:31]:STATE::WRITE
[DEBUG][2024-06-17 15:34:59]:STATE::READ
[DEBUG][2024-06-17 15:34:59]:=====START======
[DEBUG][2024-06-17 15:34:59]:=====REQUESTLINE======
[DEBUG][2024-06-17 15:34:59]:=====HEADER======
[DEBUG][2024-06-17 15:34:59]:STATE::WRITE
[DEBUG][2024-06-17 15:36:08]:STATE::READ
[DEBUG][2024-06-17 15:36:08]:=====START======
[DEBUG][2024-06-17 15:36:08]:=====REQUESTLINE======
[DEBUG][2024-06-17 15:36:08]:=====HEADER======
[DEBUG][2024-06-17 15:36:08]:STATE::WRITE
[DEBUG][2024-06-17 19:04:05]:Server start...
[INFO][2024-06-17 19:04:25]:client 192.168.10.3 visit.
[DEBUG][2024-06-17 19:04:25]:STATE::READ
[DEBUG][2024-06-17 19:04:25]:=====START======
[DEBUG][2024-06-17 19:04:25]:=====REQUESTLINE======
[DEBUG][2024-06-17 19:04:25]:=====HEADER======
[DEBUG][2024-06-17 19:04:25]:STATE::WRITE
[DEBUG][2024-06-17 19:04:25]:STATE::READ
[DEBUG][2024-06-17 19:04:25]:=====START======
[DEBUG][2024-06-17 19:04:25]:=====REQUESTLINE======
[DEBUG][2024-06-17 19:04:25]:=====HEADER======
[DEBUG][2024-06-17 19:04:25]:path=/root/projects/net-disk/disk/admin/file1.json
[DEBUG][2024-06-17 19:04:25]:STATE::WRITE
[DEBUG][2024-06-17 19:06:29]:STATE::READ
[DEBUG][2024-06-17 19:06:29]:=====START======
[DEBUG][2024-06-17 19:06:29]:=====REQUESTLINE======
[DEBUG][2024-06-17 19:06:29]:=====HEADER======
[DEBUG][2024-06-17 19:06:29]:path=/root/projects/net-disk/disk/admin/file1.json
[DEBUG][2024-06-17 19:06:29]:STATE::WRITE
[DEBUG][2024-06-17 19:06:29]:STATE::READ
[DEBUG][2024-06-17 19:06:29]:=====START======
[DEBUG][2024-06-17 19:06:29]:=====REQUESTLINE======
[DEBUG][2024-06-17 19:06:29]:=====HEADER======
[DEBUG][2024-06-17 19:06:29]:path=/root/projects/net-disk/disk/admin/file1.json
[DEBUG][2024-06-17 19:06:29]:STATE::WRITE
[DEBUG][2024-06-17 19:06:29]:STATE::READ
[DEBUG][2024-06-17 19:06:29]:=====START======
[DEBUG][2024-06-17 19:06:29]:=====REQUESTLINE======
[DEBUG][2024-06-17 19:06:29]:=====HEADER======
[DEBUG][2024-06-17 19:06:29]:path=/root/projects/net-disk/disk/admin/file1.json
[DEBUG][2024-06-17 19:06:29]:STATE::WRITE
[DEBUG][2024-06-17 19:08:37]:STATE::READ
[DEBUG][2024-06-17 19:08:37]:=====START======
[DEBUG][2024-06-17 19:08:37]:=====REQUESTLINE======
[DEBUG][2024-06-17 19:08:37]:=====HEADER======
[DEBUG][2024-06-17 19:08:37]:path=/root/projects/net-disk/disk/admin/file1.json
[DEBUG][2024-06-17 19:08:37]:STATE::WRITE
[DEBUG][2024-06-17 19:08:37]:STATE::READ
[DEBUG][2024-06-17 19:08:37]:=====START======
[DEBUG][2024-06-17 19:08:37]:=====REQUESTLINE======
[DEBUG][2024-06-17 19:08:37]:=====HEADER======
[DEBUG][2024-06-17 19:08:37]:path=/root/projects/net-disk/disk/admin/file1.json
[DEBUG][2024-06-17 19:08:37]:STATE::WRITE
[DEBUG][2024-06-17 19:08:42]:STATE::READ
[DEBUG][2024-06-17 19:08:42]:=====START======
[DEBUG][2024-06-17 19:08:42]:=====REQUESTLINE======
[DEBUG][2024-06-17 19:08:42]:=====HEADER======
[DEBUG][2024-06-17 19:08:42]:path=/root/projects/net-disk/disk/admin/file1.json
[DEBUG][2024-06-17 19:08:42]:STATE::WRITE
[DEBUG][2024-06-17 19:09:01]:STATE::READ
[DEBUG][2024-06-17 19:09:01]:=====START======
[DEBUG][2024-06-17 19:09:01]:=====REQUESTLINE======
[DEBUG][2024-06-17 19:09:01]:=====HEADER======
[DEBUG][2024-06-17 19:09:01]:path=/root/projects/net-disk/disk/admin/file1.json
[DEBUG][2024-06-17 19:09:01]:STATE::WRITE
[DEBUG][2024-06-17 19:10:30]:STATE::READ
[DEBUG][2024-06-17 19:10:30]:=====START======
[DEBUG][2024-06-17 19:10:30]:=====REQUESTLINE======
[DEBUG][2024-06-17 19:10:30]:=====HEADER======
[DEBUG][2024-06-17 19:10:30]:path=/root/projects/net-disk/disk/admin/file1.json
[DEBUG][2024-06-17 19:10:30]:STATE::WRITE
[DEBUG][2024-06-17 19:10:48]:STATE::READ
[DEBUG][2024-06-17 19:10:48]:=====START======
[DEBUG][2024-06-17 19:10:48]:=====REQUESTLINE======
[DEBUG][2024-06-17 19:10:48]:=====HEADER======
[DEBUG][2024-06-17 19:10:48]:path=/root/projects/net-disk/disk/admin/file1.json
[DEBUG][2024-06-17 19:10:48]:STATE::WRITE
[DEBUG][2024-06-17 19:13:05]:STATE::READ
[DEBUG][2024-06-17 19:13:05]:=====START======
[DEBUG][2024-06-17 19:13:05]:=====REQUESTLINE======
[DEBUG][2024-06-17 19:13:05]:=====HEADER======
[DEBUG][2024-06-17 19:13:05]:path=/root/projects/net-disk/disk/admin/file1.json
[DEBUG][2024-06-17 19:13:05]:STATE::WRITE
[DEBUG][2024-06-17 19:13:40]:STATE::READ
[DEBUG][2024-06-17 19:13:40]:=====START======
[DEBUG][2024-06-17 19:13:40]:=====REQUESTLINE======
[DEBUG][2024-06-17 19:13:40]:=====HEADER======
[DEBUG][2024-06-17 19:13:40]:path=/root/projects/net-disk/disk/admin/file1.json
[DEBUG][2024-06-17 19:13:40]:STATE::WRITE
[DEBUG][2024-06-17 19:14:30]:STATE::READ
[DEBUG][2024-06-17 19:14:30]:=====START======
[DEBUG][2024-06-17 19:14:30]:=====REQUESTLINE======
[DEBUG][2024-06-17 19:14:30]:=====HEADER======
[DEBUG][2024-06-17 19:14:30]:path=/root/projects/net-disk/disk/admin/file1.json
[DEBUG][2024-06-17 19:14:30]:STATE::WRITE
[DEBUG][2024-06-17 19:14:39]:STATE::READ
[DEBUG][2024-06-17 19:14:39]:=====START======
[DEBUG][2024-06-17 19:14:39]:=====REQUESTLINE======
[DEBUG][2024-06-17 19:14:39]:=====HEADER======
[DEBUG][2024-06-17 19:14:39]:path=/root/projects/net-disk/disk/admin/file1.json
[DEBUG][2024-06-17 19:14:39]:STATE::WRITE
[DEBUG][2024-06-17 19:14:52]:STATE::READ
[DEBUG][2024-06-17 19:14:52]:=====START======
[DEBUG][2024-06-17 19:14:52]:=====REQUESTLINE======
[DEBUG][2024-06-17 19:14:52]:=====HEADER======
[DEBUG][2024-06-17 19:14:52]:path=/root/projects/net-disk/disk/admin/file1.json
[DEBUG][2024-06-17 19:14:52]:STATE::WRITE
[DEBUG][2024-06-17 19:15:00]:STATE::READ
[DEBUG][2024-06-17 19:15:00]:=====START======
[DEBUG][2024-06-17 19:15:00]:=====REQUESTLINE======
[DEBUG][2024-06-17 19:15:00]:=====HEADER======
[DEBUG][2024-06-17 19:15:00]:path=/root/projects/net-disk/disk/admin/file1.json
[DEBUG][2024-06-17 19:15:00]:STATE::WRITE
[DEBUG][2024-06-17 19:15:08]:STATE::READ
[DEBUG][2024-06-17 19:15:08]:=====START======
[DEBUG][2024-06-17 19:15:08]:=====REQUESTLINE======
[DEBUG][2024-06-17 19:15:08]:=====HEADER======
[DEBUG][2024-06-17 19:15:08]:path=/root/projects/net-disk/disk/admin/file1.json
[DEBUG][2024-06-17 19:15:08]:STATE::WRITE
[DEBUG][2024-06-17 19:15:11]:STATE::READ
[DEBUG][2024-06-17 19:15:11]:=====START======
[DEBUG][2024-06-17 19:15:11]:=====REQUESTLINE======
[DEBUG][2024-06-17 19:15:11]:=====HEADER======
[DEBUG][2024-06-17 19:15:11]:path=/root/projects/net-disk/disk/admin/file1.json
[DEBUG][2024-06-17 19:15:11]:STATE::WRITE
[DEBUG][2024-06-17 19:15:20]:STATE::READ
[DEBUG][2024-06-17 19:15:20]:=====START======
[DEBUG][2024-06-17 19:15:20]:=====REQUESTLINE======
[DEBUG][2024-06-17 19:15:20]:=====HEADER======
[DEBUG][2024-06-17 19:15:20]:path=/root/projects/net-disk/disk/admin/file1.json
[DEBUG][2024-06-17 19:15:20]:STATE::WRITE
[DEBUG][2024-06-17 19:15:30]:STATE::READ
[DEBUG][2024-06-17 19:15:30]:=====START======
[DEBUG][2024-06-17 19:15:30]:=====REQUESTLINE======
[DEBUG][2024-06-17 19:15:30]:=====HEADER======
[DEBUG][2024-06-17 19:15:30]:path=/root/projects/net-disk/disk/admin/file1.json
[DEBUG][2024-06-17 19:15:30]:STATE::WRITE
[DEBUG][2024-06-17 19:15:36]:STATE::READ
[DEBUG][2024-06-17 19:15:36]:=====START======
[DEBUG][2024-06-17 19:15:36]:=====REQUESTLINE======
[DEBUG][2024-06-17 19:15:36]:=====HEADER======
[DEBUG][2024-06-17 19:15:36]:path=/root/projects/net-disk/disk/admin/file1.json
[DEBUG][2024-06-17 19:15:36]:STATE::WRITE
[DEBUG][2024-06-17 19:16:40]:STATE::READ
[DEBUG][2024-06-17 19:16:40]:=====START======
[DEBUG][2024-06-17 19:16:40]:=====REQUESTLINE======
[DEBUG][2024-06-17 19:16:40]:=====HEADER======
[DEBUG][2024-06-17 19:16:40]:path=/root/projects/net-disk/disk/admin/file1.json
[DEBUG][2024-06-17 19:16:40]:STATE::WRITE
[DEBUG][2024-06-17 19:16:57]:STATE::READ
[DEBUG][2024-06-17 19:16:57]:=====START======
[DEBUG][2024-06-17 19:16:57]:=====REQUESTLINE======
[DEBUG][2024-06-17 19:16:57]:=====HEADER======
[DEBUG][2024-06-17 19:16:57]:path=/root/projects/net-disk/disk/admin/file1.json
[DEBUG][2024-06-17 19:16:57]:STATE::WRITE
[DEBUG][2024-06-17 19:17:38]:STATE::READ
[DEBUG][2024-06-17 19:17:38]:=====START======
[DEBUG][2024-06-17 19:17:38]:=====REQUESTLINE======
[DEBUG][2024-06-17 19:17:38]:=====HEADER======
[DEBUG][2024-06-17 19:17:38]:path=/root/projects/net-disk/disk/admin/file1.json
[DEBUG][2024-06-17 19:17:38]:STATE::WRITE
[DEBUG][2024-06-17 19:17:46]:STATE::READ
[DEBUG][2024-06-17 19:17:46]:=====START======
[DEBUG][2024-06-17 19:17:46]:=====REQUESTLINE======
[DEBUG][2024-06-17 19:17:46]:=====HEADER======
[DEBUG][2024-06-17 19:17:46]:path=/root/projects/net-disk/disk/admin/file1.json
[DEBUG][2024-06-17 19:17:46]:STATE::WRITE
[DEBUG][2024-06-17 19:17:51]:STATE::READ
[DEBUG][2024-06-17 19:17:51]:=====START======
[DEBUG][2024-06-17 19:17:51]:=====REQUESTLINE======
[DEBUG][2024-06-17 19:17:51]:=====HEADER======
[DEBUG][2024-06-17 19:17:51]:path=/root/projects/net-disk/disk/admin/file1.json
[DEBUG][2024-06-17 19:17:51]:STATE::WRITE
[DEBUG][2024-06-17 19:17:52]:STATE::READ
[DEBUG][2024-06-17 19:17:52]:=====START======
[DEBUG][2024-06-17 19:17:52]:=====REQUESTLINE======
[DEBUG][2024-06-17 19:17:52]:=====HEADER======
[DEBUG][2024-06-17 19:17:52]:path=/root/projects/net-disk/disk/admin/file1.json
[DEBUG][2024-06-17 19:17:52]:STATE::WRITE
[DEBUG][2024-06-17 19:18:03]:STATE::READ
[DEBUG][2024-06-17 19:18:03]:=====START======
[DEBUG][2024-06-17 19:18:03]:=====REQUESTLINE======
[DEBUG][2024-06-17 19:18:03]:=====HEADER======
[DEBUG][2024-06-17 19:18:03]:path=/root/projects/net-disk/disk/admin/file1.json
[DEBUG][2024-06-17 19:18:03]:STATE::WRITE
[DEBUG][2024-06-17 19:18:07]:STATE::READ
[DEBUG][2024-06-17 19:18:07]:=====START======
[DEBUG][2024-06-17 19:18:07]:=====REQUESTLINE======
[DEBUG][2024-06-17 19:18:07]:=====HEADER======
[DEBUG][2024-06-17 19:18:07]:path=/root/projects/net-disk/disk/admin/file1.json
[DEBUG][2024-06-17 19:18:07]:STATE::WRITE
[DEBUG][2024-06-17 19:18:12]:STATE::READ
[DEBUG][2024-06-17 19:18:12]:=====START======
[DEBUG][2024-06-17 19:18:12]:=====REQUESTLINE======
[DEBUG][2024-06-17 19:18:12]:=====HEADER======
[DEBUG][2024-06-17 19:18:12]:path=/root/projects/net-disk/disk/admin/file1.json
[DEBUG][2024-06-17 19:18:12]:STATE::WRITE
[DEBUG][2024-06-17 19:18:28]:STATE::READ
[DEBUG][2024-06-17 19:18:28]:=====START======
[DEBUG][2024-06-17 19:18:28]:=====REQUESTLINE======
[DEBUG][2024-06-17 19:18:28]:=====HEADER======
[DEBUG][2024-06-17 19:18:28]:path=/root/projects/net-disk/disk/admin/file1.json
[DEBUG][2024-06-17 19:18:28]:STATE::WRITE
[DEBUG][2024-06-17 19:18:28]:STATE::READ
[DEBUG][2024-06-17 19:18:28]:=====START======
[DEBUG][2024-06-17 19:18:28]:=====REQUESTLINE======
[DEBUG][2024-06-17 19:18:28]:=====HEADER======
[DEBUG][2024-06-17 19:18:28]:path=/root/projects/net-disk/disk/admin/file1.json
[DEBUG][2024-06-17 19:18:28]:STATE::WRITE
[DEBUG][2024-06-17 19:18:54]:STATE::READ
[DEBUG][2024-06-17 19:18:54]:=====START======
[DEBUG][2024-06-17 19:18:54]:=====REQUESTLINE======
[DEBUG][2024-06-17 19:18:54]:=====HEADER======
[DEBUG][2024-06-17 19:18:54]:path=/root/projects/net-disk/disk/admin/file1.json
[DEBUG][2024-06-17 19:18:54]:STATE::WRITE
[DEBUG][2024-06-17 19:19:06]:STATE::READ
[DEBUG][2024-06-17 19:19:06]:=====START======
[DEBUG][2024-06-17 19:19:06]:=====REQUESTLINE======
[DEBUG][2024-06-17 19:19:06]:=====HEADER======
[DEBUG][2024-06-17 19:19:06]:path=/root/projects/net-disk/disk/admin/file1.json
[DEBUG][2024-06-17 19:19:06]:STATE::WRITE
[DEBUG][2024-06-17 19:19:18]:STATE::READ
[DEBUG][2024-06-17 19:19:18]:=====START======
[DEBUG][2024-06-17 19:19:18]:=====REQUESTLINE======
[DEBUG][2024-06-17 19:19:18]:=====HEADER======
[DEBUG][2024-06-17 19:19:18]:path=/root/projects/net-disk/disk/admin/file1.json
[DEBUG][2024-06-17 19:19:18]:STATE::WRITE
[DEBUG][2024-06-17 19:21:30]:STATE::READ
[DEBUG][2024-06-17 19:21:30]:=====START======
[DEBUG][2024-06-17 19:21:30]:=====REQUESTLINE======
[DEBUG][2024-06-17 19:21:30]:=====HEADER======
[DEBUG][2024-06-17 19:21:30]:path=/root/projects/net-disk/disk/admin/file1.json
[DEBUG][2024-06-17 19:21:30]:STATE::WRITE
[DEBUG][2024-06-17 19:21:34]:STATE::READ
[DEBUG][2024-06-17 19:21:34]:=====START======
[DEBUG][2024-06-17 19:21:34]:=====REQUESTLINE======
[DEBUG][2024-06-17 19:21:34]:=====HEADER======
[DEBUG][2024-06-17 19:21:34]:path=/root/projects/net-disk/disk/admin/file1.json
[DEBUG][2024-06-17 19:21:34]:STATE::WRITE
[DEBUG][2024-06-17 19:22:11]:STATE::READ
[DEBUG][2024-06-17 19:22:11]:=====START======
[DEBUG][2024-06-17 19:22:11]:=====REQUESTLINE======
[DEBUG][2024-06-17 19:22:11]:=====HEADER======
[DEBUG][2024-06-17 19:22:11]:path=/root/projects/net-disk/disk/admin/file1.json
[DEBUG][2024-06-17 19:22:11]:STATE::WRITE
[DEBUG][2024-06-17 19:22:27]:STATE::READ
[DEBUG][2024-06-17 19:22:27]:=====START======
[DEBUG][2024-06-17 19:22:27]:=====REQUESTLINE======
[DEBUG][2024-06-17 19:22:27]:=====HEADER======
[DEBUG][2024-06-17 19:22:27]:path=/root/projects/net-disk/disk/admin/file1.json
[DEBUG][2024-06-17 19:22:27]:STATE::WRITE
[DEBUG][2024-06-17 19:22:32]:STATE::READ
[DEBUG][2024-06-17 19:22:32]:=====START======
[DEBUG][2024-06-17 19:22:32]:=====REQUESTLINE======
[DEBUG][2024-06-17 19:22:32]:=====HEADER======
[DEBUG][2024-06-17 19:22:32]:path=/root/projects/net-disk/disk/admin/file1.json
[DEBUG][2024-06-17 19:22:32]:STATE::WRITE
[DEBUG][2024-06-17 19:23:44]:STATE::READ
[DEBUG][2024-06-17 19:23:44]:=====START======
[DEBUG][2024-06-17 19:23:44]:=====REQUESTLINE======
[DEBUG][2024-06-17 19:23:44]:=====HEADER======
[DEBUG][2024-06-17 19:23:44]:path=/root/projects/net-disk/disk/admin/file1.json
[DEBUG][2024-06-17 19:23:44]:STATE::WRITE
[DEBUG][2024-06-17 19:24:29]:STATE::READ
[DEBUG][2024-06-17 19:24:29]:=====START======
[DEBUG][2024-06-17 19:24:29]:=====REQUESTLINE======
[DEBUG][2024-06-17 19:24:29]:=====HEADER======
[DEBUG][2024-06-17 19:24:29]:path=/root/projects/net-disk/disk/admin/file1.json
[DEBUG][2024-06-17 19:24:29]:STATE::WRITE
[DEBUG][2024-06-17 19:24:39]:STATE::READ
[DEBUG][2024-06-17 19:24:39]:=====START======
[DEBUG][2024-06-17 19:24:39]:=====REQUESTLINE======
[DEBUG][2024-06-17 19:24:39]:=====HEADER======
[DEBUG][2024-06-17 19:24:39]:path=/root/projects/net-disk/disk/admin/file1.json
[DEBUG][2024-06-17 19:24:39]:STATE::WRITE
[DEBUG][2024-06-17 19:25:04]:STATE::READ
[DEBUG][2024-06-17 19:25:04]:=====START======
[DEBUG][2024-06-17 19:25:04]:=====REQUESTLINE======
[DEBUG][2024-06-17 19:25:04]:=====HEADER======
[DEBUG][2024-06-17 19:25:04]:path=/root/projects/net-disk/disk/admin/file1.json
[DEBUG][2024-06-17 19:25:04]:STATE::WRITE
[DEBUG][2024-06-17 19:25:25]:STATE::READ
[DEBUG][2024-06-17 19:25:25]:=====START======
[DEBUG][2024-06-17 19:25:25]:=====REQUESTLINE======
[DEBUG][2024-06-17 19:25:25]:=====HEADER======
[DEBUG][2024-06-17 19:25:25]:STATE::WRITE
[DEBUG][2024-06-17 19:25:35]:STATE::READ
[DEBUG][2024-06-17 19:25:35]:=====START======
[DEBUG][2024-06-17 19:25:35]:=====REQUESTLINE======
[DEBUG][2024-06-17 19:25:35]:=====HEADER======
[DEBUG][2024-06-17 19:25:35]:STATE::WRITE
[DEBUG][2024-06-17 19:25:38]:STATE::READ
[DEBUG][2024-06-17 19:25:38]:=====START======
[DEBUG][2024-06-17 19:25:38]:=====REQUESTLINE======
[DEBUG][2024-06-17 19:25:38]:=====HEADER======
[DEBUG][2024-06-17 19:25:38]:STATE::WRITE
[DEBUG][2024-06-17 19:25:45]:STATE::READ
[DEBUG][2024-06-17 19:25:45]:=====START======
[DEBUG][2024-06-17 19:25:45]:=====REQUESTLINE======
[DEBUG][2024-06-17 19:25:45]:=====HEADER======
[DEBUG][2024-06-17 19:25:45]:STATE::WRITE
[DEBUG][2024-06-17 19:25:51]:STATE::READ
[DEBUG][2024-06-17 19:25:51]:=====START======
[DEBUG][2024-06-17 19:25:51]:=====REQUESTLINE======
[DEBUG][2024-06-17 19:25:51]:=====HEADER======
[DEBUG][2024-06-17 19:25:51]:STATE::WRITE
[DEBUG][2024-06-17 19:25:58]:STATE::READ
[DEBUG][2024-06-17 19:25:58]:=====START======
[DEBUG][2024-06-17 19:25:58]:=====REQUESTLINE======
[DEBUG][2024-06-17 19:25:58]:=====HEADER======
[DEBUG][2024-06-17 19:25:58]:STATE::WRITE
[DEBUG][2024-06-17 19:26:03]:STATE::READ
[DEBUG][2024-06-17 19:26:03]:=====START======
[DEBUG][2024-06-17 19:26:03]:=====REQUESTLINE======
[DEBUG][2024-06-17 19:26:03]:=====HEADER======
[DEBUG][2024-06-17 19:26:03]:STATE::WRITE
[DEBUG][2024-06-17 19:26:05]:STATE::READ
[DEBUG][2024-06-17 19:26:05]:=====START======
[DEBUG][2024-06-17 19:26:05]:=====REQUESTLINE======
[DEBUG][2024-06-17 19:26:05]:=====HEADER======
[DEBUG][2024-06-17 19:26:05]:STATE::WRITE
[DEBUG][2024-06-17 19:26:07]:STATE::READ
[DEBUG][2024-06-17 19:26:07]:=====START======
[DEBUG][2024-06-17 19:26:07]:=====REQUESTLINE======
[DEBUG][2024-06-17 19:26:07]:=====HEADER======
[DEBUG][2024-06-17 19:26:07]:path=/root/projects/net-disk/disk//admin/file1.json
[DEBUG][2024-06-17 19:26:07]:STATE::WRITE
[DEBUG][2024-06-17 19:26:08]:STATE::READ
[DEBUG][2024-06-17 19:26:08]:=====START======
[DEBUG][2024-06-17 19:26:08]:=====REQUESTLINE======
[DEBUG][2024-06-17 19:26:08]:=====HEADER======
[DEBUG][2024-06-17 19:26:08]:path=/root/projects/net-disk/disk//admin/test/testFile.txt
[DEBUG][2024-06-17 19:26:08]:STATE::WRITE
[DEBUG][2024-06-17 19:26:11]:STATE::READ
[DEBUG][2024-06-17 19:26:11]:=====START======
[DEBUG][2024-06-17 19:26:11]:=====REQUESTLINE======
[DEBUG][2024-06-17 19:26:11]:=====HEADER======
[DEBUG][2024-06-17 19:26:11]:path=/root/projects/net-disk/disk//admin/file1.json
[DEBUG][2024-06-17 19:26:11]:STATE::WRITE
[INFO][2024-06-17 19:31:30]:client 192.168.10.3 quit.
[INFO][2024-06-17 19:32:07]:client 192.168.10.3 visit.
[DEBUG][2024-06-17 19:32:07]:STATE::READ
[DEBUG][2024-06-17 19:32:07]:=====START======
[DEBUG][2024-06-17 19:32:07]:=====REQUESTLINE======
[DEBUG][2024-06-17 19:32:07]:=====HEADER======
[DEBUG][2024-06-17 19:32:07]:STATE::WRITE
[DEBUG][2024-06-17 19:32:12]:STATE::READ
[DEBUG][2024-06-17 19:32:12]:=====START======
[DEBUG][2024-06-17 19:32:12]:=====REQUESTLINE======
[DEBUG][2024-06-17 19:32:12]:=====HEADER======
[DEBUG][2024-06-17 19:32:12]:STATE::WRITE
[DEBUG][2024-06-17 19:33:34]:STATE::READ
[DEBUG][2024-06-17 19:33:34]:=====START======
[DEBUG][2024-06-17 19:33:34]:=====REQUESTLINE======
[DEBUG][2024-06-17 19:33:34]:=====HEADER======
[DEBUG][2024-06-17 19:33:34]:STATE::WRITE
[DEBUG][2024-06-17 19:34:03]:STATE::READ
[DEBUG][2024-06-17 19:34:03]:=====START======
[DEBUG][2024-06-17 19:34:03]:=====REQUESTLINE======
[DEBUG][2024-06-17 19:34:03]:=====HEADER======
[DEBUG][2024-06-17 19:34:03]:STATE::WRITE
[DEBUG][2024-06-17 19:34:58]:STATE::READ
[DEBUG][2024-06-17 19:34:58]:=====START======
[DEBUG][2024-06-17 19:34:58]:=====REQUESTLINE======
[DEBUG][2024-06-17 19:34:58]:=====HEADER======
[DEBUG][2024-06-17 19:34:58]:STATE::WRITE
[DEBUG][2024-06-17 19:35:13]:STATE::READ
[DEBUG][2024-06-17 19:35:13]:=====START======
[DEBUG][2024-06-17 19:35:13]:=====REQUESTLINE======
[DEBUG][2024-06-17 19:35:13]:=====HEADER======
[DEBUG][2024-06-17 19:35:13]:STATE::WRITE
[DEBUG][2024-06-17 19:35:39]:STATE::READ
[DEBUG][2024-06-17 19:35:39]:=====START======
[DEBUG][2024-06-17 19:35:39]:=====REQUESTLINE======
[DEBUG][2024-06-17 19:35:39]:=====HEADER======
[DEBUG][2024-06-17 19:35:39]:STATE::WRITE
[DEBUG][2024-06-17 19:35:44]:STATE::READ
[DEBUG][2024-06-17 19:35:44]:=====START======
[DEBUG][2024-06-17 19:35:44]:=====REQUESTLINE======
[DEBUG][2024-06-17 19:35:44]:=====HEADER======
[DEBUG][2024-06-17 19:35:44]:STATE::WRITE
[DEBUG][2024-06-17 19:35:46]:STATE::READ
[DEBUG][2024-06-17 19:35:46]:=====START======
[DEBUG][2024-06-17 19:35:46]:=====REQUESTLINE======
[DEBUG][2024-06-17 19:35:46]:=====HEADER======
[DEBUG][2024-06-17 19:35:46]:STATE::WRITE
[DEBUG][2024-06-17 19:36:15]:STATE::READ
[DEBUG][2024-06-17 19:36:15]:=====START======
[DEBUG][2024-06-17 19:36:15]:=====REQUESTLINE======
[DEBUG][2024-06-17 19:36:15]:=====HEADER======
[DEBUG][2024-06-17 19:36:15]:STATE::WRITE
[DEBUG][2024-06-17 19:36:53]:STATE::READ
[DEBUG][2024-06-17 19:36:53]:=====START======
[DEBUG][2024-06-17 19:36:53]:=====REQUESTLINE======
[DEBUG][2024-06-17 19:36:53]:=====HEADER======
[DEBUG][2024-06-17 19:36:53]:STATE::WRITE
[DEBUG][2024-06-17 19:38:08]:STATE::READ
[DEBUG][2024-06-17 19:38:08]:=====START======
[DEBUG][2024-06-17 19:38:08]:=====REQUESTLINE======
[DEBUG][2024-06-17 19:38:08]:=====HEADER======
[DEBUG][2024-06-17 19:38:08]:path=/root/projects/net-disk/disk//admin/file1.json
[DEBUG][2024-06-17 19:38:08]:STATE::WRITE
[DEBUG][2024-06-17 19:40:09]:STATE::READ
[DEBUG][2024-06-17 19:40:09]:=====START======
[DEBUG][2024-06-17 19:40:09]:=====REQUESTLINE======
[DEBUG][2024-06-17 19:40:09]:=====HEADER======
[DEBUG][2024-06-17 19:40:09]:STATE::WRITE
[DEBUG][2024-06-17 19:40:18]:STATE::READ
[DEBUG][2024-06-17 19:40:18]:=====START======
[DEBUG][2024-06-17 19:40:18]:=====REQUESTLINE======
[DEBUG][2024-06-17 19:40:18]:=====HEADER======
[DEBUG][2024-06-17 19:40:18]:STATE::WRITE
[DEBUG][2024-06-17 19:40:22]:STATE::READ
[DEBUG][2024-06-17 19:40:22]:=====START======
[DEBUG][2024-06-17 19:40:22]:=====REQUESTLINE======
[DEBUG][2024-06-17 19:40:22]:=====HEADER======
[DEBUG][2024-06-17 19:40:22]:STATE::WRITE
[DEBUG][2024-06-17 19:40:41]:STATE::READ
[DEBUG][2024-06-17 19:40:41]:=====START======
[DEBUG][2024-06-17 19:40:41]:=====REQUESTLINE======
[DEBUG][2024-06-17 19:40:41]:=====HEADER======
[DEBUG][2024-06-17 19:40:41]:STATE::WRITE
[DEBUG][2024-06-17 19:40:44]:STATE::READ
[DEBUG][2024-06-17 19:40:44]:=====START======
[DEBUG][2024-06-17 19:40:44]:=====REQUESTLINE======
[DEBUG][2024-06-17 19:40:44]:=====HEADER======
[DEBUG][2024-06-17 19:40:44]:STATE::WRITE
[DEBUG][2024-06-17 19:43:09]:STATE::READ
[DEBUG][2024-06-17 19:43:09]:=====START======
[DEBUG][2024-06-17 19:43:09]:=====REQUESTLINE======
[DEBUG][2024-06-17 19:43:09]:=====HEADER======
[DEBUG][2024-06-17 19:43:09]:STATE::WRITE
[DEBUG][2024-06-17 19:43:19]:STATE::READ
[DEBUG][2024-06-17 19:43:19]:=====START======
[DEBUG][2024-06-17 19:43:19]:=====REQUESTLINE======
[DEBUG][2024-06-17 19:43:19]:=====HEADER======
[DEBUG][2024-06-17 19:43:19]:STATE::WRITE
[DEBUG][2024-06-17 19:43:19]:STATE::READ
[DEBUG][2024-06-17 19:43:19]:=====START======
[DEBUG][2024-06-17 19:43:19]:=====REQUESTLINE======
[DEBUG][2024-06-17 19:43:19]:=====HEADER======
[DEBUG][2024-06-17 19:43:19]:STATE::WRITE
[DEBUG][2024-06-17 19:43:40]:STATE::READ
[DEBUG][2024-06-17 19:43:40]:=====START======
[DEBUG][2024-06-17 19:43:40]:=====REQUESTLINE======
[DEBUG][2024-06-17 19:43:40]:=====HEADER======
[DEBUG][2024-06-17 19:43:40]:STATE::WRITE
[DEBUG][2024-06-17 19:43:45]:STATE::READ
[DEBUG][2024-06-17 19:43:45]:=====START======
[DEBUG][2024-06-17 19:43:45]:=====REQUESTLINE======
[DEBUG][2024-06-17 19:43:45]:=====HEADER======
[DEBUG][2024-06-17 19:43:45]:STATE::WRITE
[DEBUG][2024-06-17 19:43:48]:STATE::READ
[DEBUG][2024-06-17 19:43:48]:=====START======
[DEBUG][2024-06-17 19:43:48]:=====REQUESTLINE======
[DEBUG][2024-06-17 19:43:48]:=====HEADER======
[DEBUG][2024-06-17 19:43:48]:STATE::WRITE
[DEBUG][2024-06-17 19:45:11]:STATE::READ
[DEBUG][2024-06-17 19:45:11]:=====START======
[DEBUG][2024-06-17 19:45:11]:=====REQUESTLINE======
[DEBUG][2024-06-17 19:45:11]:=====HEADER======
[DEBUG][2024-06-17 19:45:11]:STATE::WRITE
[DEBUG][2024-06-17 19:45:57]:STATE::READ
[DEBUG][2024-06-17 19:45:57]:=====START======
[DEBUG][2024-06-17 19:45:57]:=====REQUESTLINE======
[DEBUG][2024-06-17 19:45:57]:=====HEADER======
[DEBUG][2024-06-17 19:45:57]:STATE::WRITE
[DEBUG][2024-06-17 19:46:15]:STATE::READ
[DEBUG][2024-06-17 19:46:15]:=====START======
[DEBUG][2024-06-17 19:46:15]:=====REQUESTLINE======
[DEBUG][2024-06-17 19:46:15]:=====HEADER======
[DEBUG][2024-06-17 19:46:15]:STATE::WRITE
[DEBUG][2024-06-17 19:46:23]:STATE::READ
[DEBUG][2024-06-17 19:46:23]:=====START======
[DEBUG][2024-06-17 19:46:23]:=====REQUESTLINE======
[DEBUG][2024-06-17 19:46:23]:=====HEADER======
[DEBUG][2024-06-17 19:46:23]:STATE::WRITE
[DEBUG][2024-06-17 19:46:26]:STATE::READ
[DEBUG][2024-06-17 19:46:26]:=====START======
[DEBUG][2024-06-17 19:46:26]:=====REQUESTLINE======
[DEBUG][2024-06-17 19:46:26]:=====HEADER======
[DEBUG][2024-06-17 19:46:26]:STATE::WRITE
[DEBUG][2024-06-17 19:50:47]:STATE::READ
[DEBUG][2024-06-17 19:50:47]:=====START======
[DEBUG][2024-06-17 19:50:47]:=====REQUESTLINE======
[DEBUG][2024-06-17 19:50:47]:=====HEADER======
[DEBUG][2024-06-17 19:50:47]:STATE::WRITE
[DEBUG][2024-06-17 19:51:05]:STATE::READ
[DEBUG][2024-06-17 19:51:05]:=====START======
[DEBUG][2024-06-17 19:51:05]:=====REQUESTLINE======
[DEBUG][2024-06-17 19:51:05]:=====HEADER======
[DEBUG][2024-06-17 19:51:05]:STATE::WRITE
[DEBUG][2024-06-17 19:55:31]:STATE::READ
[DEBUG][2024-06-17 19:55:31]:=====START======
[DEBUG][2024-06-17 19:55:31]:=====REQUESTLINE======
[DEBUG][2024-06-17 19:55:31]:=====HEADER======
[DEBUG][2024-06-17 19:55:31]:STATE::WRITE
[DEBUG][2024-06-17 19:55:31]:STATE::READ
[DEBUG][2024-06-17 19:55:31]:=====START======
[DEBUG][2024-06-17 19:55:31]:=====REQUESTLINE======
[DEBUG][2024-06-17 19:55:31]:=====HEADER======
[DEBUG][2024-06-17 19:55:31]:STATE::WRITE
[DEBUG][2024-06-17 19:55:38]:STATE::READ
[DEBUG][2024-06-17 19:55:38]:=====START======
[DEBUG][2024-06-17 19:55:38]:=====REQUESTLINE======
[DEBUG][2024-06-17 19:55:38]:=====HEADER======
[DEBUG][2024-06-17 19:55:38]:STATE::WRITE
[DEBUG][2024-06-17 19:55:54]:STATE::READ
[DEBUG][2024-06-17 19:55:54]:=====START======
[DEBUG][2024-06-17 19:55:54]:=====REQUESTLINE======
[DEBUG][2024-06-17 19:55:54]:=====HEADER======
[DEBUG][2024-06-17 19:55:54]:STATE::WRITE
[DEBUG][2024-06-17 19:56:11]:STATE::READ
[DEBUG][2024-06-17 19:56:11]:=====START======
[DEBUG][2024-06-17 19:56:11]:=====REQUESTLINE======
[DEBUG][2024-06-17 19:56:11]:=====HEADER======
[DEBUG][2024-06-17 19:56:11]:STATE::WRITE
[DEBUG][2024-06-17 19:56:14]:STATE::READ
[DEBUG][2024-06-17 19:56:14]:=====START======
[DEBUG][2024-06-17 19:56:14]:=====REQUESTLINE======
[DEBUG][2024-06-17 19:56:14]:=====HEADER======
[DEBUG][2024-06-17 19:56:14]:STATE::WRITE
[DEBUG][2024-06-17 19:56:45]:STATE::READ
[DEBUG][2024-06-17 19:56:45]:=====START======
[DEBUG][2024-06-17 19:56:45]:=====REQUESTLINE======
[DEBUG][2024-06-17 19:56:45]:=====HEADER======
[DEBUG][2024-06-17 19:56:45]:STATE::WRITE
[DEBUG][2024-06-17 19:58:49]:STATE::READ
[DEBUG][2024-06-17 19:58:49]:=====START======
[DEBUG][2024-06-17 19:58:49]:=====REQUESTLINE======
[DEBUG][2024-06-17 19:58:49]:=====HEADER======
[DEBUG][2024-06-17 19:58:49]:STATE::WRITE
[DEBUG][2024-06-17 20:00:48]:STATE::READ
[DEBUG][2024-06-17 20:00:48]:=====START======
[DEBUG][2024-06-17 20:00:48]:=====REQUESTLINE======
[DEBUG][2024-06-17 20:00:48]:=====HEADER======
[DEBUG][2024-06-17 20:00:48]:STATE::WRITE
[DEBUG][2024-06-17 20:02:03]:STATE::READ
[DEBUG][2024-06-17 20:02:03]:=====START======
[DEBUG][2024-06-17 20:02:03]:=====REQUESTLINE======
[DEBUG][2024-06-17 20:02:03]:=====HEADER======
[DEBUG][2024-06-17 20:02:03]:STATE::WRITE
[DEBUG][2024-06-17 20:02:04]:STATE::READ
[DEBUG][2024-06-17 20:02:04]:=====START======
[DEBUG][2024-06-17 20:02:04]:=====REQUESTLINE======
[DEBUG][2024-06-17 20:02:04]:=====HEADER======
[DEBUG][2024-06-17 20:02:04]:STATE::WRITE
[DEBUG][2024-06-17 20:02:10]:STATE::READ
[DEBUG][2024-06-17 20:02:10]:=====START======
[DEBUG][2024-06-17 20:02:10]:=====REQUESTLINE======
[DEBUG][2024-06-17 20:02:10]:=====HEADER======
[DEBUG][2024-06-17 20:02:10]:STATE::WRITE
[DEBUG][2024-06-17 20:02:45]:STATE::READ
[DEBUG][2024-06-17 20:02:45]:=====START======
[DEBUG][2024-06-17 20:02:45]:=====REQUESTLINE======
[DEBUG][2024-06-17 20:02:45]:=====HEADER======
[DEBUG][2024-06-17 20:02:45]:STATE::WRITE
[DEBUG][2024-06-17 20:02:55]:STATE::READ
[DEBUG][2024-06-17 20:02:55]:=====START======
[DEBUG][2024-06-17 20:02:55]:=====REQUESTLINE======
[DEBUG][2024-06-17 20:02:55]:=====HEADER======
[DEBUG][2024-06-17 20:02:55]:STATE::WRITE
[DEBUG][2024-06-17 20:03:42]:STATE::READ
[DEBUG][2024-06-17 20:03:42]:=====START======
[DEBUG][2024-06-17 20:03:42]:=====REQUESTLINE======
[DEBUG][2024-06-17 20:03:42]:=====HEADER======
[DEBUG][2024-06-17 20:03:42]:STATE::WRITE
[DEBUG][2024-06-17 20:03:50]:STATE::READ
[DEBUG][2024-06-17 20:03:50]:=====START======
[DEBUG][2024-06-17 20:03:50]:=====REQUESTLINE======
[DEBUG][2024-06-17 20:03:50]:=====HEADER======
[DEBUG][2024-06-17 20:03:50]:STATE::WRITE
[DEBUG][2024-06-17 20:04:17]:STATE::READ
[DEBUG][2024-06-17 20:04:17]:=====START======
[DEBUG][2024-06-17 20:04:17]:=====REQUESTLINE======
[DEBUG][2024-06-17 20:04:17]:=====HEADER======
[DEBUG][2024-06-17 20:04:17]:STATE::WRITE
[DEBUG][2024-06-17 20:04:25]:STATE::READ
[DEBUG][2024-06-17 20:04:25]:=====START======
[DEBUG][2024-06-17 20:04:25]:=====REQUESTLINE======
[DEBUG][2024-06-17 20:04:25]:=====HEADER======
[DEBUG][2024-06-17 20:04:25]:STATE::WRITE
[DEBUG][2024-06-17 20:05:13]:STATE::READ
[DEBUG][2024-06-17 20:05:13]:=====START======
[DEBUG][2024-06-17 20:05:13]:=====REQUESTLINE======
[DEBUG][2024-06-17 20:05:13]:=====HEADER======
[DEBUG][2024-06-17 20:05:13]:STATE::WRITE
[DEBUG][2024-06-17 20:05:21]:STATE::READ
[DEBUG][2024-06-17 20:05:21]:=====START======
[DEBUG][2024-06-17 20:05:21]:=====REQUESTLINE======
[DEBUG][2024-06-17 20:05:21]:=====HEADER======
[DEBUG][2024-06-17 20:05:21]:STATE::WRITE
[DEBUG][2024-06-17 20:06:36]:STATE::READ
[DEBUG][2024-06-17 20:06:36]:=====START======
[DEBUG][2024-06-17 20:06:36]:=====REQUESTLINE======
[DEBUG][2024-06-17 20:06:36]:=====HEADER======
[DEBUG][2024-06-17 20:06:36]:STATE::WRITE
[DEBUG][2024-06-17 20:07:52]:STATE::READ
[DEBUG][2024-06-17 20:07:52]:=====START======
[DEBUG][2024-06-17 20:07:52]:=====REQUESTLINE======
[DEBUG][2024-06-17 20:07:52]:=====HEADER======
[DEBUG][2024-06-17 20:07:52]:STATE::WRITE
[DEBUG][2024-06-17 20:08:48]:STATE::READ
[DEBUG][2024-06-17 20:08:48]:=====START======
[DEBUG][2024-06-17 20:08:48]:=====REQUESTLINE======
[DEBUG][2024-06-17 20:08:48]:=====HEADER======
[DEBUG][2024-06-17 20:08:48]:STATE::WRITE
[DEBUG][2024-06-17 20:08:52]:STATE::READ
[DEBUG][2024-06-17 20:08:52]:=====START======
[DEBUG][2024-06-17 20:08:52]:=====REQUESTLINE======
[DEBUG][2024-06-17 20:08:52]:=====HEADER======
[DEBUG][2024-06-17 20:08:52]:STATE::WRITE
[DEBUG][2024-06-17 20:09:13]:STATE::READ
[DEBUG][2024-06-17 20:09:13]:=====START======
[DEBUG][2024-06-17 20:09:13]:=====REQUESTLINE======
[DEBUG][2024-06-17 20:09:13]:=====HEADER======
[DEBUG][2024-06-17 20:09:13]:STATE::WRITE
[DEBUG][2024-06-17 20:09:15]:STATE::READ
[DEBUG][2024-06-17 20:09:15]:=====START======
[DEBUG][2024-06-17 20:09:15]:=====REQUESTLINE======
[DEBUG][2024-06-17 20:09:15]:=====HEADER======
[DEBUG][2024-06-17 20:09:15]:STATE::WRITE
[DEBUG][2024-06-17 20:09:29]:STATE::READ
[DEBUG][2024-06-17 20:09:29]:=====START======
[DEBUG][2024-06-17 20:09:29]:=====REQUESTLINE======
[DEBUG][2024-06-17 20:09:29]:=====HEADER======
[DEBUG][2024-06-17 20:09:29]:STATE::WRITE
[DEBUG][2024-06-17 20:09:31]:STATE::READ
[DEBUG][2024-06-17 20:09:31]:=====START======
[DEBUG][2024-06-17 20:09:31]:=====REQUESTLINE======
[DEBUG][2024-06-17 20:09:31]:=====HEADER======
[DEBUG][2024-06-17 20:09:31]:STATE::WRITE
[DEBUG][2024-06-17 20:09:37]:STATE::READ
[DEBUG][2024-06-17 20:09:37]:=====START======
[DEBUG][2024-06-17 20:09:37]:=====REQUESTLINE======
[DEBUG][2024-06-17 20:09:37]:=====HEADER======
[DEBUG][2024-06-17 20:09:37]:STATE::WRITE
[DEBUG][2024-06-17 20:09:49]:STATE::READ
[DEBUG][2024-06-17 20:09:49]:=====START======
[DEBUG][2024-06-17 20:09:49]:=====REQUESTLINE======
[DEBUG][2024-06-17 20:09:49]:=====HEADER======
[DEBUG][2024-06-17 20:09:49]:STATE::WRITE
[DEBUG][2024-06-17 20:09:52]:STATE::READ
[DEBUG][2024-06-17 20:09:52]:=====START======
[DEBUG][2024-06-17 20:09:52]:=====REQUESTLINE======
[DEBUG][2024-06-17 20:09:52]:=====HEADER======
[DEBUG][2024-06-17 20:09:52]:STATE::WRITE
[DEBUG][2024-06-17 20:10:11]:STATE::READ
[DEBUG][2024-06-17 20:10:11]:=====START======
[DEBUG][2024-06-17 20:10:11]:=====REQUESTLINE======
[DEBUG][2024-06-17 20:10:11]:=====HEADER======
[DEBUG][2024-06-17 20:10:11]:STATE::WRITE
[DEBUG][2024-06-17 20:10:17]:STATE::READ
[DEBUG][2024-06-17 20:10:17]:=====START======
[DEBUG][2024-06-17 20:10:17]:=====REQUESTLINE======
[DEBUG][2024-06-17 20:10:17]:=====HEADER======
[DEBUG][2024-06-17 20:10:17]:STATE::WRITE
[DEBUG][2024-06-17 20:10:27]:STATE::READ
[DEBUG][2024-06-17 20:10:27]:=====START======
[DEBUG][2024-06-17 20:10:27]:=====REQUESTLINE======
[DEBUG][2024-06-17 20:10:27]:=====HEADER======
[DEBUG][2024-06-17 20:10:27]:STATE::WRITE
[DEBUG][2024-06-17 20:10:51]:STATE::READ
[DEBUG][2024-06-17 20:10:51]:=====START======
[DEBUG][2024-06-17 20:10:51]:=====REQUESTLINE======
[DEBUG][2024-06-17 20:10:51]:=====HEADER======
[DEBUG][2024-06-17 20:10:51]:path=/root/projects/net-disk/disk//admin/file1.json
[DEBUG][2024-06-17 20:10:51]:STATE::WRITE
[DEBUG][2024-06-17 20:11:13]:STATE::READ
[DEBUG][2024-06-17 20:11:13]:=====START======
[DEBUG][2024-06-17 20:11:13]:=====REQUESTLINE======
[DEBUG][2024-06-17 20:11:13]:=====HEADER======
[DEBUG][2024-06-17 20:11:13]:STATE::WRITE
[DEBUG][2024-06-17 20:11:15]:STATE::READ
[DEBUG][2024-06-17 20:11:15]:=====START======
[DEBUG][2024-06-17 20:11:15]:=====REQUESTLINE======
[DEBUG][2024-06-17 20:11:15]:=====HEADER======
[DEBUG][2024-06-17 20:11:15]:path=/root/projects/net-disk/disk//admin/file1.json
[DEBUG][2024-06-17 20:11:15]:STATE::WRITE
[DEBUG][2024-06-17 20:11:18]:STATE::READ
[DEBUG][2024-06-17 20:11:18]:=====START======
[DEBUG][2024-06-17 20:11:18]:=====REQUESTLINE======
[DEBUG][2024-06-17 20:11:18]:=====HEADER======
[DEBUG][2024-06-17 20:11:18]:path=/root/projects/net-disk/disk//admin/test/testFile.txt
[DEBUG][2024-06-17 20:11:18]:STATE::WRITE
[DEBUG][2024-06-17 20:11:21]:STATE::READ
[DEBUG][2024-06-17 20:11:21]:=====START======
[DEBUG][2024-06-17 20:11:21]:=====REQUESTLINE======
[DEBUG][2024-06-17 20:11:21]:=====HEADER======
[DEBUG][2024-06-17 20:11:21]:path=/root/projects/net-disk/disk//admin/file1.json
[DEBUG][2024-06-17 20:11:21]:STATE::WRITE
[DEBUG][2024-06-17 20:13:58]:STATE::READ
[DEBUG][2024-06-17 20:13:58]:=====START======
[DEBUG][2024-06-17 20:13:58]:=====REQUESTLINE======
[DEBUG][2024-06-17 20:13:58]:=====HEADER======
[DEBUG][2024-06-17 20:13:58]:STATE::WRITE
[DEBUG][2024-06-17 20:14:16]:STATE::READ
[DEBUG][2024-06-17 20:14:16]:=====START======
[DEBUG][2024-06-17 20:14:16]:=====REQUESTLINE======
[DEBUG][2024-06-17 20:14:16]:=====HEADER======
[DEBUG][2024-06-17 20:14:16]:STATE::WRITE
[DEBUG][2024-06-17 20:14:22]:STATE::READ
[DEBUG][2024-06-17 20:14:22]:=====START======
[DEBUG][2024-06-17 20:14:22]:=====REQUESTLINE======
[DEBUG][2024-06-17 20:14:22]:=====HEADER======
[DEBUG][2024-06-17 20:14:22]:STATE::WRITE
[DEBUG][2024-06-17 20:14:28]:STATE::READ
[DEBUG][2024-06-17 20:14:28]:=====START======
[DEBUG][2024-06-17 20:14:28]:=====REQUESTLINE======
[DEBUG][2024-06-17 20:14:28]:=====HEADER======
[DEBUG][2024-06-17 20:14:28]:STATE::WRITE
[DEBUG][2024-06-17 20:16:06]:STATE::READ
[DEBUG][2024-06-17 20:16:06]:=====START======
[DEBUG][2024-06-17 20:16:06]:=====REQUESTLINE======
[DEBUG][2024-06-17 20:16:06]:=====HEADER======
[DEBUG][2024-06-17 20:16:06]:STATE::WRITE
[DEBUG][2024-06-17 20:16:06]:STATE::READ
[DEBUG][2024-06-17 20:16:06]:=====START======
[DEBUG][2024-06-17 20:16:06]:=====REQUESTLINE======
[DEBUG][2024-06-17 20:16:06]:=====HEADER======
[DEBUG][2024-06-17 20:16:06]:STATE::WRITE
[DEBUG][2024-06-17 20:16:51]:STATE::READ
[DEBUG][2024-06-17 20:16:51]:=====START======
[DEBUG][2024-06-17 20:16:51]:=====REQUESTLINE======
[DEBUG][2024-06-17 20:16:51]:=====HEADER======
[DEBUG][2024-06-17 20:16:51]:STATE::WRITE
[DEBUG][2024-06-17 20:16:56]:STATE::READ
[DEBUG][2024-06-17 20:16:56]:=====START======
[DEBUG][2024-06-17 20:16:56]:=====REQUESTLINE======
[DEBUG][2024-06-17 20:16:56]:=====HEADER======
[DEBUG][2024-06-17 20:16:56]:STATE::WRITE
[DEBUG][2024-06-17 20:16:57]:STATE::READ
[DEBUG][2024-06-17 20:16:57]:=====START======
[DEBUG][2024-06-17 20:16:57]:=====REQUESTLINE======
[DEBUG][2024-06-17 20:16:57]:=====HEADER======
[DEBUG][2024-06-17 20:16:57]:STATE::WRITE
[DEBUG][2024-06-17 20:17:05]:STATE::READ
[DEBUG][2024-06-17 20:17:05]:=====START======
[DEBUG][2024-06-17 20:17:05]:=====REQUESTLINE======
[DEBUG][2024-06-17 20:17:05]:=====HEADER======
[DEBUG][2024-06-17 20:17:05]:path=/root/projects/net-disk/disk//admin/file1.json
[DEBUG][2024-06-17 20:17:05]:STATE::WRITE
[DEBUG][2024-06-17 20:17:37]:STATE::READ
[DEBUG][2024-06-17 20:17:37]:=====START======
[DEBUG][2024-06-17 20:17:37]:=====REQUESTLINE======
[DEBUG][2024-06-17 20:17:37]:=====HEADER======
[DEBUG][2024-06-17 20:17:37]:STATE::WRITE
[DEBUG][2024-06-17 20:17:38]:STATE::READ
[DEBUG][2024-06-17 20:17:38]:=====START======
[DEBUG][2024-06-17 20:17:38]:=====REQUESTLINE======
[DEBUG][2024-06-17 20:17:38]:=====HEADER======
[DEBUG][2024-06-17 20:17:38]:path=/root/projects/net-disk/disk//admin/file1.json
[DEBUG][2024-06-17 20:17:38]:STATE::WRITE
[DEBUG][2024-06-17 20:19:20]:STATE::READ
[DEBUG][2024-06-17 20:19:20]:=====START======
[DEBUG][2024-06-17 20:19:20]:=====REQUESTLINE======
[DEBUG][2024-06-17 20:19:20]:=====HEADER======
[DEBUG][2024-06-17 20:19:20]:STATE::WRITE
[DEBUG][2024-06-17 20:19:24]:STATE::READ
[DEBUG][2024-06-17 20:19:24]:=====START======
[DEBUG][2024-06-17 20:19:24]:=====REQUESTLINE======
[DEBUG][2024-06-17 20:19:24]:=====HEADER======
[DEBUG][2024-06-17 20:19:24]:path=/root/projects/net-disk/disk//admin/file1.json
[DEBUG][2024-06-17 20:19:24]:STATE::WRITE
[DEBUG][2024-06-17 20:19:54]:STATE::READ
[DEBUG][2024-06-17 20:19:54]:=====START======
[DEBUG][2024-06-17 20:19:54]:=====REQUESTLINE======
[DEBUG][2024-06-17 20:19:54]:=====HEADER======
[DEBUG][2024-06-17 20:19:54]:STATE::WRITE
[DEBUG][2024-06-17 20:19:57]:STATE::READ
[DEBUG][2024-06-17 20:19:57]:=====START======
[DEBUG][2024-06-17 20:19:57]:=====REQUESTLINE======
[DEBUG][2024-06-17 20:19:57]:=====HEADER======
[DEBUG][2024-06-17 20:19:57]:path=/root/projects/net-disk/disk//admin/file1.json
[DEBUG][2024-06-17 20:19:57]:STATE::WRITE
[DEBUG][2024-06-17 20:21:41]:STATE::READ
[DEBUG][2024-06-17 20:21:41]:=====START======
[DEBUG][2024-06-17 20:21:41]:=====REQUESTLINE======
[DEBUG][2024-06-17 20:21:41]:=====HEADER======
[DEBUG][2024-06-17 20:21:41]:STATE::WRITE
[DEBUG][2024-06-17 20:21:43]:STATE::READ
[DEBUG][2024-06-17 20:21:43]:=====START======
[DEBUG][2024-06-17 20:21:43]:=====REQUESTLINE======
[DEBUG][2024-06-17 20:21:43]:=====HEADER======
[DEBUG][2024-06-17 20:21:43]:path=/root/projects/net-disk/disk//admin/file1.json
[DEBUG][2024-06-17 20:21:43]:STATE::WRITE
[DEBUG][2024-06-17 20:21:56]:STATE::READ
[DEBUG][2024-06-17 20:21:56]:=====START======
[DEBUG][2024-06-17 20:21:56]:=====REQUESTLINE======
[DEBUG][2024-06-17 20:21:56]:=====HEADER======
[DEBUG][2024-06-17 20:21:56]:STATE::WRITE
[DEBUG][2024-06-17 20:21:59]:STATE::READ
[DEBUG][2024-06-17 20:21:59]:=====START======
[DEBUG][2024-06-17 20:21:59]:=====REQUESTLINE======
[DEBUG][2024-06-17 20:21:59]:=====HEADER======
[DEBUG][2024-06-17 20:21:59]:path=/root/projects/net-disk/disk//admin/file1.json
[DEBUG][2024-06-17 20:21:59]:STATE::WRITE
[DEBUG][2024-06-17 20:22:27]:STATE::READ
[DEBUG][2024-06-17 20:22:27]:=====START======
[DEBUG][2024-06-17 20:22:27]:=====REQUESTLINE======
[DEBUG][2024-06-17 20:22:27]:=====HEADER======
[DEBUG][2024-06-17 20:22:27]:STATE::WRITE
[DEBUG][2024-06-17 20:22:43]:STATE::READ
[DEBUG][2024-06-17 20:22:43]:=====START======
[DEBUG][2024-06-17 20:22:43]:=====REQUESTLINE======
[DEBUG][2024-06-17 20:22:43]:=====HEADER======
[DEBUG][2024-06-17 20:22:43]:STATE::WRITE
[DEBUG][2024-06-17 20:22:53]:STATE::READ
[DEBUG][2024-06-17 20:22:53]:=====START======
[DEBUG][2024-06-17 20:22:53]:=====REQUESTLINE======
[DEBUG][2024-06-17 20:22:53]:=====HEADER======
[DEBUG][2024-06-17 20:22:53]:path=/root/projects/net-disk/disk//admin/file1.json
[DEBUG][2024-06-17 20:22:53]:STATE::WRITE
[DEBUG][2024-06-17 20:23:57]:STATE::READ
[DEBUG][2024-06-17 20:23:57]:=====START======
[DEBUG][2024-06-17 20:23:57]:=====REQUESTLINE======
[DEBUG][2024-06-17 20:23:57]:=====HEADER======
[DEBUG][2024-06-17 20:23:57]:STATE::WRITE
[DEBUG][2024-06-17 20:24:26]:STATE::READ
[DEBUG][2024-06-17 20:24:26]:=====START======
[DEBUG][2024-06-17 20:24:26]:=====REQUESTLINE======
[DEBUG][2024-06-17 20:24:26]:=====HEADER======
[DEBUG][2024-06-17 20:24:26]:STATE::WRITE
[DEBUG][2024-06-17 20:24:33]:STATE::READ
[DEBUG][2024-06-17 20:24:33]:=====START======
[DEBUG][2024-06-17 20:24:33]:=====REQUESTLINE======
[DEBUG][2024-06-17 20:24:33]:=====HEADER======
[DEBUG][2024-06-17 20:24:33]:STATE::WRITE
[DEBUG][2024-06-17 20:25:58]:STATE::READ
[DEBUG][2024-06-17 20:25:58]:=====START======
[DEBUG][2024-06-17 20:25:58]:=====REQUESTLINE======
[DEBUG][2024-06-17 20:25:58]:=====HEADER======
[DEBUG][2024-06-17 20:25:58]:STATE::WRITE
[DEBUG][2024-06-17 20:28:04]:STATE::READ
[DEBUG][2024-06-17 20:28:04]:=====START======
[DEBUG][2024-06-17 20:28:04]:=====REQUESTLINE======
[DEBUG][2024-06-17 20:28:04]:=====HEADER======
[DEBUG][2024-06-17 20:28:04]:path=/root/projects/net-disk/disk//admin/file1.json
[DEBUG][2024-06-17 20:28:04]:STATE::WRITE
[DEBUG][2024-06-17 20:28:27]:STATE::READ
[DEBUG][2024-06-17 20:28:27]:=====START======
[DEBUG][2024-06-17 20:28:27]:=====REQUESTLINE======
[DEBUG][2024-06-17 20:28:27]:=====HEADER======
[DEBUG][2024-06-17 20:28:27]:STATE::WRITE
[DEBUG][2024-06-17 20:28:33]:STATE::READ
[DEBUG][2024-06-17 20:28:33]:=====START======
[DEBUG][2024-06-17 20:28:33]:=====REQUESTLINE======
[DEBUG][2024-06-17 20:28:33]:=====HEADER======
[DEBUG][2024-06-17 20:28:33]:STATE::WRITE
[INFO][2024-06-17 20:33:37]:client 192.168.10.3 quit.
[INFO][2024-06-17 20:34:17]:client 192.168.10.3 visit.
[DEBUG][2024-06-17 20:34:17]:STATE::READ
[DEBUG][2024-06-17 20:34:17]:=====START======
[DEBUG][2024-06-17 20:34:17]:=====REQUESTLINE======
[DEBUG][2024-06-17 20:34:17]:=====HEADER======
[DEBUG][2024-06-17 20:34:17]:path=/root/projects/net-disk/disk//admin/file1.json
[DEBUG][2024-06-17 20:34:17]:STATE::WRITE
